[2025-10-14T16:55:02.885+0000] {processor.py:157} INFO - Started process (PID=25354) to work on /opt/airflow/dags/scanfile_v2.py
[2025-10-14T16:55:02.886+0000] {processor.py:829} INFO - Processing file /opt/airflow/dags/scanfile_v2.py for tasks to queue
[2025-10-14T16:55:02.890+0000] {logging_mixin.py:151} INFO - [2025-10-14T16:55:02.890+0000] {dagbag.py:536} INFO - Filling up the DagBag from /opt/airflow/dags/scanfile_v2.py
[2025-10-14T16:55:02.929+0000] {processor.py:839} INFO - DAG(s) dict_keys(['scanfile']) retrieved from /opt/airflow/dags/scanfile_v2.py
[2025-10-14T16:55:03.065+0000] {logging_mixin.py:151} INFO - [2025-10-14T16:55:03.065+0000] {dag.py:2941} INFO - Sync 1 DAGs
[2025-10-14T16:55:03.109+0000] {logging_mixin.py:151} INFO - [2025-10-14T16:55:03.109+0000] {dag.py:3722} INFO - Setting next_dagrun for scanfile to 2025-10-14T00:00:00+00:00, run_after=2025-10-15T00:00:00+00:00
[2025-10-14T16:55:03.170+0000] {processor.py:179} INFO - Processing /opt/airflow/dags/scanfile_v2.py took 0.289 seconds
[2025-10-14T16:55:34.025+0000] {processor.py:157} INFO - Started process (PID=25412) to work on /opt/airflow/dags/scanfile_v2.py
[2025-10-14T16:55:34.027+0000] {processor.py:829} INFO - Processing file /opt/airflow/dags/scanfile_v2.py for tasks to queue
[2025-10-14T16:55:34.034+0000] {logging_mixin.py:151} INFO - [2025-10-14T16:55:34.033+0000] {dagbag.py:536} INFO - Filling up the DagBag from /opt/airflow/dags/scanfile_v2.py
[2025-10-14T16:55:34.074+0000] {processor.py:839} INFO - DAG(s) dict_keys(['scanfile']) retrieved from /opt/airflow/dags/scanfile_v2.py
[2025-10-14T16:55:34.111+0000] {logging_mixin.py:151} INFO - [2025-10-14T16:55:34.110+0000] {dag.py:2941} INFO - Sync 1 DAGs
[2025-10-14T16:55:34.150+0000] {logging_mixin.py:151} INFO - [2025-10-14T16:55:34.150+0000] {dag.py:3722} INFO - Setting next_dagrun for scanfile to 2025-10-14T00:00:00+00:00, run_after=2025-10-15T00:00:00+00:00
[2025-10-14T16:55:34.185+0000] {processor.py:179} INFO - Processing /opt/airflow/dags/scanfile_v2.py took 0.165 seconds
[2025-10-14T16:56:04.808+0000] {processor.py:157} INFO - Started process (PID=25470) to work on /opt/airflow/dags/scanfile_v2.py
[2025-10-14T16:56:04.810+0000] {processor.py:829} INFO - Processing file /opt/airflow/dags/scanfile_v2.py for tasks to queue
[2025-10-14T16:56:04.815+0000] {logging_mixin.py:151} INFO - [2025-10-14T16:56:04.814+0000] {dagbag.py:536} INFO - Filling up the DagBag from /opt/airflow/dags/scanfile_v2.py
[2025-10-14T16:56:04.851+0000] {processor.py:839} INFO - DAG(s) dict_keys(['scanfile']) retrieved from /opt/airflow/dags/scanfile_v2.py
[2025-10-14T16:56:04.878+0000] {logging_mixin.py:151} INFO - [2025-10-14T16:56:04.877+0000] {dag.py:2941} INFO - Sync 1 DAGs
[2025-10-14T16:56:04.953+0000] {logging_mixin.py:151} INFO - [2025-10-14T16:56:04.952+0000] {dag.py:3722} INFO - Setting next_dagrun for scanfile to 2025-10-14T00:00:00+00:00, run_after=2025-10-15T00:00:00+00:00
[2025-10-14T16:56:04.990+0000] {processor.py:179} INFO - Processing /opt/airflow/dags/scanfile_v2.py took 0.188 seconds
[2025-10-14T16:56:35.420+0000] {processor.py:157} INFO - Started process (PID=25528) to work on /opt/airflow/dags/scanfile_v2.py
[2025-10-14T16:56:35.422+0000] {processor.py:829} INFO - Processing file /opt/airflow/dags/scanfile_v2.py for tasks to queue
[2025-10-14T16:56:35.431+0000] {logging_mixin.py:151} INFO - [2025-10-14T16:56:35.430+0000] {dagbag.py:536} INFO - Filling up the DagBag from /opt/airflow/dags/scanfile_v2.py
[2025-10-14T16:56:35.470+0000] {processor.py:839} INFO - DAG(s) dict_keys(['scanfile']) retrieved from /opt/airflow/dags/scanfile_v2.py
[2025-10-14T16:56:35.630+0000] {logging_mixin.py:151} INFO - [2025-10-14T16:56:35.630+0000] {dag.py:2941} INFO - Sync 1 DAGs
[2025-10-14T16:56:35.658+0000] {logging_mixin.py:151} INFO - [2025-10-14T16:56:35.658+0000] {dag.py:3722} INFO - Setting next_dagrun for scanfile to 2025-10-14T00:00:00+00:00, run_after=2025-10-15T00:00:00+00:00
[2025-10-14T16:56:35.690+0000] {processor.py:179} INFO - Processing /opt/airflow/dags/scanfile_v2.py took 0.280 seconds
[2025-10-14T16:57:05.983+0000] {processor.py:157} INFO - Started process (PID=25586) to work on /opt/airflow/dags/scanfile_v2.py
[2025-10-14T16:57:05.985+0000] {processor.py:829} INFO - Processing file /opt/airflow/dags/scanfile_v2.py for tasks to queue
[2025-10-14T16:57:05.992+0000] {logging_mixin.py:151} INFO - [2025-10-14T16:57:05.991+0000] {dagbag.py:536} INFO - Filling up the DagBag from /opt/airflow/dags/scanfile_v2.py
[2025-10-14T16:57:06.021+0000] {processor.py:839} INFO - DAG(s) dict_keys(['scanfile']) retrieved from /opt/airflow/dags/scanfile_v2.py
[2025-10-14T16:57:06.053+0000] {logging_mixin.py:151} INFO - [2025-10-14T16:57:06.052+0000] {dag.py:2941} INFO - Sync 1 DAGs
[2025-10-14T16:57:06.089+0000] {logging_mixin.py:151} INFO - [2025-10-14T16:57:06.089+0000] {dag.py:3722} INFO - Setting next_dagrun for scanfile to 2025-10-14T00:00:00+00:00, run_after=2025-10-15T00:00:00+00:00
[2025-10-14T16:57:06.124+0000] {processor.py:179} INFO - Processing /opt/airflow/dags/scanfile_v2.py took 0.146 seconds
[2025-10-14T16:57:36.278+0000] {processor.py:157} INFO - Started process (PID=25644) to work on /opt/airflow/dags/scanfile_v2.py
[2025-10-14T16:57:36.281+0000] {processor.py:829} INFO - Processing file /opt/airflow/dags/scanfile_v2.py for tasks to queue
[2025-10-14T16:57:36.289+0000] {logging_mixin.py:151} INFO - [2025-10-14T16:57:36.288+0000] {dagbag.py:536} INFO - Filling up the DagBag from /opt/airflow/dags/scanfile_v2.py
[2025-10-14T16:57:36.331+0000] {processor.py:839} INFO - DAG(s) dict_keys(['scanfile']) retrieved from /opt/airflow/dags/scanfile_v2.py
[2025-10-14T16:57:36.361+0000] {logging_mixin.py:151} INFO - [2025-10-14T16:57:36.361+0000] {dag.py:2941} INFO - Sync 1 DAGs
[2025-10-14T16:57:36.413+0000] {logging_mixin.py:151} INFO - [2025-10-14T16:57:36.413+0000] {dag.py:3722} INFO - Setting next_dagrun for scanfile to 2025-10-14T00:00:00+00:00, run_after=2025-10-15T00:00:00+00:00
[2025-10-14T16:57:36.445+0000] {processor.py:179} INFO - Processing /opt/airflow/dags/scanfile_v2.py took 0.176 seconds
[2025-10-14T16:58:06.732+0000] {processor.py:157} INFO - Started process (PID=25702) to work on /opt/airflow/dags/scanfile_v2.py
[2025-10-14T16:58:06.734+0000] {processor.py:829} INFO - Processing file /opt/airflow/dags/scanfile_v2.py for tasks to queue
[2025-10-14T16:58:06.740+0000] {logging_mixin.py:151} INFO - [2025-10-14T16:58:06.739+0000] {dagbag.py:536} INFO - Filling up the DagBag from /opt/airflow/dags/scanfile_v2.py
[2025-10-14T16:58:06.776+0000] {processor.py:839} INFO - DAG(s) dict_keys(['scanfile']) retrieved from /opt/airflow/dags/scanfile_v2.py
[2025-10-14T16:58:06.890+0000] {logging_mixin.py:151} INFO - [2025-10-14T16:58:06.890+0000] {dag.py:2941} INFO - Sync 1 DAGs
[2025-10-14T16:58:06.916+0000] {logging_mixin.py:151} INFO - [2025-10-14T16:58:06.916+0000] {dag.py:3722} INFO - Setting next_dagrun for scanfile to 2025-10-14T00:00:00+00:00, run_after=2025-10-15T00:00:00+00:00
[2025-10-14T16:58:06.946+0000] {processor.py:179} INFO - Processing /opt/airflow/dags/scanfile_v2.py took 0.219 seconds
[2025-10-14T16:58:37.274+0000] {processor.py:157} INFO - Started process (PID=25760) to work on /opt/airflow/dags/scanfile_v2.py
[2025-10-14T16:58:37.276+0000] {processor.py:829} INFO - Processing file /opt/airflow/dags/scanfile_v2.py for tasks to queue
[2025-10-14T16:58:37.283+0000] {logging_mixin.py:151} INFO - [2025-10-14T16:58:37.282+0000] {dagbag.py:536} INFO - Filling up the DagBag from /opt/airflow/dags/scanfile_v2.py
[2025-10-14T16:58:37.323+0000] {processor.py:839} INFO - DAG(s) dict_keys(['scanfile']) retrieved from /opt/airflow/dags/scanfile_v2.py
[2025-10-14T16:58:37.365+0000] {logging_mixin.py:151} INFO - [2025-10-14T16:58:37.364+0000] {dag.py:2941} INFO - Sync 1 DAGs
[2025-10-14T16:58:37.402+0000] {logging_mixin.py:151} INFO - [2025-10-14T16:58:37.402+0000] {dag.py:3722} INFO - Setting next_dagrun for scanfile to 2025-10-14T00:00:00+00:00, run_after=2025-10-15T00:00:00+00:00
[2025-10-14T16:58:37.430+0000] {processor.py:179} INFO - Processing /opt/airflow/dags/scanfile_v2.py took 0.163 seconds
[2025-10-14T16:59:08.448+0000] {processor.py:157} INFO - Started process (PID=25818) to work on /opt/airflow/dags/scanfile_v2.py
[2025-10-14T16:59:08.451+0000] {processor.py:829} INFO - Processing file /opt/airflow/dags/scanfile_v2.py for tasks to queue
[2025-10-14T16:59:08.457+0000] {logging_mixin.py:151} INFO - [2025-10-14T16:59:08.457+0000] {dagbag.py:536} INFO - Filling up the DagBag from /opt/airflow/dags/scanfile_v2.py
[2025-10-14T16:59:08.489+0000] {processor.py:839} INFO - DAG(s) dict_keys(['scanfile']) retrieved from /opt/airflow/dags/scanfile_v2.py
[2025-10-14T16:59:08.505+0000] {logging_mixin.py:151} INFO - [2025-10-14T16:59:08.505+0000] {dag.py:2941} INFO - Sync 1 DAGs
[2025-10-14T16:59:08.536+0000] {logging_mixin.py:151} INFO - [2025-10-14T16:59:08.536+0000] {dag.py:3722} INFO - Setting next_dagrun for scanfile to 2025-10-14T00:00:00+00:00, run_after=2025-10-15T00:00:00+00:00
[2025-10-14T16:59:08.561+0000] {processor.py:179} INFO - Processing /opt/airflow/dags/scanfile_v2.py took 0.119 seconds
[2025-10-14T16:59:38.729+0000] {processor.py:157} INFO - Started process (PID=25876) to work on /opt/airflow/dags/scanfile_v2.py
[2025-10-14T16:59:38.731+0000] {processor.py:829} INFO - Processing file /opt/airflow/dags/scanfile_v2.py for tasks to queue
[2025-10-14T16:59:38.734+0000] {logging_mixin.py:151} INFO - [2025-10-14T16:59:38.734+0000] {dagbag.py:536} INFO - Filling up the DagBag from /opt/airflow/dags/scanfile_v2.py
[2025-10-14T16:59:38.763+0000] {processor.py:839} INFO - DAG(s) dict_keys(['scanfile']) retrieved from /opt/airflow/dags/scanfile_v2.py
[2025-10-14T16:59:38.938+0000] {logging_mixin.py:151} INFO - [2025-10-14T16:59:38.937+0000] {dag.py:2941} INFO - Sync 1 DAGs
[2025-10-14T16:59:38.975+0000] {logging_mixin.py:151} INFO - [2025-10-14T16:59:38.974+0000] {dag.py:3722} INFO - Setting next_dagrun for scanfile to 2025-10-14T00:00:00+00:00, run_after=2025-10-15T00:00:00+00:00
[2025-10-14T16:59:39.007+0000] {processor.py:179} INFO - Processing /opt/airflow/dags/scanfile_v2.py took 0.281 seconds
[2025-10-14T17:00:09.192+0000] {processor.py:157} INFO - Started process (PID=25934) to work on /opt/airflow/dags/scanfile_v2.py
[2025-10-14T17:00:09.195+0000] {processor.py:829} INFO - Processing file /opt/airflow/dags/scanfile_v2.py for tasks to queue
[2025-10-14T17:00:09.208+0000] {logging_mixin.py:151} INFO - [2025-10-14T17:00:09.207+0000] {dagbag.py:536} INFO - Filling up the DagBag from /opt/airflow/dags/scanfile_v2.py
[2025-10-14T17:00:09.258+0000] {processor.py:839} INFO - DAG(s) dict_keys(['scanfile']) retrieved from /opt/airflow/dags/scanfile_v2.py
[2025-10-14T17:00:09.336+0000] {logging_mixin.py:151} INFO - [2025-10-14T17:00:09.336+0000] {dag.py:2941} INFO - Sync 1 DAGs
[2025-10-14T17:00:09.411+0000] {logging_mixin.py:151} INFO - [2025-10-14T17:00:09.410+0000] {dag.py:3722} INFO - Setting next_dagrun for scanfile to 2025-10-14T00:00:00+00:00, run_after=2025-10-15T00:00:00+00:00
[2025-10-14T17:00:09.470+0000] {processor.py:179} INFO - Processing /opt/airflow/dags/scanfile_v2.py took 0.291 seconds
[2025-10-14T17:00:21.847+0000] {processor.py:157} INFO - Started process (PID=25956) to work on /opt/airflow/dags/scanfile_v2.py
[2025-10-14T17:00:21.851+0000] {processor.py:829} INFO - Processing file /opt/airflow/dags/scanfile_v2.py for tasks to queue
[2025-10-14T17:00:21.863+0000] {logging_mixin.py:151} INFO - [2025-10-14T17:00:21.861+0000] {dagbag.py:536} INFO - Filling up the DagBag from /opt/airflow/dags/scanfile_v2.py
[2025-10-14T17:00:21.971+0000] {logging_mixin.py:151} INFO - [2025-10-14T17:00:21.955+0000] {dagbag.py:346} ERROR - Failed to import: /opt/airflow/dags/scanfile_v2.py
Traceback (most recent call last):
  File "/home/airflow/.local/lib/python3.8/site-packages/airflow/models/dagbag.py", line 342, in parse
    loader.exec_module(new_module)
  File "<frozen importlib._bootstrap_external>", line 843, in exec_module
  File "<frozen importlib._bootstrap>", line 219, in _call_with_frames_removed
  File "/opt/airflow/dags/scanfile_v2.py", line 4, in <module>
    from airflow.operators.selenium_plugin import SeleniumOperator
ModuleNotFoundError: No module named 'airflow.operators.selenium_plugin'
[2025-10-14T17:00:21.977+0000] {processor.py:841} WARNING - No viable dags retrieved from /opt/airflow/dags/scanfile_v2.py
[2025-10-14T17:00:22.049+0000] {processor.py:179} INFO - Processing /opt/airflow/dags/scanfile_v2.py took 0.218 seconds
[2025-10-14T17:00:52.916+0000] {processor.py:157} INFO - Started process (PID=26013) to work on /opt/airflow/dags/scanfile_v2.py
[2025-10-14T17:00:52.929+0000] {processor.py:829} INFO - Processing file /opt/airflow/dags/scanfile_v2.py for tasks to queue
[2025-10-14T17:00:52.938+0000] {logging_mixin.py:151} INFO - [2025-10-14T17:00:52.937+0000] {dagbag.py:536} INFO - Filling up the DagBag from /opt/airflow/dags/scanfile_v2.py
[2025-10-14T17:00:53.152+0000] {logging_mixin.py:151} INFO - [2025-10-14T17:00:53.102+0000] {dagbag.py:346} ERROR - Failed to import: /opt/airflow/dags/scanfile_v2.py
Traceback (most recent call last):
  File "/home/airflow/.local/lib/python3.8/site-packages/airflow/models/dagbag.py", line 342, in parse
    loader.exec_module(new_module)
  File "<frozen importlib._bootstrap_external>", line 843, in exec_module
  File "<frozen importlib._bootstrap>", line 219, in _call_with_frames_removed
  File "/opt/airflow/dags/scanfile_v2.py", line 4, in <module>
    from airflow.operators.selenium_plugin import SeleniumOperator
ModuleNotFoundError: No module named 'airflow.operators.selenium_plugin'
[2025-10-14T17:00:53.160+0000] {processor.py:841} WARNING - No viable dags retrieved from /opt/airflow/dags/scanfile_v2.py
[2025-10-14T17:00:53.274+0000] {processor.py:179} INFO - Processing /opt/airflow/dags/scanfile_v2.py took 0.374 seconds
[2025-10-14T17:01:23.663+0000] {processor.py:157} INFO - Started process (PID=26071) to work on /opt/airflow/dags/scanfile_v2.py
[2025-10-14T17:01:23.666+0000] {processor.py:829} INFO - Processing file /opt/airflow/dags/scanfile_v2.py for tasks to queue
[2025-10-14T17:01:23.675+0000] {logging_mixin.py:151} INFO - [2025-10-14T17:01:23.674+0000] {dagbag.py:536} INFO - Filling up the DagBag from /opt/airflow/dags/scanfile_v2.py
[2025-10-14T17:01:23.727+0000] {logging_mixin.py:151} INFO - [2025-10-14T17:01:23.714+0000] {dagbag.py:346} ERROR - Failed to import: /opt/airflow/dags/scanfile_v2.py
Traceback (most recent call last):
  File "/home/airflow/.local/lib/python3.8/site-packages/airflow/models/dagbag.py", line 342, in parse
    loader.exec_module(new_module)
  File "<frozen importlib._bootstrap_external>", line 843, in exec_module
  File "<frozen importlib._bootstrap>", line 219, in _call_with_frames_removed
  File "/opt/airflow/dags/scanfile_v2.py", line 4, in <module>
    from airflow.operators.selenium_plugin import SeleniumOperator
ModuleNotFoundError: No module named 'airflow.operators.selenium_plugin'
[2025-10-14T17:01:23.733+0000] {processor.py:841} WARNING - No viable dags retrieved from /opt/airflow/dags/scanfile_v2.py
[2025-10-14T17:01:23.793+0000] {processor.py:179} INFO - Processing /opt/airflow/dags/scanfile_v2.py took 0.138 seconds
[2025-10-14T17:01:53.939+0000] {processor.py:157} INFO - Started process (PID=26126) to work on /opt/airflow/dags/scanfile_v2.py
[2025-10-14T17:01:53.946+0000] {processor.py:829} INFO - Processing file /opt/airflow/dags/scanfile_v2.py for tasks to queue
[2025-10-14T17:01:53.956+0000] {logging_mixin.py:151} INFO - [2025-10-14T17:01:53.953+0000] {dagbag.py:536} INFO - Filling up the DagBag from /opt/airflow/dags/scanfile_v2.py
[2025-10-14T17:01:54.016+0000] {logging_mixin.py:151} INFO - [2025-10-14T17:01:54.003+0000] {dagbag.py:346} ERROR - Failed to import: /opt/airflow/dags/scanfile_v2.py
Traceback (most recent call last):
  File "/home/airflow/.local/lib/python3.8/site-packages/airflow/models/dagbag.py", line 342, in parse
    loader.exec_module(new_module)
  File "<frozen importlib._bootstrap_external>", line 843, in exec_module
  File "<frozen importlib._bootstrap>", line 219, in _call_with_frames_removed
  File "/opt/airflow/dags/scanfile_v2.py", line 4, in <module>
    from airflow.operators.selenium_plugin import SeleniumOperator
ModuleNotFoundError: No module named 'airflow.operators.selenium_plugin'
[2025-10-14T17:01:54.021+0000] {processor.py:841} WARNING - No viable dags retrieved from /opt/airflow/dags/scanfile_v2.py
[2025-10-14T17:01:54.086+0000] {processor.py:179} INFO - Processing /opt/airflow/dags/scanfile_v2.py took 0.160 seconds
[2025-10-14T17:02:24.589+0000] {processor.py:157} INFO - Started process (PID=26184) to work on /opt/airflow/dags/scanfile_v2.py
[2025-10-14T17:02:24.593+0000] {processor.py:829} INFO - Processing file /opt/airflow/dags/scanfile_v2.py for tasks to queue
[2025-10-14T17:02:24.604+0000] {logging_mixin.py:151} INFO - [2025-10-14T17:02:24.602+0000] {dagbag.py:536} INFO - Filling up the DagBag from /opt/airflow/dags/scanfile_v2.py
[2025-10-14T17:02:24.647+0000] {logging_mixin.py:151} INFO - [2025-10-14T17:02:24.637+0000] {dagbag.py:346} ERROR - Failed to import: /opt/airflow/dags/scanfile_v2.py
Traceback (most recent call last):
  File "/home/airflow/.local/lib/python3.8/site-packages/airflow/models/dagbag.py", line 342, in parse
    loader.exec_module(new_module)
  File "<frozen importlib._bootstrap_external>", line 843, in exec_module
  File "<frozen importlib._bootstrap>", line 219, in _call_with_frames_removed
  File "/opt/airflow/dags/scanfile_v2.py", line 4, in <module>
    from airflow.operators.selenium_plugin import SeleniumOperator
ModuleNotFoundError: No module named 'airflow.operators.selenium_plugin'
[2025-10-14T17:02:24.652+0000] {processor.py:841} WARNING - No viable dags retrieved from /opt/airflow/dags/scanfile_v2.py
[2025-10-14T17:02:24.703+0000] {processor.py:179} INFO - Processing /opt/airflow/dags/scanfile_v2.py took 0.129 seconds
[2025-10-14T17:02:55.350+0000] {processor.py:157} INFO - Started process (PID=26242) to work on /opt/airflow/dags/scanfile_v2.py
[2025-10-14T17:02:55.353+0000] {processor.py:829} INFO - Processing file /opt/airflow/dags/scanfile_v2.py for tasks to queue
[2025-10-14T17:02:55.363+0000] {logging_mixin.py:151} INFO - [2025-10-14T17:02:55.361+0000] {dagbag.py:536} INFO - Filling up the DagBag from /opt/airflow/dags/scanfile_v2.py
[2025-10-14T17:02:55.431+0000] {logging_mixin.py:151} INFO - [2025-10-14T17:02:55.415+0000] {dagbag.py:346} ERROR - Failed to import: /opt/airflow/dags/scanfile_v2.py
Traceback (most recent call last):
  File "/home/airflow/.local/lib/python3.8/site-packages/airflow/models/dagbag.py", line 342, in parse
    loader.exec_module(new_module)
  File "<frozen importlib._bootstrap_external>", line 843, in exec_module
  File "<frozen importlib._bootstrap>", line 219, in _call_with_frames_removed
  File "/opt/airflow/dags/scanfile_v2.py", line 4, in <module>
    from airflow.operators.selenium_plugin import SeleniumOperator
ModuleNotFoundError: No module named 'airflow.operators.selenium_plugin'
[2025-10-14T17:02:55.437+0000] {processor.py:841} WARNING - No viable dags retrieved from /opt/airflow/dags/scanfile_v2.py
[2025-10-14T17:02:55.496+0000] {processor.py:179} INFO - Processing /opt/airflow/dags/scanfile_v2.py took 0.172 seconds
[2025-10-14T17:03:26.188+0000] {processor.py:157} INFO - Started process (PID=26301) to work on /opt/airflow/dags/scanfile_v2.py
[2025-10-14T17:03:26.195+0000] {processor.py:829} INFO - Processing file /opt/airflow/dags/scanfile_v2.py for tasks to queue
[2025-10-14T17:03:26.214+0000] {logging_mixin.py:151} INFO - [2025-10-14T17:03:26.212+0000] {dagbag.py:536} INFO - Filling up the DagBag from /opt/airflow/dags/scanfile_v2.py
[2025-10-14T17:03:26.410+0000] {logging_mixin.py:151} INFO - [2025-10-14T17:03:26.393+0000] {dagbag.py:346} ERROR - Failed to import: /opt/airflow/dags/scanfile_v2.py
Traceback (most recent call last):
  File "/home/airflow/.local/lib/python3.8/site-packages/airflow/models/dagbag.py", line 342, in parse
    loader.exec_module(new_module)
  File "<frozen importlib._bootstrap_external>", line 843, in exec_module
  File "<frozen importlib._bootstrap>", line 219, in _call_with_frames_removed
  File "/opt/airflow/dags/scanfile_v2.py", line 4, in <module>
    from airflow.operators.selenium_plugin import SeleniumOperator
ModuleNotFoundError: No module named 'airflow.operators.selenium_plugin'
[2025-10-14T17:03:26.413+0000] {processor.py:841} WARNING - No viable dags retrieved from /opt/airflow/dags/scanfile_v2.py
[2025-10-14T17:03:26.461+0000] {processor.py:179} INFO - Processing /opt/airflow/dags/scanfile_v2.py took 0.293 seconds
[2025-10-14T17:03:57.484+0000] {processor.py:157} INFO - Started process (PID=26359) to work on /opt/airflow/dags/scanfile_v2.py
[2025-10-14T17:03:57.507+0000] {processor.py:829} INFO - Processing file /opt/airflow/dags/scanfile_v2.py for tasks to queue
[2025-10-14T17:03:57.556+0000] {logging_mixin.py:151} INFO - [2025-10-14T17:03:57.553+0000] {dagbag.py:536} INFO - Filling up the DagBag from /opt/airflow/dags/scanfile_v2.py
[2025-10-14T17:03:57.744+0000] {logging_mixin.py:151} INFO - [2025-10-14T17:03:57.686+0000] {dagbag.py:346} ERROR - Failed to import: /opt/airflow/dags/scanfile_v2.py
Traceback (most recent call last):
  File "/home/airflow/.local/lib/python3.8/site-packages/airflow/models/dagbag.py", line 342, in parse
    loader.exec_module(new_module)
  File "<frozen importlib._bootstrap_external>", line 843, in exec_module
  File "<frozen importlib._bootstrap>", line 219, in _call_with_frames_removed
  File "/opt/airflow/dags/scanfile_v2.py", line 4, in <module>
    from airflow.operators.selenium_plugin import SeleniumOperator
ModuleNotFoundError: No module named 'airflow.operators.selenium_plugin'
[2025-10-14T17:03:57.758+0000] {processor.py:841} WARNING - No viable dags retrieved from /opt/airflow/dags/scanfile_v2.py
[2025-10-14T17:03:58.017+0000] {processor.py:179} INFO - Processing /opt/airflow/dags/scanfile_v2.py took 0.588 seconds
[2025-10-14T17:04:28.315+0000] {processor.py:157} INFO - Started process (PID=26417) to work on /opt/airflow/dags/scanfile_v2.py
[2025-10-14T17:04:28.318+0000] {processor.py:829} INFO - Processing file /opt/airflow/dags/scanfile_v2.py for tasks to queue
[2025-10-14T17:04:28.327+0000] {logging_mixin.py:151} INFO - [2025-10-14T17:04:28.326+0000] {dagbag.py:536} INFO - Filling up the DagBag from /opt/airflow/dags/scanfile_v2.py
[2025-10-14T17:04:28.376+0000] {logging_mixin.py:151} INFO - [2025-10-14T17:04:28.364+0000] {dagbag.py:346} ERROR - Failed to import: /opt/airflow/dags/scanfile_v2.py
Traceback (most recent call last):
  File "/home/airflow/.local/lib/python3.8/site-packages/airflow/models/dagbag.py", line 342, in parse
    loader.exec_module(new_module)
  File "<frozen importlib._bootstrap_external>", line 843, in exec_module
  File "<frozen importlib._bootstrap>", line 219, in _call_with_frames_removed
  File "/opt/airflow/dags/scanfile_v2.py", line 4, in <module>
    from airflow.operators.selenium_plugin import SeleniumOperator
ModuleNotFoundError: No module named 'airflow.operators.selenium_plugin'
[2025-10-14T17:04:28.379+0000] {processor.py:841} WARNING - No viable dags retrieved from /opt/airflow/dags/scanfile_v2.py
[2025-10-14T17:04:28.433+0000] {processor.py:179} INFO - Processing /opt/airflow/dags/scanfile_v2.py took 0.127 seconds
[2025-10-14T17:04:58.745+0000] {processor.py:157} INFO - Started process (PID=26475) to work on /opt/airflow/dags/scanfile_v2.py
[2025-10-14T17:04:58.749+0000] {processor.py:829} INFO - Processing file /opt/airflow/dags/scanfile_v2.py for tasks to queue
[2025-10-14T17:04:58.756+0000] {logging_mixin.py:151} INFO - [2025-10-14T17:04:58.755+0000] {dagbag.py:536} INFO - Filling up the DagBag from /opt/airflow/dags/scanfile_v2.py
[2025-10-14T17:04:58.809+0000] {logging_mixin.py:151} INFO - [2025-10-14T17:04:58.797+0000] {dagbag.py:346} ERROR - Failed to import: /opt/airflow/dags/scanfile_v2.py
Traceback (most recent call last):
  File "/home/airflow/.local/lib/python3.8/site-packages/airflow/models/dagbag.py", line 342, in parse
    loader.exec_module(new_module)
  File "<frozen importlib._bootstrap_external>", line 843, in exec_module
  File "<frozen importlib._bootstrap>", line 219, in _call_with_frames_removed
  File "/opt/airflow/dags/scanfile_v2.py", line 4, in <module>
    from airflow.operators.selenium_plugin import SeleniumOperator
ModuleNotFoundError: No module named 'airflow.operators.selenium_plugin'
[2025-10-14T17:04:58.817+0000] {processor.py:841} WARNING - No viable dags retrieved from /opt/airflow/dags/scanfile_v2.py
[2025-10-14T17:04:58.887+0000] {processor.py:179} INFO - Processing /opt/airflow/dags/scanfile_v2.py took 0.159 seconds
[2025-10-14T17:05:29.576+0000] {processor.py:157} INFO - Started process (PID=26534) to work on /opt/airflow/dags/scanfile_v2.py
[2025-10-14T17:05:29.579+0000] {processor.py:829} INFO - Processing file /opt/airflow/dags/scanfile_v2.py for tasks to queue
[2025-10-14T17:05:29.586+0000] {logging_mixin.py:151} INFO - [2025-10-14T17:05:29.586+0000] {dagbag.py:536} INFO - Filling up the DagBag from /opt/airflow/dags/scanfile_v2.py
[2025-10-14T17:05:29.635+0000] {logging_mixin.py:151} INFO - [2025-10-14T17:05:29.623+0000] {dagbag.py:346} ERROR - Failed to import: /opt/airflow/dags/scanfile_v2.py
Traceback (most recent call last):
  File "/home/airflow/.local/lib/python3.8/site-packages/airflow/models/dagbag.py", line 342, in parse
    loader.exec_module(new_module)
  File "<frozen importlib._bootstrap_external>", line 843, in exec_module
  File "<frozen importlib._bootstrap>", line 219, in _call_with_frames_removed
  File "/opt/airflow/dags/scanfile_v2.py", line 4, in <module>
    from airflow.operators.selenium_plugin import SeleniumOperator
ModuleNotFoundError: No module named 'airflow.operators.selenium_plugin'
[2025-10-14T17:05:29.638+0000] {processor.py:841} WARNING - No viable dags retrieved from /opt/airflow/dags/scanfile_v2.py
[2025-10-14T17:05:29.710+0000] {processor.py:179} INFO - Processing /opt/airflow/dags/scanfile_v2.py took 0.144 seconds
[2025-10-14T17:06:00.405+0000] {processor.py:157} INFO - Started process (PID=26592) to work on /opt/airflow/dags/scanfile_v2.py
[2025-10-14T17:06:00.408+0000] {processor.py:829} INFO - Processing file /opt/airflow/dags/scanfile_v2.py for tasks to queue
[2025-10-14T17:06:00.415+0000] {logging_mixin.py:151} INFO - [2025-10-14T17:06:00.414+0000] {dagbag.py:536} INFO - Filling up the DagBag from /opt/airflow/dags/scanfile_v2.py
[2025-10-14T17:06:00.462+0000] {logging_mixin.py:151} INFO - [2025-10-14T17:06:00.450+0000] {dagbag.py:346} ERROR - Failed to import: /opt/airflow/dags/scanfile_v2.py
Traceback (most recent call last):
  File "/home/airflow/.local/lib/python3.8/site-packages/airflow/models/dagbag.py", line 342, in parse
    loader.exec_module(new_module)
  File "<frozen importlib._bootstrap_external>", line 843, in exec_module
  File "<frozen importlib._bootstrap>", line 219, in _call_with_frames_removed
  File "/opt/airflow/dags/scanfile_v2.py", line 4, in <module>
    from airflow.operators.selenium_plugin import SeleniumOperator
ModuleNotFoundError: No module named 'airflow.operators.selenium_plugin'
[2025-10-14T17:06:00.466+0000] {processor.py:841} WARNING - No viable dags retrieved from /opt/airflow/dags/scanfile_v2.py
[2025-10-14T17:06:00.527+0000] {processor.py:179} INFO - Processing /opt/airflow/dags/scanfile_v2.py took 0.131 seconds
[2025-10-14T17:06:31.533+0000] {processor.py:157} INFO - Started process (PID=26650) to work on /opt/airflow/dags/scanfile_v2.py
[2025-10-14T17:06:31.536+0000] {processor.py:829} INFO - Processing file /opt/airflow/dags/scanfile_v2.py for tasks to queue
[2025-10-14T17:06:31.546+0000] {logging_mixin.py:151} INFO - [2025-10-14T17:06:31.545+0000] {dagbag.py:536} INFO - Filling up the DagBag from /opt/airflow/dags/scanfile_v2.py
[2025-10-14T17:06:31.590+0000] {logging_mixin.py:151} INFO - [2025-10-14T17:06:31.580+0000] {dagbag.py:346} ERROR - Failed to import: /opt/airflow/dags/scanfile_v2.py
Traceback (most recent call last):
  File "/home/airflow/.local/lib/python3.8/site-packages/airflow/models/dagbag.py", line 342, in parse
    loader.exec_module(new_module)
  File "<frozen importlib._bootstrap_external>", line 843, in exec_module
  File "<frozen importlib._bootstrap>", line 219, in _call_with_frames_removed
  File "/opt/airflow/dags/scanfile_v2.py", line 4, in <module>
    from airflow.operators.selenium_plugin import SeleniumOperator
ModuleNotFoundError: No module named 'airflow.operators.selenium_plugin'
[2025-10-14T17:06:31.594+0000] {processor.py:841} WARNING - No viable dags retrieved from /opt/airflow/dags/scanfile_v2.py
[2025-10-14T17:06:31.641+0000] {processor.py:179} INFO - Processing /opt/airflow/dags/scanfile_v2.py took 0.115 seconds
[2025-10-14T17:07:01.870+0000] {processor.py:157} INFO - Started process (PID=26708) to work on /opt/airflow/dags/scanfile_v2.py
[2025-10-14T17:07:01.872+0000] {processor.py:829} INFO - Processing file /opt/airflow/dags/scanfile_v2.py for tasks to queue
[2025-10-14T17:07:01.878+0000] {logging_mixin.py:151} INFO - [2025-10-14T17:07:01.877+0000] {dagbag.py:536} INFO - Filling up the DagBag from /opt/airflow/dags/scanfile_v2.py
[2025-10-14T17:07:01.923+0000] {logging_mixin.py:151} INFO - [2025-10-14T17:07:01.912+0000] {dagbag.py:346} ERROR - Failed to import: /opt/airflow/dags/scanfile_v2.py
Traceback (most recent call last):
  File "/home/airflow/.local/lib/python3.8/site-packages/airflow/models/dagbag.py", line 342, in parse
    loader.exec_module(new_module)
  File "<frozen importlib._bootstrap_external>", line 843, in exec_module
  File "<frozen importlib._bootstrap>", line 219, in _call_with_frames_removed
  File "/opt/airflow/dags/scanfile_v2.py", line 4, in <module>
    from airflow.operators.selenium_plugin import SeleniumOperator
ModuleNotFoundError: No module named 'airflow.operators.selenium_plugin'
[2025-10-14T17:07:01.926+0000] {processor.py:841} WARNING - No viable dags retrieved from /opt/airflow/dags/scanfile_v2.py
[2025-10-14T17:07:01.992+0000] {processor.py:179} INFO - Processing /opt/airflow/dags/scanfile_v2.py took 0.130 seconds
[2025-10-14T17:07:32.883+0000] {processor.py:157} INFO - Started process (PID=26766) to work on /opt/airflow/dags/scanfile_v2.py
[2025-10-14T17:07:32.887+0000] {processor.py:829} INFO - Processing file /opt/airflow/dags/scanfile_v2.py for tasks to queue
[2025-10-14T17:07:32.897+0000] {logging_mixin.py:151} INFO - [2025-10-14T17:07:32.896+0000] {dagbag.py:536} INFO - Filling up the DagBag from /opt/airflow/dags/scanfile_v2.py
[2025-10-14T17:07:32.956+0000] {logging_mixin.py:151} INFO - [2025-10-14T17:07:32.944+0000] {dagbag.py:346} ERROR - Failed to import: /opt/airflow/dags/scanfile_v2.py
Traceback (most recent call last):
  File "/home/airflow/.local/lib/python3.8/site-packages/airflow/models/dagbag.py", line 342, in parse
    loader.exec_module(new_module)
  File "<frozen importlib._bootstrap_external>", line 843, in exec_module
  File "<frozen importlib._bootstrap>", line 219, in _call_with_frames_removed
  File "/opt/airflow/dags/scanfile_v2.py", line 4, in <module>
    from airflow.operators.selenium_plugin import SeleniumOperator
ModuleNotFoundError: No module named 'airflow.operators.selenium_plugin'
[2025-10-14T17:07:32.960+0000] {processor.py:841} WARNING - No viable dags retrieved from /opt/airflow/dags/scanfile_v2.py
[2025-10-14T17:07:33.037+0000] {processor.py:179} INFO - Processing /opt/airflow/dags/scanfile_v2.py took 0.170 seconds
[2025-10-14T17:08:03.693+0000] {processor.py:157} INFO - Started process (PID=26824) to work on /opt/airflow/dags/scanfile_v2.py
[2025-10-14T17:08:03.696+0000] {processor.py:829} INFO - Processing file /opt/airflow/dags/scanfile_v2.py for tasks to queue
[2025-10-14T17:08:03.704+0000] {logging_mixin.py:151} INFO - [2025-10-14T17:08:03.703+0000] {dagbag.py:536} INFO - Filling up the DagBag from /opt/airflow/dags/scanfile_v2.py
[2025-10-14T17:08:03.756+0000] {logging_mixin.py:151} INFO - [2025-10-14T17:08:03.744+0000] {dagbag.py:346} ERROR - Failed to import: /opt/airflow/dags/scanfile_v2.py
Traceback (most recent call last):
  File "/home/airflow/.local/lib/python3.8/site-packages/airflow/models/dagbag.py", line 342, in parse
    loader.exec_module(new_module)
  File "<frozen importlib._bootstrap_external>", line 843, in exec_module
  File "<frozen importlib._bootstrap>", line 219, in _call_with_frames_removed
  File "/opt/airflow/dags/scanfile_v2.py", line 4, in <module>
    from airflow.operators.selenium_plugin import SeleniumOperator
ModuleNotFoundError: No module named 'airflow.operators.selenium_plugin'
[2025-10-14T17:08:03.759+0000] {processor.py:841} WARNING - No viable dags retrieved from /opt/airflow/dags/scanfile_v2.py
[2025-10-14T17:08:03.835+0000] {processor.py:179} INFO - Processing /opt/airflow/dags/scanfile_v2.py took 0.156 seconds
[2025-10-14T17:08:33.979+0000] {processor.py:157} INFO - Started process (PID=26880) to work on /opt/airflow/dags/scanfile_v2.py
[2025-10-14T17:08:33.984+0000] {processor.py:829} INFO - Processing file /opt/airflow/dags/scanfile_v2.py for tasks to queue
[2025-10-14T17:08:33.992+0000] {logging_mixin.py:151} INFO - [2025-10-14T17:08:33.991+0000] {dagbag.py:536} INFO - Filling up the DagBag from /opt/airflow/dags/scanfile_v2.py
[2025-10-14T17:08:34.042+0000] {logging_mixin.py:151} INFO - [2025-10-14T17:08:34.023+0000] {dagbag.py:346} ERROR - Failed to import: /opt/airflow/dags/scanfile_v2.py
Traceback (most recent call last):
  File "/home/airflow/.local/lib/python3.8/site-packages/airflow/models/dagbag.py", line 342, in parse
    loader.exec_module(new_module)
  File "<frozen importlib._bootstrap_external>", line 843, in exec_module
  File "<frozen importlib._bootstrap>", line 219, in _call_with_frames_removed
  File "/opt/airflow/dags/scanfile_v2.py", line 4, in <module>
    from airflow.operators.selenium_plugin import SeleniumOperator
ModuleNotFoundError: No module named 'airflow.operators.selenium_plugin'
[2025-10-14T17:08:34.045+0000] {processor.py:841} WARNING - No viable dags retrieved from /opt/airflow/dags/scanfile_v2.py
[2025-10-14T17:08:34.098+0000] {processor.py:179} INFO - Processing /opt/airflow/dags/scanfile_v2.py took 0.131 seconds
[2025-10-14T17:09:04.295+0000] {processor.py:157} INFO - Started process (PID=26935) to work on /opt/airflow/dags/scanfile_v2.py
[2025-10-14T17:09:04.300+0000] {processor.py:829} INFO - Processing file /opt/airflow/dags/scanfile_v2.py for tasks to queue
[2025-10-14T17:09:04.315+0000] {logging_mixin.py:151} INFO - [2025-10-14T17:09:04.313+0000] {dagbag.py:536} INFO - Filling up the DagBag from /opt/airflow/dags/scanfile_v2.py
[2025-10-14T17:09:04.379+0000] {logging_mixin.py:151} INFO - [2025-10-14T17:09:04.362+0000] {dagbag.py:346} ERROR - Failed to import: /opt/airflow/dags/scanfile_v2.py
Traceback (most recent call last):
  File "/home/airflow/.local/lib/python3.8/site-packages/airflow/models/dagbag.py", line 342, in parse
    loader.exec_module(new_module)
  File "<frozen importlib._bootstrap_external>", line 843, in exec_module
  File "<frozen importlib._bootstrap>", line 219, in _call_with_frames_removed
  File "/opt/airflow/dags/scanfile_v2.py", line 4, in <module>
    from airflow.operators.selenium_plugin import SeleniumOperator
ModuleNotFoundError: No module named 'airflow.operators.selenium_plugin'
[2025-10-14T17:09:04.383+0000] {processor.py:841} WARNING - No viable dags retrieved from /opt/airflow/dags/scanfile_v2.py
[2025-10-14T17:09:04.461+0000] {processor.py:179} INFO - Processing /opt/airflow/dags/scanfile_v2.py took 0.218 seconds
[2025-10-14T17:09:35.068+0000] {processor.py:157} INFO - Started process (PID=26992) to work on /opt/airflow/dags/scanfile_v2.py
[2025-10-14T17:09:35.071+0000] {processor.py:829} INFO - Processing file /opt/airflow/dags/scanfile_v2.py for tasks to queue
[2025-10-14T17:09:35.079+0000] {logging_mixin.py:151} INFO - [2025-10-14T17:09:35.078+0000] {dagbag.py:536} INFO - Filling up the DagBag from /opt/airflow/dags/scanfile_v2.py
[2025-10-14T17:09:35.144+0000] {logging_mixin.py:151} INFO - [2025-10-14T17:09:35.132+0000] {dagbag.py:346} ERROR - Failed to import: /opt/airflow/dags/scanfile_v2.py
Traceback (most recent call last):
  File "/home/airflow/.local/lib/python3.8/site-packages/airflow/models/dagbag.py", line 342, in parse
    loader.exec_module(new_module)
  File "<frozen importlib._bootstrap_external>", line 843, in exec_module
  File "<frozen importlib._bootstrap>", line 219, in _call_with_frames_removed
  File "/opt/airflow/dags/scanfile_v2.py", line 4, in <module>
    from airflow.operators.selenium_plugin import SeleniumOperator
ModuleNotFoundError: No module named 'airflow.operators.selenium_plugin'
[2025-10-14T17:09:35.148+0000] {processor.py:841} WARNING - No viable dags retrieved from /opt/airflow/dags/scanfile_v2.py
[2025-10-14T17:09:35.203+0000] {processor.py:179} INFO - Processing /opt/airflow/dags/scanfile_v2.py took 0.147 seconds
