[2025-10-16T17:24:44.369+0000] {processor.py:157} INFO - Started process (PID=131) to work on /home/airflow/.local/lib/python3.8/site-packages/airflow/example_dags/example_branch_labels.py
[2025-10-16T17:24:44.391+0000] {processor.py:829} INFO - Processing file /home/airflow/.local/lib/python3.8/site-packages/airflow/example_dags/example_branch_labels.py for tasks to queue
[2025-10-16T17:24:44.411+0000] {logging_mixin.py:151} INFO - [2025-10-16T17:24:44.410+0000] {dagbag.py:536} INFO - Filling up the DagBag from /home/airflow/.local/lib/python3.8/site-packages/airflow/example_dags/example_branch_labels.py
[2025-10-16T17:24:44.546+0000] {processor.py:839} INFO - DAG(s) dict_keys(['example_branch_labels']) retrieved from /home/airflow/.local/lib/python3.8/site-packages/airflow/example_dags/example_branch_labels.py
[2025-10-16T17:24:44.709+0000] {logging_mixin.py:151} INFO - [2025-10-16T17:24:44.709+0000] {dag.py:2941} INFO - Sync 1 DAGs
[2025-10-16T17:24:44.917+0000] {logging_mixin.py:151} INFO - [2025-10-16T17:24:44.916+0000] {dag.py:3722} INFO - Setting next_dagrun for example_branch_labels to 2025-10-15T00:00:00+00:00, run_after=2025-10-16T00:00:00+00:00
[2025-10-16T17:24:45.146+0000] {processor.py:179} INFO - Processing /home/airflow/.local/lib/python3.8/site-packages/airflow/example_dags/example_branch_labels.py took 0.813 seconds
[2025-10-16T17:25:15.713+0000] {processor.py:157} INFO - Started process (PID=190) to work on /home/airflow/.local/lib/python3.8/site-packages/airflow/example_dags/example_branch_labels.py
[2025-10-16T17:25:15.720+0000] {processor.py:829} INFO - Processing file /home/airflow/.local/lib/python3.8/site-packages/airflow/example_dags/example_branch_labels.py for tasks to queue
[2025-10-16T17:25:15.728+0000] {logging_mixin.py:151} INFO - [2025-10-16T17:25:15.727+0000] {dagbag.py:536} INFO - Filling up the DagBag from /home/airflow/.local/lib/python3.8/site-packages/airflow/example_dags/example_branch_labels.py
[2025-10-16T17:25:15.767+0000] {processor.py:839} INFO - DAG(s) dict_keys(['example_branch_labels']) retrieved from /home/airflow/.local/lib/python3.8/site-packages/airflow/example_dags/example_branch_labels.py
[2025-10-16T17:25:15.856+0000] {logging_mixin.py:151} INFO - [2025-10-16T17:25:15.856+0000] {dag.py:2941} INFO - Sync 1 DAGs
[2025-10-16T17:25:15.997+0000] {logging_mixin.py:151} INFO - [2025-10-16T17:25:15.996+0000] {dag.py:3722} INFO - Setting next_dagrun for example_branch_labels to 2025-10-15T00:00:00+00:00, run_after=2025-10-16T00:00:00+00:00
[2025-10-16T17:25:16.192+0000] {processor.py:179} INFO - Processing /home/airflow/.local/lib/python3.8/site-packages/airflow/example_dags/example_branch_labels.py took 0.490 seconds
[2025-10-16T17:25:46.655+0000] {processor.py:157} INFO - Started process (PID=249) to work on /home/airflow/.local/lib/python3.8/site-packages/airflow/example_dags/example_branch_labels.py
[2025-10-16T17:25:46.657+0000] {processor.py:829} INFO - Processing file /home/airflow/.local/lib/python3.8/site-packages/airflow/example_dags/example_branch_labels.py for tasks to queue
[2025-10-16T17:25:46.665+0000] {logging_mixin.py:151} INFO - [2025-10-16T17:25:46.664+0000] {dagbag.py:536} INFO - Filling up the DagBag from /home/airflow/.local/lib/python3.8/site-packages/airflow/example_dags/example_branch_labels.py
[2025-10-16T17:25:46.708+0000] {processor.py:839} INFO - DAG(s) dict_keys(['example_branch_labels']) retrieved from /home/airflow/.local/lib/python3.8/site-packages/airflow/example_dags/example_branch_labels.py
[2025-10-16T17:25:46.791+0000] {logging_mixin.py:151} INFO - [2025-10-16T17:25:46.790+0000] {dag.py:2941} INFO - Sync 1 DAGs
[2025-10-16T17:25:46.897+0000] {logging_mixin.py:151} INFO - [2025-10-16T17:25:46.896+0000] {dag.py:3722} INFO - Setting next_dagrun for example_branch_labels to 2025-10-15T00:00:00+00:00, run_after=2025-10-16T00:00:00+00:00
[2025-10-16T17:25:46.990+0000] {processor.py:179} INFO - Processing /home/airflow/.local/lib/python3.8/site-packages/airflow/example_dags/example_branch_labels.py took 0.347 seconds
[2025-10-16T17:26:17.342+0000] {processor.py:157} INFO - Started process (PID=308) to work on /home/airflow/.local/lib/python3.8/site-packages/airflow/example_dags/example_branch_labels.py
[2025-10-16T17:26:17.345+0000] {processor.py:829} INFO - Processing file /home/airflow/.local/lib/python3.8/site-packages/airflow/example_dags/example_branch_labels.py for tasks to queue
[2025-10-16T17:26:17.353+0000] {logging_mixin.py:151} INFO - [2025-10-16T17:26:17.352+0000] {dagbag.py:536} INFO - Filling up the DagBag from /home/airflow/.local/lib/python3.8/site-packages/airflow/example_dags/example_branch_labels.py
[2025-10-16T17:26:17.375+0000] {processor.py:839} INFO - DAG(s) dict_keys(['example_branch_labels']) retrieved from /home/airflow/.local/lib/python3.8/site-packages/airflow/example_dags/example_branch_labels.py
[2025-10-16T17:26:17.425+0000] {logging_mixin.py:151} INFO - [2025-10-16T17:26:17.425+0000] {dag.py:2941} INFO - Sync 1 DAGs
[2025-10-16T17:26:17.486+0000] {logging_mixin.py:151} INFO - [2025-10-16T17:26:17.485+0000] {dag.py:3722} INFO - Setting next_dagrun for example_branch_labels to 2025-10-15T00:00:00+00:00, run_after=2025-10-16T00:00:00+00:00
[2025-10-16T17:26:17.546+0000] {processor.py:179} INFO - Processing /home/airflow/.local/lib/python3.8/site-packages/airflow/example_dags/example_branch_labels.py took 0.213 seconds
[2025-10-16T17:26:48.281+0000] {processor.py:157} INFO - Started process (PID=367) to work on /home/airflow/.local/lib/python3.8/site-packages/airflow/example_dags/example_branch_labels.py
[2025-10-16T17:26:48.284+0000] {processor.py:829} INFO - Processing file /home/airflow/.local/lib/python3.8/site-packages/airflow/example_dags/example_branch_labels.py for tasks to queue
[2025-10-16T17:26:48.291+0000] {logging_mixin.py:151} INFO - [2025-10-16T17:26:48.290+0000] {dagbag.py:536} INFO - Filling up the DagBag from /home/airflow/.local/lib/python3.8/site-packages/airflow/example_dags/example_branch_labels.py
[2025-10-16T17:26:48.313+0000] {processor.py:839} INFO - DAG(s) dict_keys(['example_branch_labels']) retrieved from /home/airflow/.local/lib/python3.8/site-packages/airflow/example_dags/example_branch_labels.py
[2025-10-16T17:26:48.363+0000] {logging_mixin.py:151} INFO - [2025-10-16T17:26:48.363+0000] {dag.py:2941} INFO - Sync 1 DAGs
[2025-10-16T17:26:48.418+0000] {logging_mixin.py:151} INFO - [2025-10-16T17:26:48.417+0000] {dag.py:3722} INFO - Setting next_dagrun for example_branch_labels to 2025-10-15T00:00:00+00:00, run_after=2025-10-16T00:00:00+00:00
[2025-10-16T17:26:48.468+0000] {processor.py:179} INFO - Processing /home/airflow/.local/lib/python3.8/site-packages/airflow/example_dags/example_branch_labels.py took 0.198 seconds
[2025-10-16T17:27:19.257+0000] {processor.py:157} INFO - Started process (PID=426) to work on /home/airflow/.local/lib/python3.8/site-packages/airflow/example_dags/example_branch_labels.py
[2025-10-16T17:27:19.260+0000] {processor.py:829} INFO - Processing file /home/airflow/.local/lib/python3.8/site-packages/airflow/example_dags/example_branch_labels.py for tasks to queue
[2025-10-16T17:27:19.268+0000] {logging_mixin.py:151} INFO - [2025-10-16T17:27:19.267+0000] {dagbag.py:536} INFO - Filling up the DagBag from /home/airflow/.local/lib/python3.8/site-packages/airflow/example_dags/example_branch_labels.py
[2025-10-16T17:27:19.292+0000] {processor.py:839} INFO - DAG(s) dict_keys(['example_branch_labels']) retrieved from /home/airflow/.local/lib/python3.8/site-packages/airflow/example_dags/example_branch_labels.py
[2025-10-16T17:27:19.353+0000] {logging_mixin.py:151} INFO - [2025-10-16T17:27:19.353+0000] {dag.py:2941} INFO - Sync 1 DAGs
[2025-10-16T17:27:19.422+0000] {logging_mixin.py:151} INFO - [2025-10-16T17:27:19.421+0000] {dag.py:3722} INFO - Setting next_dagrun for example_branch_labels to 2025-10-15T00:00:00+00:00, run_after=2025-10-16T00:00:00+00:00
[2025-10-16T17:27:19.474+0000] {processor.py:179} INFO - Processing /home/airflow/.local/lib/python3.8/site-packages/airflow/example_dags/example_branch_labels.py took 0.227 seconds
[2025-10-16T17:27:50.151+0000] {processor.py:157} INFO - Started process (PID=485) to work on /home/airflow/.local/lib/python3.8/site-packages/airflow/example_dags/example_branch_labels.py
[2025-10-16T17:27:50.155+0000] {processor.py:829} INFO - Processing file /home/airflow/.local/lib/python3.8/site-packages/airflow/example_dags/example_branch_labels.py for tasks to queue
[2025-10-16T17:27:50.161+0000] {logging_mixin.py:151} INFO - [2025-10-16T17:27:50.160+0000] {dagbag.py:536} INFO - Filling up the DagBag from /home/airflow/.local/lib/python3.8/site-packages/airflow/example_dags/example_branch_labels.py
[2025-10-16T17:27:50.180+0000] {processor.py:839} INFO - DAG(s) dict_keys(['example_branch_labels']) retrieved from /home/airflow/.local/lib/python3.8/site-packages/airflow/example_dags/example_branch_labels.py
[2025-10-16T17:27:50.234+0000] {logging_mixin.py:151} INFO - [2025-10-16T17:27:50.234+0000] {dag.py:2941} INFO - Sync 1 DAGs
[2025-10-16T17:27:50.302+0000] {logging_mixin.py:151} INFO - [2025-10-16T17:27:50.302+0000] {dag.py:3722} INFO - Setting next_dagrun for example_branch_labels to 2025-10-15T00:00:00+00:00, run_after=2025-10-16T00:00:00+00:00
[2025-10-16T17:27:50.438+0000] {processor.py:179} INFO - Processing /home/airflow/.local/lib/python3.8/site-packages/airflow/example_dags/example_branch_labels.py took 0.298 seconds
[2025-10-16T17:28:20.744+0000] {processor.py:157} INFO - Started process (PID=544) to work on /home/airflow/.local/lib/python3.8/site-packages/airflow/example_dags/example_branch_labels.py
[2025-10-16T17:28:20.747+0000] {processor.py:829} INFO - Processing file /home/airflow/.local/lib/python3.8/site-packages/airflow/example_dags/example_branch_labels.py for tasks to queue
[2025-10-16T17:28:20.753+0000] {logging_mixin.py:151} INFO - [2025-10-16T17:28:20.752+0000] {dagbag.py:536} INFO - Filling up the DagBag from /home/airflow/.local/lib/python3.8/site-packages/airflow/example_dags/example_branch_labels.py
[2025-10-16T17:28:20.777+0000] {processor.py:839} INFO - DAG(s) dict_keys(['example_branch_labels']) retrieved from /home/airflow/.local/lib/python3.8/site-packages/airflow/example_dags/example_branch_labels.py
[2025-10-16T17:28:20.806+0000] {logging_mixin.py:151} INFO - [2025-10-16T17:28:20.806+0000] {dag.py:2941} INFO - Sync 1 DAGs
[2025-10-16T17:28:20.870+0000] {logging_mixin.py:151} INFO - [2025-10-16T17:28:20.869+0000] {dag.py:3722} INFO - Setting next_dagrun for example_branch_labels to 2025-10-15T00:00:00+00:00, run_after=2025-10-16T00:00:00+00:00
[2025-10-16T17:28:20.918+0000] {processor.py:179} INFO - Processing /home/airflow/.local/lib/python3.8/site-packages/airflow/example_dags/example_branch_labels.py took 0.183 seconds
[2025-10-16T17:28:51.516+0000] {processor.py:157} INFO - Started process (PID=603) to work on /home/airflow/.local/lib/python3.8/site-packages/airflow/example_dags/example_branch_labels.py
[2025-10-16T17:28:51.521+0000] {processor.py:829} INFO - Processing file /home/airflow/.local/lib/python3.8/site-packages/airflow/example_dags/example_branch_labels.py for tasks to queue
[2025-10-16T17:28:51.529+0000] {logging_mixin.py:151} INFO - [2025-10-16T17:28:51.528+0000] {dagbag.py:536} INFO - Filling up the DagBag from /home/airflow/.local/lib/python3.8/site-packages/airflow/example_dags/example_branch_labels.py
[2025-10-16T17:28:51.554+0000] {processor.py:839} INFO - DAG(s) dict_keys(['example_branch_labels']) retrieved from /home/airflow/.local/lib/python3.8/site-packages/airflow/example_dags/example_branch_labels.py
[2025-10-16T17:28:51.629+0000] {logging_mixin.py:151} INFO - [2025-10-16T17:28:51.628+0000] {dag.py:2941} INFO - Sync 1 DAGs
[2025-10-16T17:28:51.706+0000] {logging_mixin.py:151} INFO - [2025-10-16T17:28:51.705+0000] {dag.py:3722} INFO - Setting next_dagrun for example_branch_labels to 2025-10-15T00:00:00+00:00, run_after=2025-10-16T00:00:00+00:00
[2025-10-16T17:28:51.765+0000] {processor.py:179} INFO - Processing /home/airflow/.local/lib/python3.8/site-packages/airflow/example_dags/example_branch_labels.py took 0.259 seconds
[2025-10-16T17:29:25.961+0000] {processor.py:157} INFO - Started process (PID=662) to work on /home/airflow/.local/lib/python3.8/site-packages/airflow/example_dags/example_branch_labels.py
[2025-10-16T17:29:25.965+0000] {processor.py:829} INFO - Processing file /home/airflow/.local/lib/python3.8/site-packages/airflow/example_dags/example_branch_labels.py for tasks to queue
[2025-10-16T17:29:25.974+0000] {logging_mixin.py:151} INFO - [2025-10-16T17:29:25.972+0000] {dagbag.py:536} INFO - Filling up the DagBag from /home/airflow/.local/lib/python3.8/site-packages/airflow/example_dags/example_branch_labels.py
[2025-10-16T17:29:26.001+0000] {processor.py:839} INFO - DAG(s) dict_keys(['example_branch_labels']) retrieved from /home/airflow/.local/lib/python3.8/site-packages/airflow/example_dags/example_branch_labels.py
[2025-10-16T17:29:26.067+0000] {logging_mixin.py:151} INFO - [2025-10-16T17:29:26.066+0000] {dag.py:2941} INFO - Sync 1 DAGs
[2025-10-16T17:29:26.143+0000] {logging_mixin.py:151} INFO - [2025-10-16T17:29:26.143+0000] {dag.py:3722} INFO - Setting next_dagrun for example_branch_labels to 2025-10-15T00:00:00+00:00, run_after=2025-10-16T00:00:00+00:00
[2025-10-16T17:29:26.199+0000] {processor.py:179} INFO - Processing /home/airflow/.local/lib/python3.8/site-packages/airflow/example_dags/example_branch_labels.py took 0.259 seconds
[2025-10-16T17:29:56.437+0000] {processor.py:157} INFO - Started process (PID=721) to work on /home/airflow/.local/lib/python3.8/site-packages/airflow/example_dags/example_branch_labels.py
[2025-10-16T17:29:56.439+0000] {processor.py:829} INFO - Processing file /home/airflow/.local/lib/python3.8/site-packages/airflow/example_dags/example_branch_labels.py for tasks to queue
[2025-10-16T17:29:56.444+0000] {logging_mixin.py:151} INFO - [2025-10-16T17:29:56.443+0000] {dagbag.py:536} INFO - Filling up the DagBag from /home/airflow/.local/lib/python3.8/site-packages/airflow/example_dags/example_branch_labels.py
[2025-10-16T17:29:56.464+0000] {processor.py:839} INFO - DAG(s) dict_keys(['example_branch_labels']) retrieved from /home/airflow/.local/lib/python3.8/site-packages/airflow/example_dags/example_branch_labels.py
[2025-10-16T17:29:56.529+0000] {logging_mixin.py:151} INFO - [2025-10-16T17:29:56.529+0000] {dag.py:2941} INFO - Sync 1 DAGs
[2025-10-16T17:29:56.603+0000] {logging_mixin.py:151} INFO - [2025-10-16T17:29:56.602+0000] {dag.py:3722} INFO - Setting next_dagrun for example_branch_labels to 2025-10-15T00:00:00+00:00, run_after=2025-10-16T00:00:00+00:00
[2025-10-16T17:29:56.656+0000] {processor.py:179} INFO - Processing /home/airflow/.local/lib/python3.8/site-packages/airflow/example_dags/example_branch_labels.py took 0.228 seconds
[2025-10-16T17:30:26.851+0000] {processor.py:157} INFO - Started process (PID=780) to work on /home/airflow/.local/lib/python3.8/site-packages/airflow/example_dags/example_branch_labels.py
[2025-10-16T17:30:26.854+0000] {processor.py:829} INFO - Processing file /home/airflow/.local/lib/python3.8/site-packages/airflow/example_dags/example_branch_labels.py for tasks to queue
[2025-10-16T17:30:26.860+0000] {logging_mixin.py:151} INFO - [2025-10-16T17:30:26.859+0000] {dagbag.py:536} INFO - Filling up the DagBag from /home/airflow/.local/lib/python3.8/site-packages/airflow/example_dags/example_branch_labels.py
[2025-10-16T17:30:26.881+0000] {processor.py:839} INFO - DAG(s) dict_keys(['example_branch_labels']) retrieved from /home/airflow/.local/lib/python3.8/site-packages/airflow/example_dags/example_branch_labels.py
[2025-10-16T17:30:26.938+0000] {logging_mixin.py:151} INFO - [2025-10-16T17:30:26.938+0000] {dag.py:2941} INFO - Sync 1 DAGs
[2025-10-16T17:30:27.005+0000] {logging_mixin.py:151} INFO - [2025-10-16T17:30:27.004+0000] {dag.py:3722} INFO - Setting next_dagrun for example_branch_labels to 2025-10-15T00:00:00+00:00, run_after=2025-10-16T00:00:00+00:00
[2025-10-16T17:30:27.051+0000] {processor.py:179} INFO - Processing /home/airflow/.local/lib/python3.8/site-packages/airflow/example_dags/example_branch_labels.py took 0.209 seconds
[2025-10-16T17:30:57.622+0000] {processor.py:157} INFO - Started process (PID=839) to work on /home/airflow/.local/lib/python3.8/site-packages/airflow/example_dags/example_branch_labels.py
[2025-10-16T17:30:57.625+0000] {processor.py:829} INFO - Processing file /home/airflow/.local/lib/python3.8/site-packages/airflow/example_dags/example_branch_labels.py for tasks to queue
[2025-10-16T17:30:57.634+0000] {logging_mixin.py:151} INFO - [2025-10-16T17:30:57.633+0000] {dagbag.py:536} INFO - Filling up the DagBag from /home/airflow/.local/lib/python3.8/site-packages/airflow/example_dags/example_branch_labels.py
[2025-10-16T17:30:57.661+0000] {processor.py:839} INFO - DAG(s) dict_keys(['example_branch_labels']) retrieved from /home/airflow/.local/lib/python3.8/site-packages/airflow/example_dags/example_branch_labels.py
[2025-10-16T17:30:57.710+0000] {logging_mixin.py:151} INFO - [2025-10-16T17:30:57.709+0000] {dag.py:2941} INFO - Sync 1 DAGs
[2025-10-16T17:30:57.764+0000] {logging_mixin.py:151} INFO - [2025-10-16T17:30:57.763+0000] {dag.py:3722} INFO - Setting next_dagrun for example_branch_labels to 2025-10-15T00:00:00+00:00, run_after=2025-10-16T00:00:00+00:00
[2025-10-16T17:30:57.823+0000] {processor.py:179} INFO - Processing /home/airflow/.local/lib/python3.8/site-packages/airflow/example_dags/example_branch_labels.py took 0.211 seconds
[2025-10-16T17:31:28.744+0000] {processor.py:157} INFO - Started process (PID=899) to work on /home/airflow/.local/lib/python3.8/site-packages/airflow/example_dags/example_branch_labels.py
[2025-10-16T17:31:28.747+0000] {processor.py:829} INFO - Processing file /home/airflow/.local/lib/python3.8/site-packages/airflow/example_dags/example_branch_labels.py for tasks to queue
[2025-10-16T17:31:28.755+0000] {logging_mixin.py:151} INFO - [2025-10-16T17:31:28.754+0000] {dagbag.py:536} INFO - Filling up the DagBag from /home/airflow/.local/lib/python3.8/site-packages/airflow/example_dags/example_branch_labels.py
[2025-10-16T17:31:28.788+0000] {processor.py:839} INFO - DAG(s) dict_keys(['example_branch_labels']) retrieved from /home/airflow/.local/lib/python3.8/site-packages/airflow/example_dags/example_branch_labels.py
[2025-10-16T17:31:28.847+0000] {logging_mixin.py:151} INFO - [2025-10-16T17:31:28.846+0000] {dag.py:2941} INFO - Sync 1 DAGs
[2025-10-16T17:31:28.929+0000] {logging_mixin.py:151} INFO - [2025-10-16T17:31:28.929+0000] {dag.py:3722} INFO - Setting next_dagrun for example_branch_labels to 2025-10-15T00:00:00+00:00, run_after=2025-10-16T00:00:00+00:00
[2025-10-16T17:31:29.039+0000] {processor.py:179} INFO - Processing /home/airflow/.local/lib/python3.8/site-packages/airflow/example_dags/example_branch_labels.py took 0.309 seconds
[2025-10-16T17:32:00.515+0000] {processor.py:157} INFO - Started process (PID=958) to work on /home/airflow/.local/lib/python3.8/site-packages/airflow/example_dags/example_branch_labels.py
[2025-10-16T17:32:00.522+0000] {processor.py:829} INFO - Processing file /home/airflow/.local/lib/python3.8/site-packages/airflow/example_dags/example_branch_labels.py for tasks to queue
[2025-10-16T17:32:00.534+0000] {logging_mixin.py:151} INFO - [2025-10-16T17:32:00.532+0000] {dagbag.py:536} INFO - Filling up the DagBag from /home/airflow/.local/lib/python3.8/site-packages/airflow/example_dags/example_branch_labels.py
[2025-10-16T17:32:00.602+0000] {processor.py:839} INFO - DAG(s) dict_keys(['example_branch_labels']) retrieved from /home/airflow/.local/lib/python3.8/site-packages/airflow/example_dags/example_branch_labels.py
[2025-10-16T17:32:00.672+0000] {logging_mixin.py:151} INFO - [2025-10-16T17:32:00.672+0000] {dag.py:2941} INFO - Sync 1 DAGs
[2025-10-16T17:32:00.739+0000] {logging_mixin.py:151} INFO - [2025-10-16T17:32:00.738+0000] {dag.py:3722} INFO - Setting next_dagrun for example_branch_labels to 2025-10-15T00:00:00+00:00, run_after=2025-10-16T00:00:00+00:00
[2025-10-16T17:32:00.798+0000] {processor.py:179} INFO - Processing /home/airflow/.local/lib/python3.8/site-packages/airflow/example_dags/example_branch_labels.py took 0.316 seconds
[2025-10-16T17:32:31.692+0000] {processor.py:157} INFO - Started process (PID=1017) to work on /home/airflow/.local/lib/python3.8/site-packages/airflow/example_dags/example_branch_labels.py
[2025-10-16T17:32:31.696+0000] {processor.py:829} INFO - Processing file /home/airflow/.local/lib/python3.8/site-packages/airflow/example_dags/example_branch_labels.py for tasks to queue
[2025-10-16T17:32:31.707+0000] {logging_mixin.py:151} INFO - [2025-10-16T17:32:31.706+0000] {dagbag.py:536} INFO - Filling up the DagBag from /home/airflow/.local/lib/python3.8/site-packages/airflow/example_dags/example_branch_labels.py
[2025-10-16T17:32:31.736+0000] {processor.py:839} INFO - DAG(s) dict_keys(['example_branch_labels']) retrieved from /home/airflow/.local/lib/python3.8/site-packages/airflow/example_dags/example_branch_labels.py
[2025-10-16T17:32:31.829+0000] {logging_mixin.py:151} INFO - [2025-10-16T17:32:31.828+0000] {dag.py:2941} INFO - Sync 1 DAGs
[2025-10-16T17:32:31.964+0000] {logging_mixin.py:151} INFO - [2025-10-16T17:32:31.959+0000] {dag.py:3722} INFO - Setting next_dagrun for example_branch_labels to 2025-10-15T00:00:00+00:00, run_after=2025-10-16T00:00:00+00:00
[2025-10-16T17:32:32.052+0000] {processor.py:179} INFO - Processing /home/airflow/.local/lib/python3.8/site-packages/airflow/example_dags/example_branch_labels.py took 0.381 seconds
[2025-10-16T17:33:06.441+0000] {processor.py:157} INFO - Started process (PID=1076) to work on /home/airflow/.local/lib/python3.8/site-packages/airflow/example_dags/example_branch_labels.py
[2025-10-16T17:33:06.444+0000] {processor.py:829} INFO - Processing file /home/airflow/.local/lib/python3.8/site-packages/airflow/example_dags/example_branch_labels.py for tasks to queue
[2025-10-16T17:33:06.451+0000] {logging_mixin.py:151} INFO - [2025-10-16T17:33:06.450+0000] {dagbag.py:536} INFO - Filling up the DagBag from /home/airflow/.local/lib/python3.8/site-packages/airflow/example_dags/example_branch_labels.py
[2025-10-16T17:33:06.487+0000] {processor.py:839} INFO - DAG(s) dict_keys(['example_branch_labels']) retrieved from /home/airflow/.local/lib/python3.8/site-packages/airflow/example_dags/example_branch_labels.py
[2025-10-16T17:33:06.566+0000] {logging_mixin.py:151} INFO - [2025-10-16T17:33:06.566+0000] {dag.py:2941} INFO - Sync 1 DAGs
[2025-10-16T17:33:06.673+0000] {logging_mixin.py:151} INFO - [2025-10-16T17:33:06.673+0000] {dag.py:3722} INFO - Setting next_dagrun for example_branch_labels to 2025-10-15T00:00:00+00:00, run_after=2025-10-16T00:00:00+00:00
[2025-10-16T17:33:06.743+0000] {processor.py:179} INFO - Processing /home/airflow/.local/lib/python3.8/site-packages/airflow/example_dags/example_branch_labels.py took 0.318 seconds
[2025-10-16T17:33:36.835+0000] {processor.py:157} INFO - Started process (PID=1135) to work on /home/airflow/.local/lib/python3.8/site-packages/airflow/example_dags/example_branch_labels.py
[2025-10-16T17:33:36.838+0000] {processor.py:829} INFO - Processing file /home/airflow/.local/lib/python3.8/site-packages/airflow/example_dags/example_branch_labels.py for tasks to queue
[2025-10-16T17:33:36.847+0000] {logging_mixin.py:151} INFO - [2025-10-16T17:33:36.847+0000] {dagbag.py:536} INFO - Filling up the DagBag from /home/airflow/.local/lib/python3.8/site-packages/airflow/example_dags/example_branch_labels.py
[2025-10-16T17:33:36.873+0000] {processor.py:839} INFO - DAG(s) dict_keys(['example_branch_labels']) retrieved from /home/airflow/.local/lib/python3.8/site-packages/airflow/example_dags/example_branch_labels.py
[2025-10-16T17:33:36.934+0000] {logging_mixin.py:151} INFO - [2025-10-16T17:33:36.934+0000] {dag.py:2941} INFO - Sync 1 DAGs
[2025-10-16T17:33:37.008+0000] {logging_mixin.py:151} INFO - [2025-10-16T17:33:37.007+0000] {dag.py:3722} INFO - Setting next_dagrun for example_branch_labels to 2025-10-15T00:00:00+00:00, run_after=2025-10-16T00:00:00+00:00
[2025-10-16T17:33:37.064+0000] {processor.py:179} INFO - Processing /home/airflow/.local/lib/python3.8/site-packages/airflow/example_dags/example_branch_labels.py took 0.240 seconds
[2025-10-16T17:34:07.938+0000] {processor.py:157} INFO - Started process (PID=1195) to work on /home/airflow/.local/lib/python3.8/site-packages/airflow/example_dags/example_branch_labels.py
[2025-10-16T17:34:07.943+0000] {processor.py:829} INFO - Processing file /home/airflow/.local/lib/python3.8/site-packages/airflow/example_dags/example_branch_labels.py for tasks to queue
[2025-10-16T17:34:07.953+0000] {logging_mixin.py:151} INFO - [2025-10-16T17:34:07.952+0000] {dagbag.py:536} INFO - Filling up the DagBag from /home/airflow/.local/lib/python3.8/site-packages/airflow/example_dags/example_branch_labels.py
[2025-10-16T17:34:07.981+0000] {processor.py:839} INFO - DAG(s) dict_keys(['example_branch_labels']) retrieved from /home/airflow/.local/lib/python3.8/site-packages/airflow/example_dags/example_branch_labels.py
[2025-10-16T17:34:08.052+0000] {logging_mixin.py:151} INFO - [2025-10-16T17:34:08.052+0000] {dag.py:2941} INFO - Sync 1 DAGs
[2025-10-16T17:34:08.131+0000] {logging_mixin.py:151} INFO - [2025-10-16T17:34:08.130+0000] {dag.py:3722} INFO - Setting next_dagrun for example_branch_labels to 2025-10-15T00:00:00+00:00, run_after=2025-10-16T00:00:00+00:00
[2025-10-16T17:34:08.193+0000] {processor.py:179} INFO - Processing /home/airflow/.local/lib/python3.8/site-packages/airflow/example_dags/example_branch_labels.py took 0.265 seconds
[2025-10-16T17:34:38.484+0000] {processor.py:157} INFO - Started process (PID=1255) to work on /home/airflow/.local/lib/python3.8/site-packages/airflow/example_dags/example_branch_labels.py
[2025-10-16T17:34:38.487+0000] {processor.py:829} INFO - Processing file /home/airflow/.local/lib/python3.8/site-packages/airflow/example_dags/example_branch_labels.py for tasks to queue
[2025-10-16T17:34:38.492+0000] {logging_mixin.py:151} INFO - [2025-10-16T17:34:38.492+0000] {dagbag.py:536} INFO - Filling up the DagBag from /home/airflow/.local/lib/python3.8/site-packages/airflow/example_dags/example_branch_labels.py
[2025-10-16T17:34:38.519+0000] {processor.py:839} INFO - DAG(s) dict_keys(['example_branch_labels']) retrieved from /home/airflow/.local/lib/python3.8/site-packages/airflow/example_dags/example_branch_labels.py
[2025-10-16T17:34:38.583+0000] {logging_mixin.py:151} INFO - [2025-10-16T17:34:38.582+0000] {dag.py:2941} INFO - Sync 1 DAGs
[2025-10-16T17:34:38.644+0000] {logging_mixin.py:151} INFO - [2025-10-16T17:34:38.643+0000] {dag.py:3722} INFO - Setting next_dagrun for example_branch_labels to 2025-10-15T00:00:00+00:00, run_after=2025-10-16T00:00:00+00:00
[2025-10-16T17:34:38.746+0000] {processor.py:179} INFO - Processing /home/airflow/.local/lib/python3.8/site-packages/airflow/example_dags/example_branch_labels.py took 0.273 seconds
[2025-10-16T17:35:08.964+0000] {processor.py:157} INFO - Started process (PID=1312) to work on /home/airflow/.local/lib/python3.8/site-packages/airflow/example_dags/example_branch_labels.py
[2025-10-16T17:35:08.966+0000] {processor.py:829} INFO - Processing file /home/airflow/.local/lib/python3.8/site-packages/airflow/example_dags/example_branch_labels.py for tasks to queue
[2025-10-16T17:35:08.973+0000] {logging_mixin.py:151} INFO - [2025-10-16T17:35:08.972+0000] {dagbag.py:536} INFO - Filling up the DagBag from /home/airflow/.local/lib/python3.8/site-packages/airflow/example_dags/example_branch_labels.py
[2025-10-16T17:35:08.995+0000] {processor.py:839} INFO - DAG(s) dict_keys(['example_branch_labels']) retrieved from /home/airflow/.local/lib/python3.8/site-packages/airflow/example_dags/example_branch_labels.py
[2025-10-16T17:35:09.048+0000] {logging_mixin.py:151} INFO - [2025-10-16T17:35:09.048+0000] {dag.py:2941} INFO - Sync 1 DAGs
[2025-10-16T17:35:09.101+0000] {logging_mixin.py:151} INFO - [2025-10-16T17:35:09.100+0000] {dag.py:3722} INFO - Setting next_dagrun for example_branch_labels to 2025-10-15T00:00:00+00:00, run_after=2025-10-16T00:00:00+00:00
[2025-10-16T17:35:09.151+0000] {processor.py:179} INFO - Processing /home/airflow/.local/lib/python3.8/site-packages/airflow/example_dags/example_branch_labels.py took 0.196 seconds
[2025-10-16T17:35:39.424+0000] {processor.py:157} INFO - Started process (PID=1371) to work on /home/airflow/.local/lib/python3.8/site-packages/airflow/example_dags/example_branch_labels.py
[2025-10-16T17:35:39.427+0000] {processor.py:829} INFO - Processing file /home/airflow/.local/lib/python3.8/site-packages/airflow/example_dags/example_branch_labels.py for tasks to queue
[2025-10-16T17:35:39.433+0000] {logging_mixin.py:151} INFO - [2025-10-16T17:35:39.432+0000] {dagbag.py:536} INFO - Filling up the DagBag from /home/airflow/.local/lib/python3.8/site-packages/airflow/example_dags/example_branch_labels.py
[2025-10-16T17:35:39.458+0000] {processor.py:839} INFO - DAG(s) dict_keys(['example_branch_labels']) retrieved from /home/airflow/.local/lib/python3.8/site-packages/airflow/example_dags/example_branch_labels.py
[2025-10-16T17:35:39.518+0000] {logging_mixin.py:151} INFO - [2025-10-16T17:35:39.518+0000] {dag.py:2941} INFO - Sync 1 DAGs
[2025-10-16T17:35:39.584+0000] {logging_mixin.py:151} INFO - [2025-10-16T17:35:39.584+0000] {dag.py:3722} INFO - Setting next_dagrun for example_branch_labels to 2025-10-15T00:00:00+00:00, run_after=2025-10-16T00:00:00+00:00
[2025-10-16T17:35:39.653+0000] {processor.py:179} INFO - Processing /home/airflow/.local/lib/python3.8/site-packages/airflow/example_dags/example_branch_labels.py took 0.237 seconds
[2025-10-16T17:36:10.108+0000] {processor.py:157} INFO - Started process (PID=1428) to work on /home/airflow/.local/lib/python3.8/site-packages/airflow/example_dags/example_branch_labels.py
[2025-10-16T17:36:10.111+0000] {processor.py:829} INFO - Processing file /home/airflow/.local/lib/python3.8/site-packages/airflow/example_dags/example_branch_labels.py for tasks to queue
[2025-10-16T17:36:10.119+0000] {logging_mixin.py:151} INFO - [2025-10-16T17:36:10.118+0000] {dagbag.py:536} INFO - Filling up the DagBag from /home/airflow/.local/lib/python3.8/site-packages/airflow/example_dags/example_branch_labels.py
[2025-10-16T17:36:10.150+0000] {processor.py:839} INFO - DAG(s) dict_keys(['example_branch_labels']) retrieved from /home/airflow/.local/lib/python3.8/site-packages/airflow/example_dags/example_branch_labels.py
[2025-10-16T17:36:10.219+0000] {logging_mixin.py:151} INFO - [2025-10-16T17:36:10.219+0000] {dag.py:2941} INFO - Sync 1 DAGs
[2025-10-16T17:36:10.285+0000] {logging_mixin.py:151} INFO - [2025-10-16T17:36:10.284+0000] {dag.py:3722} INFO - Setting next_dagrun for example_branch_labels to 2025-10-15T00:00:00+00:00, run_after=2025-10-16T00:00:00+00:00
[2025-10-16T17:36:10.336+0000] {processor.py:179} INFO - Processing /home/airflow/.local/lib/python3.8/site-packages/airflow/example_dags/example_branch_labels.py took 0.239 seconds
[2025-10-16T17:36:41.258+0000] {processor.py:157} INFO - Started process (PID=1487) to work on /home/airflow/.local/lib/python3.8/site-packages/airflow/example_dags/example_branch_labels.py
[2025-10-16T17:36:41.261+0000] {processor.py:829} INFO - Processing file /home/airflow/.local/lib/python3.8/site-packages/airflow/example_dags/example_branch_labels.py for tasks to queue
[2025-10-16T17:36:41.270+0000] {logging_mixin.py:151} INFO - [2025-10-16T17:36:41.269+0000] {dagbag.py:536} INFO - Filling up the DagBag from /home/airflow/.local/lib/python3.8/site-packages/airflow/example_dags/example_branch_labels.py
[2025-10-16T17:36:41.299+0000] {processor.py:839} INFO - DAG(s) dict_keys(['example_branch_labels']) retrieved from /home/airflow/.local/lib/python3.8/site-packages/airflow/example_dags/example_branch_labels.py
[2025-10-16T17:36:41.381+0000] {logging_mixin.py:151} INFO - [2025-10-16T17:36:41.381+0000] {dag.py:2941} INFO - Sync 1 DAGs
[2025-10-16T17:36:41.480+0000] {logging_mixin.py:151} INFO - [2025-10-16T17:36:41.479+0000] {dag.py:3722} INFO - Setting next_dagrun for example_branch_labels to 2025-10-15T00:00:00+00:00, run_after=2025-10-16T00:00:00+00:00
[2025-10-16T17:36:41.558+0000] {processor.py:179} INFO - Processing /home/airflow/.local/lib/python3.8/site-packages/airflow/example_dags/example_branch_labels.py took 0.311 seconds
[2025-10-16T17:37:12.586+0000] {processor.py:157} INFO - Started process (PID=1546) to work on /home/airflow/.local/lib/python3.8/site-packages/airflow/example_dags/example_branch_labels.py
[2025-10-16T17:37:12.589+0000] {processor.py:829} INFO - Processing file /home/airflow/.local/lib/python3.8/site-packages/airflow/example_dags/example_branch_labels.py for tasks to queue
[2025-10-16T17:37:12.595+0000] {logging_mixin.py:151} INFO - [2025-10-16T17:37:12.595+0000] {dagbag.py:536} INFO - Filling up the DagBag from /home/airflow/.local/lib/python3.8/site-packages/airflow/example_dags/example_branch_labels.py
[2025-10-16T17:37:12.614+0000] {processor.py:839} INFO - DAG(s) dict_keys(['example_branch_labels']) retrieved from /home/airflow/.local/lib/python3.8/site-packages/airflow/example_dags/example_branch_labels.py
[2025-10-16T17:37:12.665+0000] {logging_mixin.py:151} INFO - [2025-10-16T17:37:12.664+0000] {dag.py:2941} INFO - Sync 1 DAGs
[2025-10-16T17:37:12.718+0000] {logging_mixin.py:151} INFO - [2025-10-16T17:37:12.717+0000] {dag.py:3722} INFO - Setting next_dagrun for example_branch_labels to 2025-10-15T00:00:00+00:00, run_after=2025-10-16T00:00:00+00:00
[2025-10-16T17:37:12.810+0000] {processor.py:179} INFO - Processing /home/airflow/.local/lib/python3.8/site-packages/airflow/example_dags/example_branch_labels.py took 0.231 seconds
[2025-10-16T17:37:43.435+0000] {processor.py:157} INFO - Started process (PID=1606) to work on /home/airflow/.local/lib/python3.8/site-packages/airflow/example_dags/example_branch_labels.py
[2025-10-16T17:37:43.438+0000] {processor.py:829} INFO - Processing file /home/airflow/.local/lib/python3.8/site-packages/airflow/example_dags/example_branch_labels.py for tasks to queue
[2025-10-16T17:37:43.445+0000] {logging_mixin.py:151} INFO - [2025-10-16T17:37:43.445+0000] {dagbag.py:536} INFO - Filling up the DagBag from /home/airflow/.local/lib/python3.8/site-packages/airflow/example_dags/example_branch_labels.py
[2025-10-16T17:37:43.476+0000] {processor.py:839} INFO - DAG(s) dict_keys(['example_branch_labels']) retrieved from /home/airflow/.local/lib/python3.8/site-packages/airflow/example_dags/example_branch_labels.py
[2025-10-16T17:37:43.548+0000] {logging_mixin.py:151} INFO - [2025-10-16T17:37:43.548+0000] {dag.py:2941} INFO - Sync 1 DAGs
[2025-10-16T17:37:43.601+0000] {logging_mixin.py:151} INFO - [2025-10-16T17:37:43.601+0000] {dag.py:3722} INFO - Setting next_dagrun for example_branch_labels to 2025-10-15T00:00:00+00:00, run_after=2025-10-16T00:00:00+00:00
[2025-10-16T17:37:43.645+0000] {processor.py:179} INFO - Processing /home/airflow/.local/lib/python3.8/site-packages/airflow/example_dags/example_branch_labels.py took 0.221 seconds
[2025-10-16T17:38:15.482+0000] {processor.py:157} INFO - Started process (PID=1672) to work on /home/airflow/.local/lib/python3.8/site-packages/airflow/example_dags/example_branch_labels.py
[2025-10-16T17:38:15.485+0000] {processor.py:829} INFO - Processing file /home/airflow/.local/lib/python3.8/site-packages/airflow/example_dags/example_branch_labels.py for tasks to queue
[2025-10-16T17:38:15.494+0000] {logging_mixin.py:151} INFO - [2025-10-16T17:38:15.493+0000] {dagbag.py:536} INFO - Filling up the DagBag from /home/airflow/.local/lib/python3.8/site-packages/airflow/example_dags/example_branch_labels.py
[2025-10-16T17:38:15.517+0000] {processor.py:839} INFO - DAG(s) dict_keys(['example_branch_labels']) retrieved from /home/airflow/.local/lib/python3.8/site-packages/airflow/example_dags/example_branch_labels.py
[2025-10-16T17:38:15.582+0000] {logging_mixin.py:151} INFO - [2025-10-16T17:38:15.581+0000] {dag.py:2941} INFO - Sync 1 DAGs
[2025-10-16T17:38:15.676+0000] {logging_mixin.py:151} INFO - [2025-10-16T17:38:15.675+0000] {dag.py:3722} INFO - Setting next_dagrun for example_branch_labels to 2025-10-15T00:00:00+00:00, run_after=2025-10-16T00:00:00+00:00
[2025-10-16T17:38:15.732+0000] {processor.py:179} INFO - Processing /home/airflow/.local/lib/python3.8/site-packages/airflow/example_dags/example_branch_labels.py took 0.259 seconds
[2025-10-16T17:38:46.472+0000] {processor.py:157} INFO - Started process (PID=1731) to work on /home/airflow/.local/lib/python3.8/site-packages/airflow/example_dags/example_branch_labels.py
[2025-10-16T17:38:46.476+0000] {processor.py:829} INFO - Processing file /home/airflow/.local/lib/python3.8/site-packages/airflow/example_dags/example_branch_labels.py for tasks to queue
[2025-10-16T17:38:46.491+0000] {logging_mixin.py:151} INFO - [2025-10-16T17:38:46.489+0000] {dagbag.py:536} INFO - Filling up the DagBag from /home/airflow/.local/lib/python3.8/site-packages/airflow/example_dags/example_branch_labels.py
[2025-10-16T17:38:46.539+0000] {processor.py:839} INFO - DAG(s) dict_keys(['example_branch_labels']) retrieved from /home/airflow/.local/lib/python3.8/site-packages/airflow/example_dags/example_branch_labels.py
[2025-10-16T17:38:46.661+0000] {logging_mixin.py:151} INFO - [2025-10-16T17:38:46.659+0000] {dag.py:2941} INFO - Sync 1 DAGs
[2025-10-16T17:38:46.786+0000] {logging_mixin.py:151} INFO - [2025-10-16T17:38:46.786+0000] {dag.py:3722} INFO - Setting next_dagrun for example_branch_labels to 2025-10-15T00:00:00+00:00, run_after=2025-10-16T00:00:00+00:00
[2025-10-16T17:38:46.889+0000] {processor.py:179} INFO - Processing /home/airflow/.local/lib/python3.8/site-packages/airflow/example_dags/example_branch_labels.py took 0.433 seconds
[2025-10-16T17:39:17.621+0000] {processor.py:157} INFO - Started process (PID=1790) to work on /home/airflow/.local/lib/python3.8/site-packages/airflow/example_dags/example_branch_labels.py
[2025-10-16T17:39:17.636+0000] {processor.py:829} INFO - Processing file /home/airflow/.local/lib/python3.8/site-packages/airflow/example_dags/example_branch_labels.py for tasks to queue
[2025-10-16T17:39:17.675+0000] {logging_mixin.py:151} INFO - [2025-10-16T17:39:17.674+0000] {dagbag.py:536} INFO - Filling up the DagBag from /home/airflow/.local/lib/python3.8/site-packages/airflow/example_dags/example_branch_labels.py
[2025-10-16T17:39:17.766+0000] {processor.py:839} INFO - DAG(s) dict_keys(['example_branch_labels']) retrieved from /home/airflow/.local/lib/python3.8/site-packages/airflow/example_dags/example_branch_labels.py
[2025-10-16T17:39:18.055+0000] {logging_mixin.py:151} INFO - [2025-10-16T17:39:18.054+0000] {dag.py:2941} INFO - Sync 1 DAGs
[2025-10-16T17:39:18.299+0000] {logging_mixin.py:151} INFO - [2025-10-16T17:39:18.299+0000] {dag.py:3722} INFO - Setting next_dagrun for example_branch_labels to 2025-10-15T00:00:00+00:00, run_after=2025-10-16T00:00:00+00:00
[2025-10-16T17:39:18.487+0000] {processor.py:179} INFO - Processing /home/airflow/.local/lib/python3.8/site-packages/airflow/example_dags/example_branch_labels.py took 0.913 seconds
[2025-10-16T17:39:49.334+0000] {processor.py:157} INFO - Started process (PID=1848) to work on /home/airflow/.local/lib/python3.8/site-packages/airflow/example_dags/example_branch_labels.py
[2025-10-16T17:39:49.341+0000] {processor.py:829} INFO - Processing file /home/airflow/.local/lib/python3.8/site-packages/airflow/example_dags/example_branch_labels.py for tasks to queue
[2025-10-16T17:39:49.359+0000] {logging_mixin.py:151} INFO - [2025-10-16T17:39:49.356+0000] {dagbag.py:536} INFO - Filling up the DagBag from /home/airflow/.local/lib/python3.8/site-packages/airflow/example_dags/example_branch_labels.py
[2025-10-16T17:39:49.390+0000] {processor.py:839} INFO - DAG(s) dict_keys(['example_branch_labels']) retrieved from /home/airflow/.local/lib/python3.8/site-packages/airflow/example_dags/example_branch_labels.py
[2025-10-16T17:39:49.468+0000] {logging_mixin.py:151} INFO - [2025-10-16T17:39:49.467+0000] {dag.py:2941} INFO - Sync 1 DAGs
[2025-10-16T17:39:49.602+0000] {logging_mixin.py:151} INFO - [2025-10-16T17:39:49.602+0000] {dag.py:3722} INFO - Setting next_dagrun for example_branch_labels to 2025-10-15T00:00:00+00:00, run_after=2025-10-16T00:00:00+00:00
[2025-10-16T17:39:49.690+0000] {processor.py:179} INFO - Processing /home/airflow/.local/lib/python3.8/site-packages/airflow/example_dags/example_branch_labels.py took 0.388 seconds
[2025-10-16T17:40:20.397+0000] {processor.py:157} INFO - Started process (PID=1907) to work on /home/airflow/.local/lib/python3.8/site-packages/airflow/example_dags/example_branch_labels.py
[2025-10-16T17:40:20.404+0000] {processor.py:829} INFO - Processing file /home/airflow/.local/lib/python3.8/site-packages/airflow/example_dags/example_branch_labels.py for tasks to queue
[2025-10-16T17:40:20.422+0000] {logging_mixin.py:151} INFO - [2025-10-16T17:40:20.421+0000] {dagbag.py:536} INFO - Filling up the DagBag from /home/airflow/.local/lib/python3.8/site-packages/airflow/example_dags/example_branch_labels.py
[2025-10-16T17:40:20.490+0000] {processor.py:839} INFO - DAG(s) dict_keys(['example_branch_labels']) retrieved from /home/airflow/.local/lib/python3.8/site-packages/airflow/example_dags/example_branch_labels.py
[2025-10-16T17:40:20.587+0000] {logging_mixin.py:151} INFO - [2025-10-16T17:40:20.586+0000] {dag.py:2941} INFO - Sync 1 DAGs
[2025-10-16T17:40:20.673+0000] {logging_mixin.py:151} INFO - [2025-10-16T17:40:20.673+0000] {dag.py:3722} INFO - Setting next_dagrun for example_branch_labels to 2025-10-15T00:00:00+00:00, run_after=2025-10-16T00:00:00+00:00
[2025-10-16T17:40:20.721+0000] {processor.py:179} INFO - Processing /home/airflow/.local/lib/python3.8/site-packages/airflow/example_dags/example_branch_labels.py took 0.344 seconds
[2025-10-16T17:40:51.324+0000] {processor.py:157} INFO - Started process (PID=1966) to work on /home/airflow/.local/lib/python3.8/site-packages/airflow/example_dags/example_branch_labels.py
[2025-10-16T17:40:51.327+0000] {processor.py:829} INFO - Processing file /home/airflow/.local/lib/python3.8/site-packages/airflow/example_dags/example_branch_labels.py for tasks to queue
[2025-10-16T17:40:51.339+0000] {logging_mixin.py:151} INFO - [2025-10-16T17:40:51.337+0000] {dagbag.py:536} INFO - Filling up the DagBag from /home/airflow/.local/lib/python3.8/site-packages/airflow/example_dags/example_branch_labels.py
[2025-10-16T17:40:51.366+0000] {processor.py:839} INFO - DAG(s) dict_keys(['example_branch_labels']) retrieved from /home/airflow/.local/lib/python3.8/site-packages/airflow/example_dags/example_branch_labels.py
[2025-10-16T17:40:51.432+0000] {logging_mixin.py:151} INFO - [2025-10-16T17:40:51.431+0000] {dag.py:2941} INFO - Sync 1 DAGs
[2025-10-16T17:40:51.510+0000] {logging_mixin.py:151} INFO - [2025-10-16T17:40:51.509+0000] {dag.py:3722} INFO - Setting next_dagrun for example_branch_labels to 2025-10-15T00:00:00+00:00, run_after=2025-10-16T00:00:00+00:00
[2025-10-16T17:40:51.593+0000] {processor.py:179} INFO - Processing /home/airflow/.local/lib/python3.8/site-packages/airflow/example_dags/example_branch_labels.py took 0.288 seconds
[2025-10-16T17:41:22.301+0000] {processor.py:157} INFO - Started process (PID=2025) to work on /home/airflow/.local/lib/python3.8/site-packages/airflow/example_dags/example_branch_labels.py
[2025-10-16T17:41:22.310+0000] {processor.py:829} INFO - Processing file /home/airflow/.local/lib/python3.8/site-packages/airflow/example_dags/example_branch_labels.py for tasks to queue
[2025-10-16T17:41:22.327+0000] {logging_mixin.py:151} INFO - [2025-10-16T17:41:22.325+0000] {dagbag.py:536} INFO - Filling up the DagBag from /home/airflow/.local/lib/python3.8/site-packages/airflow/example_dags/example_branch_labels.py
[2025-10-16T17:41:22.380+0000] {processor.py:839} INFO - DAG(s) dict_keys(['example_branch_labels']) retrieved from /home/airflow/.local/lib/python3.8/site-packages/airflow/example_dags/example_branch_labels.py
[2025-10-16T17:41:22.506+0000] {logging_mixin.py:151} INFO - [2025-10-16T17:41:22.505+0000] {dag.py:2941} INFO - Sync 1 DAGs
[2025-10-16T17:41:22.654+0000] {logging_mixin.py:151} INFO - [2025-10-16T17:41:22.653+0000] {dag.py:3722} INFO - Setting next_dagrun for example_branch_labels to 2025-10-15T00:00:00+00:00, run_after=2025-10-16T00:00:00+00:00
[2025-10-16T17:41:22.780+0000] {processor.py:179} INFO - Processing /home/airflow/.local/lib/python3.8/site-packages/airflow/example_dags/example_branch_labels.py took 0.525 seconds
[2025-10-16T17:41:53.397+0000] {processor.py:157} INFO - Started process (PID=2084) to work on /home/airflow/.local/lib/python3.8/site-packages/airflow/example_dags/example_branch_labels.py
[2025-10-16T17:41:53.402+0000] {processor.py:829} INFO - Processing file /home/airflow/.local/lib/python3.8/site-packages/airflow/example_dags/example_branch_labels.py for tasks to queue
[2025-10-16T17:41:53.421+0000] {logging_mixin.py:151} INFO - [2025-10-16T17:41:53.419+0000] {dagbag.py:536} INFO - Filling up the DagBag from /home/airflow/.local/lib/python3.8/site-packages/airflow/example_dags/example_branch_labels.py
[2025-10-16T17:41:53.484+0000] {processor.py:839} INFO - DAG(s) dict_keys(['example_branch_labels']) retrieved from /home/airflow/.local/lib/python3.8/site-packages/airflow/example_dags/example_branch_labels.py
[2025-10-16T17:41:53.629+0000] {logging_mixin.py:151} INFO - [2025-10-16T17:41:53.628+0000] {dag.py:2941} INFO - Sync 1 DAGs
[2025-10-16T17:41:53.739+0000] {logging_mixin.py:151} INFO - [2025-10-16T17:41:53.739+0000] {dag.py:3722} INFO - Setting next_dagrun for example_branch_labels to 2025-10-15T00:00:00+00:00, run_after=2025-10-16T00:00:00+00:00
[2025-10-16T17:41:53.850+0000] {processor.py:179} INFO - Processing /home/airflow/.local/lib/python3.8/site-packages/airflow/example_dags/example_branch_labels.py took 0.474 seconds
[2025-10-16T17:42:24.193+0000] {processor.py:157} INFO - Started process (PID=2143) to work on /home/airflow/.local/lib/python3.8/site-packages/airflow/example_dags/example_branch_labels.py
[2025-10-16T17:42:24.198+0000] {processor.py:829} INFO - Processing file /home/airflow/.local/lib/python3.8/site-packages/airflow/example_dags/example_branch_labels.py for tasks to queue
[2025-10-16T17:42:24.214+0000] {logging_mixin.py:151} INFO - [2025-10-16T17:42:24.212+0000] {dagbag.py:536} INFO - Filling up the DagBag from /home/airflow/.local/lib/python3.8/site-packages/airflow/example_dags/example_branch_labels.py
[2025-10-16T17:42:24.259+0000] {processor.py:839} INFO - DAG(s) dict_keys(['example_branch_labels']) retrieved from /home/airflow/.local/lib/python3.8/site-packages/airflow/example_dags/example_branch_labels.py
[2025-10-16T17:42:24.388+0000] {logging_mixin.py:151} INFO - [2025-10-16T17:42:24.387+0000] {dag.py:2941} INFO - Sync 1 DAGs
[2025-10-16T17:42:24.456+0000] {logging_mixin.py:151} INFO - [2025-10-16T17:42:24.456+0000] {dag.py:3722} INFO - Setting next_dagrun for example_branch_labels to 2025-10-15T00:00:00+00:00, run_after=2025-10-16T00:00:00+00:00
[2025-10-16T17:42:24.498+0000] {processor.py:179} INFO - Processing /home/airflow/.local/lib/python3.8/site-packages/airflow/example_dags/example_branch_labels.py took 0.325 seconds
[2025-10-16T17:42:54.686+0000] {processor.py:157} INFO - Started process (PID=2202) to work on /home/airflow/.local/lib/python3.8/site-packages/airflow/example_dags/example_branch_labels.py
[2025-10-16T17:42:54.690+0000] {processor.py:829} INFO - Processing file /home/airflow/.local/lib/python3.8/site-packages/airflow/example_dags/example_branch_labels.py for tasks to queue
[2025-10-16T17:42:54.698+0000] {logging_mixin.py:151} INFO - [2025-10-16T17:42:54.698+0000] {dagbag.py:536} INFO - Filling up the DagBag from /home/airflow/.local/lib/python3.8/site-packages/airflow/example_dags/example_branch_labels.py
[2025-10-16T17:42:54.717+0000] {processor.py:839} INFO - DAG(s) dict_keys(['example_branch_labels']) retrieved from /home/airflow/.local/lib/python3.8/site-packages/airflow/example_dags/example_branch_labels.py
[2025-10-16T17:42:54.776+0000] {logging_mixin.py:151} INFO - [2025-10-16T17:42:54.775+0000] {dag.py:2941} INFO - Sync 1 DAGs
[2025-10-16T17:42:54.895+0000] {logging_mixin.py:151} INFO - [2025-10-16T17:42:54.895+0000] {dag.py:3722} INFO - Setting next_dagrun for example_branch_labels to 2025-10-15T00:00:00+00:00, run_after=2025-10-16T00:00:00+00:00
[2025-10-16T17:42:54.956+0000] {processor.py:179} INFO - Processing /home/airflow/.local/lib/python3.8/site-packages/airflow/example_dags/example_branch_labels.py took 0.280 seconds
[2025-10-16T17:43:25.727+0000] {processor.py:157} INFO - Started process (PID=2262) to work on /home/airflow/.local/lib/python3.8/site-packages/airflow/example_dags/example_branch_labels.py
[2025-10-16T17:43:25.733+0000] {processor.py:829} INFO - Processing file /home/airflow/.local/lib/python3.8/site-packages/airflow/example_dags/example_branch_labels.py for tasks to queue
[2025-10-16T17:43:25.750+0000] {logging_mixin.py:151} INFO - [2025-10-16T17:43:25.748+0000] {dagbag.py:536} INFO - Filling up the DagBag from /home/airflow/.local/lib/python3.8/site-packages/airflow/example_dags/example_branch_labels.py
[2025-10-16T17:43:25.793+0000] {processor.py:839} INFO - DAG(s) dict_keys(['example_branch_labels']) retrieved from /home/airflow/.local/lib/python3.8/site-packages/airflow/example_dags/example_branch_labels.py
[2025-10-16T17:43:25.911+0000] {logging_mixin.py:151} INFO - [2025-10-16T17:43:25.909+0000] {dag.py:2941} INFO - Sync 1 DAGs
[2025-10-16T17:43:25.982+0000] {logging_mixin.py:151} INFO - [2025-10-16T17:43:25.982+0000] {dag.py:3722} INFO - Setting next_dagrun for example_branch_labels to 2025-10-15T00:00:00+00:00, run_after=2025-10-16T00:00:00+00:00
[2025-10-16T17:43:26.032+0000] {processor.py:179} INFO - Processing /home/airflow/.local/lib/python3.8/site-packages/airflow/example_dags/example_branch_labels.py took 0.323 seconds
[2025-10-16T17:43:56.343+0000] {processor.py:157} INFO - Started process (PID=2321) to work on /home/airflow/.local/lib/python3.8/site-packages/airflow/example_dags/example_branch_labels.py
[2025-10-16T17:43:56.350+0000] {processor.py:829} INFO - Processing file /home/airflow/.local/lib/python3.8/site-packages/airflow/example_dags/example_branch_labels.py for tasks to queue
[2025-10-16T17:43:56.369+0000] {logging_mixin.py:151} INFO - [2025-10-16T17:43:56.368+0000] {dagbag.py:536} INFO - Filling up the DagBag from /home/airflow/.local/lib/python3.8/site-packages/airflow/example_dags/example_branch_labels.py
[2025-10-16T17:43:56.425+0000] {processor.py:839} INFO - DAG(s) dict_keys(['example_branch_labels']) retrieved from /home/airflow/.local/lib/python3.8/site-packages/airflow/example_dags/example_branch_labels.py
[2025-10-16T17:43:56.535+0000] {logging_mixin.py:151} INFO - [2025-10-16T17:43:56.534+0000] {dag.py:2941} INFO - Sync 1 DAGs
[2025-10-16T17:43:56.656+0000] {logging_mixin.py:151} INFO - [2025-10-16T17:43:56.655+0000] {dag.py:3722} INFO - Setting next_dagrun for example_branch_labels to 2025-10-15T00:00:00+00:00, run_after=2025-10-16T00:00:00+00:00
[2025-10-16T17:43:56.698+0000] {processor.py:179} INFO - Processing /home/airflow/.local/lib/python3.8/site-packages/airflow/example_dags/example_branch_labels.py took 0.381 seconds
[2025-10-16T17:44:27.242+0000] {processor.py:157} INFO - Started process (PID=2382) to work on /home/airflow/.local/lib/python3.8/site-packages/airflow/example_dags/example_branch_labels.py
[2025-10-16T17:44:27.248+0000] {processor.py:829} INFO - Processing file /home/airflow/.local/lib/python3.8/site-packages/airflow/example_dags/example_branch_labels.py for tasks to queue
[2025-10-16T17:44:27.261+0000] {logging_mixin.py:151} INFO - [2025-10-16T17:44:27.260+0000] {dagbag.py:536} INFO - Filling up the DagBag from /home/airflow/.local/lib/python3.8/site-packages/airflow/example_dags/example_branch_labels.py
[2025-10-16T17:44:27.305+0000] {processor.py:839} INFO - DAG(s) dict_keys(['example_branch_labels']) retrieved from /home/airflow/.local/lib/python3.8/site-packages/airflow/example_dags/example_branch_labels.py
[2025-10-16T17:44:27.422+0000] {logging_mixin.py:151} INFO - [2025-10-16T17:44:27.421+0000] {dag.py:2941} INFO - Sync 1 DAGs
[2025-10-16T17:44:27.553+0000] {logging_mixin.py:151} INFO - [2025-10-16T17:44:27.552+0000] {dag.py:3722} INFO - Setting next_dagrun for example_branch_labels to 2025-10-15T00:00:00+00:00, run_after=2025-10-16T00:00:00+00:00
[2025-10-16T17:44:28.008+0000] {processor.py:179} INFO - Processing /home/airflow/.local/lib/python3.8/site-packages/airflow/example_dags/example_branch_labels.py took 0.789 seconds
[2025-10-16T17:44:58.656+0000] {processor.py:157} INFO - Started process (PID=2443) to work on /home/airflow/.local/lib/python3.8/site-packages/airflow/example_dags/example_branch_labels.py
[2025-10-16T17:44:58.660+0000] {processor.py:829} INFO - Processing file /home/airflow/.local/lib/python3.8/site-packages/airflow/example_dags/example_branch_labels.py for tasks to queue
[2025-10-16T17:44:58.669+0000] {logging_mixin.py:151} INFO - [2025-10-16T17:44:58.668+0000] {dagbag.py:536} INFO - Filling up the DagBag from /home/airflow/.local/lib/python3.8/site-packages/airflow/example_dags/example_branch_labels.py
[2025-10-16T17:44:58.691+0000] {processor.py:839} INFO - DAG(s) dict_keys(['example_branch_labels']) retrieved from /home/airflow/.local/lib/python3.8/site-packages/airflow/example_dags/example_branch_labels.py
[2025-10-16T17:44:58.755+0000] {logging_mixin.py:151} INFO - [2025-10-16T17:44:58.754+0000] {dag.py:2941} INFO - Sync 1 DAGs
[2025-10-16T17:44:58.865+0000] {logging_mixin.py:151} INFO - [2025-10-16T17:44:58.864+0000] {dag.py:3722} INFO - Setting next_dagrun for example_branch_labels to 2025-10-15T00:00:00+00:00, run_after=2025-10-16T00:00:00+00:00
[2025-10-16T17:44:58.980+0000] {processor.py:179} INFO - Processing /home/airflow/.local/lib/python3.8/site-packages/airflow/example_dags/example_branch_labels.py took 0.337 seconds
[2025-10-16T17:45:29.564+0000] {processor.py:157} INFO - Started process (PID=2503) to work on /home/airflow/.local/lib/python3.8/site-packages/airflow/example_dags/example_branch_labels.py
[2025-10-16T17:45:29.567+0000] {processor.py:829} INFO - Processing file /home/airflow/.local/lib/python3.8/site-packages/airflow/example_dags/example_branch_labels.py for tasks to queue
[2025-10-16T17:45:29.576+0000] {logging_mixin.py:151} INFO - [2025-10-16T17:45:29.575+0000] {dagbag.py:536} INFO - Filling up the DagBag from /home/airflow/.local/lib/python3.8/site-packages/airflow/example_dags/example_branch_labels.py
[2025-10-16T17:45:29.604+0000] {processor.py:839} INFO - DAG(s) dict_keys(['example_branch_labels']) retrieved from /home/airflow/.local/lib/python3.8/site-packages/airflow/example_dags/example_branch_labels.py
[2025-10-16T17:45:29.686+0000] {logging_mixin.py:151} INFO - [2025-10-16T17:45:29.685+0000] {dag.py:2941} INFO - Sync 1 DAGs
[2025-10-16T17:45:29.769+0000] {logging_mixin.py:151} INFO - [2025-10-16T17:45:29.768+0000] {dag.py:3722} INFO - Setting next_dagrun for example_branch_labels to 2025-10-15T00:00:00+00:00, run_after=2025-10-16T00:00:00+00:00
[2025-10-16T17:45:29.813+0000] {processor.py:179} INFO - Processing /home/airflow/.local/lib/python3.8/site-packages/airflow/example_dags/example_branch_labels.py took 0.259 seconds
[2025-10-16T17:45:59.967+0000] {processor.py:157} INFO - Started process (PID=2562) to work on /home/airflow/.local/lib/python3.8/site-packages/airflow/example_dags/example_branch_labels.py
[2025-10-16T17:45:59.969+0000] {processor.py:829} INFO - Processing file /home/airflow/.local/lib/python3.8/site-packages/airflow/example_dags/example_branch_labels.py for tasks to queue
[2025-10-16T17:45:59.975+0000] {logging_mixin.py:151} INFO - [2025-10-16T17:45:59.974+0000] {dagbag.py:536} INFO - Filling up the DagBag from /home/airflow/.local/lib/python3.8/site-packages/airflow/example_dags/example_branch_labels.py
[2025-10-16T17:45:59.995+0000] {processor.py:839} INFO - DAG(s) dict_keys(['example_branch_labels']) retrieved from /home/airflow/.local/lib/python3.8/site-packages/airflow/example_dags/example_branch_labels.py
[2025-10-16T17:46:00.057+0000] {logging_mixin.py:151} INFO - [2025-10-16T17:46:00.056+0000] {dag.py:2941} INFO - Sync 1 DAGs
[2025-10-16T17:46:00.119+0000] {logging_mixin.py:151} INFO - [2025-10-16T17:46:00.119+0000] {dag.py:3722} INFO - Setting next_dagrun for example_branch_labels to 2025-10-15T00:00:00+00:00, run_after=2025-10-16T00:00:00+00:00
[2025-10-16T17:46:00.166+0000] {processor.py:179} INFO - Processing /home/airflow/.local/lib/python3.8/site-packages/airflow/example_dags/example_branch_labels.py took 0.207 seconds
[2025-10-16T17:46:30.582+0000] {processor.py:157} INFO - Started process (PID=2619) to work on /home/airflow/.local/lib/python3.8/site-packages/airflow/example_dags/example_branch_labels.py
[2025-10-16T17:46:30.584+0000] {processor.py:829} INFO - Processing file /home/airflow/.local/lib/python3.8/site-packages/airflow/example_dags/example_branch_labels.py for tasks to queue
[2025-10-16T17:46:30.592+0000] {logging_mixin.py:151} INFO - [2025-10-16T17:46:30.592+0000] {dagbag.py:536} INFO - Filling up the DagBag from /home/airflow/.local/lib/python3.8/site-packages/airflow/example_dags/example_branch_labels.py
[2025-10-16T17:46:30.615+0000] {processor.py:839} INFO - DAG(s) dict_keys(['example_branch_labels']) retrieved from /home/airflow/.local/lib/python3.8/site-packages/airflow/example_dags/example_branch_labels.py
[2025-10-16T17:46:30.679+0000] {logging_mixin.py:151} INFO - [2025-10-16T17:46:30.679+0000] {dag.py:2941} INFO - Sync 1 DAGs
[2025-10-16T17:46:30.744+0000] {logging_mixin.py:151} INFO - [2025-10-16T17:46:30.744+0000] {dag.py:3722} INFO - Setting next_dagrun for example_branch_labels to 2025-10-15T00:00:00+00:00, run_after=2025-10-16T00:00:00+00:00
[2025-10-16T17:46:31.158+0000] {processor.py:179} INFO - Processing /home/airflow/.local/lib/python3.8/site-packages/airflow/example_dags/example_branch_labels.py took 0.592 seconds
[2025-10-16T17:51:59.087+0000] {processor.py:157} INFO - Started process (PID=133) to work on /home/airflow/.local/lib/python3.8/site-packages/airflow/example_dags/example_branch_labels.py
[2025-10-16T17:51:59.094+0000] {processor.py:829} INFO - Processing file /home/airflow/.local/lib/python3.8/site-packages/airflow/example_dags/example_branch_labels.py for tasks to queue
[2025-10-16T17:51:59.103+0000] {logging_mixin.py:151} INFO - [2025-10-16T17:51:59.102+0000] {dagbag.py:536} INFO - Filling up the DagBag from /home/airflow/.local/lib/python3.8/site-packages/airflow/example_dags/example_branch_labels.py
[2025-10-16T17:51:59.146+0000] {processor.py:839} INFO - DAG(s) dict_keys(['example_branch_labels']) retrieved from /home/airflow/.local/lib/python3.8/site-packages/airflow/example_dags/example_branch_labels.py
[2025-10-16T17:51:59.261+0000] {logging_mixin.py:151} INFO - [2025-10-16T17:51:59.261+0000] {dag.py:2941} INFO - Sync 1 DAGs
[2025-10-16T17:51:59.536+0000] {logging_mixin.py:151} INFO - [2025-10-16T17:51:59.535+0000] {dag.py:3722} INFO - Setting next_dagrun for example_branch_labels to 2025-10-15T00:00:00+00:00, run_after=2025-10-16T00:00:00+00:00
[2025-10-16T17:51:59.705+0000] {processor.py:179} INFO - Processing /home/airflow/.local/lib/python3.8/site-packages/airflow/example_dags/example_branch_labels.py took 0.629 seconds
[2025-10-16T17:52:33.221+0000] {processor.py:157} INFO - Started process (PID=192) to work on /home/airflow/.local/lib/python3.8/site-packages/airflow/example_dags/example_branch_labels.py
[2025-10-16T17:52:33.225+0000] {processor.py:829} INFO - Processing file /home/airflow/.local/lib/python3.8/site-packages/airflow/example_dags/example_branch_labels.py for tasks to queue
[2025-10-16T17:52:33.234+0000] {logging_mixin.py:151} INFO - [2025-10-16T17:52:33.232+0000] {dagbag.py:536} INFO - Filling up the DagBag from /home/airflow/.local/lib/python3.8/site-packages/airflow/example_dags/example_branch_labels.py
[2025-10-16T17:52:33.268+0000] {processor.py:839} INFO - DAG(s) dict_keys(['example_branch_labels']) retrieved from /home/airflow/.local/lib/python3.8/site-packages/airflow/example_dags/example_branch_labels.py
[2025-10-16T17:52:33.342+0000] {logging_mixin.py:151} INFO - [2025-10-16T17:52:33.341+0000] {dag.py:2941} INFO - Sync 1 DAGs
[2025-10-16T17:52:33.409+0000] {logging_mixin.py:151} INFO - [2025-10-16T17:52:33.408+0000] {dag.py:3722} INFO - Setting next_dagrun for example_branch_labels to 2025-10-15T00:00:00+00:00, run_after=2025-10-16T00:00:00+00:00
[2025-10-16T17:52:33.459+0000] {processor.py:179} INFO - Processing /home/airflow/.local/lib/python3.8/site-packages/airflow/example_dags/example_branch_labels.py took 0.255 seconds
[2025-10-16T17:53:04.778+0000] {processor.py:157} INFO - Started process (PID=251) to work on /home/airflow/.local/lib/python3.8/site-packages/airflow/example_dags/example_branch_labels.py
[2025-10-16T17:53:04.786+0000] {processor.py:829} INFO - Processing file /home/airflow/.local/lib/python3.8/site-packages/airflow/example_dags/example_branch_labels.py for tasks to queue
[2025-10-16T17:53:04.805+0000] {logging_mixin.py:151} INFO - [2025-10-16T17:53:04.803+0000] {dagbag.py:536} INFO - Filling up the DagBag from /home/airflow/.local/lib/python3.8/site-packages/airflow/example_dags/example_branch_labels.py
[2025-10-16T17:53:04.853+0000] {processor.py:839} INFO - DAG(s) dict_keys(['example_branch_labels']) retrieved from /home/airflow/.local/lib/python3.8/site-packages/airflow/example_dags/example_branch_labels.py
[2025-10-16T17:53:04.924+0000] {logging_mixin.py:151} INFO - [2025-10-16T17:53:04.923+0000] {dag.py:2941} INFO - Sync 1 DAGs
[2025-10-16T17:53:04.998+0000] {logging_mixin.py:151} INFO - [2025-10-16T17:53:04.997+0000] {dag.py:3722} INFO - Setting next_dagrun for example_branch_labels to 2025-10-15T00:00:00+00:00, run_after=2025-10-16T00:00:00+00:00
[2025-10-16T17:53:05.056+0000] {processor.py:179} INFO - Processing /home/airflow/.local/lib/python3.8/site-packages/airflow/example_dags/example_branch_labels.py took 0.307 seconds
[2025-10-16T17:53:36.235+0000] {processor.py:157} INFO - Started process (PID=310) to work on /home/airflow/.local/lib/python3.8/site-packages/airflow/example_dags/example_branch_labels.py
[2025-10-16T17:53:36.238+0000] {processor.py:829} INFO - Processing file /home/airflow/.local/lib/python3.8/site-packages/airflow/example_dags/example_branch_labels.py for tasks to queue
[2025-10-16T17:53:36.244+0000] {logging_mixin.py:151} INFO - [2025-10-16T17:53:36.242+0000] {dagbag.py:536} INFO - Filling up the DagBag from /home/airflow/.local/lib/python3.8/site-packages/airflow/example_dags/example_branch_labels.py
[2025-10-16T17:53:36.263+0000] {processor.py:839} INFO - DAG(s) dict_keys(['example_branch_labels']) retrieved from /home/airflow/.local/lib/python3.8/site-packages/airflow/example_dags/example_branch_labels.py
[2025-10-16T17:53:36.319+0000] {logging_mixin.py:151} INFO - [2025-10-16T17:53:36.319+0000] {dag.py:2941} INFO - Sync 1 DAGs
[2025-10-16T17:53:36.377+0000] {logging_mixin.py:151} INFO - [2025-10-16T17:53:36.376+0000] {dag.py:3722} INFO - Setting next_dagrun for example_branch_labels to 2025-10-15T00:00:00+00:00, run_after=2025-10-16T00:00:00+00:00
[2025-10-16T17:53:36.426+0000] {processor.py:179} INFO - Processing /home/airflow/.local/lib/python3.8/site-packages/airflow/example_dags/example_branch_labels.py took 0.199 seconds
[2025-10-16T17:54:06.728+0000] {processor.py:157} INFO - Started process (PID=369) to work on /home/airflow/.local/lib/python3.8/site-packages/airflow/example_dags/example_branch_labels.py
[2025-10-16T17:54:06.731+0000] {processor.py:829} INFO - Processing file /home/airflow/.local/lib/python3.8/site-packages/airflow/example_dags/example_branch_labels.py for tasks to queue
[2025-10-16T17:54:06.736+0000] {logging_mixin.py:151} INFO - [2025-10-16T17:54:06.736+0000] {dagbag.py:536} INFO - Filling up the DagBag from /home/airflow/.local/lib/python3.8/site-packages/airflow/example_dags/example_branch_labels.py
[2025-10-16T17:54:06.756+0000] {processor.py:839} INFO - DAG(s) dict_keys(['example_branch_labels']) retrieved from /home/airflow/.local/lib/python3.8/site-packages/airflow/example_dags/example_branch_labels.py
[2025-10-16T17:54:06.805+0000] {logging_mixin.py:151} INFO - [2025-10-16T17:54:06.805+0000] {dag.py:2941} INFO - Sync 1 DAGs
[2025-10-16T17:54:06.861+0000] {logging_mixin.py:151} INFO - [2025-10-16T17:54:06.861+0000] {dag.py:3722} INFO - Setting next_dagrun for example_branch_labels to 2025-10-15T00:00:00+00:00, run_after=2025-10-16T00:00:00+00:00
[2025-10-16T17:54:06.913+0000] {processor.py:179} INFO - Processing /home/airflow/.local/lib/python3.8/site-packages/airflow/example_dags/example_branch_labels.py took 0.193 seconds
[2025-10-16T17:54:40.846+0000] {processor.py:157} INFO - Started process (PID=428) to work on /home/airflow/.local/lib/python3.8/site-packages/airflow/example_dags/example_branch_labels.py
[2025-10-16T17:54:40.851+0000] {processor.py:829} INFO - Processing file /home/airflow/.local/lib/python3.8/site-packages/airflow/example_dags/example_branch_labels.py for tasks to queue
[2025-10-16T17:54:40.856+0000] {logging_mixin.py:151} INFO - [2025-10-16T17:54:40.856+0000] {dagbag.py:536} INFO - Filling up the DagBag from /home/airflow/.local/lib/python3.8/site-packages/airflow/example_dags/example_branch_labels.py
[2025-10-16T17:54:40.877+0000] {processor.py:839} INFO - DAG(s) dict_keys(['example_branch_labels']) retrieved from /home/airflow/.local/lib/python3.8/site-packages/airflow/example_dags/example_branch_labels.py
[2025-10-16T17:54:40.930+0000] {logging_mixin.py:151} INFO - [2025-10-16T17:54:40.929+0000] {dag.py:2941} INFO - Sync 1 DAGs
[2025-10-16T17:54:40.985+0000] {logging_mixin.py:151} INFO - [2025-10-16T17:54:40.984+0000] {dag.py:3722} INFO - Setting next_dagrun for example_branch_labels to 2025-10-15T00:00:00+00:00, run_after=2025-10-16T00:00:00+00:00
[2025-10-16T17:54:41.042+0000] {processor.py:179} INFO - Processing /home/airflow/.local/lib/python3.8/site-packages/airflow/example_dags/example_branch_labels.py took 0.203 seconds
[2025-10-16T17:55:12.746+0000] {processor.py:157} INFO - Started process (PID=488) to work on /home/airflow/.local/lib/python3.8/site-packages/airflow/example_dags/example_branch_labels.py
[2025-10-16T17:55:12.748+0000] {processor.py:829} INFO - Processing file /home/airflow/.local/lib/python3.8/site-packages/airflow/example_dags/example_branch_labels.py for tasks to queue
[2025-10-16T17:55:12.754+0000] {logging_mixin.py:151} INFO - [2025-10-16T17:55:12.753+0000] {dagbag.py:536} INFO - Filling up the DagBag from /home/airflow/.local/lib/python3.8/site-packages/airflow/example_dags/example_branch_labels.py
[2025-10-16T17:55:12.774+0000] {processor.py:839} INFO - DAG(s) dict_keys(['example_branch_labels']) retrieved from /home/airflow/.local/lib/python3.8/site-packages/airflow/example_dags/example_branch_labels.py
[2025-10-16T17:55:12.841+0000] {logging_mixin.py:151} INFO - [2025-10-16T17:55:12.841+0000] {dag.py:2941} INFO - Sync 1 DAGs
[2025-10-16T17:55:12.924+0000] {logging_mixin.py:151} INFO - [2025-10-16T17:55:12.923+0000] {dag.py:3722} INFO - Setting next_dagrun for example_branch_labels to 2025-10-15T00:00:00+00:00, run_after=2025-10-16T00:00:00+00:00
[2025-10-16T17:55:12.997+0000] {processor.py:179} INFO - Processing /home/airflow/.local/lib/python3.8/site-packages/airflow/example_dags/example_branch_labels.py took 0.258 seconds
[2025-10-16T17:55:43.348+0000] {processor.py:157} INFO - Started process (PID=547) to work on /home/airflow/.local/lib/python3.8/site-packages/airflow/example_dags/example_branch_labels.py
[2025-10-16T17:55:43.351+0000] {processor.py:829} INFO - Processing file /home/airflow/.local/lib/python3.8/site-packages/airflow/example_dags/example_branch_labels.py for tasks to queue
[2025-10-16T17:55:43.357+0000] {logging_mixin.py:151} INFO - [2025-10-16T17:55:43.356+0000] {dagbag.py:536} INFO - Filling up the DagBag from /home/airflow/.local/lib/python3.8/site-packages/airflow/example_dags/example_branch_labels.py
[2025-10-16T17:55:43.377+0000] {processor.py:839} INFO - DAG(s) dict_keys(['example_branch_labels']) retrieved from /home/airflow/.local/lib/python3.8/site-packages/airflow/example_dags/example_branch_labels.py
[2025-10-16T17:55:43.437+0000] {logging_mixin.py:151} INFO - [2025-10-16T17:55:43.436+0000] {dag.py:2941} INFO - Sync 1 DAGs
[2025-10-16T17:55:43.527+0000] {logging_mixin.py:151} INFO - [2025-10-16T17:55:43.526+0000] {dag.py:3722} INFO - Setting next_dagrun for example_branch_labels to 2025-10-15T00:00:00+00:00, run_after=2025-10-16T00:00:00+00:00
[2025-10-16T17:55:43.580+0000] {processor.py:179} INFO - Processing /home/airflow/.local/lib/python3.8/site-packages/airflow/example_dags/example_branch_labels.py took 0.238 seconds
[2025-10-16T17:56:15.601+0000] {processor.py:157} INFO - Started process (PID=606) to work on /home/airflow/.local/lib/python3.8/site-packages/airflow/example_dags/example_branch_labels.py
[2025-10-16T17:56:15.605+0000] {processor.py:829} INFO - Processing file /home/airflow/.local/lib/python3.8/site-packages/airflow/example_dags/example_branch_labels.py for tasks to queue
[2025-10-16T17:56:15.613+0000] {logging_mixin.py:151} INFO - [2025-10-16T17:56:15.612+0000] {dagbag.py:536} INFO - Filling up the DagBag from /home/airflow/.local/lib/python3.8/site-packages/airflow/example_dags/example_branch_labels.py
[2025-10-16T17:56:15.641+0000] {processor.py:839} INFO - DAG(s) dict_keys(['example_branch_labels']) retrieved from /home/airflow/.local/lib/python3.8/site-packages/airflow/example_dags/example_branch_labels.py
[2025-10-16T17:56:15.706+0000] {logging_mixin.py:151} INFO - [2025-10-16T17:56:15.706+0000] {dag.py:2941} INFO - Sync 1 DAGs
[2025-10-16T17:56:15.792+0000] {logging_mixin.py:151} INFO - [2025-10-16T17:56:15.791+0000] {dag.py:3722} INFO - Setting next_dagrun for example_branch_labels to 2025-10-15T00:00:00+00:00, run_after=2025-10-16T00:00:00+00:00
[2025-10-16T17:56:15.835+0000] {processor.py:179} INFO - Processing /home/airflow/.local/lib/python3.8/site-packages/airflow/example_dags/example_branch_labels.py took 0.245 seconds
[2025-10-16T17:56:50.942+0000] {processor.py:157} INFO - Started process (PID=669) to work on /home/airflow/.local/lib/python3.8/site-packages/airflow/example_dags/example_branch_labels.py
[2025-10-16T17:56:50.946+0000] {processor.py:829} INFO - Processing file /home/airflow/.local/lib/python3.8/site-packages/airflow/example_dags/example_branch_labels.py for tasks to queue
[2025-10-16T17:56:50.956+0000] {logging_mixin.py:151} INFO - [2025-10-16T17:56:50.955+0000] {dagbag.py:536} INFO - Filling up the DagBag from /home/airflow/.local/lib/python3.8/site-packages/airflow/example_dags/example_branch_labels.py
[2025-10-16T17:56:50.986+0000] {processor.py:839} INFO - DAG(s) dict_keys(['example_branch_labels']) retrieved from /home/airflow/.local/lib/python3.8/site-packages/airflow/example_dags/example_branch_labels.py
[2025-10-16T17:56:51.040+0000] {logging_mixin.py:151} INFO - [2025-10-16T17:56:51.040+0000] {dag.py:2941} INFO - Sync 1 DAGs
[2025-10-16T17:56:51.116+0000] {logging_mixin.py:151} INFO - [2025-10-16T17:56:51.115+0000] {dag.py:3722} INFO - Setting next_dagrun for example_branch_labels to 2025-10-15T00:00:00+00:00, run_after=2025-10-16T00:00:00+00:00
[2025-10-16T17:56:51.169+0000] {processor.py:179} INFO - Processing /home/airflow/.local/lib/python3.8/site-packages/airflow/example_dags/example_branch_labels.py took 0.240 seconds
[2025-10-16T17:57:22.354+0000] {processor.py:157} INFO - Started process (PID=728) to work on /home/airflow/.local/lib/python3.8/site-packages/airflow/example_dags/example_branch_labels.py
[2025-10-16T17:57:22.358+0000] {processor.py:829} INFO - Processing file /home/airflow/.local/lib/python3.8/site-packages/airflow/example_dags/example_branch_labels.py for tasks to queue
[2025-10-16T17:57:22.367+0000] {logging_mixin.py:151} INFO - [2025-10-16T17:57:22.366+0000] {dagbag.py:536} INFO - Filling up the DagBag from /home/airflow/.local/lib/python3.8/site-packages/airflow/example_dags/example_branch_labels.py
[2025-10-16T17:57:22.397+0000] {processor.py:839} INFO - DAG(s) dict_keys(['example_branch_labels']) retrieved from /home/airflow/.local/lib/python3.8/site-packages/airflow/example_dags/example_branch_labels.py
[2025-10-16T17:57:22.470+0000] {logging_mixin.py:151} INFO - [2025-10-16T17:57:22.469+0000] {dag.py:2941} INFO - Sync 1 DAGs
[2025-10-16T17:57:22.537+0000] {logging_mixin.py:151} INFO - [2025-10-16T17:57:22.536+0000] {dag.py:3722} INFO - Setting next_dagrun for example_branch_labels to 2025-10-15T00:00:00+00:00, run_after=2025-10-16T00:00:00+00:00
[2025-10-16T17:57:22.587+0000] {processor.py:179} INFO - Processing /home/airflow/.local/lib/python3.8/site-packages/airflow/example_dags/example_branch_labels.py took 0.244 seconds
[2025-10-16T17:57:52.700+0000] {processor.py:157} INFO - Started process (PID=787) to work on /home/airflow/.local/lib/python3.8/site-packages/airflow/example_dags/example_branch_labels.py
[2025-10-16T17:57:52.703+0000] {processor.py:829} INFO - Processing file /home/airflow/.local/lib/python3.8/site-packages/airflow/example_dags/example_branch_labels.py for tasks to queue
[2025-10-16T17:57:52.710+0000] {logging_mixin.py:151} INFO - [2025-10-16T17:57:52.709+0000] {dagbag.py:536} INFO - Filling up the DagBag from /home/airflow/.local/lib/python3.8/site-packages/airflow/example_dags/example_branch_labels.py
[2025-10-16T17:57:52.736+0000] {processor.py:839} INFO - DAG(s) dict_keys(['example_branch_labels']) retrieved from /home/airflow/.local/lib/python3.8/site-packages/airflow/example_dags/example_branch_labels.py
[2025-10-16T17:57:52.803+0000] {logging_mixin.py:151} INFO - [2025-10-16T17:57:52.803+0000] {dag.py:2941} INFO - Sync 1 DAGs
[2025-10-16T17:57:52.873+0000] {logging_mixin.py:151} INFO - [2025-10-16T17:57:52.873+0000] {dag.py:3722} INFO - Setting next_dagrun for example_branch_labels to 2025-10-15T00:00:00+00:00, run_after=2025-10-16T00:00:00+00:00
[2025-10-16T17:57:52.918+0000] {processor.py:179} INFO - Processing /home/airflow/.local/lib/python3.8/site-packages/airflow/example_dags/example_branch_labels.py took 0.232 seconds
[2025-10-16T17:58:24.465+0000] {processor.py:157} INFO - Started process (PID=846) to work on /home/airflow/.local/lib/python3.8/site-packages/airflow/example_dags/example_branch_labels.py
[2025-10-16T17:58:24.468+0000] {processor.py:829} INFO - Processing file /home/airflow/.local/lib/python3.8/site-packages/airflow/example_dags/example_branch_labels.py for tasks to queue
[2025-10-16T17:58:24.477+0000] {logging_mixin.py:151} INFO - [2025-10-16T17:58:24.476+0000] {dagbag.py:536} INFO - Filling up the DagBag from /home/airflow/.local/lib/python3.8/site-packages/airflow/example_dags/example_branch_labels.py
[2025-10-16T17:58:24.510+0000] {processor.py:839} INFO - DAG(s) dict_keys(['example_branch_labels']) retrieved from /home/airflow/.local/lib/python3.8/site-packages/airflow/example_dags/example_branch_labels.py
[2025-10-16T17:58:24.591+0000] {logging_mixin.py:151} INFO - [2025-10-16T17:58:24.590+0000] {dag.py:2941} INFO - Sync 1 DAGs
[2025-10-16T17:58:24.667+0000] {logging_mixin.py:151} INFO - [2025-10-16T17:58:24.666+0000] {dag.py:3722} INFO - Setting next_dagrun for example_branch_labels to 2025-10-15T00:00:00+00:00, run_after=2025-10-16T00:00:00+00:00
[2025-10-16T17:58:24.707+0000] {processor.py:179} INFO - Processing /home/airflow/.local/lib/python3.8/site-packages/airflow/example_dags/example_branch_labels.py took 0.256 seconds
[2025-10-16T17:58:58.900+0000] {processor.py:157} INFO - Started process (PID=907) to work on /home/airflow/.local/lib/python3.8/site-packages/airflow/example_dags/example_branch_labels.py
[2025-10-16T17:58:58.903+0000] {processor.py:829} INFO - Processing file /home/airflow/.local/lib/python3.8/site-packages/airflow/example_dags/example_branch_labels.py for tasks to queue
[2025-10-16T17:58:58.912+0000] {logging_mixin.py:151} INFO - [2025-10-16T17:58:58.911+0000] {dagbag.py:536} INFO - Filling up the DagBag from /home/airflow/.local/lib/python3.8/site-packages/airflow/example_dags/example_branch_labels.py
[2025-10-16T17:58:58.940+0000] {processor.py:839} INFO - DAG(s) dict_keys(['example_branch_labels']) retrieved from /home/airflow/.local/lib/python3.8/site-packages/airflow/example_dags/example_branch_labels.py
[2025-10-16T17:58:59.005+0000] {logging_mixin.py:151} INFO - [2025-10-16T17:58:59.005+0000] {dag.py:2941} INFO - Sync 1 DAGs
[2025-10-16T17:58:59.091+0000] {logging_mixin.py:151} INFO - [2025-10-16T17:58:59.090+0000] {dag.py:3722} INFO - Setting next_dagrun for example_branch_labels to 2025-10-15T00:00:00+00:00, run_after=2025-10-16T00:00:00+00:00
[2025-10-16T17:58:59.601+0000] {processor.py:179} INFO - Processing /home/airflow/.local/lib/python3.8/site-packages/airflow/example_dags/example_branch_labels.py took 0.711 seconds
[2025-10-16T17:59:29.839+0000] {processor.py:157} INFO - Started process (PID=966) to work on /home/airflow/.local/lib/python3.8/site-packages/airflow/example_dags/example_branch_labels.py
[2025-10-16T17:59:29.842+0000] {processor.py:829} INFO - Processing file /home/airflow/.local/lib/python3.8/site-packages/airflow/example_dags/example_branch_labels.py for tasks to queue
[2025-10-16T17:59:29.848+0000] {logging_mixin.py:151} INFO - [2025-10-16T17:59:29.847+0000] {dagbag.py:536} INFO - Filling up the DagBag from /home/airflow/.local/lib/python3.8/site-packages/airflow/example_dags/example_branch_labels.py
[2025-10-16T17:59:29.871+0000] {processor.py:839} INFO - DAG(s) dict_keys(['example_branch_labels']) retrieved from /home/airflow/.local/lib/python3.8/site-packages/airflow/example_dags/example_branch_labels.py
[2025-10-16T17:59:29.925+0000] {logging_mixin.py:151} INFO - [2025-10-16T17:59:29.924+0000] {dag.py:2941} INFO - Sync 1 DAGs
[2025-10-16T17:59:29.999+0000] {logging_mixin.py:151} INFO - [2025-10-16T17:59:29.998+0000] {dag.py:3722} INFO - Setting next_dagrun for example_branch_labels to 2025-10-15T00:00:00+00:00, run_after=2025-10-16T00:00:00+00:00
[2025-10-16T17:59:30.049+0000] {processor.py:179} INFO - Processing /home/airflow/.local/lib/python3.8/site-packages/airflow/example_dags/example_branch_labels.py took 0.218 seconds
[2025-10-16T18:00:03.151+0000] {processor.py:157} INFO - Started process (PID=1025) to work on /home/airflow/.local/lib/python3.8/site-packages/airflow/example_dags/example_branch_labels.py
[2025-10-16T18:00:03.155+0000] {processor.py:829} INFO - Processing file /home/airflow/.local/lib/python3.8/site-packages/airflow/example_dags/example_branch_labels.py for tasks to queue
[2025-10-16T18:00:03.171+0000] {logging_mixin.py:151} INFO - [2025-10-16T18:00:03.167+0000] {dagbag.py:536} INFO - Filling up the DagBag from /home/airflow/.local/lib/python3.8/site-packages/airflow/example_dags/example_branch_labels.py
[2025-10-16T18:00:03.221+0000] {processor.py:839} INFO - DAG(s) dict_keys(['example_branch_labels']) retrieved from /home/airflow/.local/lib/python3.8/site-packages/airflow/example_dags/example_branch_labels.py
[2025-10-16T18:00:03.374+0000] {logging_mixin.py:151} INFO - [2025-10-16T18:00:03.374+0000] {dag.py:2941} INFO - Sync 1 DAGs
[2025-10-16T18:00:03.611+0000] {logging_mixin.py:151} INFO - [2025-10-16T18:00:03.610+0000] {dag.py:3722} INFO - Setting next_dagrun for example_branch_labels to 2025-10-15T00:00:00+00:00, run_after=2025-10-16T00:00:00+00:00
[2025-10-16T18:00:03.743+0000] {processor.py:179} INFO - Processing /home/airflow/.local/lib/python3.8/site-packages/airflow/example_dags/example_branch_labels.py took 0.607 seconds
[2025-10-16T18:00:35.235+0000] {processor.py:157} INFO - Started process (PID=1084) to work on /home/airflow/.local/lib/python3.8/site-packages/airflow/example_dags/example_branch_labels.py
[2025-10-16T18:00:35.239+0000] {processor.py:829} INFO - Processing file /home/airflow/.local/lib/python3.8/site-packages/airflow/example_dags/example_branch_labels.py for tasks to queue
[2025-10-16T18:00:35.248+0000] {logging_mixin.py:151} INFO - [2025-10-16T18:00:35.247+0000] {dagbag.py:536} INFO - Filling up the DagBag from /home/airflow/.local/lib/python3.8/site-packages/airflow/example_dags/example_branch_labels.py
[2025-10-16T18:00:35.303+0000] {processor.py:839} INFO - DAG(s) dict_keys(['example_branch_labels']) retrieved from /home/airflow/.local/lib/python3.8/site-packages/airflow/example_dags/example_branch_labels.py
[2025-10-16T18:00:35.472+0000] {logging_mixin.py:151} INFO - [2025-10-16T18:00:35.471+0000] {dag.py:2941} INFO - Sync 1 DAGs
[2025-10-16T18:00:35.643+0000] {logging_mixin.py:151} INFO - [2025-10-16T18:00:35.643+0000] {dag.py:3722} INFO - Setting next_dagrun for example_branch_labels to 2025-10-15T00:00:00+00:00, run_after=2025-10-16T00:00:00+00:00
[2025-10-16T18:00:36.315+0000] {processor.py:179} INFO - Processing /home/airflow/.local/lib/python3.8/site-packages/airflow/example_dags/example_branch_labels.py took 1.095 seconds
[2025-10-16T18:01:07.851+0000] {processor.py:157} INFO - Started process (PID=1152) to work on /home/airflow/.local/lib/python3.8/site-packages/airflow/example_dags/example_branch_labels.py
[2025-10-16T18:01:07.855+0000] {processor.py:829} INFO - Processing file /home/airflow/.local/lib/python3.8/site-packages/airflow/example_dags/example_branch_labels.py for tasks to queue
[2025-10-16T18:01:07.862+0000] {logging_mixin.py:151} INFO - [2025-10-16T18:01:07.861+0000] {dagbag.py:536} INFO - Filling up the DagBag from /home/airflow/.local/lib/python3.8/site-packages/airflow/example_dags/example_branch_labels.py
[2025-10-16T18:01:07.891+0000] {processor.py:839} INFO - DAG(s) dict_keys(['example_branch_labels']) retrieved from /home/airflow/.local/lib/python3.8/site-packages/airflow/example_dags/example_branch_labels.py
[2025-10-16T18:01:07.949+0000] {logging_mixin.py:151} INFO - [2025-10-16T18:01:07.948+0000] {dag.py:2941} INFO - Sync 1 DAGs
[2025-10-16T18:01:08.022+0000] {logging_mixin.py:151} INFO - [2025-10-16T18:01:08.022+0000] {dag.py:3722} INFO - Setting next_dagrun for example_branch_labels to 2025-10-15T00:00:00+00:00, run_after=2025-10-16T00:00:00+00:00
[2025-10-16T18:01:08.077+0000] {processor.py:179} INFO - Processing /home/airflow/.local/lib/python3.8/site-packages/airflow/example_dags/example_branch_labels.py took 0.240 seconds
[2025-10-16T18:02:18.740+0000] {processor.py:157} INFO - Started process (PID=1245) to work on /home/airflow/.local/lib/python3.8/site-packages/airflow/example_dags/example_branch_labels.py
[2025-10-16T18:02:18.743+0000] {processor.py:829} INFO - Processing file /home/airflow/.local/lib/python3.8/site-packages/airflow/example_dags/example_branch_labels.py for tasks to queue
[2025-10-16T18:02:18.750+0000] {logging_mixin.py:151} INFO - [2025-10-16T18:02:18.749+0000] {dagbag.py:536} INFO - Filling up the DagBag from /home/airflow/.local/lib/python3.8/site-packages/airflow/example_dags/example_branch_labels.py
[2025-10-16T18:02:18.772+0000] {processor.py:839} INFO - DAG(s) dict_keys(['example_branch_labels']) retrieved from /home/airflow/.local/lib/python3.8/site-packages/airflow/example_dags/example_branch_labels.py
[2025-10-16T18:02:18.838+0000] {logging_mixin.py:151} INFO - [2025-10-16T18:02:18.838+0000] {dag.py:2941} INFO - Sync 1 DAGs
[2025-10-16T18:02:18.903+0000] {logging_mixin.py:151} INFO - [2025-10-16T18:02:18.903+0000] {dag.py:3722} INFO - Setting next_dagrun for example_branch_labels to 2025-10-15T00:00:00+00:00, run_after=2025-10-16T00:00:00+00:00
[2025-10-16T18:02:18.968+0000] {processor.py:179} INFO - Processing /home/airflow/.local/lib/python3.8/site-packages/airflow/example_dags/example_branch_labels.py took 0.236 seconds
[2025-10-16T18:02:57.515+0000] {processor.py:157} INFO - Started process (PID=1305) to work on /home/airflow/.local/lib/python3.8/site-packages/airflow/example_dags/example_branch_labels.py
[2025-10-16T18:02:57.522+0000] {processor.py:829} INFO - Processing file /home/airflow/.local/lib/python3.8/site-packages/airflow/example_dags/example_branch_labels.py for tasks to queue
[2025-10-16T18:02:57.531+0000] {logging_mixin.py:151} INFO - [2025-10-16T18:02:57.530+0000] {dagbag.py:536} INFO - Filling up the DagBag from /home/airflow/.local/lib/python3.8/site-packages/airflow/example_dags/example_branch_labels.py
[2025-10-16T18:02:57.562+0000] {processor.py:839} INFO - DAG(s) dict_keys(['example_branch_labels']) retrieved from /home/airflow/.local/lib/python3.8/site-packages/airflow/example_dags/example_branch_labels.py
[2025-10-16T18:02:57.948+0000] {logging_mixin.py:151} INFO - [2025-10-16T18:02:57.947+0000] {dag.py:2941} INFO - Sync 1 DAGs
[2025-10-16T18:02:58.008+0000] {logging_mixin.py:151} INFO - [2025-10-16T18:02:58.007+0000] {dag.py:3722} INFO - Setting next_dagrun for example_branch_labels to 2025-10-15T00:00:00+00:00, run_after=2025-10-16T00:00:00+00:00
[2025-10-16T18:02:58.056+0000] {processor.py:179} INFO - Processing /home/airflow/.local/lib/python3.8/site-packages/airflow/example_dags/example_branch_labels.py took 0.553 seconds
