[2025-10-16T17:24:35.988+0000] {processor.py:157} INFO - Started process (PID=114) to work on /home/airflow/.local/lib/python3.8/site-packages/airflow/example_dags/example_branch_operator_decorator.py
[2025-10-16T17:24:36.001+0000] {processor.py:829} INFO - Processing file /home/airflow/.local/lib/python3.8/site-packages/airflow/example_dags/example_branch_operator_decorator.py for tasks to queue
[2025-10-16T17:24:36.046+0000] {logging_mixin.py:151} INFO - [2025-10-16T17:24:36.045+0000] {dagbag.py:536} INFO - Filling up the DagBag from /home/airflow/.local/lib/python3.8/site-packages/airflow/example_dags/example_branch_operator_decorator.py
[2025-10-16T17:24:36.140+0000] {processor.py:839} INFO - DAG(s) dict_keys(['example_branch_python_operator_decorator']) retrieved from /home/airflow/.local/lib/python3.8/site-packages/airflow/example_dags/example_branch_operator_decorator.py
[2025-10-16T17:24:36.327+0000] {logging_mixin.py:151} INFO - [2025-10-16T17:24:36.327+0000] {dag.py:2941} INFO - Sync 1 DAGs
[2025-10-16T17:24:36.550+0000] {logging_mixin.py:151} INFO - [2025-10-16T17:24:36.549+0000] {dag.py:3722} INFO - Setting next_dagrun for example_branch_python_operator_decorator to 2025-10-15T00:00:00+00:00, run_after=2025-10-16T00:00:00+00:00
[2025-10-16T17:24:36.727+0000] {processor.py:179} INFO - Processing /home/airflow/.local/lib/python3.8/site-packages/airflow/example_dags/example_branch_operator_decorator.py took 0.763 seconds
[2025-10-16T17:25:08.019+0000] {processor.py:157} INFO - Started process (PID=175) to work on /home/airflow/.local/lib/python3.8/site-packages/airflow/example_dags/example_branch_operator_decorator.py
[2025-10-16T17:25:08.025+0000] {processor.py:829} INFO - Processing file /home/airflow/.local/lib/python3.8/site-packages/airflow/example_dags/example_branch_operator_decorator.py for tasks to queue
[2025-10-16T17:25:08.051+0000] {logging_mixin.py:151} INFO - [2025-10-16T17:25:08.041+0000] {dagbag.py:536} INFO - Filling up the DagBag from /home/airflow/.local/lib/python3.8/site-packages/airflow/example_dags/example_branch_operator_decorator.py
[2025-10-16T17:25:08.165+0000] {processor.py:839} INFO - DAG(s) dict_keys(['example_branch_python_operator_decorator']) retrieved from /home/airflow/.local/lib/python3.8/site-packages/airflow/example_dags/example_branch_operator_decorator.py
[2025-10-16T17:25:08.357+0000] {logging_mixin.py:151} INFO - [2025-10-16T17:25:08.356+0000] {dag.py:2941} INFO - Sync 1 DAGs
[2025-10-16T17:25:08.580+0000] {logging_mixin.py:151} INFO - [2025-10-16T17:25:08.579+0000] {dag.py:3722} INFO - Setting next_dagrun for example_branch_python_operator_decorator to 2025-10-15T00:00:00+00:00, run_after=2025-10-16T00:00:00+00:00
[2025-10-16T17:25:08.733+0000] {processor.py:179} INFO - Processing /home/airflow/.local/lib/python3.8/site-packages/airflow/example_dags/example_branch_operator_decorator.py took 0.747 seconds
[2025-10-16T17:25:39.262+0000] {processor.py:157} INFO - Started process (PID=234) to work on /home/airflow/.local/lib/python3.8/site-packages/airflow/example_dags/example_branch_operator_decorator.py
[2025-10-16T17:25:39.264+0000] {processor.py:829} INFO - Processing file /home/airflow/.local/lib/python3.8/site-packages/airflow/example_dags/example_branch_operator_decorator.py for tasks to queue
[2025-10-16T17:25:39.280+0000] {logging_mixin.py:151} INFO - [2025-10-16T17:25:39.279+0000] {dagbag.py:536} INFO - Filling up the DagBag from /home/airflow/.local/lib/python3.8/site-packages/airflow/example_dags/example_branch_operator_decorator.py
[2025-10-16T17:25:39.338+0000] {processor.py:839} INFO - DAG(s) dict_keys(['example_branch_python_operator_decorator']) retrieved from /home/airflow/.local/lib/python3.8/site-packages/airflow/example_dags/example_branch_operator_decorator.py
[2025-10-16T17:25:39.460+0000] {logging_mixin.py:151} INFO - [2025-10-16T17:25:39.460+0000] {dag.py:2941} INFO - Sync 1 DAGs
[2025-10-16T17:25:39.606+0000] {logging_mixin.py:151} INFO - [2025-10-16T17:25:39.605+0000] {dag.py:3722} INFO - Setting next_dagrun for example_branch_python_operator_decorator to 2025-10-15T00:00:00+00:00, run_after=2025-10-16T00:00:00+00:00
[2025-10-16T17:25:39.704+0000] {processor.py:179} INFO - Processing /home/airflow/.local/lib/python3.8/site-packages/airflow/example_dags/example_branch_operator_decorator.py took 0.460 seconds
[2025-10-16T17:26:10.746+0000] {processor.py:157} INFO - Started process (PID=293) to work on /home/airflow/.local/lib/python3.8/site-packages/airflow/example_dags/example_branch_operator_decorator.py
[2025-10-16T17:26:10.748+0000] {processor.py:829} INFO - Processing file /home/airflow/.local/lib/python3.8/site-packages/airflow/example_dags/example_branch_operator_decorator.py for tasks to queue
[2025-10-16T17:26:10.755+0000] {logging_mixin.py:151} INFO - [2025-10-16T17:26:10.754+0000] {dagbag.py:536} INFO - Filling up the DagBag from /home/airflow/.local/lib/python3.8/site-packages/airflow/example_dags/example_branch_operator_decorator.py
[2025-10-16T17:26:10.783+0000] {processor.py:839} INFO - DAG(s) dict_keys(['example_branch_python_operator_decorator']) retrieved from /home/airflow/.local/lib/python3.8/site-packages/airflow/example_dags/example_branch_operator_decorator.py
[2025-10-16T17:26:10.837+0000] {logging_mixin.py:151} INFO - [2025-10-16T17:26:10.836+0000] {dag.py:2941} INFO - Sync 1 DAGs
[2025-10-16T17:26:10.887+0000] {logging_mixin.py:151} INFO - [2025-10-16T17:26:10.887+0000] {dag.py:3722} INFO - Setting next_dagrun for example_branch_python_operator_decorator to 2025-10-15T00:00:00+00:00, run_after=2025-10-16T00:00:00+00:00
[2025-10-16T17:26:10.927+0000] {processor.py:179} INFO - Processing /home/airflow/.local/lib/python3.8/site-packages/airflow/example_dags/example_branch_operator_decorator.py took 0.189 seconds
[2025-10-16T17:26:41.627+0000] {processor.py:157} INFO - Started process (PID=352) to work on /home/airflow/.local/lib/python3.8/site-packages/airflow/example_dags/example_branch_operator_decorator.py
[2025-10-16T17:26:41.630+0000] {processor.py:829} INFO - Processing file /home/airflow/.local/lib/python3.8/site-packages/airflow/example_dags/example_branch_operator_decorator.py for tasks to queue
[2025-10-16T17:26:41.642+0000] {logging_mixin.py:151} INFO - [2025-10-16T17:26:41.641+0000] {dagbag.py:536} INFO - Filling up the DagBag from /home/airflow/.local/lib/python3.8/site-packages/airflow/example_dags/example_branch_operator_decorator.py
[2025-10-16T17:26:41.691+0000] {processor.py:839} INFO - DAG(s) dict_keys(['example_branch_python_operator_decorator']) retrieved from /home/airflow/.local/lib/python3.8/site-packages/airflow/example_dags/example_branch_operator_decorator.py
[2025-10-16T17:26:41.773+0000] {logging_mixin.py:151} INFO - [2025-10-16T17:26:41.772+0000] {dag.py:2941} INFO - Sync 1 DAGs
[2025-10-16T17:26:41.855+0000] {logging_mixin.py:151} INFO - [2025-10-16T17:26:41.854+0000] {dag.py:3722} INFO - Setting next_dagrun for example_branch_python_operator_decorator to 2025-10-15T00:00:00+00:00, run_after=2025-10-16T00:00:00+00:00
[2025-10-16T17:26:41.916+0000] {processor.py:179} INFO - Processing /home/airflow/.local/lib/python3.8/site-packages/airflow/example_dags/example_branch_operator_decorator.py took 0.305 seconds
[2025-10-16T17:27:12.195+0000] {processor.py:157} INFO - Started process (PID=410) to work on /home/airflow/.local/lib/python3.8/site-packages/airflow/example_dags/example_branch_operator_decorator.py
[2025-10-16T17:27:12.201+0000] {processor.py:829} INFO - Processing file /home/airflow/.local/lib/python3.8/site-packages/airflow/example_dags/example_branch_operator_decorator.py for tasks to queue
[2025-10-16T17:27:12.213+0000] {logging_mixin.py:151} INFO - [2025-10-16T17:27:12.212+0000] {dagbag.py:536} INFO - Filling up the DagBag from /home/airflow/.local/lib/python3.8/site-packages/airflow/example_dags/example_branch_operator_decorator.py
[2025-10-16T17:27:12.280+0000] {processor.py:839} INFO - DAG(s) dict_keys(['example_branch_python_operator_decorator']) retrieved from /home/airflow/.local/lib/python3.8/site-packages/airflow/example_dags/example_branch_operator_decorator.py
[2025-10-16T17:27:12.466+0000] {logging_mixin.py:151} INFO - [2025-10-16T17:27:12.465+0000] {dag.py:2941} INFO - Sync 1 DAGs
[2025-10-16T17:27:12.691+0000] {logging_mixin.py:151} INFO - [2025-10-16T17:27:12.687+0000] {dag.py:3722} INFO - Setting next_dagrun for example_branch_python_operator_decorator to 2025-10-15T00:00:00+00:00, run_after=2025-10-16T00:00:00+00:00
[2025-10-16T17:27:12.754+0000] {processor.py:179} INFO - Processing /home/airflow/.local/lib/python3.8/site-packages/airflow/example_dags/example_branch_operator_decorator.py took 0.580 seconds
[2025-10-16T17:27:43.627+0000] {processor.py:157} INFO - Started process (PID=470) to work on /home/airflow/.local/lib/python3.8/site-packages/airflow/example_dags/example_branch_operator_decorator.py
[2025-10-16T17:27:43.631+0000] {processor.py:829} INFO - Processing file /home/airflow/.local/lib/python3.8/site-packages/airflow/example_dags/example_branch_operator_decorator.py for tasks to queue
[2025-10-16T17:27:43.643+0000] {logging_mixin.py:151} INFO - [2025-10-16T17:27:43.642+0000] {dagbag.py:536} INFO - Filling up the DagBag from /home/airflow/.local/lib/python3.8/site-packages/airflow/example_dags/example_branch_operator_decorator.py
[2025-10-16T17:27:43.698+0000] {processor.py:839} INFO - DAG(s) dict_keys(['example_branch_python_operator_decorator']) retrieved from /home/airflow/.local/lib/python3.8/site-packages/airflow/example_dags/example_branch_operator_decorator.py
[2025-10-16T17:27:43.775+0000] {logging_mixin.py:151} INFO - [2025-10-16T17:27:43.775+0000] {dag.py:2941} INFO - Sync 1 DAGs
[2025-10-16T17:27:43.880+0000] {logging_mixin.py:151} INFO - [2025-10-16T17:27:43.880+0000] {dag.py:3722} INFO - Setting next_dagrun for example_branch_python_operator_decorator to 2025-10-15T00:00:00+00:00, run_after=2025-10-16T00:00:00+00:00
[2025-10-16T17:27:43.951+0000] {processor.py:179} INFO - Processing /home/airflow/.local/lib/python3.8/site-packages/airflow/example_dags/example_branch_operator_decorator.py took 0.340 seconds
[2025-10-16T17:28:14.372+0000] {processor.py:157} INFO - Started process (PID=528) to work on /home/airflow/.local/lib/python3.8/site-packages/airflow/example_dags/example_branch_operator_decorator.py
[2025-10-16T17:28:14.387+0000] {processor.py:829} INFO - Processing file /home/airflow/.local/lib/python3.8/site-packages/airflow/example_dags/example_branch_operator_decorator.py for tasks to queue
[2025-10-16T17:28:14.414+0000] {logging_mixin.py:151} INFO - [2025-10-16T17:28:14.413+0000] {dagbag.py:536} INFO - Filling up the DagBag from /home/airflow/.local/lib/python3.8/site-packages/airflow/example_dags/example_branch_operator_decorator.py
[2025-10-16T17:28:14.461+0000] {processor.py:839} INFO - DAG(s) dict_keys(['example_branch_python_operator_decorator']) retrieved from /home/airflow/.local/lib/python3.8/site-packages/airflow/example_dags/example_branch_operator_decorator.py
[2025-10-16T17:28:14.494+0000] {logging_mixin.py:151} INFO - [2025-10-16T17:28:14.493+0000] {dag.py:2941} INFO - Sync 1 DAGs
[2025-10-16T17:28:14.564+0000] {logging_mixin.py:151} INFO - [2025-10-16T17:28:14.564+0000] {dag.py:3722} INFO - Setting next_dagrun for example_branch_python_operator_decorator to 2025-10-15T00:00:00+00:00, run_after=2025-10-16T00:00:00+00:00
[2025-10-16T17:28:14.612+0000] {processor.py:179} INFO - Processing /home/airflow/.local/lib/python3.8/site-packages/airflow/example_dags/example_branch_operator_decorator.py took 0.285 seconds
[2025-10-16T17:28:44.859+0000] {processor.py:157} INFO - Started process (PID=587) to work on /home/airflow/.local/lib/python3.8/site-packages/airflow/example_dags/example_branch_operator_decorator.py
[2025-10-16T17:28:44.862+0000] {processor.py:829} INFO - Processing file /home/airflow/.local/lib/python3.8/site-packages/airflow/example_dags/example_branch_operator_decorator.py for tasks to queue
[2025-10-16T17:28:44.868+0000] {logging_mixin.py:151} INFO - [2025-10-16T17:28:44.867+0000] {dagbag.py:536} INFO - Filling up the DagBag from /home/airflow/.local/lib/python3.8/site-packages/airflow/example_dags/example_branch_operator_decorator.py
[2025-10-16T17:28:44.897+0000] {processor.py:839} INFO - DAG(s) dict_keys(['example_branch_python_operator_decorator']) retrieved from /home/airflow/.local/lib/python3.8/site-packages/airflow/example_dags/example_branch_operator_decorator.py
[2025-10-16T17:28:44.963+0000] {logging_mixin.py:151} INFO - [2025-10-16T17:28:44.962+0000] {dag.py:2941} INFO - Sync 1 DAGs
[2025-10-16T17:28:45.038+0000] {logging_mixin.py:151} INFO - [2025-10-16T17:28:45.037+0000] {dag.py:3722} INFO - Setting next_dagrun for example_branch_python_operator_decorator to 2025-10-15T00:00:00+00:00, run_after=2025-10-16T00:00:00+00:00
[2025-10-16T17:28:45.087+0000] {processor.py:179} INFO - Processing /home/airflow/.local/lib/python3.8/site-packages/airflow/example_dags/example_branch_operator_decorator.py took 0.238 seconds
[2025-10-16T17:29:21.320+0000] {processor.py:157} INFO - Started process (PID=646) to work on /home/airflow/.local/lib/python3.8/site-packages/airflow/example_dags/example_branch_operator_decorator.py
[2025-10-16T17:29:21.333+0000] {processor.py:829} INFO - Processing file /home/airflow/.local/lib/python3.8/site-packages/airflow/example_dags/example_branch_operator_decorator.py for tasks to queue
[2025-10-16T17:29:21.341+0000] {logging_mixin.py:151} INFO - [2025-10-16T17:29:21.341+0000] {dagbag.py:536} INFO - Filling up the DagBag from /home/airflow/.local/lib/python3.8/site-packages/airflow/example_dags/example_branch_operator_decorator.py
[2025-10-16T17:29:21.380+0000] {processor.py:839} INFO - DAG(s) dict_keys(['example_branch_python_operator_decorator']) retrieved from /home/airflow/.local/lib/python3.8/site-packages/airflow/example_dags/example_branch_operator_decorator.py
[2025-10-16T17:29:21.463+0000] {logging_mixin.py:151} INFO - [2025-10-16T17:29:21.462+0000] {dag.py:2941} INFO - Sync 1 DAGs
[2025-10-16T17:29:21.600+0000] {logging_mixin.py:151} INFO - [2025-10-16T17:29:21.599+0000] {dag.py:3722} INFO - Setting next_dagrun for example_branch_python_operator_decorator to 2025-10-15T00:00:00+00:00, run_after=2025-10-16T00:00:00+00:00
[2025-10-16T17:29:21.702+0000] {processor.py:179} INFO - Processing /home/airflow/.local/lib/python3.8/site-packages/airflow/example_dags/example_branch_operator_decorator.py took 0.397 seconds
[2025-10-16T17:29:52.323+0000] {processor.py:157} INFO - Started process (PID=705) to work on /home/airflow/.local/lib/python3.8/site-packages/airflow/example_dags/example_branch_operator_decorator.py
[2025-10-16T17:29:52.326+0000] {processor.py:829} INFO - Processing file /home/airflow/.local/lib/python3.8/site-packages/airflow/example_dags/example_branch_operator_decorator.py for tasks to queue
[2025-10-16T17:29:52.334+0000] {logging_mixin.py:151} INFO - [2025-10-16T17:29:52.333+0000] {dagbag.py:536} INFO - Filling up the DagBag from /home/airflow/.local/lib/python3.8/site-packages/airflow/example_dags/example_branch_operator_decorator.py
[2025-10-16T17:29:52.395+0000] {processor.py:839} INFO - DAG(s) dict_keys(['example_branch_python_operator_decorator']) retrieved from /home/airflow/.local/lib/python3.8/site-packages/airflow/example_dags/example_branch_operator_decorator.py
[2025-10-16T17:29:52.520+0000] {logging_mixin.py:151} INFO - [2025-10-16T17:29:52.520+0000] {dag.py:2941} INFO - Sync 1 DAGs
[2025-10-16T17:29:52.645+0000] {logging_mixin.py:151} INFO - [2025-10-16T17:29:52.644+0000] {dag.py:3722} INFO - Setting next_dagrun for example_branch_python_operator_decorator to 2025-10-15T00:00:00+00:00, run_after=2025-10-16T00:00:00+00:00
[2025-10-16T17:29:52.766+0000] {processor.py:179} INFO - Processing /home/airflow/.local/lib/python3.8/site-packages/airflow/example_dags/example_branch_operator_decorator.py took 0.463 seconds
[2025-10-16T17:30:22.906+0000] {processor.py:157} INFO - Started process (PID=763) to work on /home/airflow/.local/lib/python3.8/site-packages/airflow/example_dags/example_branch_operator_decorator.py
[2025-10-16T17:30:22.908+0000] {processor.py:829} INFO - Processing file /home/airflow/.local/lib/python3.8/site-packages/airflow/example_dags/example_branch_operator_decorator.py for tasks to queue
[2025-10-16T17:30:22.916+0000] {logging_mixin.py:151} INFO - [2025-10-16T17:30:22.914+0000] {dagbag.py:536} INFO - Filling up the DagBag from /home/airflow/.local/lib/python3.8/site-packages/airflow/example_dags/example_branch_operator_decorator.py
[2025-10-16T17:30:22.954+0000] {processor.py:839} INFO - DAG(s) dict_keys(['example_branch_python_operator_decorator']) retrieved from /home/airflow/.local/lib/python3.8/site-packages/airflow/example_dags/example_branch_operator_decorator.py
[2025-10-16T17:30:23.057+0000] {logging_mixin.py:151} INFO - [2025-10-16T17:30:23.056+0000] {dag.py:2941} INFO - Sync 1 DAGs
[2025-10-16T17:30:23.151+0000] {logging_mixin.py:151} INFO - [2025-10-16T17:30:23.151+0000] {dag.py:3722} INFO - Setting next_dagrun for example_branch_python_operator_decorator to 2025-10-15T00:00:00+00:00, run_after=2025-10-16T00:00:00+00:00
[2025-10-16T17:30:23.296+0000] {processor.py:179} INFO - Processing /home/airflow/.local/lib/python3.8/site-packages/airflow/example_dags/example_branch_operator_decorator.py took 0.398 seconds
[2025-10-16T17:30:53.525+0000] {processor.py:157} INFO - Started process (PID=822) to work on /home/airflow/.local/lib/python3.8/site-packages/airflow/example_dags/example_branch_operator_decorator.py
[2025-10-16T17:30:53.528+0000] {processor.py:829} INFO - Processing file /home/airflow/.local/lib/python3.8/site-packages/airflow/example_dags/example_branch_operator_decorator.py for tasks to queue
[2025-10-16T17:30:53.535+0000] {logging_mixin.py:151} INFO - [2025-10-16T17:30:53.534+0000] {dagbag.py:536} INFO - Filling up the DagBag from /home/airflow/.local/lib/python3.8/site-packages/airflow/example_dags/example_branch_operator_decorator.py
[2025-10-16T17:30:53.568+0000] {processor.py:839} INFO - DAG(s) dict_keys(['example_branch_python_operator_decorator']) retrieved from /home/airflow/.local/lib/python3.8/site-packages/airflow/example_dags/example_branch_operator_decorator.py
[2025-10-16T17:30:53.632+0000] {logging_mixin.py:151} INFO - [2025-10-16T17:30:53.632+0000] {dag.py:2941} INFO - Sync 1 DAGs
[2025-10-16T17:30:53.705+0000] {logging_mixin.py:151} INFO - [2025-10-16T17:30:53.704+0000] {dag.py:3722} INFO - Setting next_dagrun for example_branch_python_operator_decorator to 2025-10-15T00:00:00+00:00, run_after=2025-10-16T00:00:00+00:00
[2025-10-16T17:30:53.775+0000] {processor.py:179} INFO - Processing /home/airflow/.local/lib/python3.8/site-packages/airflow/example_dags/example_branch_operator_decorator.py took 0.260 seconds
[2025-10-16T17:31:24.011+0000] {processor.py:157} INFO - Started process (PID=880) to work on /home/airflow/.local/lib/python3.8/site-packages/airflow/example_dags/example_branch_operator_decorator.py
[2025-10-16T17:31:24.013+0000] {processor.py:829} INFO - Processing file /home/airflow/.local/lib/python3.8/site-packages/airflow/example_dags/example_branch_operator_decorator.py for tasks to queue
[2025-10-16T17:31:24.019+0000] {logging_mixin.py:151} INFO - [2025-10-16T17:31:24.018+0000] {dagbag.py:536} INFO - Filling up the DagBag from /home/airflow/.local/lib/python3.8/site-packages/airflow/example_dags/example_branch_operator_decorator.py
[2025-10-16T17:31:24.046+0000] {processor.py:839} INFO - DAG(s) dict_keys(['example_branch_python_operator_decorator']) retrieved from /home/airflow/.local/lib/python3.8/site-packages/airflow/example_dags/example_branch_operator_decorator.py
[2025-10-16T17:31:24.113+0000] {logging_mixin.py:151} INFO - [2025-10-16T17:31:24.112+0000] {dag.py:2941} INFO - Sync 1 DAGs
[2025-10-16T17:31:24.182+0000] {logging_mixin.py:151} INFO - [2025-10-16T17:31:24.182+0000] {dag.py:3722} INFO - Setting next_dagrun for example_branch_python_operator_decorator to 2025-10-15T00:00:00+00:00, run_after=2025-10-16T00:00:00+00:00
[2025-10-16T17:31:24.243+0000] {processor.py:179} INFO - Processing /home/airflow/.local/lib/python3.8/site-packages/airflow/example_dags/example_branch_operator_decorator.py took 0.240 seconds
[2025-10-16T17:31:55.198+0000] {processor.py:157} INFO - Started process (PID=939) to work on /home/airflow/.local/lib/python3.8/site-packages/airflow/example_dags/example_branch_operator_decorator.py
[2025-10-16T17:31:55.203+0000] {processor.py:829} INFO - Processing file /home/airflow/.local/lib/python3.8/site-packages/airflow/example_dags/example_branch_operator_decorator.py for tasks to queue
[2025-10-16T17:31:55.216+0000] {logging_mixin.py:151} INFO - [2025-10-16T17:31:55.214+0000] {dagbag.py:536} INFO - Filling up the DagBag from /home/airflow/.local/lib/python3.8/site-packages/airflow/example_dags/example_branch_operator_decorator.py
[2025-10-16T17:31:55.280+0000] {processor.py:839} INFO - DAG(s) dict_keys(['example_branch_python_operator_decorator']) retrieved from /home/airflow/.local/lib/python3.8/site-packages/airflow/example_dags/example_branch_operator_decorator.py
[2025-10-16T17:31:55.409+0000] {logging_mixin.py:151} INFO - [2025-10-16T17:31:55.409+0000] {dag.py:2941} INFO - Sync 1 DAGs
[2025-10-16T17:31:55.488+0000] {logging_mixin.py:151} INFO - [2025-10-16T17:31:55.487+0000] {dag.py:3722} INFO - Setting next_dagrun for example_branch_python_operator_decorator to 2025-10-15T00:00:00+00:00, run_after=2025-10-16T00:00:00+00:00
[2025-10-16T17:31:55.541+0000] {processor.py:179} INFO - Processing /home/airflow/.local/lib/python3.8/site-packages/airflow/example_dags/example_branch_operator_decorator.py took 0.362 seconds
[2025-10-16T17:32:26.013+0000] {processor.py:157} INFO - Started process (PID=996) to work on /home/airflow/.local/lib/python3.8/site-packages/airflow/example_dags/example_branch_operator_decorator.py
[2025-10-16T17:32:26.020+0000] {processor.py:829} INFO - Processing file /home/airflow/.local/lib/python3.8/site-packages/airflow/example_dags/example_branch_operator_decorator.py for tasks to queue
[2025-10-16T17:32:26.033+0000] {logging_mixin.py:151} INFO - [2025-10-16T17:32:26.028+0000] {dagbag.py:536} INFO - Filling up the DagBag from /home/airflow/.local/lib/python3.8/site-packages/airflow/example_dags/example_branch_operator_decorator.py
[2025-10-16T17:32:26.080+0000] {processor.py:839} INFO - DAG(s) dict_keys(['example_branch_python_operator_decorator']) retrieved from /home/airflow/.local/lib/python3.8/site-packages/airflow/example_dags/example_branch_operator_decorator.py
[2025-10-16T17:32:26.160+0000] {logging_mixin.py:151} INFO - [2025-10-16T17:32:26.159+0000] {dag.py:2941} INFO - Sync 1 DAGs
[2025-10-16T17:32:26.243+0000] {logging_mixin.py:151} INFO - [2025-10-16T17:32:26.243+0000] {dag.py:3722} INFO - Setting next_dagrun for example_branch_python_operator_decorator to 2025-10-15T00:00:00+00:00, run_after=2025-10-16T00:00:00+00:00
[2025-10-16T17:32:26.305+0000] {processor.py:179} INFO - Processing /home/airflow/.local/lib/python3.8/site-packages/airflow/example_dags/example_branch_operator_decorator.py took 0.309 seconds
[2025-10-16T17:32:56.694+0000] {processor.py:157} INFO - Started process (PID=1055) to work on /home/airflow/.local/lib/python3.8/site-packages/airflow/example_dags/example_branch_operator_decorator.py
[2025-10-16T17:32:56.697+0000] {processor.py:829} INFO - Processing file /home/airflow/.local/lib/python3.8/site-packages/airflow/example_dags/example_branch_operator_decorator.py for tasks to queue
[2025-10-16T17:32:56.703+0000] {logging_mixin.py:151} INFO - [2025-10-16T17:32:56.701+0000] {dagbag.py:536} INFO - Filling up the DagBag from /home/airflow/.local/lib/python3.8/site-packages/airflow/example_dags/example_branch_operator_decorator.py
[2025-10-16T17:32:56.730+0000] {processor.py:839} INFO - DAG(s) dict_keys(['example_branch_python_operator_decorator']) retrieved from /home/airflow/.local/lib/python3.8/site-packages/airflow/example_dags/example_branch_operator_decorator.py
[2025-10-16T17:32:56.790+0000] {logging_mixin.py:151} INFO - [2025-10-16T17:32:56.790+0000] {dag.py:2941} INFO - Sync 1 DAGs
[2025-10-16T17:32:56.858+0000] {logging_mixin.py:151} INFO - [2025-10-16T17:32:56.857+0000] {dag.py:3722} INFO - Setting next_dagrun for example_branch_python_operator_decorator to 2025-10-15T00:00:00+00:00, run_after=2025-10-16T00:00:00+00:00
[2025-10-16T17:32:56.909+0000] {processor.py:179} INFO - Processing /home/airflow/.local/lib/python3.8/site-packages/airflow/example_dags/example_branch_operator_decorator.py took 0.224 seconds
[2025-10-16T17:33:27.192+0000] {processor.py:157} INFO - Started process (PID=1114) to work on /home/airflow/.local/lib/python3.8/site-packages/airflow/example_dags/example_branch_operator_decorator.py
[2025-10-16T17:33:27.200+0000] {processor.py:829} INFO - Processing file /home/airflow/.local/lib/python3.8/site-packages/airflow/example_dags/example_branch_operator_decorator.py for tasks to queue
[2025-10-16T17:33:27.218+0000] {logging_mixin.py:151} INFO - [2025-10-16T17:33:27.216+0000] {dagbag.py:536} INFO - Filling up the DagBag from /home/airflow/.local/lib/python3.8/site-packages/airflow/example_dags/example_branch_operator_decorator.py
[2025-10-16T17:33:27.294+0000] {processor.py:839} INFO - DAG(s) dict_keys(['example_branch_python_operator_decorator']) retrieved from /home/airflow/.local/lib/python3.8/site-packages/airflow/example_dags/example_branch_operator_decorator.py
[2025-10-16T17:33:27.472+0000] {logging_mixin.py:151} INFO - [2025-10-16T17:33:27.472+0000] {dag.py:2941} INFO - Sync 1 DAGs
[2025-10-16T17:33:27.525+0000] {logging_mixin.py:151} INFO - [2025-10-16T17:33:27.525+0000] {dag.py:3722} INFO - Setting next_dagrun for example_branch_python_operator_decorator to 2025-10-15T00:00:00+00:00, run_after=2025-10-16T00:00:00+00:00
[2025-10-16T17:33:27.569+0000] {processor.py:179} INFO - Processing /home/airflow/.local/lib/python3.8/site-packages/airflow/example_dags/example_branch_operator_decorator.py took 0.409 seconds
[2025-10-16T17:33:57.851+0000] {processor.py:157} INFO - Started process (PID=1173) to work on /home/airflow/.local/lib/python3.8/site-packages/airflow/example_dags/example_branch_operator_decorator.py
[2025-10-16T17:33:57.858+0000] {processor.py:829} INFO - Processing file /home/airflow/.local/lib/python3.8/site-packages/airflow/example_dags/example_branch_operator_decorator.py for tasks to queue
[2025-10-16T17:33:57.880+0000] {logging_mixin.py:151} INFO - [2025-10-16T17:33:57.877+0000] {dagbag.py:536} INFO - Filling up the DagBag from /home/airflow/.local/lib/python3.8/site-packages/airflow/example_dags/example_branch_operator_decorator.py
[2025-10-16T17:33:57.953+0000] {processor.py:839} INFO - DAG(s) dict_keys(['example_branch_python_operator_decorator']) retrieved from /home/airflow/.local/lib/python3.8/site-packages/airflow/example_dags/example_branch_operator_decorator.py
[2025-10-16T17:33:58.085+0000] {logging_mixin.py:151} INFO - [2025-10-16T17:33:58.085+0000] {dag.py:2941} INFO - Sync 1 DAGs
[2025-10-16T17:33:58.153+0000] {logging_mixin.py:151} INFO - [2025-10-16T17:33:58.152+0000] {dag.py:3722} INFO - Setting next_dagrun for example_branch_python_operator_decorator to 2025-10-15T00:00:00+00:00, run_after=2025-10-16T00:00:00+00:00
[2025-10-16T17:33:58.218+0000] {processor.py:179} INFO - Processing /home/airflow/.local/lib/python3.8/site-packages/airflow/example_dags/example_branch_operator_decorator.py took 0.389 seconds
[2025-10-16T17:34:28.617+0000] {processor.py:157} INFO - Started process (PID=1235) to work on /home/airflow/.local/lib/python3.8/site-packages/airflow/example_dags/example_branch_operator_decorator.py
[2025-10-16T17:34:28.624+0000] {processor.py:829} INFO - Processing file /home/airflow/.local/lib/python3.8/site-packages/airflow/example_dags/example_branch_operator_decorator.py for tasks to queue
[2025-10-16T17:34:28.639+0000] {logging_mixin.py:151} INFO - [2025-10-16T17:34:28.638+0000] {dagbag.py:536} INFO - Filling up the DagBag from /home/airflow/.local/lib/python3.8/site-packages/airflow/example_dags/example_branch_operator_decorator.py
[2025-10-16T17:34:28.718+0000] {processor.py:839} INFO - DAG(s) dict_keys(['example_branch_python_operator_decorator']) retrieved from /home/airflow/.local/lib/python3.8/site-packages/airflow/example_dags/example_branch_operator_decorator.py
[2025-10-16T17:34:28.919+0000] {logging_mixin.py:151} INFO - [2025-10-16T17:34:28.918+0000] {dag.py:2941} INFO - Sync 1 DAGs
[2025-10-16T17:34:29.116+0000] {logging_mixin.py:151} INFO - [2025-10-16T17:34:29.115+0000] {dag.py:3722} INFO - Setting next_dagrun for example_branch_python_operator_decorator to 2025-10-15T00:00:00+00:00, run_after=2025-10-16T00:00:00+00:00
[2025-10-16T17:34:29.370+0000] {processor.py:179} INFO - Processing /home/airflow/.local/lib/python3.8/site-packages/airflow/example_dags/example_branch_operator_decorator.py took 0.772 seconds
[2025-10-16T17:34:59.781+0000] {processor.py:157} INFO - Started process (PID=1293) to work on /home/airflow/.local/lib/python3.8/site-packages/airflow/example_dags/example_branch_operator_decorator.py
[2025-10-16T17:34:59.785+0000] {processor.py:829} INFO - Processing file /home/airflow/.local/lib/python3.8/site-packages/airflow/example_dags/example_branch_operator_decorator.py for tasks to queue
[2025-10-16T17:34:59.794+0000] {logging_mixin.py:151} INFO - [2025-10-16T17:34:59.793+0000] {dagbag.py:536} INFO - Filling up the DagBag from /home/airflow/.local/lib/python3.8/site-packages/airflow/example_dags/example_branch_operator_decorator.py
[2025-10-16T17:34:59.838+0000] {processor.py:839} INFO - DAG(s) dict_keys(['example_branch_python_operator_decorator']) retrieved from /home/airflow/.local/lib/python3.8/site-packages/airflow/example_dags/example_branch_operator_decorator.py
[2025-10-16T17:34:59.927+0000] {logging_mixin.py:151} INFO - [2025-10-16T17:34:59.926+0000] {dag.py:2941} INFO - Sync 1 DAGs
[2025-10-16T17:35:00.007+0000] {logging_mixin.py:151} INFO - [2025-10-16T17:35:00.006+0000] {dag.py:3722} INFO - Setting next_dagrun for example_branch_python_operator_decorator to 2025-10-15T00:00:00+00:00, run_after=2025-10-16T00:00:00+00:00
[2025-10-16T17:35:00.095+0000] {processor.py:179} INFO - Processing /home/airflow/.local/lib/python3.8/site-packages/airflow/example_dags/example_branch_operator_decorator.py took 0.326 seconds
[2025-10-16T17:35:30.589+0000] {processor.py:157} INFO - Started process (PID=1352) to work on /home/airflow/.local/lib/python3.8/site-packages/airflow/example_dags/example_branch_operator_decorator.py
[2025-10-16T17:35:30.603+0000] {processor.py:829} INFO - Processing file /home/airflow/.local/lib/python3.8/site-packages/airflow/example_dags/example_branch_operator_decorator.py for tasks to queue
[2025-10-16T17:35:30.623+0000] {logging_mixin.py:151} INFO - [2025-10-16T17:35:30.621+0000] {dagbag.py:536} INFO - Filling up the DagBag from /home/airflow/.local/lib/python3.8/site-packages/airflow/example_dags/example_branch_operator_decorator.py
[2025-10-16T17:35:30.681+0000] {processor.py:839} INFO - DAG(s) dict_keys(['example_branch_python_operator_decorator']) retrieved from /home/airflow/.local/lib/python3.8/site-packages/airflow/example_dags/example_branch_operator_decorator.py
[2025-10-16T17:35:30.736+0000] {logging_mixin.py:151} INFO - [2025-10-16T17:35:30.735+0000] {dag.py:2941} INFO - Sync 1 DAGs
[2025-10-16T17:35:30.788+0000] {logging_mixin.py:151} INFO - [2025-10-16T17:35:30.787+0000] {dag.py:3722} INFO - Setting next_dagrun for example_branch_python_operator_decorator to 2025-10-15T00:00:00+00:00, run_after=2025-10-16T00:00:00+00:00
[2025-10-16T17:35:30.833+0000] {processor.py:179} INFO - Processing /home/airflow/.local/lib/python3.8/site-packages/airflow/example_dags/example_branch_operator_decorator.py took 0.268 seconds
[2025-10-16T17:36:01.283+0000] {processor.py:157} INFO - Started process (PID=1411) to work on /home/airflow/.local/lib/python3.8/site-packages/airflow/example_dags/example_branch_operator_decorator.py
[2025-10-16T17:36:01.289+0000] {processor.py:829} INFO - Processing file /home/airflow/.local/lib/python3.8/site-packages/airflow/example_dags/example_branch_operator_decorator.py for tasks to queue
[2025-10-16T17:36:01.303+0000] {logging_mixin.py:151} INFO - [2025-10-16T17:36:01.302+0000] {dagbag.py:536} INFO - Filling up the DagBag from /home/airflow/.local/lib/python3.8/site-packages/airflow/example_dags/example_branch_operator_decorator.py
[2025-10-16T17:36:01.369+0000] {processor.py:839} INFO - DAG(s) dict_keys(['example_branch_python_operator_decorator']) retrieved from /home/airflow/.local/lib/python3.8/site-packages/airflow/example_dags/example_branch_operator_decorator.py
[2025-10-16T17:36:01.488+0000] {logging_mixin.py:151} INFO - [2025-10-16T17:36:01.487+0000] {dag.py:2941} INFO - Sync 1 DAGs
[2025-10-16T17:36:01.557+0000] {logging_mixin.py:151} INFO - [2025-10-16T17:36:01.557+0000] {dag.py:3722} INFO - Setting next_dagrun for example_branch_python_operator_decorator to 2025-10-15T00:00:00+00:00, run_after=2025-10-16T00:00:00+00:00
[2025-10-16T17:36:01.610+0000] {processor.py:179} INFO - Processing /home/airflow/.local/lib/python3.8/site-packages/airflow/example_dags/example_branch_operator_decorator.py took 0.348 seconds
[2025-10-16T17:36:32.240+0000] {processor.py:157} INFO - Started process (PID=1470) to work on /home/airflow/.local/lib/python3.8/site-packages/airflow/example_dags/example_branch_operator_decorator.py
[2025-10-16T17:36:32.246+0000] {processor.py:829} INFO - Processing file /home/airflow/.local/lib/python3.8/site-packages/airflow/example_dags/example_branch_operator_decorator.py for tasks to queue
[2025-10-16T17:36:32.263+0000] {logging_mixin.py:151} INFO - [2025-10-16T17:36:32.261+0000] {dagbag.py:536} INFO - Filling up the DagBag from /home/airflow/.local/lib/python3.8/site-packages/airflow/example_dags/example_branch_operator_decorator.py
[2025-10-16T17:36:32.329+0000] {processor.py:839} INFO - DAG(s) dict_keys(['example_branch_python_operator_decorator']) retrieved from /home/airflow/.local/lib/python3.8/site-packages/airflow/example_dags/example_branch_operator_decorator.py
[2025-10-16T17:36:32.468+0000] {logging_mixin.py:151} INFO - [2025-10-16T17:36:32.467+0000] {dag.py:2941} INFO - Sync 1 DAGs
[2025-10-16T17:36:32.623+0000] {logging_mixin.py:151} INFO - [2025-10-16T17:36:32.622+0000] {dag.py:3722} INFO - Setting next_dagrun for example_branch_python_operator_decorator to 2025-10-15T00:00:00+00:00, run_after=2025-10-16T00:00:00+00:00
[2025-10-16T17:36:32.788+0000] {processor.py:179} INFO - Processing /home/airflow/.local/lib/python3.8/site-packages/airflow/example_dags/example_branch_operator_decorator.py took 0.567 seconds
[2025-10-16T17:37:03.122+0000] {processor.py:157} INFO - Started process (PID=1530) to work on /home/airflow/.local/lib/python3.8/site-packages/airflow/example_dags/example_branch_operator_decorator.py
[2025-10-16T17:37:03.124+0000] {processor.py:829} INFO - Processing file /home/airflow/.local/lib/python3.8/site-packages/airflow/example_dags/example_branch_operator_decorator.py for tasks to queue
[2025-10-16T17:37:03.131+0000] {logging_mixin.py:151} INFO - [2025-10-16T17:37:03.130+0000] {dagbag.py:536} INFO - Filling up the DagBag from /home/airflow/.local/lib/python3.8/site-packages/airflow/example_dags/example_branch_operator_decorator.py
[2025-10-16T17:37:03.160+0000] {processor.py:839} INFO - DAG(s) dict_keys(['example_branch_python_operator_decorator']) retrieved from /home/airflow/.local/lib/python3.8/site-packages/airflow/example_dags/example_branch_operator_decorator.py
[2025-10-16T17:37:03.213+0000] {logging_mixin.py:151} INFO - [2025-10-16T17:37:03.213+0000] {dag.py:2941} INFO - Sync 1 DAGs
[2025-10-16T17:37:03.277+0000] {logging_mixin.py:151} INFO - [2025-10-16T17:37:03.277+0000] {dag.py:3722} INFO - Setting next_dagrun for example_branch_python_operator_decorator to 2025-10-15T00:00:00+00:00, run_after=2025-10-16T00:00:00+00:00
[2025-10-16T17:37:03.324+0000] {processor.py:179} INFO - Processing /home/airflow/.local/lib/python3.8/site-packages/airflow/example_dags/example_branch_operator_decorator.py took 0.213 seconds
[2025-10-16T17:37:33.696+0000] {processor.py:157} INFO - Started process (PID=1590) to work on /home/airflow/.local/lib/python3.8/site-packages/airflow/example_dags/example_branch_operator_decorator.py
[2025-10-16T17:37:33.699+0000] {processor.py:829} INFO - Processing file /home/airflow/.local/lib/python3.8/site-packages/airflow/example_dags/example_branch_operator_decorator.py for tasks to queue
[2025-10-16T17:37:33.707+0000] {logging_mixin.py:151} INFO - [2025-10-16T17:37:33.706+0000] {dagbag.py:536} INFO - Filling up the DagBag from /home/airflow/.local/lib/python3.8/site-packages/airflow/example_dags/example_branch_operator_decorator.py
[2025-10-16T17:37:33.737+0000] {processor.py:839} INFO - DAG(s) dict_keys(['example_branch_python_operator_decorator']) retrieved from /home/airflow/.local/lib/python3.8/site-packages/airflow/example_dags/example_branch_operator_decorator.py
[2025-10-16T17:37:33.795+0000] {logging_mixin.py:151} INFO - [2025-10-16T17:37:33.795+0000] {dag.py:2941} INFO - Sync 1 DAGs
[2025-10-16T17:37:33.862+0000] {logging_mixin.py:151} INFO - [2025-10-16T17:37:33.862+0000] {dag.py:3722} INFO - Setting next_dagrun for example_branch_python_operator_decorator to 2025-10-15T00:00:00+00:00, run_after=2025-10-16T00:00:00+00:00
[2025-10-16T17:37:33.938+0000] {processor.py:179} INFO - Processing /home/airflow/.local/lib/python3.8/site-packages/airflow/example_dags/example_branch_operator_decorator.py took 0.257 seconds
[2025-10-16T17:38:04.077+0000] {processor.py:157} INFO - Started process (PID=1649) to work on /home/airflow/.local/lib/python3.8/site-packages/airflow/example_dags/example_branch_operator_decorator.py
[2025-10-16T17:38:04.081+0000] {processor.py:829} INFO - Processing file /home/airflow/.local/lib/python3.8/site-packages/airflow/example_dags/example_branch_operator_decorator.py for tasks to queue
[2025-10-16T17:38:04.088+0000] {logging_mixin.py:151} INFO - [2025-10-16T17:38:04.087+0000] {dagbag.py:536} INFO - Filling up the DagBag from /home/airflow/.local/lib/python3.8/site-packages/airflow/example_dags/example_branch_operator_decorator.py
[2025-10-16T17:38:04.122+0000] {processor.py:839} INFO - DAG(s) dict_keys(['example_branch_python_operator_decorator']) retrieved from /home/airflow/.local/lib/python3.8/site-packages/airflow/example_dags/example_branch_operator_decorator.py
[2025-10-16T17:38:04.220+0000] {logging_mixin.py:151} INFO - [2025-10-16T17:38:04.220+0000] {dag.py:2941} INFO - Sync 1 DAGs
[2025-10-16T17:38:04.384+0000] {logging_mixin.py:151} INFO - [2025-10-16T17:38:04.384+0000] {dag.py:3722} INFO - Setting next_dagrun for example_branch_python_operator_decorator to 2025-10-15T00:00:00+00:00, run_after=2025-10-16T00:00:00+00:00
[2025-10-16T17:38:04.456+0000] {processor.py:179} INFO - Processing /home/airflow/.local/lib/python3.8/site-packages/airflow/example_dags/example_branch_operator_decorator.py took 0.391 seconds
[2025-10-16T17:38:34.894+0000] {processor.py:157} INFO - Started process (PID=1708) to work on /home/airflow/.local/lib/python3.8/site-packages/airflow/example_dags/example_branch_operator_decorator.py
[2025-10-16T17:38:34.898+0000] {processor.py:829} INFO - Processing file /home/airflow/.local/lib/python3.8/site-packages/airflow/example_dags/example_branch_operator_decorator.py for tasks to queue
[2025-10-16T17:38:34.906+0000] {logging_mixin.py:151} INFO - [2025-10-16T17:38:34.905+0000] {dagbag.py:536} INFO - Filling up the DagBag from /home/airflow/.local/lib/python3.8/site-packages/airflow/example_dags/example_branch_operator_decorator.py
[2025-10-16T17:38:34.935+0000] {processor.py:839} INFO - DAG(s) dict_keys(['example_branch_python_operator_decorator']) retrieved from /home/airflow/.local/lib/python3.8/site-packages/airflow/example_dags/example_branch_operator_decorator.py
[2025-10-16T17:38:35.005+0000] {logging_mixin.py:151} INFO - [2025-10-16T17:38:35.004+0000] {dag.py:2941} INFO - Sync 1 DAGs
[2025-10-16T17:38:35.052+0000] {logging_mixin.py:151} INFO - [2025-10-16T17:38:35.052+0000] {dag.py:3722} INFO - Setting next_dagrun for example_branch_python_operator_decorator to 2025-10-15T00:00:00+00:00, run_after=2025-10-16T00:00:00+00:00
[2025-10-16T17:38:35.092+0000] {processor.py:179} INFO - Processing /home/airflow/.local/lib/python3.8/site-packages/airflow/example_dags/example_branch_operator_decorator.py took 0.212 seconds
[2025-10-16T17:39:05.544+0000] {processor.py:157} INFO - Started process (PID=1767) to work on /home/airflow/.local/lib/python3.8/site-packages/airflow/example_dags/example_branch_operator_decorator.py
[2025-10-16T17:39:05.548+0000] {processor.py:829} INFO - Processing file /home/airflow/.local/lib/python3.8/site-packages/airflow/example_dags/example_branch_operator_decorator.py for tasks to queue
[2025-10-16T17:39:05.562+0000] {logging_mixin.py:151} INFO - [2025-10-16T17:39:05.560+0000] {dagbag.py:536} INFO - Filling up the DagBag from /home/airflow/.local/lib/python3.8/site-packages/airflow/example_dags/example_branch_operator_decorator.py
[2025-10-16T17:39:05.622+0000] {processor.py:839} INFO - DAG(s) dict_keys(['example_branch_python_operator_decorator']) retrieved from /home/airflow/.local/lib/python3.8/site-packages/airflow/example_dags/example_branch_operator_decorator.py
[2025-10-16T17:39:05.741+0000] {logging_mixin.py:151} INFO - [2025-10-16T17:39:05.740+0000] {dag.py:2941} INFO - Sync 1 DAGs
[2025-10-16T17:39:05.898+0000] {logging_mixin.py:151} INFO - [2025-10-16T17:39:05.897+0000] {dag.py:3722} INFO - Setting next_dagrun for example_branch_python_operator_decorator to 2025-10-15T00:00:00+00:00, run_after=2025-10-16T00:00:00+00:00
[2025-10-16T17:39:05.988+0000] {processor.py:179} INFO - Processing /home/airflow/.local/lib/python3.8/site-packages/airflow/example_dags/example_branch_operator_decorator.py took 0.471 seconds
[2025-10-16T17:39:36.415+0000] {processor.py:157} INFO - Started process (PID=1825) to work on /home/airflow/.local/lib/python3.8/site-packages/airflow/example_dags/example_branch_operator_decorator.py
[2025-10-16T17:39:36.418+0000] {processor.py:829} INFO - Processing file /home/airflow/.local/lib/python3.8/site-packages/airflow/example_dags/example_branch_operator_decorator.py for tasks to queue
[2025-10-16T17:39:36.425+0000] {logging_mixin.py:151} INFO - [2025-10-16T17:39:36.424+0000] {dagbag.py:536} INFO - Filling up the DagBag from /home/airflow/.local/lib/python3.8/site-packages/airflow/example_dags/example_branch_operator_decorator.py
[2025-10-16T17:39:36.460+0000] {processor.py:839} INFO - DAG(s) dict_keys(['example_branch_python_operator_decorator']) retrieved from /home/airflow/.local/lib/python3.8/site-packages/airflow/example_dags/example_branch_operator_decorator.py
[2025-10-16T17:39:36.525+0000] {logging_mixin.py:151} INFO - [2025-10-16T17:39:36.525+0000] {dag.py:2941} INFO - Sync 1 DAGs
[2025-10-16T17:39:36.584+0000] {logging_mixin.py:151} INFO - [2025-10-16T17:39:36.583+0000] {dag.py:3722} INFO - Setting next_dagrun for example_branch_python_operator_decorator to 2025-10-15T00:00:00+00:00, run_after=2025-10-16T00:00:00+00:00
[2025-10-16T17:39:36.628+0000] {processor.py:179} INFO - Processing /home/airflow/.local/lib/python3.8/site-packages/airflow/example_dags/example_branch_operator_decorator.py took 0.225 seconds
[2025-10-16T17:40:07.297+0000] {processor.py:157} INFO - Started process (PID=1884) to work on /home/airflow/.local/lib/python3.8/site-packages/airflow/example_dags/example_branch_operator_decorator.py
[2025-10-16T17:40:07.300+0000] {processor.py:829} INFO - Processing file /home/airflow/.local/lib/python3.8/site-packages/airflow/example_dags/example_branch_operator_decorator.py for tasks to queue
[2025-10-16T17:40:07.306+0000] {logging_mixin.py:151} INFO - [2025-10-16T17:40:07.306+0000] {dagbag.py:536} INFO - Filling up the DagBag from /home/airflow/.local/lib/python3.8/site-packages/airflow/example_dags/example_branch_operator_decorator.py
[2025-10-16T17:40:07.344+0000] {processor.py:839} INFO - DAG(s) dict_keys(['example_branch_python_operator_decorator']) retrieved from /home/airflow/.local/lib/python3.8/site-packages/airflow/example_dags/example_branch_operator_decorator.py
[2025-10-16T17:40:07.408+0000] {logging_mixin.py:151} INFO - [2025-10-16T17:40:07.408+0000] {dag.py:2941} INFO - Sync 1 DAGs
[2025-10-16T17:40:07.480+0000] {logging_mixin.py:151} INFO - [2025-10-16T17:40:07.479+0000] {dag.py:3722} INFO - Setting next_dagrun for example_branch_python_operator_decorator to 2025-10-15T00:00:00+00:00, run_after=2025-10-16T00:00:00+00:00
[2025-10-16T17:40:07.535+0000] {processor.py:179} INFO - Processing /home/airflow/.local/lib/python3.8/site-packages/airflow/example_dags/example_branch_operator_decorator.py took 0.251 seconds
[2025-10-16T17:40:37.937+0000] {processor.py:157} INFO - Started process (PID=1943) to work on /home/airflow/.local/lib/python3.8/site-packages/airflow/example_dags/example_branch_operator_decorator.py
[2025-10-16T17:40:37.942+0000] {processor.py:829} INFO - Processing file /home/airflow/.local/lib/python3.8/site-packages/airflow/example_dags/example_branch_operator_decorator.py for tasks to queue
[2025-10-16T17:40:37.958+0000] {logging_mixin.py:151} INFO - [2025-10-16T17:40:37.956+0000] {dagbag.py:536} INFO - Filling up the DagBag from /home/airflow/.local/lib/python3.8/site-packages/airflow/example_dags/example_branch_operator_decorator.py
[2025-10-16T17:40:38.022+0000] {processor.py:839} INFO - DAG(s) dict_keys(['example_branch_python_operator_decorator']) retrieved from /home/airflow/.local/lib/python3.8/site-packages/airflow/example_dags/example_branch_operator_decorator.py
[2025-10-16T17:40:38.150+0000] {logging_mixin.py:151} INFO - [2025-10-16T17:40:38.149+0000] {dag.py:2941} INFO - Sync 1 DAGs
[2025-10-16T17:40:38.225+0000] {logging_mixin.py:151} INFO - [2025-10-16T17:40:38.225+0000] {dag.py:3722} INFO - Setting next_dagrun for example_branch_python_operator_decorator to 2025-10-15T00:00:00+00:00, run_after=2025-10-16T00:00:00+00:00
[2025-10-16T17:40:38.277+0000] {processor.py:179} INFO - Processing /home/airflow/.local/lib/python3.8/site-packages/airflow/example_dags/example_branch_operator_decorator.py took 0.356 seconds
[2025-10-16T17:41:08.720+0000] {processor.py:157} INFO - Started process (PID=2002) to work on /home/airflow/.local/lib/python3.8/site-packages/airflow/example_dags/example_branch_operator_decorator.py
[2025-10-16T17:41:08.722+0000] {processor.py:829} INFO - Processing file /home/airflow/.local/lib/python3.8/site-packages/airflow/example_dags/example_branch_operator_decorator.py for tasks to queue
[2025-10-16T17:41:08.729+0000] {logging_mixin.py:151} INFO - [2025-10-16T17:41:08.728+0000] {dagbag.py:536} INFO - Filling up the DagBag from /home/airflow/.local/lib/python3.8/site-packages/airflow/example_dags/example_branch_operator_decorator.py
[2025-10-16T17:41:08.752+0000] {processor.py:839} INFO - DAG(s) dict_keys(['example_branch_python_operator_decorator']) retrieved from /home/airflow/.local/lib/python3.8/site-packages/airflow/example_dags/example_branch_operator_decorator.py
[2025-10-16T17:41:08.813+0000] {logging_mixin.py:151} INFO - [2025-10-16T17:41:08.812+0000] {dag.py:2941} INFO - Sync 1 DAGs
[2025-10-16T17:41:08.994+0000] {logging_mixin.py:151} INFO - [2025-10-16T17:41:08.994+0000] {dag.py:3722} INFO - Setting next_dagrun for example_branch_python_operator_decorator to 2025-10-15T00:00:00+00:00, run_after=2025-10-16T00:00:00+00:00
[2025-10-16T17:41:09.156+0000] {processor.py:179} INFO - Processing /home/airflow/.local/lib/python3.8/site-packages/airflow/example_dags/example_branch_operator_decorator.py took 0.444 seconds
[2025-10-16T17:41:39.539+0000] {processor.py:157} INFO - Started process (PID=2061) to work on /home/airflow/.local/lib/python3.8/site-packages/airflow/example_dags/example_branch_operator_decorator.py
[2025-10-16T17:41:39.546+0000] {processor.py:829} INFO - Processing file /home/airflow/.local/lib/python3.8/site-packages/airflow/example_dags/example_branch_operator_decorator.py for tasks to queue
[2025-10-16T17:41:39.555+0000] {logging_mixin.py:151} INFO - [2025-10-16T17:41:39.554+0000] {dagbag.py:536} INFO - Filling up the DagBag from /home/airflow/.local/lib/python3.8/site-packages/airflow/example_dags/example_branch_operator_decorator.py
[2025-10-16T17:41:39.597+0000] {processor.py:839} INFO - DAG(s) dict_keys(['example_branch_python_operator_decorator']) retrieved from /home/airflow/.local/lib/python3.8/site-packages/airflow/example_dags/example_branch_operator_decorator.py
[2025-10-16T17:41:39.680+0000] {logging_mixin.py:151} INFO - [2025-10-16T17:41:39.680+0000] {dag.py:2941} INFO - Sync 1 DAGs
[2025-10-16T17:41:39.753+0000] {logging_mixin.py:151} INFO - [2025-10-16T17:41:39.752+0000] {dag.py:3722} INFO - Setting next_dagrun for example_branch_python_operator_decorator to 2025-10-15T00:00:00+00:00, run_after=2025-10-16T00:00:00+00:00
[2025-10-16T17:41:39.857+0000] {processor.py:179} INFO - Processing /home/airflow/.local/lib/python3.8/site-packages/airflow/example_dags/example_branch_operator_decorator.py took 0.334 seconds
[2025-10-16T17:42:10.802+0000] {processor.py:157} INFO - Started process (PID=2120) to work on /home/airflow/.local/lib/python3.8/site-packages/airflow/example_dags/example_branch_operator_decorator.py
[2025-10-16T17:42:10.807+0000] {processor.py:829} INFO - Processing file /home/airflow/.local/lib/python3.8/site-packages/airflow/example_dags/example_branch_operator_decorator.py for tasks to queue
[2025-10-16T17:42:10.817+0000] {logging_mixin.py:151} INFO - [2025-10-16T17:42:10.816+0000] {dagbag.py:536} INFO - Filling up the DagBag from /home/airflow/.local/lib/python3.8/site-packages/airflow/example_dags/example_branch_operator_decorator.py
[2025-10-16T17:42:10.850+0000] {processor.py:839} INFO - DAG(s) dict_keys(['example_branch_python_operator_decorator']) retrieved from /home/airflow/.local/lib/python3.8/site-packages/airflow/example_dags/example_branch_operator_decorator.py
[2025-10-16T17:42:10.931+0000] {logging_mixin.py:151} INFO - [2025-10-16T17:42:10.931+0000] {dag.py:2941} INFO - Sync 1 DAGs
[2025-10-16T17:42:11.017+0000] {logging_mixin.py:151} INFO - [2025-10-16T17:42:11.016+0000] {dag.py:3722} INFO - Setting next_dagrun for example_branch_python_operator_decorator to 2025-10-15T00:00:00+00:00, run_after=2025-10-16T00:00:00+00:00
[2025-10-16T17:42:11.074+0000] {processor.py:179} INFO - Processing /home/airflow/.local/lib/python3.8/site-packages/airflow/example_dags/example_branch_operator_decorator.py took 0.341 seconds
[2025-10-16T17:42:41.257+0000] {processor.py:157} INFO - Started process (PID=2179) to work on /home/airflow/.local/lib/python3.8/site-packages/airflow/example_dags/example_branch_operator_decorator.py
[2025-10-16T17:42:41.262+0000] {processor.py:829} INFO - Processing file /home/airflow/.local/lib/python3.8/site-packages/airflow/example_dags/example_branch_operator_decorator.py for tasks to queue
[2025-10-16T17:42:41.274+0000] {logging_mixin.py:151} INFO - [2025-10-16T17:42:41.272+0000] {dagbag.py:536} INFO - Filling up the DagBag from /home/airflow/.local/lib/python3.8/site-packages/airflow/example_dags/example_branch_operator_decorator.py
[2025-10-16T17:42:41.335+0000] {processor.py:839} INFO - DAG(s) dict_keys(['example_branch_python_operator_decorator']) retrieved from /home/airflow/.local/lib/python3.8/site-packages/airflow/example_dags/example_branch_operator_decorator.py
[2025-10-16T17:42:41.477+0000] {logging_mixin.py:151} INFO - [2025-10-16T17:42:41.476+0000] {dag.py:2941} INFO - Sync 1 DAGs
[2025-10-16T17:42:41.551+0000] {logging_mixin.py:151} INFO - [2025-10-16T17:42:41.551+0000] {dag.py:3722} INFO - Setting next_dagrun for example_branch_python_operator_decorator to 2025-10-15T00:00:00+00:00, run_after=2025-10-16T00:00:00+00:00
[2025-10-16T17:42:41.601+0000] {processor.py:179} INFO - Processing /home/airflow/.local/lib/python3.8/site-packages/airflow/example_dags/example_branch_operator_decorator.py took 0.362 seconds
[2025-10-16T17:43:11.725+0000] {processor.py:157} INFO - Started process (PID=2238) to work on /home/airflow/.local/lib/python3.8/site-packages/airflow/example_dags/example_branch_operator_decorator.py
[2025-10-16T17:43:11.728+0000] {processor.py:829} INFO - Processing file /home/airflow/.local/lib/python3.8/site-packages/airflow/example_dags/example_branch_operator_decorator.py for tasks to queue
[2025-10-16T17:43:11.735+0000] {logging_mixin.py:151} INFO - [2025-10-16T17:43:11.735+0000] {dagbag.py:536} INFO - Filling up the DagBag from /home/airflow/.local/lib/python3.8/site-packages/airflow/example_dags/example_branch_operator_decorator.py
[2025-10-16T17:43:11.769+0000] {processor.py:839} INFO - DAG(s) dict_keys(['example_branch_python_operator_decorator']) retrieved from /home/airflow/.local/lib/python3.8/site-packages/airflow/example_dags/example_branch_operator_decorator.py
[2025-10-16T17:43:11.899+0000] {logging_mixin.py:151} INFO - [2025-10-16T17:43:11.899+0000] {dag.py:2941} INFO - Sync 1 DAGs
[2025-10-16T17:43:11.951+0000] {logging_mixin.py:151} INFO - [2025-10-16T17:43:11.950+0000] {dag.py:3722} INFO - Setting next_dagrun for example_branch_python_operator_decorator to 2025-10-15T00:00:00+00:00, run_after=2025-10-16T00:00:00+00:00
[2025-10-16T17:43:11.992+0000] {processor.py:179} INFO - Processing /home/airflow/.local/lib/python3.8/site-packages/airflow/example_dags/example_branch_operator_decorator.py took 0.280 seconds
[2025-10-16T17:43:42.179+0000] {processor.py:157} INFO - Started process (PID=2296) to work on /home/airflow/.local/lib/python3.8/site-packages/airflow/example_dags/example_branch_operator_decorator.py
[2025-10-16T17:43:42.182+0000] {processor.py:829} INFO - Processing file /home/airflow/.local/lib/python3.8/site-packages/airflow/example_dags/example_branch_operator_decorator.py for tasks to queue
[2025-10-16T17:43:42.189+0000] {logging_mixin.py:151} INFO - [2025-10-16T17:43:42.188+0000] {dagbag.py:536} INFO - Filling up the DagBag from /home/airflow/.local/lib/python3.8/site-packages/airflow/example_dags/example_branch_operator_decorator.py
[2025-10-16T17:43:42.224+0000] {processor.py:839} INFO - DAG(s) dict_keys(['example_branch_python_operator_decorator']) retrieved from /home/airflow/.local/lib/python3.8/site-packages/airflow/example_dags/example_branch_operator_decorator.py
[2025-10-16T17:43:42.320+0000] {logging_mixin.py:151} INFO - [2025-10-16T17:43:42.320+0000] {dag.py:2941} INFO - Sync 1 DAGs
[2025-10-16T17:43:42.387+0000] {logging_mixin.py:151} INFO - [2025-10-16T17:43:42.386+0000] {dag.py:3722} INFO - Setting next_dagrun for example_branch_python_operator_decorator to 2025-10-15T00:00:00+00:00, run_after=2025-10-16T00:00:00+00:00
[2025-10-16T17:43:42.724+0000] {processor.py:179} INFO - Processing /home/airflow/.local/lib/python3.8/site-packages/airflow/example_dags/example_branch_operator_decorator.py took 0.555 seconds
[2025-10-16T17:44:13.658+0000] {processor.py:157} INFO - Started process (PID=2355) to work on /home/airflow/.local/lib/python3.8/site-packages/airflow/example_dags/example_branch_operator_decorator.py
[2025-10-16T17:44:13.674+0000] {processor.py:829} INFO - Processing file /home/airflow/.local/lib/python3.8/site-packages/airflow/example_dags/example_branch_operator_decorator.py for tasks to queue
[2025-10-16T17:44:13.690+0000] {logging_mixin.py:151} INFO - [2025-10-16T17:44:13.688+0000] {dagbag.py:536} INFO - Filling up the DagBag from /home/airflow/.local/lib/python3.8/site-packages/airflow/example_dags/example_branch_operator_decorator.py
[2025-10-16T17:44:13.751+0000] {processor.py:839} INFO - DAG(s) dict_keys(['example_branch_python_operator_decorator']) retrieved from /home/airflow/.local/lib/python3.8/site-packages/airflow/example_dags/example_branch_operator_decorator.py
[2025-10-16T17:44:13.864+0000] {logging_mixin.py:151} INFO - [2025-10-16T17:44:13.863+0000] {dag.py:2941} INFO - Sync 1 DAGs
[2025-10-16T17:44:13.950+0000] {logging_mixin.py:151} INFO - [2025-10-16T17:44:13.949+0000] {dag.py:3722} INFO - Setting next_dagrun for example_branch_python_operator_decorator to 2025-10-15T00:00:00+00:00, run_after=2025-10-16T00:00:00+00:00
[2025-10-16T17:44:14.018+0000] {processor.py:179} INFO - Processing /home/airflow/.local/lib/python3.8/site-packages/airflow/example_dags/example_branch_operator_decorator.py took 0.382 seconds
[2025-10-16T17:44:44.272+0000] {processor.py:157} INFO - Started process (PID=2415) to work on /home/airflow/.local/lib/python3.8/site-packages/airflow/example_dags/example_branch_operator_decorator.py
[2025-10-16T17:44:44.274+0000] {processor.py:829} INFO - Processing file /home/airflow/.local/lib/python3.8/site-packages/airflow/example_dags/example_branch_operator_decorator.py for tasks to queue
[2025-10-16T17:44:44.279+0000] {logging_mixin.py:151} INFO - [2025-10-16T17:44:44.279+0000] {dagbag.py:536} INFO - Filling up the DagBag from /home/airflow/.local/lib/python3.8/site-packages/airflow/example_dags/example_branch_operator_decorator.py
[2025-10-16T17:44:44.306+0000] {processor.py:839} INFO - DAG(s) dict_keys(['example_branch_python_operator_decorator']) retrieved from /home/airflow/.local/lib/python3.8/site-packages/airflow/example_dags/example_branch_operator_decorator.py
[2025-10-16T17:44:44.368+0000] {logging_mixin.py:151} INFO - [2025-10-16T17:44:44.368+0000] {dag.py:2941} INFO - Sync 1 DAGs
[2025-10-16T17:44:44.449+0000] {logging_mixin.py:151} INFO - [2025-10-16T17:44:44.448+0000] {dag.py:3722} INFO - Setting next_dagrun for example_branch_python_operator_decorator to 2025-10-15T00:00:00+00:00, run_after=2025-10-16T00:00:00+00:00
[2025-10-16T17:44:44.509+0000] {processor.py:179} INFO - Processing /home/airflow/.local/lib/python3.8/site-packages/airflow/example_dags/example_branch_operator_decorator.py took 0.247 seconds
[2025-10-16T17:45:14.625+0000] {processor.py:157} INFO - Started process (PID=2474) to work on /home/airflow/.local/lib/python3.8/site-packages/airflow/example_dags/example_branch_operator_decorator.py
[2025-10-16T17:45:14.628+0000] {processor.py:829} INFO - Processing file /home/airflow/.local/lib/python3.8/site-packages/airflow/example_dags/example_branch_operator_decorator.py for tasks to queue
[2025-10-16T17:45:14.635+0000] {logging_mixin.py:151} INFO - [2025-10-16T17:45:14.634+0000] {dagbag.py:536} INFO - Filling up the DagBag from /home/airflow/.local/lib/python3.8/site-packages/airflow/example_dags/example_branch_operator_decorator.py
[2025-10-16T17:45:14.717+0000] {processor.py:839} INFO - DAG(s) dict_keys(['example_branch_python_operator_decorator']) retrieved from /home/airflow/.local/lib/python3.8/site-packages/airflow/example_dags/example_branch_operator_decorator.py
[2025-10-16T17:45:14.800+0000] {logging_mixin.py:151} INFO - [2025-10-16T17:45:14.799+0000] {dag.py:2941} INFO - Sync 1 DAGs
[2025-10-16T17:45:15.216+0000] {logging_mixin.py:151} INFO - [2025-10-16T17:45:15.215+0000] {dag.py:3722} INFO - Setting next_dagrun for example_branch_python_operator_decorator to 2025-10-15T00:00:00+00:00, run_after=2025-10-16T00:00:00+00:00
[2025-10-16T17:45:15.271+0000] {processor.py:179} INFO - Processing /home/airflow/.local/lib/python3.8/site-packages/airflow/example_dags/example_branch_operator_decorator.py took 0.655 seconds
[2025-10-16T17:45:45.394+0000] {processor.py:157} INFO - Started process (PID=2534) to work on /home/airflow/.local/lib/python3.8/site-packages/airflow/example_dags/example_branch_operator_decorator.py
[2025-10-16T17:45:45.399+0000] {processor.py:829} INFO - Processing file /home/airflow/.local/lib/python3.8/site-packages/airflow/example_dags/example_branch_operator_decorator.py for tasks to queue
[2025-10-16T17:45:45.412+0000] {logging_mixin.py:151} INFO - [2025-10-16T17:45:45.411+0000] {dagbag.py:536} INFO - Filling up the DagBag from /home/airflow/.local/lib/python3.8/site-packages/airflow/example_dags/example_branch_operator_decorator.py
[2025-10-16T17:45:45.462+0000] {processor.py:839} INFO - DAG(s) dict_keys(['example_branch_python_operator_decorator']) retrieved from /home/airflow/.local/lib/python3.8/site-packages/airflow/example_dags/example_branch_operator_decorator.py
[2025-10-16T17:45:45.568+0000] {logging_mixin.py:151} INFO - [2025-10-16T17:45:45.568+0000] {dag.py:2941} INFO - Sync 1 DAGs
[2025-10-16T17:45:45.682+0000] {logging_mixin.py:151} INFO - [2025-10-16T17:45:45.681+0000] {dag.py:3722} INFO - Setting next_dagrun for example_branch_python_operator_decorator to 2025-10-15T00:00:00+00:00, run_after=2025-10-16T00:00:00+00:00
[2025-10-16T17:45:46.090+0000] {processor.py:179} INFO - Processing /home/airflow/.local/lib/python3.8/site-packages/airflow/example_dags/example_branch_operator_decorator.py took 0.712 seconds
[2025-10-16T17:46:16.866+0000] {processor.py:157} INFO - Started process (PID=2594) to work on /home/airflow/.local/lib/python3.8/site-packages/airflow/example_dags/example_branch_operator_decorator.py
[2025-10-16T17:46:16.868+0000] {processor.py:829} INFO - Processing file /home/airflow/.local/lib/python3.8/site-packages/airflow/example_dags/example_branch_operator_decorator.py for tasks to queue
[2025-10-16T17:46:16.874+0000] {logging_mixin.py:151} INFO - [2025-10-16T17:46:16.873+0000] {dagbag.py:536} INFO - Filling up the DagBag from /home/airflow/.local/lib/python3.8/site-packages/airflow/example_dags/example_branch_operator_decorator.py
[2025-10-16T17:46:16.897+0000] {processor.py:839} INFO - DAG(s) dict_keys(['example_branch_python_operator_decorator']) retrieved from /home/airflow/.local/lib/python3.8/site-packages/airflow/example_dags/example_branch_operator_decorator.py
[2025-10-16T17:46:16.948+0000] {logging_mixin.py:151} INFO - [2025-10-16T17:46:16.948+0000] {dag.py:2941} INFO - Sync 1 DAGs
[2025-10-16T17:46:17.002+0000] {logging_mixin.py:151} INFO - [2025-10-16T17:46:17.001+0000] {dag.py:3722} INFO - Setting next_dagrun for example_branch_python_operator_decorator to 2025-10-15T00:00:00+00:00, run_after=2025-10-16T00:00:00+00:00
[2025-10-16T17:46:17.065+0000] {processor.py:179} INFO - Processing /home/airflow/.local/lib/python3.8/site-packages/airflow/example_dags/example_branch_operator_decorator.py took 0.208 seconds
[2025-10-16T17:51:54.991+0000] {processor.py:157} INFO - Started process (PID=110) to work on /home/airflow/.local/lib/python3.8/site-packages/airflow/example_dags/example_branch_operator_decorator.py
[2025-10-16T17:51:54.994+0000] {processor.py:829} INFO - Processing file /home/airflow/.local/lib/python3.8/site-packages/airflow/example_dags/example_branch_operator_decorator.py for tasks to queue
[2025-10-16T17:51:55.000+0000] {logging_mixin.py:151} INFO - [2025-10-16T17:51:54.999+0000] {dagbag.py:536} INFO - Filling up the DagBag from /home/airflow/.local/lib/python3.8/site-packages/airflow/example_dags/example_branch_operator_decorator.py
[2025-10-16T17:51:55.054+0000] {processor.py:839} INFO - DAG(s) dict_keys(['example_branch_python_operator_decorator']) retrieved from /home/airflow/.local/lib/python3.8/site-packages/airflow/example_dags/example_branch_operator_decorator.py
[2025-10-16T17:51:55.148+0000] {logging_mixin.py:151} INFO - [2025-10-16T17:51:55.147+0000] {dag.py:2941} INFO - Sync 1 DAGs
[2025-10-16T17:51:55.241+0000] {logging_mixin.py:151} INFO - [2025-10-16T17:51:55.241+0000] {dag.py:3722} INFO - Setting next_dagrun for example_branch_python_operator_decorator to 2025-10-15T00:00:00+00:00, run_after=2025-10-16T00:00:00+00:00
[2025-10-16T17:51:55.331+0000] {processor.py:179} INFO - Processing /home/airflow/.local/lib/python3.8/site-packages/airflow/example_dags/example_branch_operator_decorator.py took 0.348 seconds
[2025-10-16T17:52:26.909+0000] {processor.py:157} INFO - Started process (PID=169) to work on /home/airflow/.local/lib/python3.8/site-packages/airflow/example_dags/example_branch_operator_decorator.py
[2025-10-16T17:52:26.915+0000] {processor.py:829} INFO - Processing file /home/airflow/.local/lib/python3.8/site-packages/airflow/example_dags/example_branch_operator_decorator.py for tasks to queue
[2025-10-16T17:52:26.941+0000] {logging_mixin.py:151} INFO - [2025-10-16T17:52:26.940+0000] {dagbag.py:536} INFO - Filling up the DagBag from /home/airflow/.local/lib/python3.8/site-packages/airflow/example_dags/example_branch_operator_decorator.py
[2025-10-16T17:52:27.031+0000] {processor.py:839} INFO - DAG(s) dict_keys(['example_branch_python_operator_decorator']) retrieved from /home/airflow/.local/lib/python3.8/site-packages/airflow/example_dags/example_branch_operator_decorator.py
[2025-10-16T17:52:27.262+0000] {logging_mixin.py:151} INFO - [2025-10-16T17:52:27.261+0000] {dag.py:2941} INFO - Sync 1 DAGs
[2025-10-16T17:52:27.525+0000] {logging_mixin.py:151} INFO - [2025-10-16T17:52:27.524+0000] {dag.py:3722} INFO - Setting next_dagrun for example_branch_python_operator_decorator to 2025-10-15T00:00:00+00:00, run_after=2025-10-16T00:00:00+00:00
[2025-10-16T17:52:27.644+0000] {processor.py:179} INFO - Processing /home/airflow/.local/lib/python3.8/site-packages/airflow/example_dags/example_branch_operator_decorator.py took 0.751 seconds
[2025-10-16T17:52:59.060+0000] {processor.py:157} INFO - Started process (PID=227) to work on /home/airflow/.local/lib/python3.8/site-packages/airflow/example_dags/example_branch_operator_decorator.py
[2025-10-16T17:52:59.063+0000] {processor.py:829} INFO - Processing file /home/airflow/.local/lib/python3.8/site-packages/airflow/example_dags/example_branch_operator_decorator.py for tasks to queue
[2025-10-16T17:52:59.070+0000] {logging_mixin.py:151} INFO - [2025-10-16T17:52:59.069+0000] {dagbag.py:536} INFO - Filling up the DagBag from /home/airflow/.local/lib/python3.8/site-packages/airflow/example_dags/example_branch_operator_decorator.py
[2025-10-16T17:52:59.097+0000] {processor.py:839} INFO - DAG(s) dict_keys(['example_branch_python_operator_decorator']) retrieved from /home/airflow/.local/lib/python3.8/site-packages/airflow/example_dags/example_branch_operator_decorator.py
[2025-10-16T17:52:59.160+0000] {logging_mixin.py:151} INFO - [2025-10-16T17:52:59.159+0000] {dag.py:2941} INFO - Sync 1 DAGs
[2025-10-16T17:52:59.229+0000] {logging_mixin.py:151} INFO - [2025-10-16T17:52:59.228+0000] {dag.py:3722} INFO - Setting next_dagrun for example_branch_python_operator_decorator to 2025-10-15T00:00:00+00:00, run_after=2025-10-16T00:00:00+00:00
[2025-10-16T17:52:59.287+0000] {processor.py:179} INFO - Processing /home/airflow/.local/lib/python3.8/site-packages/airflow/example_dags/example_branch_operator_decorator.py took 0.235 seconds
[2025-10-16T17:53:30.559+0000] {processor.py:157} INFO - Started process (PID=286) to work on /home/airflow/.local/lib/python3.8/site-packages/airflow/example_dags/example_branch_operator_decorator.py
[2025-10-16T17:53:30.562+0000] {processor.py:829} INFO - Processing file /home/airflow/.local/lib/python3.8/site-packages/airflow/example_dags/example_branch_operator_decorator.py for tasks to queue
[2025-10-16T17:53:30.569+0000] {logging_mixin.py:151} INFO - [2025-10-16T17:53:30.568+0000] {dagbag.py:536} INFO - Filling up the DagBag from /home/airflow/.local/lib/python3.8/site-packages/airflow/example_dags/example_branch_operator_decorator.py
[2025-10-16T17:53:30.608+0000] {processor.py:839} INFO - DAG(s) dict_keys(['example_branch_python_operator_decorator']) retrieved from /home/airflow/.local/lib/python3.8/site-packages/airflow/example_dags/example_branch_operator_decorator.py
[2025-10-16T17:53:30.715+0000] {logging_mixin.py:151} INFO - [2025-10-16T17:53:30.709+0000] {dag.py:2941} INFO - Sync 1 DAGs
[2025-10-16T17:53:30.843+0000] {logging_mixin.py:151} INFO - [2025-10-16T17:53:30.842+0000] {dag.py:3722} INFO - Setting next_dagrun for example_branch_python_operator_decorator to 2025-10-15T00:00:00+00:00, run_after=2025-10-16T00:00:00+00:00
[2025-10-16T17:53:30.925+0000] {processor.py:179} INFO - Processing /home/airflow/.local/lib/python3.8/site-packages/airflow/example_dags/example_branch_operator_decorator.py took 0.378 seconds
[2025-10-16T17:54:01.459+0000] {processor.py:157} INFO - Started process (PID=352) to work on /home/airflow/.local/lib/python3.8/site-packages/airflow/example_dags/example_branch_operator_decorator.py
[2025-10-16T17:54:01.462+0000] {processor.py:829} INFO - Processing file /home/airflow/.local/lib/python3.8/site-packages/airflow/example_dags/example_branch_operator_decorator.py for tasks to queue
[2025-10-16T17:54:01.472+0000] {logging_mixin.py:151} INFO - [2025-10-16T17:54:01.471+0000] {dagbag.py:536} INFO - Filling up the DagBag from /home/airflow/.local/lib/python3.8/site-packages/airflow/example_dags/example_branch_operator_decorator.py
[2025-10-16T17:54:01.502+0000] {processor.py:839} INFO - DAG(s) dict_keys(['example_branch_python_operator_decorator']) retrieved from /home/airflow/.local/lib/python3.8/site-packages/airflow/example_dags/example_branch_operator_decorator.py
[2025-10-16T17:54:01.563+0000] {logging_mixin.py:151} INFO - [2025-10-16T17:54:01.562+0000] {dag.py:2941} INFO - Sync 1 DAGs
[2025-10-16T17:54:01.628+0000] {logging_mixin.py:151} INFO - [2025-10-16T17:54:01.627+0000] {dag.py:3722} INFO - Setting next_dagrun for example_branch_python_operator_decorator to 2025-10-15T00:00:00+00:00, run_after=2025-10-16T00:00:00+00:00
[2025-10-16T17:54:01.678+0000] {processor.py:179} INFO - Processing /home/airflow/.local/lib/python3.8/site-packages/airflow/example_dags/example_branch_operator_decorator.py took 0.229 seconds
[2025-10-16T17:54:36.046+0000] {processor.py:157} INFO - Started process (PID=411) to work on /home/airflow/.local/lib/python3.8/site-packages/airflow/example_dags/example_branch_operator_decorator.py
[2025-10-16T17:54:36.052+0000] {processor.py:829} INFO - Processing file /home/airflow/.local/lib/python3.8/site-packages/airflow/example_dags/example_branch_operator_decorator.py for tasks to queue
[2025-10-16T17:54:36.059+0000] {logging_mixin.py:151} INFO - [2025-10-16T17:54:36.058+0000] {dagbag.py:536} INFO - Filling up the DagBag from /home/airflow/.local/lib/python3.8/site-packages/airflow/example_dags/example_branch_operator_decorator.py
[2025-10-16T17:54:36.109+0000] {processor.py:839} INFO - DAG(s) dict_keys(['example_branch_python_operator_decorator']) retrieved from /home/airflow/.local/lib/python3.8/site-packages/airflow/example_dags/example_branch_operator_decorator.py
[2025-10-16T17:54:36.182+0000] {logging_mixin.py:151} INFO - [2025-10-16T17:54:36.181+0000] {dag.py:2941} INFO - Sync 1 DAGs
[2025-10-16T17:54:36.274+0000] {logging_mixin.py:151} INFO - [2025-10-16T17:54:36.274+0000] {dag.py:3722} INFO - Setting next_dagrun for example_branch_python_operator_decorator to 2025-10-15T00:00:00+00:00, run_after=2025-10-16T00:00:00+00:00
[2025-10-16T17:54:36.392+0000] {processor.py:179} INFO - Processing /home/airflow/.local/lib/python3.8/site-packages/airflow/example_dags/example_branch_operator_decorator.py took 0.361 seconds
[2025-10-16T17:55:06.895+0000] {processor.py:157} INFO - Started process (PID=469) to work on /home/airflow/.local/lib/python3.8/site-packages/airflow/example_dags/example_branch_operator_decorator.py
[2025-10-16T17:55:06.899+0000] {processor.py:829} INFO - Processing file /home/airflow/.local/lib/python3.8/site-packages/airflow/example_dags/example_branch_operator_decorator.py for tasks to queue
[2025-10-16T17:55:06.911+0000] {logging_mixin.py:151} INFO - [2025-10-16T17:55:06.909+0000] {dagbag.py:536} INFO - Filling up the DagBag from /home/airflow/.local/lib/python3.8/site-packages/airflow/example_dags/example_branch_operator_decorator.py
[2025-10-16T17:55:06.974+0000] {processor.py:839} INFO - DAG(s) dict_keys(['example_branch_python_operator_decorator']) retrieved from /home/airflow/.local/lib/python3.8/site-packages/airflow/example_dags/example_branch_operator_decorator.py
[2025-10-16T17:55:07.211+0000] {logging_mixin.py:151} INFO - [2025-10-16T17:55:07.210+0000] {dag.py:2941} INFO - Sync 1 DAGs
[2025-10-16T17:55:07.419+0000] {logging_mixin.py:151} INFO - [2025-10-16T17:55:07.419+0000] {dag.py:3722} INFO - Setting next_dagrun for example_branch_python_operator_decorator to 2025-10-15T00:00:00+00:00, run_after=2025-10-16T00:00:00+00:00
[2025-10-16T17:55:07.475+0000] {processor.py:179} INFO - Processing /home/airflow/.local/lib/python3.8/site-packages/airflow/example_dags/example_branch_operator_decorator.py took 0.593 seconds
[2025-10-16T17:55:37.778+0000] {processor.py:157} INFO - Started process (PID=528) to work on /home/airflow/.local/lib/python3.8/site-packages/airflow/example_dags/example_branch_operator_decorator.py
[2025-10-16T17:55:37.786+0000] {processor.py:829} INFO - Processing file /home/airflow/.local/lib/python3.8/site-packages/airflow/example_dags/example_branch_operator_decorator.py for tasks to queue
[2025-10-16T17:55:37.794+0000] {logging_mixin.py:151} INFO - [2025-10-16T17:55:37.793+0000] {dagbag.py:536} INFO - Filling up the DagBag from /home/airflow/.local/lib/python3.8/site-packages/airflow/example_dags/example_branch_operator_decorator.py
[2025-10-16T17:55:37.831+0000] {processor.py:839} INFO - DAG(s) dict_keys(['example_branch_python_operator_decorator']) retrieved from /home/airflow/.local/lib/python3.8/site-packages/airflow/example_dags/example_branch_operator_decorator.py
[2025-10-16T17:55:37.894+0000] {logging_mixin.py:151} INFO - [2025-10-16T17:55:37.894+0000] {dag.py:2941} INFO - Sync 1 DAGs
[2025-10-16T17:55:37.985+0000] {logging_mixin.py:151} INFO - [2025-10-16T17:55:37.984+0000] {dag.py:3722} INFO - Setting next_dagrun for example_branch_python_operator_decorator to 2025-10-15T00:00:00+00:00, run_after=2025-10-16T00:00:00+00:00
[2025-10-16T17:55:38.036+0000] {processor.py:179} INFO - Processing /home/airflow/.local/lib/python3.8/site-packages/airflow/example_dags/example_branch_operator_decorator.py took 0.275 seconds
[2025-10-16T17:56:08.259+0000] {processor.py:157} INFO - Started process (PID=587) to work on /home/airflow/.local/lib/python3.8/site-packages/airflow/example_dags/example_branch_operator_decorator.py
[2025-10-16T17:56:08.262+0000] {processor.py:829} INFO - Processing file /home/airflow/.local/lib/python3.8/site-packages/airflow/example_dags/example_branch_operator_decorator.py for tasks to queue
[2025-10-16T17:56:08.268+0000] {logging_mixin.py:151} INFO - [2025-10-16T17:56:08.267+0000] {dagbag.py:536} INFO - Filling up the DagBag from /home/airflow/.local/lib/python3.8/site-packages/airflow/example_dags/example_branch_operator_decorator.py
[2025-10-16T17:56:08.293+0000] {processor.py:839} INFO - DAG(s) dict_keys(['example_branch_python_operator_decorator']) retrieved from /home/airflow/.local/lib/python3.8/site-packages/airflow/example_dags/example_branch_operator_decorator.py
[2025-10-16T17:56:08.348+0000] {logging_mixin.py:151} INFO - [2025-10-16T17:56:08.348+0000] {dag.py:2941} INFO - Sync 1 DAGs
[2025-10-16T17:56:08.406+0000] {logging_mixin.py:151} INFO - [2025-10-16T17:56:08.405+0000] {dag.py:3722} INFO - Setting next_dagrun for example_branch_python_operator_decorator to 2025-10-15T00:00:00+00:00, run_after=2025-10-16T00:00:00+00:00
[2025-10-16T17:56:08.453+0000] {processor.py:179} INFO - Processing /home/airflow/.local/lib/python3.8/site-packages/airflow/example_dags/example_branch_operator_decorator.py took 0.204 seconds
[2025-10-16T17:56:44.316+0000] {processor.py:157} INFO - Started process (PID=646) to work on /home/airflow/.local/lib/python3.8/site-packages/airflow/example_dags/example_branch_operator_decorator.py
[2025-10-16T17:56:44.319+0000] {processor.py:829} INFO - Processing file /home/airflow/.local/lib/python3.8/site-packages/airflow/example_dags/example_branch_operator_decorator.py for tasks to queue
[2025-10-16T17:56:44.327+0000] {logging_mixin.py:151} INFO - [2025-10-16T17:56:44.326+0000] {dagbag.py:536} INFO - Filling up the DagBag from /home/airflow/.local/lib/python3.8/site-packages/airflow/example_dags/example_branch_operator_decorator.py
[2025-10-16T17:56:44.369+0000] {processor.py:839} INFO - DAG(s) dict_keys(['example_branch_python_operator_decorator']) retrieved from /home/airflow/.local/lib/python3.8/site-packages/airflow/example_dags/example_branch_operator_decorator.py
[2025-10-16T17:56:44.429+0000] {logging_mixin.py:151} INFO - [2025-10-16T17:56:44.428+0000] {dag.py:2941} INFO - Sync 1 DAGs
[2025-10-16T17:56:44.492+0000] {logging_mixin.py:151} INFO - [2025-10-16T17:56:44.492+0000] {dag.py:3722} INFO - Setting next_dagrun for example_branch_python_operator_decorator to 2025-10-15T00:00:00+00:00, run_after=2025-10-16T00:00:00+00:00
[2025-10-16T17:56:44.549+0000] {processor.py:179} INFO - Processing /home/airflow/.local/lib/python3.8/site-packages/airflow/example_dags/example_branch_operator_decorator.py took 0.244 seconds
[2025-10-16T17:57:15.509+0000] {processor.py:157} INFO - Started process (PID=705) to work on /home/airflow/.local/lib/python3.8/site-packages/airflow/example_dags/example_branch_operator_decorator.py
[2025-10-16T17:57:15.511+0000] {processor.py:829} INFO - Processing file /home/airflow/.local/lib/python3.8/site-packages/airflow/example_dags/example_branch_operator_decorator.py for tasks to queue
[2025-10-16T17:57:15.518+0000] {logging_mixin.py:151} INFO - [2025-10-16T17:57:15.517+0000] {dagbag.py:536} INFO - Filling up the DagBag from /home/airflow/.local/lib/python3.8/site-packages/airflow/example_dags/example_branch_operator_decorator.py
[2025-10-16T17:57:15.546+0000] {processor.py:839} INFO - DAG(s) dict_keys(['example_branch_python_operator_decorator']) retrieved from /home/airflow/.local/lib/python3.8/site-packages/airflow/example_dags/example_branch_operator_decorator.py
[2025-10-16T17:57:15.610+0000] {logging_mixin.py:151} INFO - [2025-10-16T17:57:15.610+0000] {dag.py:2941} INFO - Sync 1 DAGs
[2025-10-16T17:57:15.680+0000] {logging_mixin.py:151} INFO - [2025-10-16T17:57:15.679+0000] {dag.py:3722} INFO - Setting next_dagrun for example_branch_python_operator_decorator to 2025-10-15T00:00:00+00:00, run_after=2025-10-16T00:00:00+00:00
[2025-10-16T17:57:15.724+0000] {processor.py:179} INFO - Processing /home/airflow/.local/lib/python3.8/site-packages/airflow/example_dags/example_branch_operator_decorator.py took 0.223 seconds
[2025-10-16T17:57:46.191+0000] {processor.py:157} INFO - Started process (PID=764) to work on /home/airflow/.local/lib/python3.8/site-packages/airflow/example_dags/example_branch_operator_decorator.py
[2025-10-16T17:57:46.193+0000] {processor.py:829} INFO - Processing file /home/airflow/.local/lib/python3.8/site-packages/airflow/example_dags/example_branch_operator_decorator.py for tasks to queue
[2025-10-16T17:57:46.199+0000] {logging_mixin.py:151} INFO - [2025-10-16T17:57:46.198+0000] {dagbag.py:536} INFO - Filling up the DagBag from /home/airflow/.local/lib/python3.8/site-packages/airflow/example_dags/example_branch_operator_decorator.py
[2025-10-16T17:57:46.222+0000] {processor.py:839} INFO - DAG(s) dict_keys(['example_branch_python_operator_decorator']) retrieved from /home/airflow/.local/lib/python3.8/site-packages/airflow/example_dags/example_branch_operator_decorator.py
[2025-10-16T17:57:46.280+0000] {logging_mixin.py:151} INFO - [2025-10-16T17:57:46.279+0000] {dag.py:2941} INFO - Sync 1 DAGs
[2025-10-16T17:57:46.348+0000] {logging_mixin.py:151} INFO - [2025-10-16T17:57:46.348+0000] {dag.py:3722} INFO - Setting next_dagrun for example_branch_python_operator_decorator to 2025-10-15T00:00:00+00:00, run_after=2025-10-16T00:00:00+00:00
[2025-10-16T17:57:46.402+0000] {processor.py:179} INFO - Processing /home/airflow/.local/lib/python3.8/site-packages/airflow/example_dags/example_branch_operator_decorator.py took 0.219 seconds
[2025-10-16T17:58:16.780+0000] {processor.py:157} INFO - Started process (PID=823) to work on /home/airflow/.local/lib/python3.8/site-packages/airflow/example_dags/example_branch_operator_decorator.py
[2025-10-16T17:58:16.784+0000] {processor.py:829} INFO - Processing file /home/airflow/.local/lib/python3.8/site-packages/airflow/example_dags/example_branch_operator_decorator.py for tasks to queue
[2025-10-16T17:58:16.792+0000] {logging_mixin.py:151} INFO - [2025-10-16T17:58:16.791+0000] {dagbag.py:536} INFO - Filling up the DagBag from /home/airflow/.local/lib/python3.8/site-packages/airflow/example_dags/example_branch_operator_decorator.py
[2025-10-16T17:58:16.824+0000] {processor.py:839} INFO - DAG(s) dict_keys(['example_branch_python_operator_decorator']) retrieved from /home/airflow/.local/lib/python3.8/site-packages/airflow/example_dags/example_branch_operator_decorator.py
[2025-10-16T17:58:16.885+0000] {logging_mixin.py:151} INFO - [2025-10-16T17:58:16.884+0000] {dag.py:2941} INFO - Sync 1 DAGs
[2025-10-16T17:58:16.954+0000] {logging_mixin.py:151} INFO - [2025-10-16T17:58:16.953+0000] {dag.py:3722} INFO - Setting next_dagrun for example_branch_python_operator_decorator to 2025-10-15T00:00:00+00:00, run_after=2025-10-16T00:00:00+00:00
[2025-10-16T17:58:17.294+0000] {processor.py:179} INFO - Processing /home/airflow/.local/lib/python3.8/site-packages/airflow/example_dags/example_branch_operator_decorator.py took 0.523 seconds
[2025-10-16T17:58:47.435+0000] {processor.py:157} INFO - Started process (PID=882) to work on /home/airflow/.local/lib/python3.8/site-packages/airflow/example_dags/example_branch_operator_decorator.py
[2025-10-16T17:58:47.442+0000] {processor.py:829} INFO - Processing file /home/airflow/.local/lib/python3.8/site-packages/airflow/example_dags/example_branch_operator_decorator.py for tasks to queue
[2025-10-16T17:58:47.455+0000] {logging_mixin.py:151} INFO - [2025-10-16T17:58:47.453+0000] {dagbag.py:536} INFO - Filling up the DagBag from /home/airflow/.local/lib/python3.8/site-packages/airflow/example_dags/example_branch_operator_decorator.py
[2025-10-16T17:58:47.525+0000] {processor.py:839} INFO - DAG(s) dict_keys(['example_branch_python_operator_decorator']) retrieved from /home/airflow/.local/lib/python3.8/site-packages/airflow/example_dags/example_branch_operator_decorator.py
[2025-10-16T17:58:47.652+0000] {logging_mixin.py:151} INFO - [2025-10-16T17:58:47.652+0000] {dag.py:2941} INFO - Sync 1 DAGs
[2025-10-16T17:58:47.723+0000] {logging_mixin.py:151} INFO - [2025-10-16T17:58:47.723+0000] {dag.py:3722} INFO - Setting next_dagrun for example_branch_python_operator_decorator to 2025-10-15T00:00:00+00:00, run_after=2025-10-16T00:00:00+00:00
[2025-10-16T17:58:47.771+0000] {processor.py:179} INFO - Processing /home/airflow/.local/lib/python3.8/site-packages/airflow/example_dags/example_branch_operator_decorator.py took 0.354 seconds
[2025-10-16T17:59:18.643+0000] {processor.py:157} INFO - Started process (PID=941) to work on /home/airflow/.local/lib/python3.8/site-packages/airflow/example_dags/example_branch_operator_decorator.py
[2025-10-16T17:59:18.648+0000] {processor.py:829} INFO - Processing file /home/airflow/.local/lib/python3.8/site-packages/airflow/example_dags/example_branch_operator_decorator.py for tasks to queue
[2025-10-16T17:59:18.661+0000] {logging_mixin.py:151} INFO - [2025-10-16T17:59:18.660+0000] {dagbag.py:536} INFO - Filling up the DagBag from /home/airflow/.local/lib/python3.8/site-packages/airflow/example_dags/example_branch_operator_decorator.py
[2025-10-16T17:59:18.730+0000] {processor.py:839} INFO - DAG(s) dict_keys(['example_branch_python_operator_decorator']) retrieved from /home/airflow/.local/lib/python3.8/site-packages/airflow/example_dags/example_branch_operator_decorator.py
[2025-10-16T17:59:18.830+0000] {logging_mixin.py:151} INFO - [2025-10-16T17:59:18.829+0000] {dag.py:2941} INFO - Sync 1 DAGs
[2025-10-16T17:59:18.895+0000] {logging_mixin.py:151} INFO - [2025-10-16T17:59:18.894+0000] {dag.py:3722} INFO - Setting next_dagrun for example_branch_python_operator_decorator to 2025-10-15T00:00:00+00:00, run_after=2025-10-16T00:00:00+00:00
[2025-10-16T17:59:18.956+0000] {processor.py:179} INFO - Processing /home/airflow/.local/lib/python3.8/site-packages/airflow/example_dags/example_branch_operator_decorator.py took 0.332 seconds
[2025-10-16T17:59:49.868+0000] {processor.py:157} INFO - Started process (PID=1000) to work on /home/airflow/.local/lib/python3.8/site-packages/airflow/example_dags/example_branch_operator_decorator.py
[2025-10-16T17:59:49.875+0000] {processor.py:829} INFO - Processing file /home/airflow/.local/lib/python3.8/site-packages/airflow/example_dags/example_branch_operator_decorator.py for tasks to queue
[2025-10-16T17:59:49.888+0000] {logging_mixin.py:151} INFO - [2025-10-16T17:59:49.886+0000] {dagbag.py:536} INFO - Filling up the DagBag from /home/airflow/.local/lib/python3.8/site-packages/airflow/example_dags/example_branch_operator_decorator.py
[2025-10-16T17:59:49.942+0000] {processor.py:839} INFO - DAG(s) dict_keys(['example_branch_python_operator_decorator']) retrieved from /home/airflow/.local/lib/python3.8/site-packages/airflow/example_dags/example_branch_operator_decorator.py
[2025-10-16T17:59:50.017+0000] {logging_mixin.py:151} INFO - [2025-10-16T17:59:50.017+0000] {dag.py:2941} INFO - Sync 1 DAGs
[2025-10-16T17:59:50.514+0000] {logging_mixin.py:151} INFO - [2025-10-16T17:59:50.514+0000] {dag.py:3722} INFO - Setting next_dagrun for example_branch_python_operator_decorator to 2025-10-15T00:00:00+00:00, run_after=2025-10-16T00:00:00+00:00
[2025-10-16T17:59:50.580+0000] {processor.py:179} INFO - Processing /home/airflow/.local/lib/python3.8/site-packages/airflow/example_dags/example_branch_operator_decorator.py took 0.728 seconds
[2025-10-16T18:00:21.362+0000] {processor.py:157} INFO - Started process (PID=1059) to work on /home/airflow/.local/lib/python3.8/site-packages/airflow/example_dags/example_branch_operator_decorator.py
[2025-10-16T18:00:21.367+0000] {processor.py:829} INFO - Processing file /home/airflow/.local/lib/python3.8/site-packages/airflow/example_dags/example_branch_operator_decorator.py for tasks to queue
[2025-10-16T18:00:21.375+0000] {logging_mixin.py:151} INFO - [2025-10-16T18:00:21.374+0000] {dagbag.py:536} INFO - Filling up the DagBag from /home/airflow/.local/lib/python3.8/site-packages/airflow/example_dags/example_branch_operator_decorator.py
[2025-10-16T18:00:21.423+0000] {processor.py:839} INFO - DAG(s) dict_keys(['example_branch_python_operator_decorator']) retrieved from /home/airflow/.local/lib/python3.8/site-packages/airflow/example_dags/example_branch_operator_decorator.py
[2025-10-16T18:00:21.516+0000] {logging_mixin.py:151} INFO - [2025-10-16T18:00:21.515+0000] {dag.py:2941} INFO - Sync 1 DAGs
[2025-10-16T18:00:21.604+0000] {logging_mixin.py:151} INFO - [2025-10-16T18:00:21.604+0000] {dag.py:3722} INFO - Setting next_dagrun for example_branch_python_operator_decorator to 2025-10-15T00:00:00+00:00, run_after=2025-10-16T00:00:00+00:00
[2025-10-16T18:00:21.667+0000] {processor.py:179} INFO - Processing /home/airflow/.local/lib/python3.8/site-packages/airflow/example_dags/example_branch_operator_decorator.py took 0.319 seconds
[2025-10-16T18:00:52.385+0000] {processor.py:157} INFO - Started process (PID=1118) to work on /home/airflow/.local/lib/python3.8/site-packages/airflow/example_dags/example_branch_operator_decorator.py
[2025-10-16T18:00:52.388+0000] {processor.py:829} INFO - Processing file /home/airflow/.local/lib/python3.8/site-packages/airflow/example_dags/example_branch_operator_decorator.py for tasks to queue
[2025-10-16T18:00:52.393+0000] {logging_mixin.py:151} INFO - [2025-10-16T18:00:52.393+0000] {dagbag.py:536} INFO - Filling up the DagBag from /home/airflow/.local/lib/python3.8/site-packages/airflow/example_dags/example_branch_operator_decorator.py
[2025-10-16T18:00:52.420+0000] {processor.py:839} INFO - DAG(s) dict_keys(['example_branch_python_operator_decorator']) retrieved from /home/airflow/.local/lib/python3.8/site-packages/airflow/example_dags/example_branch_operator_decorator.py
[2025-10-16T18:00:52.473+0000] {logging_mixin.py:151} INFO - [2025-10-16T18:00:52.472+0000] {dag.py:2941} INFO - Sync 1 DAGs
[2025-10-16T18:00:52.548+0000] {logging_mixin.py:151} INFO - [2025-10-16T18:00:52.547+0000] {dag.py:3722} INFO - Setting next_dagrun for example_branch_python_operator_decorator to 2025-10-15T00:00:00+00:00, run_after=2025-10-16T00:00:00+00:00
[2025-10-16T18:00:52.591+0000] {processor.py:179} INFO - Processing /home/airflow/.local/lib/python3.8/site-packages/airflow/example_dags/example_branch_operator_decorator.py took 0.214 seconds
[2025-10-16T18:01:22.771+0000] {processor.py:157} INFO - Started process (PID=1177) to work on /home/airflow/.local/lib/python3.8/site-packages/airflow/example_dags/example_branch_operator_decorator.py
[2025-10-16T18:01:22.773+0000] {processor.py:829} INFO - Processing file /home/airflow/.local/lib/python3.8/site-packages/airflow/example_dags/example_branch_operator_decorator.py for tasks to queue
[2025-10-16T18:01:22.781+0000] {logging_mixin.py:151} INFO - [2025-10-16T18:01:22.780+0000] {dagbag.py:536} INFO - Filling up the DagBag from /home/airflow/.local/lib/python3.8/site-packages/airflow/example_dags/example_branch_operator_decorator.py
[2025-10-16T18:01:22.815+0000] {processor.py:839} INFO - DAG(s) dict_keys(['example_branch_python_operator_decorator']) retrieved from /home/airflow/.local/lib/python3.8/site-packages/airflow/example_dags/example_branch_operator_decorator.py
[2025-10-16T18:01:22.878+0000] {logging_mixin.py:151} INFO - [2025-10-16T18:01:22.878+0000] {dag.py:2941} INFO - Sync 1 DAGs
[2025-10-16T18:01:23.263+0000] {logging_mixin.py:151} INFO - [2025-10-16T18:01:23.262+0000] {dag.py:3722} INFO - Setting next_dagrun for example_branch_python_operator_decorator to 2025-10-15T00:00:00+00:00, run_after=2025-10-16T00:00:00+00:00
[2025-10-16T18:01:23.313+0000] {processor.py:179} INFO - Processing /home/airflow/.local/lib/python3.8/site-packages/airflow/example_dags/example_branch_operator_decorator.py took 0.552 seconds
[2025-10-16T18:02:15.910+0000] {processor.py:157} INFO - Started process (PID=1230) to work on /home/airflow/.local/lib/python3.8/site-packages/airflow/example_dags/example_branch_operator_decorator.py
[2025-10-16T18:02:15.913+0000] {processor.py:829} INFO - Processing file /home/airflow/.local/lib/python3.8/site-packages/airflow/example_dags/example_branch_operator_decorator.py for tasks to queue
[2025-10-16T18:02:15.921+0000] {logging_mixin.py:151} INFO - [2025-10-16T18:02:15.920+0000] {dagbag.py:536} INFO - Filling up the DagBag from /home/airflow/.local/lib/python3.8/site-packages/airflow/example_dags/example_branch_operator_decorator.py
[2025-10-16T18:02:15.954+0000] {processor.py:839} INFO - DAG(s) dict_keys(['example_branch_python_operator_decorator']) retrieved from /home/airflow/.local/lib/python3.8/site-packages/airflow/example_dags/example_branch_operator_decorator.py
[2025-10-16T18:02:16.052+0000] {logging_mixin.py:151} INFO - [2025-10-16T18:02:16.052+0000] {dag.py:2941} INFO - Sync 1 DAGs
[2025-10-16T18:02:16.139+0000] {logging_mixin.py:151} INFO - [2025-10-16T18:02:16.138+0000] {dag.py:3722} INFO - Setting next_dagrun for example_branch_python_operator_decorator to 2025-10-15T00:00:00+00:00, run_after=2025-10-16T00:00:00+00:00
[2025-10-16T18:02:16.236+0000] {processor.py:179} INFO - Processing /home/airflow/.local/lib/python3.8/site-packages/airflow/example_dags/example_branch_operator_decorator.py took 0.336 seconds
[2025-10-16T18:02:52.415+0000] {processor.py:157} INFO - Started process (PID=1290) to work on /home/airflow/.local/lib/python3.8/site-packages/airflow/example_dags/example_branch_operator_decorator.py
[2025-10-16T18:02:52.419+0000] {processor.py:829} INFO - Processing file /home/airflow/.local/lib/python3.8/site-packages/airflow/example_dags/example_branch_operator_decorator.py for tasks to queue
[2025-10-16T18:02:52.427+0000] {logging_mixin.py:151} INFO - [2025-10-16T18:02:52.426+0000] {dagbag.py:536} INFO - Filling up the DagBag from /home/airflow/.local/lib/python3.8/site-packages/airflow/example_dags/example_branch_operator_decorator.py
[2025-10-16T18:02:52.457+0000] {processor.py:839} INFO - DAG(s) dict_keys(['example_branch_python_operator_decorator']) retrieved from /home/airflow/.local/lib/python3.8/site-packages/airflow/example_dags/example_branch_operator_decorator.py
[2025-10-16T18:02:52.816+0000] {logging_mixin.py:151} INFO - [2025-10-16T18:02:52.816+0000] {dag.py:2941} INFO - Sync 1 DAGs
[2025-10-16T18:02:52.867+0000] {logging_mixin.py:151} INFO - [2025-10-16T18:02:52.867+0000] {dag.py:3722} INFO - Setting next_dagrun for example_branch_python_operator_decorator to 2025-10-15T00:00:00+00:00, run_after=2025-10-16T00:00:00+00:00
[2025-10-16T18:02:52.909+0000] {processor.py:179} INFO - Processing /home/airflow/.local/lib/python3.8/site-packages/airflow/example_dags/example_branch_operator_decorator.py took 0.504 seconds
