[2025-10-16T17:24:32.769+0000] {processor.py:157} INFO - Started process (PID=106) to work on /home/airflow/.local/lib/python3.8/site-packages/airflow/example_dags/example_dag_decorator.py
[2025-10-16T17:24:32.781+0000] {processor.py:829} INFO - Processing file /home/airflow/.local/lib/python3.8/site-packages/airflow/example_dags/example_dag_decorator.py for tasks to queue
[2025-10-16T17:24:32.797+0000] {logging_mixin.py:151} INFO - [2025-10-16T17:24:32.791+0000] {dagbag.py:536} INFO - Filling up the DagBag from /home/airflow/.local/lib/python3.8/site-packages/airflow/example_dags/example_dag_decorator.py
[2025-10-16T17:24:33.921+0000] {processor.py:839} INFO - DAG(s) dict_keys(['example_dag_decorator']) retrieved from /home/airflow/.local/lib/python3.8/site-packages/airflow/example_dags/example_dag_decorator.py
[2025-10-16T17:24:35.182+0000] {logging_mixin.py:151} INFO - [2025-10-16T17:24:35.181+0000] {dag.py:2941} INFO - Sync 1 DAGs
[2025-10-16T17:24:35.317+0000] {logging_mixin.py:151} INFO - [2025-10-16T17:24:35.316+0000] {dag.py:3722} INFO - Setting next_dagrun for example_dag_decorator to None, run_after=None
[2025-10-16T17:24:35.567+0000] {processor.py:179} INFO - Processing /home/airflow/.local/lib/python3.8/site-packages/airflow/example_dags/example_dag_decorator.py took 2.819 seconds
[2025-10-16T17:25:06.531+0000] {processor.py:157} INFO - Started process (PID=165) to work on /home/airflow/.local/lib/python3.8/site-packages/airflow/example_dags/example_dag_decorator.py
[2025-10-16T17:25:06.540+0000] {processor.py:829} INFO - Processing file /home/airflow/.local/lib/python3.8/site-packages/airflow/example_dags/example_dag_decorator.py for tasks to queue
[2025-10-16T17:25:06.556+0000] {logging_mixin.py:151} INFO - [2025-10-16T17:25:06.555+0000] {dagbag.py:536} INFO - Filling up the DagBag from /home/airflow/.local/lib/python3.8/site-packages/airflow/example_dags/example_dag_decorator.py
[2025-10-16T17:25:07.065+0000] {processor.py:839} INFO - DAG(s) dict_keys(['example_dag_decorator']) retrieved from /home/airflow/.local/lib/python3.8/site-packages/airflow/example_dags/example_dag_decorator.py
[2025-10-16T17:25:08.282+0000] {logging_mixin.py:151} INFO - [2025-10-16T17:25:08.281+0000] {dag.py:2941} INFO - Sync 1 DAGs
[2025-10-16T17:25:08.357+0000] {logging_mixin.py:151} INFO - [2025-10-16T17:25:08.357+0000] {dag.py:3722} INFO - Setting next_dagrun for example_dag_decorator to None, run_after=None
[2025-10-16T17:25:08.484+0000] {processor.py:179} INFO - Processing /home/airflow/.local/lib/python3.8/site-packages/airflow/example_dags/example_dag_decorator.py took 1.974 seconds
[2025-10-16T17:25:38.890+0000] {processor.py:157} INFO - Started process (PID=233) to work on /home/airflow/.local/lib/python3.8/site-packages/airflow/example_dags/example_dag_decorator.py
[2025-10-16T17:25:38.894+0000] {processor.py:829} INFO - Processing file /home/airflow/.local/lib/python3.8/site-packages/airflow/example_dags/example_dag_decorator.py for tasks to queue
[2025-10-16T17:25:38.909+0000] {logging_mixin.py:151} INFO - [2025-10-16T17:25:38.908+0000] {dagbag.py:536} INFO - Filling up the DagBag from /home/airflow/.local/lib/python3.8/site-packages/airflow/example_dags/example_dag_decorator.py
[2025-10-16T17:25:39.340+0000] {processor.py:839} INFO - DAG(s) dict_keys(['example_dag_decorator']) retrieved from /home/airflow/.local/lib/python3.8/site-packages/airflow/example_dags/example_dag_decorator.py
[2025-10-16T17:25:39.928+0000] {logging_mixin.py:151} INFO - [2025-10-16T17:25:39.927+0000] {dag.py:2941} INFO - Sync 1 DAGs
[2025-10-16T17:25:39.989+0000] {logging_mixin.py:151} INFO - [2025-10-16T17:25:39.988+0000] {dag.py:3722} INFO - Setting next_dagrun for example_dag_decorator to None, run_after=None
[2025-10-16T17:25:40.073+0000] {processor.py:179} INFO - Processing /home/airflow/.local/lib/python3.8/site-packages/airflow/example_dags/example_dag_decorator.py took 1.206 seconds
[2025-10-16T17:26:10.746+0000] {processor.py:157} INFO - Started process (PID=292) to work on /home/airflow/.local/lib/python3.8/site-packages/airflow/example_dags/example_dag_decorator.py
[2025-10-16T17:26:10.748+0000] {processor.py:829} INFO - Processing file /home/airflow/.local/lib/python3.8/site-packages/airflow/example_dags/example_dag_decorator.py for tasks to queue
[2025-10-16T17:26:10.753+0000] {logging_mixin.py:151} INFO - [2025-10-16T17:26:10.753+0000] {dagbag.py:536} INFO - Filling up the DagBag from /home/airflow/.local/lib/python3.8/site-packages/airflow/example_dags/example_dag_decorator.py
[2025-10-16T17:26:10.910+0000] {processor.py:839} INFO - DAG(s) dict_keys(['example_dag_decorator']) retrieved from /home/airflow/.local/lib/python3.8/site-packages/airflow/example_dags/example_dag_decorator.py
[2025-10-16T17:26:11.154+0000] {logging_mixin.py:151} INFO - [2025-10-16T17:26:11.153+0000] {dag.py:2941} INFO - Sync 1 DAGs
[2025-10-16T17:26:11.181+0000] {logging_mixin.py:151} INFO - [2025-10-16T17:26:11.180+0000] {dag.py:3722} INFO - Setting next_dagrun for example_dag_decorator to None, run_after=None
[2025-10-16T17:26:11.235+0000] {processor.py:179} INFO - Processing /home/airflow/.local/lib/python3.8/site-packages/airflow/example_dags/example_dag_decorator.py took 0.498 seconds
[2025-10-16T17:26:41.613+0000] {processor.py:157} INFO - Started process (PID=351) to work on /home/airflow/.local/lib/python3.8/site-packages/airflow/example_dags/example_dag_decorator.py
[2025-10-16T17:26:41.620+0000] {processor.py:829} INFO - Processing file /home/airflow/.local/lib/python3.8/site-packages/airflow/example_dags/example_dag_decorator.py for tasks to queue
[2025-10-16T17:26:41.629+0000] {logging_mixin.py:151} INFO - [2025-10-16T17:26:41.628+0000] {dagbag.py:536} INFO - Filling up the DagBag from /home/airflow/.local/lib/python3.8/site-packages/airflow/example_dags/example_dag_decorator.py
[2025-10-16T17:26:41.891+0000] {processor.py:839} INFO - DAG(s) dict_keys(['example_dag_decorator']) retrieved from /home/airflow/.local/lib/python3.8/site-packages/airflow/example_dags/example_dag_decorator.py
[2025-10-16T17:26:41.993+0000] {logging_mixin.py:151} INFO - [2025-10-16T17:26:41.991+0000] {dag.py:2941} INFO - Sync 1 DAGs
[2025-10-16T17:26:42.073+0000] {logging_mixin.py:151} INFO - [2025-10-16T17:26:42.072+0000] {dag.py:3722} INFO - Setting next_dagrun for example_dag_decorator to None, run_after=None
[2025-10-16T17:26:42.168+0000] {processor.py:179} INFO - Processing /home/airflow/.local/lib/python3.8/site-packages/airflow/example_dags/example_dag_decorator.py took 0.568 seconds
[2025-10-16T17:27:12.536+0000] {processor.py:157} INFO - Started process (PID=411) to work on /home/airflow/.local/lib/python3.8/site-packages/airflow/example_dags/example_dag_decorator.py
[2025-10-16T17:27:12.540+0000] {processor.py:829} INFO - Processing file /home/airflow/.local/lib/python3.8/site-packages/airflow/example_dags/example_dag_decorator.py for tasks to queue
[2025-10-16T17:27:12.549+0000] {logging_mixin.py:151} INFO - [2025-10-16T17:27:12.547+0000] {dagbag.py:536} INFO - Filling up the DagBag from /home/airflow/.local/lib/python3.8/site-packages/airflow/example_dags/example_dag_decorator.py
[2025-10-16T17:27:12.867+0000] {processor.py:839} INFO - DAG(s) dict_keys(['example_dag_decorator']) retrieved from /home/airflow/.local/lib/python3.8/site-packages/airflow/example_dags/example_dag_decorator.py
[2025-10-16T17:27:13.274+0000] {logging_mixin.py:151} INFO - [2025-10-16T17:27:13.273+0000] {dag.py:2941} INFO - Sync 1 DAGs
[2025-10-16T17:27:13.301+0000] {logging_mixin.py:151} INFO - [2025-10-16T17:27:13.301+0000] {dag.py:3722} INFO - Setting next_dagrun for example_dag_decorator to None, run_after=None
[2025-10-16T17:27:13.345+0000] {processor.py:179} INFO - Processing /home/airflow/.local/lib/python3.8/site-packages/airflow/example_dags/example_dag_decorator.py took 0.840 seconds
[2025-10-16T17:27:43.618+0000] {processor.py:157} INFO - Started process (PID=469) to work on /home/airflow/.local/lib/python3.8/site-packages/airflow/example_dags/example_dag_decorator.py
[2025-10-16T17:27:43.622+0000] {processor.py:829} INFO - Processing file /home/airflow/.local/lib/python3.8/site-packages/airflow/example_dags/example_dag_decorator.py for tasks to queue
[2025-10-16T17:27:43.632+0000] {logging_mixin.py:151} INFO - [2025-10-16T17:27:43.631+0000] {dagbag.py:536} INFO - Filling up the DagBag from /home/airflow/.local/lib/python3.8/site-packages/airflow/example_dags/example_dag_decorator.py
[2025-10-16T17:27:43.889+0000] {processor.py:839} INFO - DAG(s) dict_keys(['example_dag_decorator']) retrieved from /home/airflow/.local/lib/python3.8/site-packages/airflow/example_dags/example_dag_decorator.py
[2025-10-16T17:27:44.257+0000] {logging_mixin.py:151} INFO - [2025-10-16T17:27:44.257+0000] {dag.py:2941} INFO - Sync 1 DAGs
[2025-10-16T17:27:44.293+0000] {logging_mixin.py:151} INFO - [2025-10-16T17:27:44.293+0000] {dag.py:3722} INFO - Setting next_dagrun for example_dag_decorator to None, run_after=None
[2025-10-16T17:27:44.351+0000] {processor.py:179} INFO - Processing /home/airflow/.local/lib/python3.8/site-packages/airflow/example_dags/example_dag_decorator.py took 0.745 seconds
[2025-10-16T17:28:14.690+0000] {processor.py:157} INFO - Started process (PID=529) to work on /home/airflow/.local/lib/python3.8/site-packages/airflow/example_dags/example_dag_decorator.py
[2025-10-16T17:28:14.692+0000] {processor.py:829} INFO - Processing file /home/airflow/.local/lib/python3.8/site-packages/airflow/example_dags/example_dag_decorator.py for tasks to queue
[2025-10-16T17:28:14.698+0000] {logging_mixin.py:151} INFO - [2025-10-16T17:28:14.697+0000] {dagbag.py:536} INFO - Filling up the DagBag from /home/airflow/.local/lib/python3.8/site-packages/airflow/example_dags/example_dag_decorator.py
[2025-10-16T17:28:14.865+0000] {processor.py:839} INFO - DAG(s) dict_keys(['example_dag_decorator']) retrieved from /home/airflow/.local/lib/python3.8/site-packages/airflow/example_dags/example_dag_decorator.py
[2025-10-16T17:28:14.895+0000] {logging_mixin.py:151} INFO - [2025-10-16T17:28:14.895+0000] {dag.py:2941} INFO - Sync 1 DAGs
[2025-10-16T17:28:14.946+0000] {logging_mixin.py:151} INFO - [2025-10-16T17:28:14.946+0000] {dag.py:3722} INFO - Setting next_dagrun for example_dag_decorator to None, run_after=None
[2025-10-16T17:28:14.993+0000] {processor.py:179} INFO - Processing /home/airflow/.local/lib/python3.8/site-packages/airflow/example_dags/example_dag_decorator.py took 0.313 seconds
[2025-10-16T17:28:45.197+0000] {processor.py:157} INFO - Started process (PID=588) to work on /home/airflow/.local/lib/python3.8/site-packages/airflow/example_dags/example_dag_decorator.py
[2025-10-16T17:28:45.200+0000] {processor.py:829} INFO - Processing file /home/airflow/.local/lib/python3.8/site-packages/airflow/example_dags/example_dag_decorator.py for tasks to queue
[2025-10-16T17:28:45.210+0000] {logging_mixin.py:151} INFO - [2025-10-16T17:28:45.209+0000] {dagbag.py:536} INFO - Filling up the DagBag from /home/airflow/.local/lib/python3.8/site-packages/airflow/example_dags/example_dag_decorator.py
[2025-10-16T17:28:45.497+0000] {processor.py:839} INFO - DAG(s) dict_keys(['example_dag_decorator']) retrieved from /home/airflow/.local/lib/python3.8/site-packages/airflow/example_dags/example_dag_decorator.py
[2025-10-16T17:28:45.903+0000] {logging_mixin.py:151} INFO - [2025-10-16T17:28:45.902+0000] {dag.py:2941} INFO - Sync 1 DAGs
[2025-10-16T17:28:45.945+0000] {logging_mixin.py:151} INFO - [2025-10-16T17:28:45.945+0000] {dag.py:3722} INFO - Setting next_dagrun for example_dag_decorator to None, run_after=None
[2025-10-16T17:28:46.013+0000] {processor.py:179} INFO - Processing /home/airflow/.local/lib/python3.8/site-packages/airflow/example_dags/example_dag_decorator.py took 0.829 seconds
[2025-10-16T17:29:20.299+0000] {processor.py:157} INFO - Started process (PID=644) to work on /home/airflow/.local/lib/python3.8/site-packages/airflow/example_dags/example_dag_decorator.py
[2025-10-16T17:29:20.302+0000] {processor.py:829} INFO - Processing file /home/airflow/.local/lib/python3.8/site-packages/airflow/example_dags/example_dag_decorator.py for tasks to queue
[2025-10-16T17:29:20.317+0000] {logging_mixin.py:151} INFO - [2025-10-16T17:29:20.316+0000] {dagbag.py:536} INFO - Filling up the DagBag from /home/airflow/.local/lib/python3.8/site-packages/airflow/example_dags/example_dag_decorator.py
[2025-10-16T17:29:20.851+0000] {processor.py:839} INFO - DAG(s) dict_keys(['example_dag_decorator']) retrieved from /home/airflow/.local/lib/python3.8/site-packages/airflow/example_dags/example_dag_decorator.py
[2025-10-16T17:29:21.466+0000] {logging_mixin.py:151} INFO - [2025-10-16T17:29:21.465+0000] {dag.py:2941} INFO - Sync 1 DAGs
[2025-10-16T17:29:21.526+0000] {logging_mixin.py:151} INFO - [2025-10-16T17:29:21.526+0000] {dag.py:3722} INFO - Setting next_dagrun for example_dag_decorator to None, run_after=None
[2025-10-16T17:29:21.626+0000] {processor.py:179} INFO - Processing /home/airflow/.local/lib/python3.8/site-packages/airflow/example_dags/example_dag_decorator.py took 1.342 seconds
[2025-10-16T17:29:51.808+0000] {processor.py:157} INFO - Started process (PID=703) to work on /home/airflow/.local/lib/python3.8/site-packages/airflow/example_dags/example_dag_decorator.py
[2025-10-16T17:29:51.811+0000] {processor.py:829} INFO - Processing file /home/airflow/.local/lib/python3.8/site-packages/airflow/example_dags/example_dag_decorator.py for tasks to queue
[2025-10-16T17:29:51.817+0000] {logging_mixin.py:151} INFO - [2025-10-16T17:29:51.816+0000] {dagbag.py:536} INFO - Filling up the DagBag from /home/airflow/.local/lib/python3.8/site-packages/airflow/example_dags/example_dag_decorator.py
[2025-10-16T17:29:52.277+0000] {processor.py:839} INFO - DAG(s) dict_keys(['example_dag_decorator']) retrieved from /home/airflow/.local/lib/python3.8/site-packages/airflow/example_dags/example_dag_decorator.py
[2025-10-16T17:29:52.910+0000] {logging_mixin.py:151} INFO - [2025-10-16T17:29:52.909+0000] {dag.py:2941} INFO - Sync 1 DAGs
[2025-10-16T17:29:52.957+0000] {logging_mixin.py:151} INFO - [2025-10-16T17:29:52.956+0000] {dag.py:3722} INFO - Setting next_dagrun for example_dag_decorator to None, run_after=None
[2025-10-16T17:29:53.021+0000] {processor.py:179} INFO - Processing /home/airflow/.local/lib/python3.8/site-packages/airflow/example_dags/example_dag_decorator.py took 1.221 seconds
[2025-10-16T17:30:23.387+0000] {processor.py:157} INFO - Started process (PID=764) to work on /home/airflow/.local/lib/python3.8/site-packages/airflow/example_dags/example_dag_decorator.py
[2025-10-16T17:30:23.389+0000] {processor.py:829} INFO - Processing file /home/airflow/.local/lib/python3.8/site-packages/airflow/example_dags/example_dag_decorator.py for tasks to queue
[2025-10-16T17:30:23.395+0000] {logging_mixin.py:151} INFO - [2025-10-16T17:30:23.394+0000] {dagbag.py:536} INFO - Filling up the DagBag from /home/airflow/.local/lib/python3.8/site-packages/airflow/example_dags/example_dag_decorator.py
[2025-10-16T17:30:23.586+0000] {processor.py:839} INFO - DAG(s) dict_keys(['example_dag_decorator']) retrieved from /home/airflow/.local/lib/python3.8/site-packages/airflow/example_dags/example_dag_decorator.py
[2025-10-16T17:30:23.875+0000] {logging_mixin.py:151} INFO - [2025-10-16T17:30:23.874+0000] {dag.py:2941} INFO - Sync 1 DAGs
[2025-10-16T17:30:23.900+0000] {logging_mixin.py:151} INFO - [2025-10-16T17:30:23.900+0000] {dag.py:3722} INFO - Setting next_dagrun for example_dag_decorator to None, run_after=None
[2025-10-16T17:30:24.258+0000] {processor.py:179} INFO - Processing /home/airflow/.local/lib/python3.8/site-packages/airflow/example_dags/example_dag_decorator.py took 0.880 seconds
[2025-10-16T17:30:54.419+0000] {processor.py:157} INFO - Started process (PID=825) to work on /home/airflow/.local/lib/python3.8/site-packages/airflow/example_dags/example_dag_decorator.py
[2025-10-16T17:30:54.422+0000] {processor.py:829} INFO - Processing file /home/airflow/.local/lib/python3.8/site-packages/airflow/example_dags/example_dag_decorator.py for tasks to queue
[2025-10-16T17:30:54.429+0000] {logging_mixin.py:151} INFO - [2025-10-16T17:30:54.428+0000] {dagbag.py:536} INFO - Filling up the DagBag from /home/airflow/.local/lib/python3.8/site-packages/airflow/example_dags/example_dag_decorator.py
[2025-10-16T17:30:54.642+0000] {processor.py:839} INFO - DAG(s) dict_keys(['example_dag_decorator']) retrieved from /home/airflow/.local/lib/python3.8/site-packages/airflow/example_dags/example_dag_decorator.py
[2025-10-16T17:30:55.086+0000] {logging_mixin.py:151} INFO - [2025-10-16T17:30:55.085+0000] {dag.py:2941} INFO - Sync 1 DAGs
[2025-10-16T17:30:55.109+0000] {logging_mixin.py:151} INFO - [2025-10-16T17:30:55.108+0000] {dag.py:3722} INFO - Setting next_dagrun for example_dag_decorator to None, run_after=None
[2025-10-16T17:30:55.161+0000] {processor.py:179} INFO - Processing /home/airflow/.local/lib/python3.8/site-packages/airflow/example_dags/example_dag_decorator.py took 0.753 seconds
[2025-10-16T17:31:25.444+0000] {processor.py:157} INFO - Started process (PID=886) to work on /home/airflow/.local/lib/python3.8/site-packages/airflow/example_dags/example_dag_decorator.py
[2025-10-16T17:31:25.448+0000] {processor.py:829} INFO - Processing file /home/airflow/.local/lib/python3.8/site-packages/airflow/example_dags/example_dag_decorator.py for tasks to queue
[2025-10-16T17:31:25.454+0000] {logging_mixin.py:151} INFO - [2025-10-16T17:31:25.453+0000] {dagbag.py:536} INFO - Filling up the DagBag from /home/airflow/.local/lib/python3.8/site-packages/airflow/example_dags/example_dag_decorator.py
[2025-10-16T17:31:25.731+0000] {processor.py:839} INFO - DAG(s) dict_keys(['example_dag_decorator']) retrieved from /home/airflow/.local/lib/python3.8/site-packages/airflow/example_dags/example_dag_decorator.py
[2025-10-16T17:31:26.104+0000] {logging_mixin.py:151} INFO - [2025-10-16T17:31:26.104+0000] {dag.py:2941} INFO - Sync 1 DAGs
[2025-10-16T17:31:26.153+0000] {logging_mixin.py:151} INFO - [2025-10-16T17:31:26.152+0000] {dag.py:3722} INFO - Setting next_dagrun for example_dag_decorator to None, run_after=None
[2025-10-16T17:31:26.224+0000] {processor.py:179} INFO - Processing /home/airflow/.local/lib/python3.8/site-packages/airflow/example_dags/example_dag_decorator.py took 0.800 seconds
[2025-10-16T17:31:56.735+0000] {processor.py:157} INFO - Started process (PID=944) to work on /home/airflow/.local/lib/python3.8/site-packages/airflow/example_dags/example_dag_decorator.py
[2025-10-16T17:31:56.738+0000] {processor.py:829} INFO - Processing file /home/airflow/.local/lib/python3.8/site-packages/airflow/example_dags/example_dag_decorator.py for tasks to queue
[2025-10-16T17:31:56.744+0000] {logging_mixin.py:151} INFO - [2025-10-16T17:31:56.744+0000] {dagbag.py:536} INFO - Filling up the DagBag from /home/airflow/.local/lib/python3.8/site-packages/airflow/example_dags/example_dag_decorator.py
[2025-10-16T17:31:56.934+0000] {processor.py:839} INFO - DAG(s) dict_keys(['example_dag_decorator']) retrieved from /home/airflow/.local/lib/python3.8/site-packages/airflow/example_dags/example_dag_decorator.py
[2025-10-16T17:31:57.240+0000] {logging_mixin.py:151} INFO - [2025-10-16T17:31:57.240+0000] {dag.py:2941} INFO - Sync 1 DAGs
[2025-10-16T17:31:57.269+0000] {logging_mixin.py:151} INFO - [2025-10-16T17:31:57.269+0000] {dag.py:3722} INFO - Setting next_dagrun for example_dag_decorator to None, run_after=None
[2025-10-16T17:31:57.672+0000] {processor.py:179} INFO - Processing /home/airflow/.local/lib/python3.8/site-packages/airflow/example_dags/example_dag_decorator.py took 0.945 seconds
[2025-10-16T17:32:27.873+0000] {processor.py:157} INFO - Started process (PID=1002) to work on /home/airflow/.local/lib/python3.8/site-packages/airflow/example_dags/example_dag_decorator.py
[2025-10-16T17:32:27.877+0000] {processor.py:829} INFO - Processing file /home/airflow/.local/lib/python3.8/site-packages/airflow/example_dags/example_dag_decorator.py for tasks to queue
[2025-10-16T17:32:27.883+0000] {logging_mixin.py:151} INFO - [2025-10-16T17:32:27.883+0000] {dagbag.py:536} INFO - Filling up the DagBag from /home/airflow/.local/lib/python3.8/site-packages/airflow/example_dags/example_dag_decorator.py
[2025-10-16T17:32:28.100+0000] {processor.py:839} INFO - DAG(s) dict_keys(['example_dag_decorator']) retrieved from /home/airflow/.local/lib/python3.8/site-packages/airflow/example_dags/example_dag_decorator.py
[2025-10-16T17:32:28.411+0000] {logging_mixin.py:151} INFO - [2025-10-16T17:32:28.411+0000] {dag.py:2941} INFO - Sync 1 DAGs
[2025-10-16T17:32:28.443+0000] {logging_mixin.py:151} INFO - [2025-10-16T17:32:28.443+0000] {dag.py:3722} INFO - Setting next_dagrun for example_dag_decorator to None, run_after=None
[2025-10-16T17:32:28.503+0000] {processor.py:179} INFO - Processing /home/airflow/.local/lib/python3.8/site-packages/airflow/example_dags/example_dag_decorator.py took 0.640 seconds
[2025-10-16T17:32:59.291+0000] {processor.py:157} INFO - Started process (PID=1061) to work on /home/airflow/.local/lib/python3.8/site-packages/airflow/example_dags/example_dag_decorator.py
[2025-10-16T17:32:59.294+0000] {processor.py:829} INFO - Processing file /home/airflow/.local/lib/python3.8/site-packages/airflow/example_dags/example_dag_decorator.py for tasks to queue
[2025-10-16T17:32:59.300+0000] {logging_mixin.py:151} INFO - [2025-10-16T17:32:59.300+0000] {dagbag.py:536} INFO - Filling up the DagBag from /home/airflow/.local/lib/python3.8/site-packages/airflow/example_dags/example_dag_decorator.py
[2025-10-16T17:32:59.498+0000] {processor.py:839} INFO - DAG(s) dict_keys(['example_dag_decorator']) retrieved from /home/airflow/.local/lib/python3.8/site-packages/airflow/example_dags/example_dag_decorator.py
[2025-10-16T17:32:59.841+0000] {logging_mixin.py:151} INFO - [2025-10-16T17:32:59.841+0000] {dag.py:2941} INFO - Sync 1 DAGs
[2025-10-16T17:32:59.871+0000] {logging_mixin.py:151} INFO - [2025-10-16T17:32:59.871+0000] {dag.py:3722} INFO - Setting next_dagrun for example_dag_decorator to None, run_after=None
[2025-10-16T17:32:59.930+0000] {processor.py:179} INFO - Processing /home/airflow/.local/lib/python3.8/site-packages/airflow/example_dags/example_dag_decorator.py took 0.650 seconds
[2025-10-16T17:33:30.234+0000] {processor.py:157} INFO - Started process (PID=1118) to work on /home/airflow/.local/lib/python3.8/site-packages/airflow/example_dags/example_dag_decorator.py
[2025-10-16T17:33:30.239+0000] {processor.py:829} INFO - Processing file /home/airflow/.local/lib/python3.8/site-packages/airflow/example_dags/example_dag_decorator.py for tasks to queue
[2025-10-16T17:33:30.250+0000] {logging_mixin.py:151} INFO - [2025-10-16T17:33:30.249+0000] {dagbag.py:536} INFO - Filling up the DagBag from /home/airflow/.local/lib/python3.8/site-packages/airflow/example_dags/example_dag_decorator.py
[2025-10-16T17:33:30.453+0000] {processor.py:839} INFO - DAG(s) dict_keys(['example_dag_decorator']) retrieved from /home/airflow/.local/lib/python3.8/site-packages/airflow/example_dags/example_dag_decorator.py
[2025-10-16T17:33:30.725+0000] {logging_mixin.py:151} INFO - [2025-10-16T17:33:30.725+0000] {dag.py:2941} INFO - Sync 1 DAGs
[2025-10-16T17:33:31.039+0000] {logging_mixin.py:151} INFO - [2025-10-16T17:33:31.039+0000] {dag.py:3722} INFO - Setting next_dagrun for example_dag_decorator to None, run_after=None
[2025-10-16T17:33:31.105+0000] {processor.py:179} INFO - Processing /home/airflow/.local/lib/python3.8/site-packages/airflow/example_dags/example_dag_decorator.py took 0.900 seconds
[2025-10-16T17:34:01.318+0000] {processor.py:157} INFO - Started process (PID=1179) to work on /home/airflow/.local/lib/python3.8/site-packages/airflow/example_dags/example_dag_decorator.py
[2025-10-16T17:34:01.321+0000] {processor.py:829} INFO - Processing file /home/airflow/.local/lib/python3.8/site-packages/airflow/example_dags/example_dag_decorator.py for tasks to queue
[2025-10-16T17:34:01.326+0000] {logging_mixin.py:151} INFO - [2025-10-16T17:34:01.326+0000] {dagbag.py:536} INFO - Filling up the DagBag from /home/airflow/.local/lib/python3.8/site-packages/airflow/example_dags/example_dag_decorator.py
[2025-10-16T17:34:01.689+0000] {processor.py:839} INFO - DAG(s) dict_keys(['example_dag_decorator']) retrieved from /home/airflow/.local/lib/python3.8/site-packages/airflow/example_dags/example_dag_decorator.py
[2025-10-16T17:34:01.901+0000] {logging_mixin.py:151} INFO - [2025-10-16T17:34:01.901+0000] {dag.py:2941} INFO - Sync 1 DAGs
[2025-10-16T17:34:01.935+0000] {logging_mixin.py:151} INFO - [2025-10-16T17:34:01.934+0000] {dag.py:3722} INFO - Setting next_dagrun for example_dag_decorator to None, run_after=None
[2025-10-16T17:34:02.247+0000] {processor.py:179} INFO - Processing /home/airflow/.local/lib/python3.8/site-packages/airflow/example_dags/example_dag_decorator.py took 0.936 seconds
[2025-10-16T17:34:32.870+0000] {processor.py:157} INFO - Started process (PID=1240) to work on /home/airflow/.local/lib/python3.8/site-packages/airflow/example_dags/example_dag_decorator.py
[2025-10-16T17:34:32.874+0000] {processor.py:829} INFO - Processing file /home/airflow/.local/lib/python3.8/site-packages/airflow/example_dags/example_dag_decorator.py for tasks to queue
[2025-10-16T17:34:32.923+0000] {logging_mixin.py:151} INFO - [2025-10-16T17:34:32.922+0000] {dagbag.py:536} INFO - Filling up the DagBag from /home/airflow/.local/lib/python3.8/site-packages/airflow/example_dags/example_dag_decorator.py
[2025-10-16T17:34:33.352+0000] {processor.py:839} INFO - DAG(s) dict_keys(['example_dag_decorator']) retrieved from /home/airflow/.local/lib/python3.8/site-packages/airflow/example_dags/example_dag_decorator.py
[2025-10-16T17:34:33.693+0000] {logging_mixin.py:151} INFO - [2025-10-16T17:34:33.693+0000] {dag.py:2941} INFO - Sync 1 DAGs
[2025-10-16T17:34:33.720+0000] {logging_mixin.py:151} INFO - [2025-10-16T17:34:33.719+0000] {dag.py:3722} INFO - Setting next_dagrun for example_dag_decorator to None, run_after=None
[2025-10-16T17:34:33.772+0000] {processor.py:179} INFO - Processing /home/airflow/.local/lib/python3.8/site-packages/airflow/example_dags/example_dag_decorator.py took 0.936 seconds
[2025-10-16T17:35:04.349+0000] {processor.py:157} INFO - Started process (PID=1300) to work on /home/airflow/.local/lib/python3.8/site-packages/airflow/example_dags/example_dag_decorator.py
[2025-10-16T17:35:04.356+0000] {processor.py:829} INFO - Processing file /home/airflow/.local/lib/python3.8/site-packages/airflow/example_dags/example_dag_decorator.py for tasks to queue
[2025-10-16T17:35:04.373+0000] {logging_mixin.py:151} INFO - [2025-10-16T17:35:04.371+0000] {dagbag.py:536} INFO - Filling up the DagBag from /home/airflow/.local/lib/python3.8/site-packages/airflow/example_dags/example_dag_decorator.py
[2025-10-16T17:35:04.664+0000] {processor.py:839} INFO - DAG(s) dict_keys(['example_dag_decorator']) retrieved from /home/airflow/.local/lib/python3.8/site-packages/airflow/example_dags/example_dag_decorator.py
[2025-10-16T17:35:05.230+0000] {logging_mixin.py:151} INFO - [2025-10-16T17:35:05.228+0000] {dag.py:2941} INFO - Sync 1 DAGs
[2025-10-16T17:35:05.291+0000] {logging_mixin.py:151} INFO - [2025-10-16T17:35:05.290+0000] {dag.py:3722} INFO - Setting next_dagrun for example_dag_decorator to None, run_after=None
[2025-10-16T17:35:05.423+0000] {processor.py:179} INFO - Processing /home/airflow/.local/lib/python3.8/site-packages/airflow/example_dags/example_dag_decorator.py took 1.094 seconds
[2025-10-16T17:35:36.144+0000] {processor.py:157} INFO - Started process (PID=1360) to work on /home/airflow/.local/lib/python3.8/site-packages/airflow/example_dags/example_dag_decorator.py
[2025-10-16T17:35:36.171+0000] {processor.py:829} INFO - Processing file /home/airflow/.local/lib/python3.8/site-packages/airflow/example_dags/example_dag_decorator.py for tasks to queue
[2025-10-16T17:35:36.214+0000] {logging_mixin.py:151} INFO - [2025-10-16T17:35:36.213+0000] {dagbag.py:536} INFO - Filling up the DagBag from /home/airflow/.local/lib/python3.8/site-packages/airflow/example_dags/example_dag_decorator.py
[2025-10-16T17:35:36.551+0000] {processor.py:839} INFO - DAG(s) dict_keys(['example_dag_decorator']) retrieved from /home/airflow/.local/lib/python3.8/site-packages/airflow/example_dags/example_dag_decorator.py
[2025-10-16T17:35:37.930+0000] {logging_mixin.py:151} INFO - [2025-10-16T17:35:37.930+0000] {dag.py:2941} INFO - Sync 1 DAGs
[2025-10-16T17:35:37.976+0000] {logging_mixin.py:151} INFO - [2025-10-16T17:35:37.976+0000] {dag.py:3722} INFO - Setting next_dagrun for example_dag_decorator to None, run_after=None
[2025-10-16T17:35:38.038+0000] {processor.py:179} INFO - Processing /home/airflow/.local/lib/python3.8/site-packages/airflow/example_dags/example_dag_decorator.py took 1.939 seconds
[2025-10-16T17:36:08.757+0000] {processor.py:157} INFO - Started process (PID=1422) to work on /home/airflow/.local/lib/python3.8/site-packages/airflow/example_dags/example_dag_decorator.py
[2025-10-16T17:36:08.761+0000] {processor.py:829} INFO - Processing file /home/airflow/.local/lib/python3.8/site-packages/airflow/example_dags/example_dag_decorator.py for tasks to queue
[2025-10-16T17:36:08.768+0000] {logging_mixin.py:151} INFO - [2025-10-16T17:36:08.767+0000] {dagbag.py:536} INFO - Filling up the DagBag from /home/airflow/.local/lib/python3.8/site-packages/airflow/example_dags/example_dag_decorator.py
[2025-10-16T17:36:08.990+0000] {processor.py:839} INFO - DAG(s) dict_keys(['example_dag_decorator']) retrieved from /home/airflow/.local/lib/python3.8/site-packages/airflow/example_dags/example_dag_decorator.py
[2025-10-16T17:36:09.326+0000] {logging_mixin.py:151} INFO - [2025-10-16T17:36:09.326+0000] {dag.py:2941} INFO - Sync 1 DAGs
[2025-10-16T17:36:09.674+0000] {logging_mixin.py:151} INFO - [2025-10-16T17:36:09.674+0000] {dag.py:3722} INFO - Setting next_dagrun for example_dag_decorator to None, run_after=None
[2025-10-16T17:36:09.725+0000] {processor.py:179} INFO - Processing /home/airflow/.local/lib/python3.8/site-packages/airflow/example_dags/example_dag_decorator.py took 0.976 seconds
[2025-10-16T17:36:40.100+0000] {processor.py:157} INFO - Started process (PID=1483) to work on /home/airflow/.local/lib/python3.8/site-packages/airflow/example_dags/example_dag_decorator.py
[2025-10-16T17:36:40.102+0000] {processor.py:829} INFO - Processing file /home/airflow/.local/lib/python3.8/site-packages/airflow/example_dags/example_dag_decorator.py for tasks to queue
[2025-10-16T17:36:40.108+0000] {logging_mixin.py:151} INFO - [2025-10-16T17:36:40.107+0000] {dagbag.py:536} INFO - Filling up the DagBag from /home/airflow/.local/lib/python3.8/site-packages/airflow/example_dags/example_dag_decorator.py
[2025-10-16T17:36:40.298+0000] {processor.py:839} INFO - DAG(s) dict_keys(['example_dag_decorator']) retrieved from /home/airflow/.local/lib/python3.8/site-packages/airflow/example_dags/example_dag_decorator.py
[2025-10-16T17:36:40.609+0000] {logging_mixin.py:151} INFO - [2025-10-16T17:36:40.608+0000] {dag.py:2941} INFO - Sync 1 DAGs
[2025-10-16T17:36:40.637+0000] {logging_mixin.py:151} INFO - [2025-10-16T17:36:40.637+0000] {dag.py:3722} INFO - Setting next_dagrun for example_dag_decorator to None, run_after=None
[2025-10-16T17:36:40.978+0000] {processor.py:179} INFO - Processing /home/airflow/.local/lib/python3.8/site-packages/airflow/example_dags/example_dag_decorator.py took 0.885 seconds
[2025-10-16T17:37:11.077+0000] {processor.py:157} INFO - Started process (PID=1542) to work on /home/airflow/.local/lib/python3.8/site-packages/airflow/example_dags/example_dag_decorator.py
[2025-10-16T17:37:11.079+0000] {processor.py:829} INFO - Processing file /home/airflow/.local/lib/python3.8/site-packages/airflow/example_dags/example_dag_decorator.py for tasks to queue
[2025-10-16T17:37:11.085+0000] {logging_mixin.py:151} INFO - [2025-10-16T17:37:11.084+0000] {dagbag.py:536} INFO - Filling up the DagBag from /home/airflow/.local/lib/python3.8/site-packages/airflow/example_dags/example_dag_decorator.py
[2025-10-16T17:37:11.237+0000] {processor.py:839} INFO - DAG(s) dict_keys(['example_dag_decorator']) retrieved from /home/airflow/.local/lib/python3.8/site-packages/airflow/example_dags/example_dag_decorator.py
[2025-10-16T17:37:11.810+0000] {logging_mixin.py:151} INFO - [2025-10-16T17:37:11.810+0000] {dag.py:2941} INFO - Sync 1 DAGs
[2025-10-16T17:37:11.834+0000] {logging_mixin.py:151} INFO - [2025-10-16T17:37:11.834+0000] {dag.py:3722} INFO - Setting next_dagrun for example_dag_decorator to None, run_after=None
[2025-10-16T17:37:11.895+0000] {processor.py:179} INFO - Processing /home/airflow/.local/lib/python3.8/site-packages/airflow/example_dags/example_dag_decorator.py took 0.831 seconds
[2025-10-16T17:37:42.058+0000] {processor.py:157} INFO - Started process (PID=1602) to work on /home/airflow/.local/lib/python3.8/site-packages/airflow/example_dags/example_dag_decorator.py
[2025-10-16T17:37:42.061+0000] {processor.py:829} INFO - Processing file /home/airflow/.local/lib/python3.8/site-packages/airflow/example_dags/example_dag_decorator.py for tasks to queue
[2025-10-16T17:37:42.066+0000] {logging_mixin.py:151} INFO - [2025-10-16T17:37:42.065+0000] {dagbag.py:536} INFO - Filling up the DagBag from /home/airflow/.local/lib/python3.8/site-packages/airflow/example_dags/example_dag_decorator.py
[2025-10-16T17:37:42.219+0000] {processor.py:839} INFO - DAG(s) dict_keys(['example_dag_decorator']) retrieved from /home/airflow/.local/lib/python3.8/site-packages/airflow/example_dags/example_dag_decorator.py
[2025-10-16T17:37:42.723+0000] {logging_mixin.py:151} INFO - [2025-10-16T17:37:42.723+0000] {dag.py:2941} INFO - Sync 1 DAGs
[2025-10-16T17:37:42.744+0000] {logging_mixin.py:151} INFO - [2025-10-16T17:37:42.744+0000] {dag.py:3722} INFO - Setting next_dagrun for example_dag_decorator to None, run_after=None
[2025-10-16T17:37:42.844+0000] {processor.py:179} INFO - Processing /home/airflow/.local/lib/python3.8/site-packages/airflow/example_dags/example_dag_decorator.py took 0.796 seconds
[2025-10-16T17:38:13.202+0000] {processor.py:157} INFO - Started process (PID=1661) to work on /home/airflow/.local/lib/python3.8/site-packages/airflow/example_dags/example_dag_decorator.py
[2025-10-16T17:38:13.205+0000] {processor.py:829} INFO - Processing file /home/airflow/.local/lib/python3.8/site-packages/airflow/example_dags/example_dag_decorator.py for tasks to queue
[2025-10-16T17:38:13.212+0000] {logging_mixin.py:151} INFO - [2025-10-16T17:38:13.211+0000] {dagbag.py:536} INFO - Filling up the DagBag from /home/airflow/.local/lib/python3.8/site-packages/airflow/example_dags/example_dag_decorator.py
[2025-10-16T17:38:13.488+0000] {processor.py:839} INFO - DAG(s) dict_keys(['example_dag_decorator']) retrieved from /home/airflow/.local/lib/python3.8/site-packages/airflow/example_dags/example_dag_decorator.py
[2025-10-16T17:38:13.955+0000] {logging_mixin.py:151} INFO - [2025-10-16T17:38:13.954+0000] {dag.py:2941} INFO - Sync 1 DAGs
[2025-10-16T17:38:14.912+0000] {logging_mixin.py:151} INFO - [2025-10-16T17:38:14.911+0000] {dag.py:3722} INFO - Setting next_dagrun for example_dag_decorator to None, run_after=None
[2025-10-16T17:38:14.958+0000] {processor.py:179} INFO - Processing /home/airflow/.local/lib/python3.8/site-packages/airflow/example_dags/example_dag_decorator.py took 1.768 seconds
[2025-10-16T17:38:45.130+0000] {processor.py:157} INFO - Started process (PID=1728) to work on /home/airflow/.local/lib/python3.8/site-packages/airflow/example_dags/example_dag_decorator.py
[2025-10-16T17:38:45.133+0000] {processor.py:829} INFO - Processing file /home/airflow/.local/lib/python3.8/site-packages/airflow/example_dags/example_dag_decorator.py for tasks to queue
[2025-10-16T17:38:45.138+0000] {logging_mixin.py:151} INFO - [2025-10-16T17:38:45.137+0000] {dagbag.py:536} INFO - Filling up the DagBag from /home/airflow/.local/lib/python3.8/site-packages/airflow/example_dags/example_dag_decorator.py
[2025-10-16T17:38:45.337+0000] {processor.py:839} INFO - DAG(s) dict_keys(['example_dag_decorator']) retrieved from /home/airflow/.local/lib/python3.8/site-packages/airflow/example_dags/example_dag_decorator.py
[2025-10-16T17:38:46.008+0000] {logging_mixin.py:151} INFO - [2025-10-16T17:38:46.007+0000] {dag.py:2941} INFO - Sync 1 DAGs
[2025-10-16T17:38:46.042+0000] {logging_mixin.py:151} INFO - [2025-10-16T17:38:46.041+0000] {dag.py:3722} INFO - Setting next_dagrun for example_dag_decorator to None, run_after=None
[2025-10-16T17:38:46.106+0000] {processor.py:179} INFO - Processing /home/airflow/.local/lib/python3.8/site-packages/airflow/example_dags/example_dag_decorator.py took 0.986 seconds
[2025-10-16T17:39:16.592+0000] {processor.py:157} INFO - Started process (PID=1788) to work on /home/airflow/.local/lib/python3.8/site-packages/airflow/example_dags/example_dag_decorator.py
[2025-10-16T17:39:16.596+0000] {processor.py:829} INFO - Processing file /home/airflow/.local/lib/python3.8/site-packages/airflow/example_dags/example_dag_decorator.py for tasks to queue
[2025-10-16T17:39:16.619+0000] {logging_mixin.py:151} INFO - [2025-10-16T17:39:16.618+0000] {dagbag.py:536} INFO - Filling up the DagBag from /home/airflow/.local/lib/python3.8/site-packages/airflow/example_dags/example_dag_decorator.py
[2025-10-16T17:39:17.332+0000] {processor.py:839} INFO - DAG(s) dict_keys(['example_dag_decorator']) retrieved from /home/airflow/.local/lib/python3.8/site-packages/airflow/example_dags/example_dag_decorator.py
[2025-10-16T17:39:19.582+0000] {logging_mixin.py:151} INFO - [2025-10-16T17:39:19.581+0000] {dag.py:2941} INFO - Sync 1 DAGs
[2025-10-16T17:39:19.701+0000] {logging_mixin.py:151} INFO - [2025-10-16T17:39:19.700+0000] {dag.py:3722} INFO - Setting next_dagrun for example_dag_decorator to None, run_after=None
[2025-10-16T17:39:19.897+0000] {processor.py:179} INFO - Processing /home/airflow/.local/lib/python3.8/site-packages/airflow/example_dags/example_dag_decorator.py took 3.329 seconds
[2025-10-16T17:39:50.735+0000] {processor.py:157} INFO - Started process (PID=1849) to work on /home/airflow/.local/lib/python3.8/site-packages/airflow/example_dags/example_dag_decorator.py
[2025-10-16T17:39:50.739+0000] {processor.py:829} INFO - Processing file /home/airflow/.local/lib/python3.8/site-packages/airflow/example_dags/example_dag_decorator.py for tasks to queue
[2025-10-16T17:39:50.762+0000] {logging_mixin.py:151} INFO - [2025-10-16T17:39:50.761+0000] {dagbag.py:536} INFO - Filling up the DagBag from /home/airflow/.local/lib/python3.8/site-packages/airflow/example_dags/example_dag_decorator.py
[2025-10-16T17:39:51.124+0000] {processor.py:839} INFO - DAG(s) dict_keys(['example_dag_decorator']) retrieved from /home/airflow/.local/lib/python3.8/site-packages/airflow/example_dags/example_dag_decorator.py
[2025-10-16T17:39:52.171+0000] {logging_mixin.py:151} INFO - [2025-10-16T17:39:52.171+0000] {dag.py:2941} INFO - Sync 1 DAGs
[2025-10-16T17:39:52.200+0000] {logging_mixin.py:151} INFO - [2025-10-16T17:39:52.199+0000] {dag.py:3722} INFO - Setting next_dagrun for example_dag_decorator to None, run_after=None
[2025-10-16T17:39:52.262+0000] {processor.py:179} INFO - Processing /home/airflow/.local/lib/python3.8/site-packages/airflow/example_dags/example_dag_decorator.py took 1.541 seconds
[2025-10-16T17:40:22.770+0000] {processor.py:157} INFO - Started process (PID=1913) to work on /home/airflow/.local/lib/python3.8/site-packages/airflow/example_dags/example_dag_decorator.py
[2025-10-16T17:40:22.772+0000] {processor.py:829} INFO - Processing file /home/airflow/.local/lib/python3.8/site-packages/airflow/example_dags/example_dag_decorator.py for tasks to queue
[2025-10-16T17:40:22.779+0000] {logging_mixin.py:151} INFO - [2025-10-16T17:40:22.779+0000] {dagbag.py:536} INFO - Filling up the DagBag from /home/airflow/.local/lib/python3.8/site-packages/airflow/example_dags/example_dag_decorator.py
[2025-10-16T17:40:23.079+0000] {processor.py:839} INFO - DAG(s) dict_keys(['example_dag_decorator']) retrieved from /home/airflow/.local/lib/python3.8/site-packages/airflow/example_dags/example_dag_decorator.py
[2025-10-16T17:40:23.948+0000] {logging_mixin.py:151} INFO - [2025-10-16T17:40:23.948+0000] {dag.py:2941} INFO - Sync 1 DAGs
[2025-10-16T17:40:23.977+0000] {logging_mixin.py:151} INFO - [2025-10-16T17:40:23.976+0000] {dag.py:3722} INFO - Setting next_dagrun for example_dag_decorator to None, run_after=None
[2025-10-16T17:40:24.033+0000] {processor.py:179} INFO - Processing /home/airflow/.local/lib/python3.8/site-packages/airflow/example_dags/example_dag_decorator.py took 1.274 seconds
[2025-10-16T17:40:54.535+0000] {processor.py:157} INFO - Started process (PID=1974) to work on /home/airflow/.local/lib/python3.8/site-packages/airflow/example_dags/example_dag_decorator.py
[2025-10-16T17:40:54.541+0000] {processor.py:829} INFO - Processing file /home/airflow/.local/lib/python3.8/site-packages/airflow/example_dags/example_dag_decorator.py for tasks to queue
[2025-10-16T17:40:54.563+0000] {logging_mixin.py:151} INFO - [2025-10-16T17:40:54.561+0000] {dagbag.py:536} INFO - Filling up the DagBag from /home/airflow/.local/lib/python3.8/site-packages/airflow/example_dags/example_dag_decorator.py
[2025-10-16T17:40:54.840+0000] {processor.py:839} INFO - DAG(s) dict_keys(['example_dag_decorator']) retrieved from /home/airflow/.local/lib/python3.8/site-packages/airflow/example_dags/example_dag_decorator.py
[2025-10-16T17:40:55.435+0000] {logging_mixin.py:151} INFO - [2025-10-16T17:40:55.435+0000] {dag.py:2941} INFO - Sync 1 DAGs
[2025-10-16T17:40:55.468+0000] {logging_mixin.py:151} INFO - [2025-10-16T17:40:55.467+0000] {dag.py:3722} INFO - Setting next_dagrun for example_dag_decorator to None, run_after=None
[2025-10-16T17:40:55.575+0000] {processor.py:179} INFO - Processing /home/airflow/.local/lib/python3.8/site-packages/airflow/example_dags/example_dag_decorator.py took 1.067 seconds
[2025-10-16T17:41:25.839+0000] {processor.py:157} INFO - Started process (PID=2034) to work on /home/airflow/.local/lib/python3.8/site-packages/airflow/example_dags/example_dag_decorator.py
[2025-10-16T17:41:25.845+0000] {processor.py:829} INFO - Processing file /home/airflow/.local/lib/python3.8/site-packages/airflow/example_dags/example_dag_decorator.py for tasks to queue
[2025-10-16T17:41:25.858+0000] {logging_mixin.py:151} INFO - [2025-10-16T17:41:25.856+0000] {dagbag.py:536} INFO - Filling up the DagBag from /home/airflow/.local/lib/python3.8/site-packages/airflow/example_dags/example_dag_decorator.py
[2025-10-16T17:41:26.195+0000] {processor.py:839} INFO - DAG(s) dict_keys(['example_dag_decorator']) retrieved from /home/airflow/.local/lib/python3.8/site-packages/airflow/example_dags/example_dag_decorator.py
[2025-10-16T17:41:26.257+0000] {logging_mixin.py:151} INFO - [2025-10-16T17:41:26.257+0000] {dag.py:2941} INFO - Sync 1 DAGs
[2025-10-16T17:41:26.296+0000] {logging_mixin.py:151} INFO - [2025-10-16T17:41:26.295+0000] {dag.py:3722} INFO - Setting next_dagrun for example_dag_decorator to None, run_after=None
[2025-10-16T17:41:26.347+0000] {processor.py:179} INFO - Processing /home/airflow/.local/lib/python3.8/site-packages/airflow/example_dags/example_dag_decorator.py took 0.525 seconds
[2025-10-16T17:41:57.113+0000] {processor.py:157} INFO - Started process (PID=2093) to work on /home/airflow/.local/lib/python3.8/site-packages/airflow/example_dags/example_dag_decorator.py
[2025-10-16T17:41:57.116+0000] {processor.py:829} INFO - Processing file /home/airflow/.local/lib/python3.8/site-packages/airflow/example_dags/example_dag_decorator.py for tasks to queue
[2025-10-16T17:41:57.124+0000] {logging_mixin.py:151} INFO - [2025-10-16T17:41:57.123+0000] {dagbag.py:536} INFO - Filling up the DagBag from /home/airflow/.local/lib/python3.8/site-packages/airflow/example_dags/example_dag_decorator.py
[2025-10-16T17:41:57.314+0000] {processor.py:839} INFO - DAG(s) dict_keys(['example_dag_decorator']) retrieved from /home/airflow/.local/lib/python3.8/site-packages/airflow/example_dags/example_dag_decorator.py
[2025-10-16T17:41:57.724+0000] {logging_mixin.py:151} INFO - [2025-10-16T17:41:57.723+0000] {dag.py:2941} INFO - Sync 1 DAGs
[2025-10-16T17:41:57.760+0000] {logging_mixin.py:151} INFO - [2025-10-16T17:41:57.759+0000] {dag.py:3722} INFO - Setting next_dagrun for example_dag_decorator to None, run_after=None
[2025-10-16T17:41:57.816+0000] {processor.py:179} INFO - Processing /home/airflow/.local/lib/python3.8/site-packages/airflow/example_dags/example_dag_decorator.py took 0.711 seconds
[2025-10-16T17:42:28.685+0000] {processor.py:157} INFO - Started process (PID=2155) to work on /home/airflow/.local/lib/python3.8/site-packages/airflow/example_dags/example_dag_decorator.py
[2025-10-16T17:42:28.690+0000] {processor.py:829} INFO - Processing file /home/airflow/.local/lib/python3.8/site-packages/airflow/example_dags/example_dag_decorator.py for tasks to queue
[2025-10-16T17:42:28.702+0000] {logging_mixin.py:151} INFO - [2025-10-16T17:42:28.700+0000] {dagbag.py:536} INFO - Filling up the DagBag from /home/airflow/.local/lib/python3.8/site-packages/airflow/example_dags/example_dag_decorator.py
[2025-10-16T17:42:29.159+0000] {processor.py:839} INFO - DAG(s) dict_keys(['example_dag_decorator']) retrieved from /home/airflow/.local/lib/python3.8/site-packages/airflow/example_dags/example_dag_decorator.py
[2025-10-16T17:42:29.736+0000] {logging_mixin.py:151} INFO - [2025-10-16T17:42:29.736+0000] {dag.py:2941} INFO - Sync 1 DAGs
[2025-10-16T17:42:29.785+0000] {logging_mixin.py:151} INFO - [2025-10-16T17:42:29.784+0000] {dag.py:3722} INFO - Setting next_dagrun for example_dag_decorator to None, run_after=None
[2025-10-16T17:42:29.874+0000] {processor.py:179} INFO - Processing /home/airflow/.local/lib/python3.8/site-packages/airflow/example_dags/example_dag_decorator.py took 1.208 seconds
[2025-10-16T17:43:00.145+0000] {processor.py:157} INFO - Started process (PID=2214) to work on /home/airflow/.local/lib/python3.8/site-packages/airflow/example_dags/example_dag_decorator.py
[2025-10-16T17:43:00.148+0000] {processor.py:829} INFO - Processing file /home/airflow/.local/lib/python3.8/site-packages/airflow/example_dags/example_dag_decorator.py for tasks to queue
[2025-10-16T17:43:00.155+0000] {logging_mixin.py:151} INFO - [2025-10-16T17:43:00.154+0000] {dagbag.py:536} INFO - Filling up the DagBag from /home/airflow/.local/lib/python3.8/site-packages/airflow/example_dags/example_dag_decorator.py
[2025-10-16T17:43:00.352+0000] {processor.py:839} INFO - DAG(s) dict_keys(['example_dag_decorator']) retrieved from /home/airflow/.local/lib/python3.8/site-packages/airflow/example_dags/example_dag_decorator.py
[2025-10-16T17:43:00.963+0000] {logging_mixin.py:151} INFO - [2025-10-16T17:43:00.963+0000] {dag.py:2941} INFO - Sync 1 DAGs
[2025-10-16T17:43:00.990+0000] {logging_mixin.py:151} INFO - [2025-10-16T17:43:00.989+0000] {dag.py:3722} INFO - Setting next_dagrun for example_dag_decorator to None, run_after=None
[2025-10-16T17:43:01.045+0000] {processor.py:179} INFO - Processing /home/airflow/.local/lib/python3.8/site-packages/airflow/example_dags/example_dag_decorator.py took 0.910 seconds
[2025-10-16T17:43:31.150+0000] {processor.py:157} INFO - Started process (PID=2274) to work on /home/airflow/.local/lib/python3.8/site-packages/airflow/example_dags/example_dag_decorator.py
[2025-10-16T17:43:31.152+0000] {processor.py:829} INFO - Processing file /home/airflow/.local/lib/python3.8/site-packages/airflow/example_dags/example_dag_decorator.py for tasks to queue
[2025-10-16T17:43:31.159+0000] {logging_mixin.py:151} INFO - [2025-10-16T17:43:31.158+0000] {dagbag.py:536} INFO - Filling up the DagBag from /home/airflow/.local/lib/python3.8/site-packages/airflow/example_dags/example_dag_decorator.py
[2025-10-16T17:43:31.310+0000] {processor.py:839} INFO - DAG(s) dict_keys(['example_dag_decorator']) retrieved from /home/airflow/.local/lib/python3.8/site-packages/airflow/example_dags/example_dag_decorator.py
[2025-10-16T17:43:31.815+0000] {logging_mixin.py:151} INFO - [2025-10-16T17:43:31.815+0000] {dag.py:2941} INFO - Sync 1 DAGs
[2025-10-16T17:43:31.851+0000] {logging_mixin.py:151} INFO - [2025-10-16T17:43:31.851+0000] {dag.py:3722} INFO - Setting next_dagrun for example_dag_decorator to None, run_after=None
[2025-10-16T17:43:31.914+0000] {processor.py:179} INFO - Processing /home/airflow/.local/lib/python3.8/site-packages/airflow/example_dags/example_dag_decorator.py took 0.772 seconds
[2025-10-16T17:44:02.188+0000] {processor.py:157} INFO - Started process (PID=2333) to work on /home/airflow/.local/lib/python3.8/site-packages/airflow/example_dags/example_dag_decorator.py
[2025-10-16T17:44:02.194+0000] {processor.py:829} INFO - Processing file /home/airflow/.local/lib/python3.8/site-packages/airflow/example_dags/example_dag_decorator.py for tasks to queue
[2025-10-16T17:44:02.206+0000] {logging_mixin.py:151} INFO - [2025-10-16T17:44:02.204+0000] {dagbag.py:536} INFO - Filling up the DagBag from /home/airflow/.local/lib/python3.8/site-packages/airflow/example_dags/example_dag_decorator.py
[2025-10-16T17:44:02.422+0000] {processor.py:839} INFO - DAG(s) dict_keys(['example_dag_decorator']) retrieved from /home/airflow/.local/lib/python3.8/site-packages/airflow/example_dags/example_dag_decorator.py
[2025-10-16T17:44:02.486+0000] {logging_mixin.py:151} INFO - [2025-10-16T17:44:02.485+0000] {dag.py:2941} INFO - Sync 1 DAGs
[2025-10-16T17:44:02.768+0000] {logging_mixin.py:151} INFO - [2025-10-16T17:44:02.767+0000] {dag.py:3722} INFO - Setting next_dagrun for example_dag_decorator to None, run_after=None
[2025-10-16T17:44:02.809+0000] {processor.py:179} INFO - Processing /home/airflow/.local/lib/python3.8/site-packages/airflow/example_dags/example_dag_decorator.py took 0.639 seconds
[2025-10-16T17:44:33.705+0000] {processor.py:157} INFO - Started process (PID=2393) to work on /home/airflow/.local/lib/python3.8/site-packages/airflow/example_dags/example_dag_decorator.py
[2025-10-16T17:44:33.711+0000] {processor.py:829} INFO - Processing file /home/airflow/.local/lib/python3.8/site-packages/airflow/example_dags/example_dag_decorator.py for tasks to queue
[2025-10-16T17:44:33.734+0000] {logging_mixin.py:151} INFO - [2025-10-16T17:44:33.732+0000] {dagbag.py:536} INFO - Filling up the DagBag from /home/airflow/.local/lib/python3.8/site-packages/airflow/example_dags/example_dag_decorator.py
[2025-10-16T17:44:34.249+0000] {processor.py:839} INFO - DAG(s) dict_keys(['example_dag_decorator']) retrieved from /home/airflow/.local/lib/python3.8/site-packages/airflow/example_dags/example_dag_decorator.py
[2025-10-16T17:44:34.421+0000] {logging_mixin.py:151} INFO - [2025-10-16T17:44:34.420+0000] {dag.py:2941} INFO - Sync 1 DAGs
[2025-10-16T17:44:34.526+0000] {logging_mixin.py:151} INFO - [2025-10-16T17:44:34.526+0000] {dag.py:3722} INFO - Setting next_dagrun for example_dag_decorator to None, run_after=None
[2025-10-16T17:44:34.582+0000] {processor.py:179} INFO - Processing /home/airflow/.local/lib/python3.8/site-packages/airflow/example_dags/example_dag_decorator.py took 0.898 seconds
[2025-10-16T17:45:04.786+0000] {processor.py:157} INFO - Started process (PID=2452) to work on /home/airflow/.local/lib/python3.8/site-packages/airflow/example_dags/example_dag_decorator.py
[2025-10-16T17:45:04.791+0000] {processor.py:829} INFO - Processing file /home/airflow/.local/lib/python3.8/site-packages/airflow/example_dags/example_dag_decorator.py for tasks to queue
[2025-10-16T17:45:04.803+0000] {logging_mixin.py:151} INFO - [2025-10-16T17:45:04.801+0000] {dagbag.py:536} INFO - Filling up the DagBag from /home/airflow/.local/lib/python3.8/site-packages/airflow/example_dags/example_dag_decorator.py
[2025-10-16T17:45:05.243+0000] {processor.py:839} INFO - DAG(s) dict_keys(['example_dag_decorator']) retrieved from /home/airflow/.local/lib/python3.8/site-packages/airflow/example_dags/example_dag_decorator.py
[2025-10-16T17:45:05.451+0000] {logging_mixin.py:151} INFO - [2025-10-16T17:45:05.451+0000] {dag.py:2941} INFO - Sync 1 DAGs
[2025-10-16T17:45:05.478+0000] {logging_mixin.py:151} INFO - [2025-10-16T17:45:05.478+0000] {dag.py:3722} INFO - Setting next_dagrun for example_dag_decorator to None, run_after=None
[2025-10-16T17:45:05.529+0000] {processor.py:179} INFO - Processing /home/airflow/.local/lib/python3.8/site-packages/airflow/example_dags/example_dag_decorator.py took 0.760 seconds
[2025-10-16T17:45:36.029+0000] {processor.py:157} INFO - Started process (PID=2512) to work on /home/airflow/.local/lib/python3.8/site-packages/airflow/example_dags/example_dag_decorator.py
[2025-10-16T17:45:36.035+0000] {processor.py:829} INFO - Processing file /home/airflow/.local/lib/python3.8/site-packages/airflow/example_dags/example_dag_decorator.py for tasks to queue
[2025-10-16T17:45:36.050+0000] {logging_mixin.py:151} INFO - [2025-10-16T17:45:36.048+0000] {dagbag.py:536} INFO - Filling up the DagBag from /home/airflow/.local/lib/python3.8/site-packages/airflow/example_dags/example_dag_decorator.py
[2025-10-16T17:45:36.347+0000] {processor.py:839} INFO - DAG(s) dict_keys(['example_dag_decorator']) retrieved from /home/airflow/.local/lib/python3.8/site-packages/airflow/example_dags/example_dag_decorator.py
[2025-10-16T17:45:36.765+0000] {logging_mixin.py:151} INFO - [2025-10-16T17:45:36.764+0000] {dag.py:2941} INFO - Sync 1 DAGs
[2025-10-16T17:45:36.790+0000] {logging_mixin.py:151} INFO - [2025-10-16T17:45:36.790+0000] {dag.py:3722} INFO - Setting next_dagrun for example_dag_decorator to None, run_after=None
[2025-10-16T17:45:36.832+0000] {processor.py:179} INFO - Processing /home/airflow/.local/lib/python3.8/site-packages/airflow/example_dags/example_dag_decorator.py took 0.819 seconds
[2025-10-16T17:46:07.673+0000] {processor.py:157} INFO - Started process (PID=2574) to work on /home/airflow/.local/lib/python3.8/site-packages/airflow/example_dags/example_dag_decorator.py
[2025-10-16T17:46:07.676+0000] {processor.py:829} INFO - Processing file /home/airflow/.local/lib/python3.8/site-packages/airflow/example_dags/example_dag_decorator.py for tasks to queue
[2025-10-16T17:46:07.682+0000] {logging_mixin.py:151} INFO - [2025-10-16T17:46:07.681+0000] {dagbag.py:536} INFO - Filling up the DagBag from /home/airflow/.local/lib/python3.8/site-packages/airflow/example_dags/example_dag_decorator.py
[2025-10-16T17:46:07.878+0000] {processor.py:839} INFO - DAG(s) dict_keys(['example_dag_decorator']) retrieved from /home/airflow/.local/lib/python3.8/site-packages/airflow/example_dags/example_dag_decorator.py
[2025-10-16T17:46:08.550+0000] {logging_mixin.py:151} INFO - [2025-10-16T17:46:08.549+0000] {dag.py:2941} INFO - Sync 1 DAGs
[2025-10-16T17:46:08.576+0000] {logging_mixin.py:151} INFO - [2025-10-16T17:46:08.575+0000] {dag.py:3722} INFO - Setting next_dagrun for example_dag_decorator to None, run_after=None
[2025-10-16T17:46:08.627+0000] {processor.py:179} INFO - Processing /home/airflow/.local/lib/python3.8/site-packages/airflow/example_dags/example_dag_decorator.py took 0.963 seconds
[2025-10-16T17:46:38.980+0000] {processor.py:157} INFO - Started process (PID=2634) to work on /home/airflow/.local/lib/python3.8/site-packages/airflow/example_dags/example_dag_decorator.py
[2025-10-16T17:46:38.983+0000] {processor.py:829} INFO - Processing file /home/airflow/.local/lib/python3.8/site-packages/airflow/example_dags/example_dag_decorator.py for tasks to queue
[2025-10-16T17:46:39.001+0000] {logging_mixin.py:151} INFO - [2025-10-16T17:46:39.000+0000] {dagbag.py:536} INFO - Filling up the DagBag from /home/airflow/.local/lib/python3.8/site-packages/airflow/example_dags/example_dag_decorator.py
[2025-10-16T17:46:39.478+0000] {processor.py:839} INFO - DAG(s) dict_keys(['example_dag_decorator']) retrieved from /home/airflow/.local/lib/python3.8/site-packages/airflow/example_dags/example_dag_decorator.py
[2025-10-16T17:46:40.410+0000] {logging_mixin.py:151} INFO - [2025-10-16T17:46:40.409+0000] {dag.py:2941} INFO - Sync 1 DAGs
[2025-10-16T17:46:40.459+0000] {logging_mixin.py:151} INFO - [2025-10-16T17:46:40.458+0000] {dag.py:3722} INFO - Setting next_dagrun for example_dag_decorator to None, run_after=None
[2025-10-16T17:46:40.543+0000] {processor.py:179} INFO - Processing /home/airflow/.local/lib/python3.8/site-packages/airflow/example_dags/example_dag_decorator.py took 1.581 seconds
[2025-10-16T17:51:54.131+0000] {processor.py:157} INFO - Started process (PID=108) to work on /home/airflow/.local/lib/python3.8/site-packages/airflow/example_dags/example_dag_decorator.py
[2025-10-16T17:51:54.134+0000] {processor.py:829} INFO - Processing file /home/airflow/.local/lib/python3.8/site-packages/airflow/example_dags/example_dag_decorator.py for tasks to queue
[2025-10-16T17:51:54.141+0000] {logging_mixin.py:151} INFO - [2025-10-16T17:51:54.140+0000] {dagbag.py:536} INFO - Filling up the DagBag from /home/airflow/.local/lib/python3.8/site-packages/airflow/example_dags/example_dag_decorator.py
[2025-10-16T17:51:54.677+0000] {processor.py:839} INFO - DAG(s) dict_keys(['example_dag_decorator']) retrieved from /home/airflow/.local/lib/python3.8/site-packages/airflow/example_dags/example_dag_decorator.py
[2025-10-16T17:51:55.838+0000] {logging_mixin.py:151} INFO - [2025-10-16T17:51:55.837+0000] {dag.py:2941} INFO - Sync 1 DAGs
[2025-10-16T17:51:55.872+0000] {logging_mixin.py:151} INFO - [2025-10-16T17:51:55.871+0000] {dag.py:3722} INFO - Setting next_dagrun for example_dag_decorator to None, run_after=None
[2025-10-16T17:51:55.949+0000] {processor.py:179} INFO - Processing /home/airflow/.local/lib/python3.8/site-packages/airflow/example_dags/example_dag_decorator.py took 1.827 seconds
[2025-10-16T17:52:26.356+0000] {processor.py:157} INFO - Started process (PID=167) to work on /home/airflow/.local/lib/python3.8/site-packages/airflow/example_dags/example_dag_decorator.py
[2025-10-16T17:52:26.363+0000] {processor.py:829} INFO - Processing file /home/airflow/.local/lib/python3.8/site-packages/airflow/example_dags/example_dag_decorator.py for tasks to queue
[2025-10-16T17:52:26.380+0000] {logging_mixin.py:151} INFO - [2025-10-16T17:52:26.379+0000] {dagbag.py:536} INFO - Filling up the DagBag from /home/airflow/.local/lib/python3.8/site-packages/airflow/example_dags/example_dag_decorator.py
[2025-10-16T17:52:26.760+0000] {processor.py:839} INFO - DAG(s) dict_keys(['example_dag_decorator']) retrieved from /home/airflow/.local/lib/python3.8/site-packages/airflow/example_dags/example_dag_decorator.py
[2025-10-16T17:52:27.827+0000] {logging_mixin.py:151} INFO - [2025-10-16T17:52:27.817+0000] {dag.py:2941} INFO - Sync 1 DAGs
[2025-10-16T17:52:27.891+0000] {logging_mixin.py:151} INFO - [2025-10-16T17:52:27.891+0000] {dag.py:3722} INFO - Setting next_dagrun for example_dag_decorator to None, run_after=None
[2025-10-16T17:52:29.737+0000] {processor.py:179} INFO - Processing /home/airflow/.local/lib/python3.8/site-packages/airflow/example_dags/example_dag_decorator.py took 3.403 seconds
[2025-10-16T17:53:00.280+0000] {processor.py:157} INFO - Started process (PID=229) to work on /home/airflow/.local/lib/python3.8/site-packages/airflow/example_dags/example_dag_decorator.py
[2025-10-16T17:53:00.284+0000] {processor.py:829} INFO - Processing file /home/airflow/.local/lib/python3.8/site-packages/airflow/example_dags/example_dag_decorator.py for tasks to queue
[2025-10-16T17:53:00.292+0000] {logging_mixin.py:151} INFO - [2025-10-16T17:53:00.291+0000] {dagbag.py:536} INFO - Filling up the DagBag from /home/airflow/.local/lib/python3.8/site-packages/airflow/example_dags/example_dag_decorator.py
[2025-10-16T17:53:00.577+0000] {processor.py:839} INFO - DAG(s) dict_keys(['example_dag_decorator']) retrieved from /home/airflow/.local/lib/python3.8/site-packages/airflow/example_dags/example_dag_decorator.py
[2025-10-16T17:53:00.926+0000] {logging_mixin.py:151} INFO - [2025-10-16T17:53:00.925+0000] {dag.py:2941} INFO - Sync 1 DAGs
[2025-10-16T17:53:00.982+0000] {logging_mixin.py:151} INFO - [2025-10-16T17:53:00.982+0000] {dag.py:3722} INFO - Setting next_dagrun for example_dag_decorator to None, run_after=None
[2025-10-16T17:53:01.091+0000] {processor.py:179} INFO - Processing /home/airflow/.local/lib/python3.8/site-packages/airflow/example_dags/example_dag_decorator.py took 0.829 seconds
[2025-10-16T17:53:31.284+0000] {processor.py:157} INFO - Started process (PID=296) to work on /home/airflow/.local/lib/python3.8/site-packages/airflow/example_dags/example_dag_decorator.py
[2025-10-16T17:53:31.288+0000] {processor.py:829} INFO - Processing file /home/airflow/.local/lib/python3.8/site-packages/airflow/example_dags/example_dag_decorator.py for tasks to queue
[2025-10-16T17:53:31.295+0000] {logging_mixin.py:151} INFO - [2025-10-16T17:53:31.294+0000] {dagbag.py:536} INFO - Filling up the DagBag from /home/airflow/.local/lib/python3.8/site-packages/airflow/example_dags/example_dag_decorator.py
[2025-10-16T17:53:31.504+0000] {processor.py:839} INFO - DAG(s) dict_keys(['example_dag_decorator']) retrieved from /home/airflow/.local/lib/python3.8/site-packages/airflow/example_dags/example_dag_decorator.py
[2025-10-16T17:53:33.276+0000] {logging_mixin.py:151} INFO - [2025-10-16T17:53:33.271+0000] {dag.py:2941} INFO - Sync 1 DAGs
[2025-10-16T17:53:33.410+0000] {logging_mixin.py:151} INFO - [2025-10-16T17:53:33.409+0000] {dag.py:3722} INFO - Setting next_dagrun for example_dag_decorator to None, run_after=None
[2025-10-16T17:53:33.578+0000] {processor.py:179} INFO - Processing /home/airflow/.local/lib/python3.8/site-packages/airflow/example_dags/example_dag_decorator.py took 2.304 seconds
[2025-10-16T17:54:03.816+0000] {processor.py:157} INFO - Started process (PID=356) to work on /home/airflow/.local/lib/python3.8/site-packages/airflow/example_dags/example_dag_decorator.py
[2025-10-16T17:54:03.821+0000] {processor.py:829} INFO - Processing file /home/airflow/.local/lib/python3.8/site-packages/airflow/example_dags/example_dag_decorator.py for tasks to queue
[2025-10-16T17:54:03.829+0000] {logging_mixin.py:151} INFO - [2025-10-16T17:54:03.828+0000] {dagbag.py:536} INFO - Filling up the DagBag from /home/airflow/.local/lib/python3.8/site-packages/airflow/example_dags/example_dag_decorator.py
[2025-10-16T17:54:04.049+0000] {processor.py:839} INFO - DAG(s) dict_keys(['example_dag_decorator']) retrieved from /home/airflow/.local/lib/python3.8/site-packages/airflow/example_dags/example_dag_decorator.py
[2025-10-16T17:54:04.905+0000] {logging_mixin.py:151} INFO - [2025-10-16T17:54:04.904+0000] {dag.py:2941} INFO - Sync 1 DAGs
[2025-10-16T17:54:04.961+0000] {logging_mixin.py:151} INFO - [2025-10-16T17:54:04.960+0000] {dag.py:3722} INFO - Setting next_dagrun for example_dag_decorator to None, run_after=None
[2025-10-16T17:54:05.064+0000] {processor.py:179} INFO - Processing /home/airflow/.local/lib/python3.8/site-packages/airflow/example_dags/example_dag_decorator.py took 1.277 seconds
[2025-10-16T17:54:36.935+0000] {processor.py:157} INFO - Started process (PID=413) to work on /home/airflow/.local/lib/python3.8/site-packages/airflow/example_dags/example_dag_decorator.py
[2025-10-16T17:54:36.938+0000] {processor.py:829} INFO - Processing file /home/airflow/.local/lib/python3.8/site-packages/airflow/example_dags/example_dag_decorator.py for tasks to queue
[2025-10-16T17:54:36.953+0000] {logging_mixin.py:151} INFO - [2025-10-16T17:54:36.952+0000] {dagbag.py:536} INFO - Filling up the DagBag from /home/airflow/.local/lib/python3.8/site-packages/airflow/example_dags/example_dag_decorator.py
[2025-10-16T17:54:37.656+0000] {processor.py:839} INFO - DAG(s) dict_keys(['example_dag_decorator']) retrieved from /home/airflow/.local/lib/python3.8/site-packages/airflow/example_dags/example_dag_decorator.py
[2025-10-16T17:54:38.893+0000] {logging_mixin.py:151} INFO - [2025-10-16T17:54:38.892+0000] {dag.py:2941} INFO - Sync 1 DAGs
[2025-10-16T17:54:38.925+0000] {logging_mixin.py:151} INFO - [2025-10-16T17:54:38.925+0000] {dag.py:3722} INFO - Setting next_dagrun for example_dag_decorator to None, run_after=None
[2025-10-16T17:54:38.997+0000] {processor.py:179} INFO - Processing /home/airflow/.local/lib/python3.8/site-packages/airflow/example_dags/example_dag_decorator.py took 2.081 seconds
[2025-10-16T17:55:09.437+0000] {processor.py:157} INFO - Started process (PID=475) to work on /home/airflow/.local/lib/python3.8/site-packages/airflow/example_dags/example_dag_decorator.py
[2025-10-16T17:55:09.440+0000] {processor.py:829} INFO - Processing file /home/airflow/.local/lib/python3.8/site-packages/airflow/example_dags/example_dag_decorator.py for tasks to queue
[2025-10-16T17:55:09.447+0000] {logging_mixin.py:151} INFO - [2025-10-16T17:55:09.446+0000] {dagbag.py:536} INFO - Filling up the DagBag from /home/airflow/.local/lib/python3.8/site-packages/airflow/example_dags/example_dag_decorator.py
[2025-10-16T17:55:09.672+0000] {processor.py:839} INFO - DAG(s) dict_keys(['example_dag_decorator']) retrieved from /home/airflow/.local/lib/python3.8/site-packages/airflow/example_dags/example_dag_decorator.py
[2025-10-16T17:55:10.234+0000] {logging_mixin.py:151} INFO - [2025-10-16T17:55:10.234+0000] {dag.py:2941} INFO - Sync 1 DAGs
[2025-10-16T17:55:10.258+0000] {logging_mixin.py:151} INFO - [2025-10-16T17:55:10.258+0000] {dag.py:3722} INFO - Setting next_dagrun for example_dag_decorator to None, run_after=None
[2025-10-16T17:55:10.312+0000] {processor.py:179} INFO - Processing /home/airflow/.local/lib/python3.8/site-packages/airflow/example_dags/example_dag_decorator.py took 0.885 seconds
[2025-10-16T17:55:40.539+0000] {processor.py:157} INFO - Started process (PID=533) to work on /home/airflow/.local/lib/python3.8/site-packages/airflow/example_dags/example_dag_decorator.py
[2025-10-16T17:55:40.542+0000] {processor.py:829} INFO - Processing file /home/airflow/.local/lib/python3.8/site-packages/airflow/example_dags/example_dag_decorator.py for tasks to queue
[2025-10-16T17:55:40.549+0000] {logging_mixin.py:151} INFO - [2025-10-16T17:55:40.549+0000] {dagbag.py:536} INFO - Filling up the DagBag from /home/airflow/.local/lib/python3.8/site-packages/airflow/example_dags/example_dag_decorator.py
[2025-10-16T17:55:40.750+0000] {processor.py:839} INFO - DAG(s) dict_keys(['example_dag_decorator']) retrieved from /home/airflow/.local/lib/python3.8/site-packages/airflow/example_dags/example_dag_decorator.py
[2025-10-16T17:55:41.270+0000] {logging_mixin.py:151} INFO - [2025-10-16T17:55:41.270+0000] {dag.py:2941} INFO - Sync 1 DAGs
[2025-10-16T17:55:41.298+0000] {logging_mixin.py:151} INFO - [2025-10-16T17:55:41.298+0000] {dag.py:3722} INFO - Setting next_dagrun for example_dag_decorator to None, run_after=None
[2025-10-16T17:55:41.348+0000] {processor.py:179} INFO - Processing /home/airflow/.local/lib/python3.8/site-packages/airflow/example_dags/example_dag_decorator.py took 0.822 seconds
[2025-10-16T17:56:12.233+0000] {processor.py:157} INFO - Started process (PID=592) to work on /home/airflow/.local/lib/python3.8/site-packages/airflow/example_dags/example_dag_decorator.py
[2025-10-16T17:56:12.239+0000] {processor.py:829} INFO - Processing file /home/airflow/.local/lib/python3.8/site-packages/airflow/example_dags/example_dag_decorator.py for tasks to queue
[2025-10-16T17:56:12.260+0000] {logging_mixin.py:151} INFO - [2025-10-16T17:56:12.258+0000] {dagbag.py:536} INFO - Filling up the DagBag from /home/airflow/.local/lib/python3.8/site-packages/airflow/example_dags/example_dag_decorator.py
[2025-10-16T17:56:12.615+0000] {processor.py:839} INFO - DAG(s) dict_keys(['example_dag_decorator']) retrieved from /home/airflow/.local/lib/python3.8/site-packages/airflow/example_dags/example_dag_decorator.py
[2025-10-16T17:56:13.366+0000] {logging_mixin.py:151} INFO - [2025-10-16T17:56:13.366+0000] {dag.py:2941} INFO - Sync 1 DAGs
[2025-10-16T17:56:13.389+0000] {logging_mixin.py:151} INFO - [2025-10-16T17:56:13.389+0000] {dag.py:3722} INFO - Setting next_dagrun for example_dag_decorator to None, run_after=None
[2025-10-16T17:56:13.442+0000] {processor.py:179} INFO - Processing /home/airflow/.local/lib/python3.8/site-packages/airflow/example_dags/example_dag_decorator.py took 1.233 seconds
[2025-10-16T17:56:44.930+0000] {processor.py:157} INFO - Started process (PID=649) to work on /home/airflow/.local/lib/python3.8/site-packages/airflow/example_dags/example_dag_decorator.py
[2025-10-16T17:56:44.933+0000] {processor.py:829} INFO - Processing file /home/airflow/.local/lib/python3.8/site-packages/airflow/example_dags/example_dag_decorator.py for tasks to queue
[2025-10-16T17:56:44.941+0000] {logging_mixin.py:151} INFO - [2025-10-16T17:56:44.940+0000] {dagbag.py:536} INFO - Filling up the DagBag from /home/airflow/.local/lib/python3.8/site-packages/airflow/example_dags/example_dag_decorator.py
[2025-10-16T17:56:45.220+0000] {processor.py:839} INFO - DAG(s) dict_keys(['example_dag_decorator']) retrieved from /home/airflow/.local/lib/python3.8/site-packages/airflow/example_dags/example_dag_decorator.py
[2025-10-16T17:56:46.647+0000] {logging_mixin.py:151} INFO - [2025-10-16T17:56:46.646+0000] {dag.py:2941} INFO - Sync 1 DAGs
[2025-10-16T17:56:46.711+0000] {logging_mixin.py:151} INFO - [2025-10-16T17:56:46.710+0000] {dag.py:3722} INFO - Setting next_dagrun for example_dag_decorator to None, run_after=None
[2025-10-16T17:56:46.807+0000] {processor.py:179} INFO - Processing /home/airflow/.local/lib/python3.8/site-packages/airflow/example_dags/example_dag_decorator.py took 1.887 seconds
[2025-10-16T17:57:17.032+0000] {processor.py:157} INFO - Started process (PID=707) to work on /home/airflow/.local/lib/python3.8/site-packages/airflow/example_dags/example_dag_decorator.py
[2025-10-16T17:57:17.035+0000] {processor.py:829} INFO - Processing file /home/airflow/.local/lib/python3.8/site-packages/airflow/example_dags/example_dag_decorator.py for tasks to queue
[2025-10-16T17:57:17.042+0000] {logging_mixin.py:151} INFO - [2025-10-16T17:57:17.041+0000] {dagbag.py:536} INFO - Filling up the DagBag from /home/airflow/.local/lib/python3.8/site-packages/airflow/example_dags/example_dag_decorator.py
[2025-10-16T17:57:17.194+0000] {processor.py:839} INFO - DAG(s) dict_keys(['example_dag_decorator']) retrieved from /home/airflow/.local/lib/python3.8/site-packages/airflow/example_dags/example_dag_decorator.py
[2025-10-16T17:57:17.728+0000] {logging_mixin.py:151} INFO - [2025-10-16T17:57:17.728+0000] {dag.py:2941} INFO - Sync 1 DAGs
[2025-10-16T17:57:17.764+0000] {logging_mixin.py:151} INFO - [2025-10-16T17:57:17.763+0000] {dag.py:3722} INFO - Setting next_dagrun for example_dag_decorator to None, run_after=None
[2025-10-16T17:57:17.823+0000] {processor.py:179} INFO - Processing /home/airflow/.local/lib/python3.8/site-packages/airflow/example_dags/example_dag_decorator.py took 0.798 seconds
[2025-10-16T17:57:48.641+0000] {processor.py:157} INFO - Started process (PID=766) to work on /home/airflow/.local/lib/python3.8/site-packages/airflow/example_dags/example_dag_decorator.py
[2025-10-16T17:57:48.647+0000] {processor.py:829} INFO - Processing file /home/airflow/.local/lib/python3.8/site-packages/airflow/example_dags/example_dag_decorator.py for tasks to queue
[2025-10-16T17:57:48.666+0000] {logging_mixin.py:151} INFO - [2025-10-16T17:57:48.663+0000] {dagbag.py:536} INFO - Filling up the DagBag from /home/airflow/.local/lib/python3.8/site-packages/airflow/example_dags/example_dag_decorator.py
[2025-10-16T17:57:48.826+0000] {processor.py:839} INFO - DAG(s) dict_keys(['example_dag_decorator']) retrieved from /home/airflow/.local/lib/python3.8/site-packages/airflow/example_dags/example_dag_decorator.py
[2025-10-16T17:57:49.313+0000] {logging_mixin.py:151} INFO - [2025-10-16T17:57:49.313+0000] {dag.py:2941} INFO - Sync 1 DAGs
[2025-10-16T17:57:49.343+0000] {logging_mixin.py:151} INFO - [2025-10-16T17:57:49.343+0000] {dag.py:3722} INFO - Setting next_dagrun for example_dag_decorator to None, run_after=None
[2025-10-16T17:57:49.399+0000] {processor.py:179} INFO - Processing /home/airflow/.local/lib/python3.8/site-packages/airflow/example_dags/example_dag_decorator.py took 0.786 seconds
[2025-10-16T17:58:20.038+0000] {processor.py:157} INFO - Started process (PID=827) to work on /home/airflow/.local/lib/python3.8/site-packages/airflow/example_dags/example_dag_decorator.py
[2025-10-16T17:58:20.041+0000] {processor.py:829} INFO - Processing file /home/airflow/.local/lib/python3.8/site-packages/airflow/example_dags/example_dag_decorator.py for tasks to queue
[2025-10-16T17:58:20.047+0000] {logging_mixin.py:151} INFO - [2025-10-16T17:58:20.046+0000] {dagbag.py:536} INFO - Filling up the DagBag from /home/airflow/.local/lib/python3.8/site-packages/airflow/example_dags/example_dag_decorator.py
[2025-10-16T17:58:20.237+0000] {processor.py:839} INFO - DAG(s) dict_keys(['example_dag_decorator']) retrieved from /home/airflow/.local/lib/python3.8/site-packages/airflow/example_dags/example_dag_decorator.py
[2025-10-16T17:58:20.870+0000] {logging_mixin.py:151} INFO - [2025-10-16T17:58:20.869+0000] {dag.py:2941} INFO - Sync 1 DAGs
[2025-10-16T17:58:20.900+0000] {logging_mixin.py:151} INFO - [2025-10-16T17:58:20.899+0000] {dag.py:3722} INFO - Setting next_dagrun for example_dag_decorator to None, run_after=None
[2025-10-16T17:58:20.942+0000] {processor.py:179} INFO - Processing /home/airflow/.local/lib/python3.8/site-packages/airflow/example_dags/example_dag_decorator.py took 0.913 seconds
[2025-10-16T17:58:51.682+0000] {processor.py:157} INFO - Started process (PID=886) to work on /home/airflow/.local/lib/python3.8/site-packages/airflow/example_dags/example_dag_decorator.py
[2025-10-16T17:58:51.690+0000] {processor.py:829} INFO - Processing file /home/airflow/.local/lib/python3.8/site-packages/airflow/example_dags/example_dag_decorator.py for tasks to queue
[2025-10-16T17:58:51.708+0000] {logging_mixin.py:151} INFO - [2025-10-16T17:58:51.706+0000] {dagbag.py:536} INFO - Filling up the DagBag from /home/airflow/.local/lib/python3.8/site-packages/airflow/example_dags/example_dag_decorator.py
[2025-10-16T17:58:52.019+0000] {processor.py:839} INFO - DAG(s) dict_keys(['example_dag_decorator']) retrieved from /home/airflow/.local/lib/python3.8/site-packages/airflow/example_dags/example_dag_decorator.py
[2025-10-16T17:58:52.673+0000] {logging_mixin.py:151} INFO - [2025-10-16T17:58:52.673+0000] {dag.py:2941} INFO - Sync 1 DAGs
[2025-10-16T17:58:52.699+0000] {logging_mixin.py:151} INFO - [2025-10-16T17:58:52.699+0000] {dag.py:3722} INFO - Setting next_dagrun for example_dag_decorator to None, run_after=None
[2025-10-16T17:58:52.757+0000] {processor.py:179} INFO - Processing /home/airflow/.local/lib/python3.8/site-packages/airflow/example_dags/example_dag_decorator.py took 1.107 seconds
[2025-10-16T17:59:24.319+0000] {processor.py:157} INFO - Started process (PID=950) to work on /home/airflow/.local/lib/python3.8/site-packages/airflow/example_dags/example_dag_decorator.py
[2025-10-16T17:59:24.322+0000] {processor.py:829} INFO - Processing file /home/airflow/.local/lib/python3.8/site-packages/airflow/example_dags/example_dag_decorator.py for tasks to queue
[2025-10-16T17:59:24.329+0000] {logging_mixin.py:151} INFO - [2025-10-16T17:59:24.327+0000] {dagbag.py:536} INFO - Filling up the DagBag from /home/airflow/.local/lib/python3.8/site-packages/airflow/example_dags/example_dag_decorator.py
[2025-10-16T17:59:24.521+0000] {processor.py:839} INFO - DAG(s) dict_keys(['example_dag_decorator']) retrieved from /home/airflow/.local/lib/python3.8/site-packages/airflow/example_dags/example_dag_decorator.py
[2025-10-16T17:59:25.072+0000] {logging_mixin.py:151} INFO - [2025-10-16T17:59:25.072+0000] {dag.py:2941} INFO - Sync 1 DAGs
[2025-10-16T17:59:25.103+0000] {logging_mixin.py:151} INFO - [2025-10-16T17:59:25.103+0000] {dag.py:3722} INFO - Setting next_dagrun for example_dag_decorator to None, run_after=None
[2025-10-16T17:59:25.153+0000] {processor.py:179} INFO - Processing /home/airflow/.local/lib/python3.8/site-packages/airflow/example_dags/example_dag_decorator.py took 0.843 seconds
[2025-10-16T17:59:57.346+0000] {processor.py:157} INFO - Started process (PID=1011) to work on /home/airflow/.local/lib/python3.8/site-packages/airflow/example_dags/example_dag_decorator.py
[2025-10-16T17:59:57.409+0000] {processor.py:829} INFO - Processing file /home/airflow/.local/lib/python3.8/site-packages/airflow/example_dags/example_dag_decorator.py for tasks to queue
[2025-10-16T17:59:57.458+0000] {logging_mixin.py:151} INFO - [2025-10-16T17:59:57.457+0000] {dagbag.py:536} INFO - Filling up the DagBag from /home/airflow/.local/lib/python3.8/site-packages/airflow/example_dags/example_dag_decorator.py
[2025-10-16T17:59:58.224+0000] {processor.py:839} INFO - DAG(s) dict_keys(['example_dag_decorator']) retrieved from /home/airflow/.local/lib/python3.8/site-packages/airflow/example_dags/example_dag_decorator.py
[2025-10-16T17:59:58.546+0000] {logging_mixin.py:151} INFO - [2025-10-16T17:59:58.545+0000] {dag.py:2941} INFO - Sync 1 DAGs
[2025-10-16T17:59:58.595+0000] {logging_mixin.py:151} INFO - [2025-10-16T17:59:58.592+0000] {dag.py:3722} INFO - Setting next_dagrun for example_dag_decorator to None, run_after=None
[2025-10-16T17:59:58.659+0000] {processor.py:179} INFO - Processing /home/airflow/.local/lib/python3.8/site-packages/airflow/example_dags/example_dag_decorator.py took 1.335 seconds
[2025-10-16T18:00:28.975+0000] {processor.py:157} INFO - Started process (PID=1070) to work on /home/airflow/.local/lib/python3.8/site-packages/airflow/example_dags/example_dag_decorator.py
[2025-10-16T18:00:28.982+0000] {processor.py:829} INFO - Processing file /home/airflow/.local/lib/python3.8/site-packages/airflow/example_dags/example_dag_decorator.py for tasks to queue
[2025-10-16T18:00:28.996+0000] {logging_mixin.py:151} INFO - [2025-10-16T18:00:28.995+0000] {dagbag.py:536} INFO - Filling up the DagBag from /home/airflow/.local/lib/python3.8/site-packages/airflow/example_dags/example_dag_decorator.py
[2025-10-16T18:00:29.713+0000] {processor.py:839} INFO - DAG(s) dict_keys(['example_dag_decorator']) retrieved from /home/airflow/.local/lib/python3.8/site-packages/airflow/example_dags/example_dag_decorator.py
[2025-10-16T18:00:29.993+0000] {logging_mixin.py:151} INFO - [2025-10-16T18:00:29.993+0000] {dag.py:2941} INFO - Sync 1 DAGs
[2025-10-16T18:00:30.019+0000] {logging_mixin.py:151} INFO - [2025-10-16T18:00:30.018+0000] {dag.py:3722} INFO - Setting next_dagrun for example_dag_decorator to None, run_after=None
[2025-10-16T18:00:30.078+0000] {processor.py:179} INFO - Processing /home/airflow/.local/lib/python3.8/site-packages/airflow/example_dags/example_dag_decorator.py took 1.128 seconds
[2025-10-16T18:01:00.565+0000] {processor.py:157} INFO - Started process (PID=1129) to work on /home/airflow/.local/lib/python3.8/site-packages/airflow/example_dags/example_dag_decorator.py
[2025-10-16T18:01:00.574+0000] {processor.py:829} INFO - Processing file /home/airflow/.local/lib/python3.8/site-packages/airflow/example_dags/example_dag_decorator.py for tasks to queue
[2025-10-16T18:01:00.593+0000] {logging_mixin.py:151} INFO - [2025-10-16T18:01:00.592+0000] {dagbag.py:536} INFO - Filling up the DagBag from /home/airflow/.local/lib/python3.8/site-packages/airflow/example_dags/example_dag_decorator.py
[2025-10-16T18:01:00.810+0000] {processor.py:839} INFO - DAG(s) dict_keys(['example_dag_decorator']) retrieved from /home/airflow/.local/lib/python3.8/site-packages/airflow/example_dags/example_dag_decorator.py
[2025-10-16T18:01:01.468+0000] {logging_mixin.py:151} INFO - [2025-10-16T18:01:01.468+0000] {dag.py:2941} INFO - Sync 1 DAGs
[2025-10-16T18:01:01.490+0000] {logging_mixin.py:151} INFO - [2025-10-16T18:01:01.489+0000] {dag.py:3722} INFO - Setting next_dagrun for example_dag_decorator to None, run_after=None
[2025-10-16T18:01:01.540+0000] {processor.py:179} INFO - Processing /home/airflow/.local/lib/python3.8/site-packages/airflow/example_dags/example_dag_decorator.py took 1.002 seconds
[2025-10-16T18:02:15.447+0000] {processor.py:157} INFO - Started process (PID=1228) to work on /home/airflow/.local/lib/python3.8/site-packages/airflow/example_dags/example_dag_decorator.py
[2025-10-16T18:02:15.462+0000] {processor.py:829} INFO - Processing file /home/airflow/.local/lib/python3.8/site-packages/airflow/example_dags/example_dag_decorator.py for tasks to queue
[2025-10-16T18:02:15.477+0000] {logging_mixin.py:151} INFO - [2025-10-16T18:02:15.476+0000] {dagbag.py:536} INFO - Filling up the DagBag from /home/airflow/.local/lib/python3.8/site-packages/airflow/example_dags/example_dag_decorator.py
[2025-10-16T18:02:15.830+0000] {processor.py:839} INFO - DAG(s) dict_keys(['example_dag_decorator']) retrieved from /home/airflow/.local/lib/python3.8/site-packages/airflow/example_dags/example_dag_decorator.py
[2025-10-16T18:02:16.519+0000] {logging_mixin.py:151} INFO - [2025-10-16T18:02:16.518+0000] {dag.py:2941} INFO - Sync 1 DAGs
[2025-10-16T18:02:16.556+0000] {logging_mixin.py:151} INFO - [2025-10-16T18:02:16.556+0000] {dag.py:3722} INFO - Setting next_dagrun for example_dag_decorator to None, run_after=None
[2025-10-16T18:02:16.669+0000] {processor.py:179} INFO - Processing /home/airflow/.local/lib/python3.8/site-packages/airflow/example_dags/example_dag_decorator.py took 1.259 seconds
[2025-10-16T18:02:51.824+0000] {processor.py:157} INFO - Started process (PID=1288) to work on /home/airflow/.local/lib/python3.8/site-packages/airflow/example_dags/example_dag_decorator.py
[2025-10-16T18:02:51.827+0000] {processor.py:829} INFO - Processing file /home/airflow/.local/lib/python3.8/site-packages/airflow/example_dags/example_dag_decorator.py for tasks to queue
[2025-10-16T18:02:51.834+0000] {logging_mixin.py:151} INFO - [2025-10-16T18:02:51.833+0000] {dagbag.py:536} INFO - Filling up the DagBag from /home/airflow/.local/lib/python3.8/site-packages/airflow/example_dags/example_dag_decorator.py
[2025-10-16T18:02:52.298+0000] {processor.py:839} INFO - DAG(s) dict_keys(['example_dag_decorator']) retrieved from /home/airflow/.local/lib/python3.8/site-packages/airflow/example_dags/example_dag_decorator.py
[2025-10-16T18:02:52.596+0000] {logging_mixin.py:151} INFO - [2025-10-16T18:02:52.596+0000] {dag.py:2941} INFO - Sync 1 DAGs
[2025-10-16T18:02:52.625+0000] {logging_mixin.py:151} INFO - [2025-10-16T18:02:52.624+0000] {dag.py:3722} INFO - Setting next_dagrun for example_dag_decorator to None, run_after=None
[2025-10-16T18:02:52.674+0000] {processor.py:179} INFO - Processing /home/airflow/.local/lib/python3.8/site-packages/airflow/example_dags/example_dag_decorator.py took 0.862 seconds
