[2025-10-16T17:24:20.052+0000] {processor.py:157} INFO - Started process (PID=91) to work on /home/airflow/.local/lib/python3.8/site-packages/airflow/example_dags/example_branch_python_dop_operator_3.py
[2025-10-16T17:24:20.076+0000] {processor.py:829} INFO - Processing file /home/airflow/.local/lib/python3.8/site-packages/airflow/example_dags/example_branch_python_dop_operator_3.py for tasks to queue
[2025-10-16T17:24:20.162+0000] {logging_mixin.py:151} INFO - [2025-10-16T17:24:20.161+0000] {dagbag.py:536} INFO - Filling up the DagBag from /home/airflow/.local/lib/python3.8/site-packages/airflow/example_dags/example_branch_python_dop_operator_3.py
[2025-10-16T17:24:20.365+0000] {processor.py:839} INFO - DAG(s) dict_keys(['example_branch_dop_operator_v3']) retrieved from /home/airflow/.local/lib/python3.8/site-packages/airflow/example_dags/example_branch_python_dop_operator_3.py
[2025-10-16T17:24:20.680+0000] {logging_mixin.py:151} INFO - [2025-10-16T17:24:20.679+0000] {dag.py:2941} INFO - Sync 1 DAGs
[2025-10-16T17:24:21.317+0000] {logging_mixin.py:151} INFO - [2025-10-16T17:24:21.315+0000] {dag.py:3722} INFO - Setting next_dagrun for example_branch_dop_operator_v3 to 2025-10-16T17:23:00+00:00, run_after=2025-10-16T17:24:00+00:00
[2025-10-16T17:24:21.503+0000] {processor.py:179} INFO - Processing /home/airflow/.local/lib/python3.8/site-packages/airflow/example_dags/example_branch_python_dop_operator_3.py took 1.493 seconds
[2025-10-16T17:24:55.160+0000] {processor.py:157} INFO - Started process (PID=150) to work on /home/airflow/.local/lib/python3.8/site-packages/airflow/example_dags/example_branch_python_dop_operator_3.py
[2025-10-16T17:24:55.164+0000] {processor.py:829} INFO - Processing file /home/airflow/.local/lib/python3.8/site-packages/airflow/example_dags/example_branch_python_dop_operator_3.py for tasks to queue
[2025-10-16T17:24:55.173+0000] {logging_mixin.py:151} INFO - [2025-10-16T17:24:55.172+0000] {dagbag.py:536} INFO - Filling up the DagBag from /home/airflow/.local/lib/python3.8/site-packages/airflow/example_dags/example_branch_python_dop_operator_3.py
[2025-10-16T17:24:55.211+0000] {processor.py:839} INFO - DAG(s) dict_keys(['example_branch_dop_operator_v3']) retrieved from /home/airflow/.local/lib/python3.8/site-packages/airflow/example_dags/example_branch_python_dop_operator_3.py
[2025-10-16T17:24:55.282+0000] {logging_mixin.py:151} INFO - [2025-10-16T17:24:55.282+0000] {dag.py:2941} INFO - Sync 1 DAGs
[2025-10-16T17:24:55.389+0000] {logging_mixin.py:151} INFO - [2025-10-16T17:24:55.388+0000] {dag.py:3722} INFO - Setting next_dagrun for example_branch_dop_operator_v3 to 2025-10-16T17:23:00+00:00, run_after=2025-10-16T17:24:00+00:00
[2025-10-16T17:24:55.446+0000] {processor.py:179} INFO - Processing /home/airflow/.local/lib/python3.8/site-packages/airflow/example_dags/example_branch_python_dop_operator_3.py took 0.302 seconds
[2025-10-16T17:25:30.673+0000] {processor.py:157} INFO - Started process (PID=209) to work on /home/airflow/.local/lib/python3.8/site-packages/airflow/example_dags/example_branch_python_dop_operator_3.py
[2025-10-16T17:25:30.684+0000] {processor.py:829} INFO - Processing file /home/airflow/.local/lib/python3.8/site-packages/airflow/example_dags/example_branch_python_dop_operator_3.py for tasks to queue
[2025-10-16T17:25:30.693+0000] {logging_mixin.py:151} INFO - [2025-10-16T17:25:30.691+0000] {dagbag.py:536} INFO - Filling up the DagBag from /home/airflow/.local/lib/python3.8/site-packages/airflow/example_dags/example_branch_python_dop_operator_3.py
[2025-10-16T17:25:30.754+0000] {processor.py:839} INFO - DAG(s) dict_keys(['example_branch_dop_operator_v3']) retrieved from /home/airflow/.local/lib/python3.8/site-packages/airflow/example_dags/example_branch_python_dop_operator_3.py
[2025-10-16T17:25:30.858+0000] {logging_mixin.py:151} INFO - [2025-10-16T17:25:30.858+0000] {dag.py:2941} INFO - Sync 1 DAGs
[2025-10-16T17:25:30.986+0000] {logging_mixin.py:151} INFO - [2025-10-16T17:25:30.986+0000] {dag.py:3722} INFO - Setting next_dagrun for example_branch_dop_operator_v3 to 2025-10-16T17:24:00+00:00, run_after=2025-10-16T17:25:00+00:00
[2025-10-16T17:25:31.132+0000] {processor.py:179} INFO - Processing /home/airflow/.local/lib/python3.8/site-packages/airflow/example_dags/example_branch_python_dop_operator_3.py took 0.472 seconds
[2025-10-16T17:26:02.341+0000] {processor.py:157} INFO - Started process (PID=268) to work on /home/airflow/.local/lib/python3.8/site-packages/airflow/example_dags/example_branch_python_dop_operator_3.py
[2025-10-16T17:26:02.345+0000] {processor.py:829} INFO - Processing file /home/airflow/.local/lib/python3.8/site-packages/airflow/example_dags/example_branch_python_dop_operator_3.py for tasks to queue
[2025-10-16T17:26:02.371+0000] {logging_mixin.py:151} INFO - [2025-10-16T17:26:02.370+0000] {dagbag.py:536} INFO - Filling up the DagBag from /home/airflow/.local/lib/python3.8/site-packages/airflow/example_dags/example_branch_python_dop_operator_3.py
[2025-10-16T17:26:02.451+0000] {processor.py:839} INFO - DAG(s) dict_keys(['example_branch_dop_operator_v3']) retrieved from /home/airflow/.local/lib/python3.8/site-packages/airflow/example_dags/example_branch_python_dop_operator_3.py
[2025-10-16T17:26:02.561+0000] {logging_mixin.py:151} INFO - [2025-10-16T17:26:02.560+0000] {dag.py:2941} INFO - Sync 1 DAGs
[2025-10-16T17:26:02.688+0000] {logging_mixin.py:151} INFO - [2025-10-16T17:26:02.688+0000] {dag.py:3722} INFO - Setting next_dagrun for example_branch_dop_operator_v3 to 2025-10-16T17:25:00+00:00, run_after=2025-10-16T17:26:00+00:00
[2025-10-16T17:26:02.744+0000] {processor.py:179} INFO - Processing /home/airflow/.local/lib/python3.8/site-packages/airflow/example_dags/example_branch_python_dop_operator_3.py took 0.430 seconds
[2025-10-16T17:26:33.611+0000] {processor.py:157} INFO - Started process (PID=327) to work on /home/airflow/.local/lib/python3.8/site-packages/airflow/example_dags/example_branch_python_dop_operator_3.py
[2025-10-16T17:26:33.617+0000] {processor.py:829} INFO - Processing file /home/airflow/.local/lib/python3.8/site-packages/airflow/example_dags/example_branch_python_dop_operator_3.py for tasks to queue
[2025-10-16T17:26:33.627+0000] {logging_mixin.py:151} INFO - [2025-10-16T17:26:33.626+0000] {dagbag.py:536} INFO - Filling up the DagBag from /home/airflow/.local/lib/python3.8/site-packages/airflow/example_dags/example_branch_python_dop_operator_3.py
[2025-10-16T17:26:33.656+0000] {processor.py:839} INFO - DAG(s) dict_keys(['example_branch_dop_operator_v3']) retrieved from /home/airflow/.local/lib/python3.8/site-packages/airflow/example_dags/example_branch_python_dop_operator_3.py
[2025-10-16T17:26:33.712+0000] {logging_mixin.py:151} INFO - [2025-10-16T17:26:33.712+0000] {dag.py:2941} INFO - Sync 1 DAGs
[2025-10-16T17:26:33.786+0000] {logging_mixin.py:151} INFO - [2025-10-16T17:26:33.785+0000] {dag.py:3722} INFO - Setting next_dagrun for example_branch_dop_operator_v3 to 2025-10-16T17:25:00+00:00, run_after=2025-10-16T17:26:00+00:00
[2025-10-16T17:26:33.833+0000] {processor.py:179} INFO - Processing /home/airflow/.local/lib/python3.8/site-packages/airflow/example_dags/example_branch_python_dop_operator_3.py took 0.237 seconds
[2025-10-16T17:27:04.316+0000] {processor.py:157} INFO - Started process (PID=386) to work on /home/airflow/.local/lib/python3.8/site-packages/airflow/example_dags/example_branch_python_dop_operator_3.py
[2025-10-16T17:27:04.319+0000] {processor.py:829} INFO - Processing file /home/airflow/.local/lib/python3.8/site-packages/airflow/example_dags/example_branch_python_dop_operator_3.py for tasks to queue
[2025-10-16T17:27:04.326+0000] {logging_mixin.py:151} INFO - [2025-10-16T17:27:04.325+0000] {dagbag.py:536} INFO - Filling up the DagBag from /home/airflow/.local/lib/python3.8/site-packages/airflow/example_dags/example_branch_python_dop_operator_3.py
[2025-10-16T17:27:04.351+0000] {processor.py:839} INFO - DAG(s) dict_keys(['example_branch_dop_operator_v3']) retrieved from /home/airflow/.local/lib/python3.8/site-packages/airflow/example_dags/example_branch_python_dop_operator_3.py
[2025-10-16T17:27:04.401+0000] {logging_mixin.py:151} INFO - [2025-10-16T17:27:04.401+0000] {dag.py:2941} INFO - Sync 1 DAGs
[2025-10-16T17:27:04.475+0000] {logging_mixin.py:151} INFO - [2025-10-16T17:27:04.474+0000] {dag.py:3722} INFO - Setting next_dagrun for example_branch_dop_operator_v3 to 2025-10-16T17:26:00+00:00, run_after=2025-10-16T17:27:00+00:00
[2025-10-16T17:27:04.522+0000] {processor.py:179} INFO - Processing /home/airflow/.local/lib/python3.8/site-packages/airflow/example_dags/example_branch_python_dop_operator_3.py took 0.213 seconds
[2025-10-16T17:27:35.170+0000] {processor.py:157} INFO - Started process (PID=445) to work on /home/airflow/.local/lib/python3.8/site-packages/airflow/example_dags/example_branch_python_dop_operator_3.py
[2025-10-16T17:27:35.174+0000] {processor.py:829} INFO - Processing file /home/airflow/.local/lib/python3.8/site-packages/airflow/example_dags/example_branch_python_dop_operator_3.py for tasks to queue
[2025-10-16T17:27:35.180+0000] {logging_mixin.py:151} INFO - [2025-10-16T17:27:35.179+0000] {dagbag.py:536} INFO - Filling up the DagBag from /home/airflow/.local/lib/python3.8/site-packages/airflow/example_dags/example_branch_python_dop_operator_3.py
[2025-10-16T17:27:35.217+0000] {processor.py:839} INFO - DAG(s) dict_keys(['example_branch_dop_operator_v3']) retrieved from /home/airflow/.local/lib/python3.8/site-packages/airflow/example_dags/example_branch_python_dop_operator_3.py
[2025-10-16T17:27:35.293+0000] {logging_mixin.py:151} INFO - [2025-10-16T17:27:35.293+0000] {dag.py:2941} INFO - Sync 1 DAGs
[2025-10-16T17:27:35.416+0000] {logging_mixin.py:151} INFO - [2025-10-16T17:27:35.415+0000] {dag.py:3722} INFO - Setting next_dagrun for example_branch_dop_operator_v3 to 2025-10-16T17:26:00+00:00, run_after=2025-10-16T17:27:00+00:00
[2025-10-16T17:27:35.515+0000] {processor.py:179} INFO - Processing /home/airflow/.local/lib/python3.8/site-packages/airflow/example_dags/example_branch_python_dop_operator_3.py took 0.357 seconds
[2025-10-16T17:28:05.981+0000] {processor.py:157} INFO - Started process (PID=502) to work on /home/airflow/.local/lib/python3.8/site-packages/airflow/example_dags/example_branch_python_dop_operator_3.py
[2025-10-16T17:28:05.984+0000] {processor.py:829} INFO - Processing file /home/airflow/.local/lib/python3.8/site-packages/airflow/example_dags/example_branch_python_dop_operator_3.py for tasks to queue
[2025-10-16T17:28:05.993+0000] {logging_mixin.py:151} INFO - [2025-10-16T17:28:05.992+0000] {dagbag.py:536} INFO - Filling up the DagBag from /home/airflow/.local/lib/python3.8/site-packages/airflow/example_dags/example_branch_python_dop_operator_3.py
[2025-10-16T17:28:06.018+0000] {processor.py:839} INFO - DAG(s) dict_keys(['example_branch_dop_operator_v3']) retrieved from /home/airflow/.local/lib/python3.8/site-packages/airflow/example_dags/example_branch_python_dop_operator_3.py
[2025-10-16T17:28:06.051+0000] {logging_mixin.py:151} INFO - [2025-10-16T17:28:06.051+0000] {dag.py:2941} INFO - Sync 1 DAGs
[2025-10-16T17:28:06.132+0000] {logging_mixin.py:151} INFO - [2025-10-16T17:28:06.132+0000] {dag.py:3722} INFO - Setting next_dagrun for example_branch_dop_operator_v3 to 2025-10-16T17:27:00+00:00, run_after=2025-10-16T17:28:00+00:00
[2025-10-16T17:28:06.182+0000] {processor.py:179} INFO - Processing /home/airflow/.local/lib/python3.8/site-packages/airflow/example_dags/example_branch_python_dop_operator_3.py took 0.212 seconds
[2025-10-16T17:28:36.907+0000] {processor.py:157} INFO - Started process (PID=559) to work on /home/airflow/.local/lib/python3.8/site-packages/airflow/example_dags/example_branch_python_dop_operator_3.py
[2025-10-16T17:28:36.911+0000] {processor.py:829} INFO - Processing file /home/airflow/.local/lib/python3.8/site-packages/airflow/example_dags/example_branch_python_dop_operator_3.py for tasks to queue
[2025-10-16T17:28:36.921+0000] {logging_mixin.py:151} INFO - [2025-10-16T17:28:36.920+0000] {dagbag.py:536} INFO - Filling up the DagBag from /home/airflow/.local/lib/python3.8/site-packages/airflow/example_dags/example_branch_python_dop_operator_3.py
[2025-10-16T17:28:36.964+0000] {processor.py:839} INFO - DAG(s) dict_keys(['example_branch_dop_operator_v3']) retrieved from /home/airflow/.local/lib/python3.8/site-packages/airflow/example_dags/example_branch_python_dop_operator_3.py
[2025-10-16T17:28:37.044+0000] {logging_mixin.py:151} INFO - [2025-10-16T17:28:37.044+0000] {dag.py:2941} INFO - Sync 1 DAGs
[2025-10-16T17:28:37.153+0000] {logging_mixin.py:151} INFO - [2025-10-16T17:28:37.152+0000] {dag.py:3722} INFO - Setting next_dagrun for example_branch_dop_operator_v3 to 2025-10-16T17:27:00+00:00, run_after=2025-10-16T17:28:00+00:00
[2025-10-16T17:28:37.228+0000] {processor.py:179} INFO - Processing /home/airflow/.local/lib/python3.8/site-packages/airflow/example_dags/example_branch_python_dop_operator_3.py took 0.335 seconds
[2025-10-16T17:29:08.059+0000] {processor.py:157} INFO - Started process (PID=618) to work on /home/airflow/.local/lib/python3.8/site-packages/airflow/example_dags/example_branch_python_dop_operator_3.py
[2025-10-16T17:29:08.066+0000] {processor.py:829} INFO - Processing file /home/airflow/.local/lib/python3.8/site-packages/airflow/example_dags/example_branch_python_dop_operator_3.py for tasks to queue
[2025-10-16T17:29:08.080+0000] {logging_mixin.py:151} INFO - [2025-10-16T17:29:08.079+0000] {dagbag.py:536} INFO - Filling up the DagBag from /home/airflow/.local/lib/python3.8/site-packages/airflow/example_dags/example_branch_python_dop_operator_3.py
[2025-10-16T17:29:08.110+0000] {processor.py:839} INFO - DAG(s) dict_keys(['example_branch_dop_operator_v3']) retrieved from /home/airflow/.local/lib/python3.8/site-packages/airflow/example_dags/example_branch_python_dop_operator_3.py
[2025-10-16T17:29:08.176+0000] {logging_mixin.py:151} INFO - [2025-10-16T17:29:08.175+0000] {dag.py:2941} INFO - Sync 1 DAGs
[2025-10-16T17:29:08.334+0000] {logging_mixin.py:151} INFO - [2025-10-16T17:29:08.334+0000] {dag.py:3722} INFO - Setting next_dagrun for example_branch_dop_operator_v3 to 2025-10-16T17:28:00+00:00, run_after=2025-10-16T17:29:00+00:00
[2025-10-16T17:29:08.448+0000] {processor.py:179} INFO - Processing /home/airflow/.local/lib/python3.8/site-packages/airflow/example_dags/example_branch_python_dop_operator_3.py took 0.409 seconds
[2025-10-16T17:29:39.009+0000] {processor.py:157} INFO - Started process (PID=677) to work on /home/airflow/.local/lib/python3.8/site-packages/airflow/example_dags/example_branch_python_dop_operator_3.py
[2025-10-16T17:29:39.012+0000] {processor.py:829} INFO - Processing file /home/airflow/.local/lib/python3.8/site-packages/airflow/example_dags/example_branch_python_dop_operator_3.py for tasks to queue
[2025-10-16T17:29:39.020+0000] {logging_mixin.py:151} INFO - [2025-10-16T17:29:39.019+0000] {dagbag.py:536} INFO - Filling up the DagBag from /home/airflow/.local/lib/python3.8/site-packages/airflow/example_dags/example_branch_python_dop_operator_3.py
[2025-10-16T17:29:39.048+0000] {processor.py:839} INFO - DAG(s) dict_keys(['example_branch_dop_operator_v3']) retrieved from /home/airflow/.local/lib/python3.8/site-packages/airflow/example_dags/example_branch_python_dop_operator_3.py
[2025-10-16T17:29:39.134+0000] {logging_mixin.py:151} INFO - [2025-10-16T17:29:39.133+0000] {dag.py:2941} INFO - Sync 1 DAGs
[2025-10-16T17:29:39.240+0000] {logging_mixin.py:151} INFO - [2025-10-16T17:29:39.239+0000] {dag.py:3722} INFO - Setting next_dagrun for example_branch_dop_operator_v3 to 2025-10-16T17:28:00+00:00, run_after=2025-10-16T17:29:00+00:00
[2025-10-16T17:29:39.312+0000] {processor.py:179} INFO - Processing /home/airflow/.local/lib/python3.8/site-packages/airflow/example_dags/example_branch_python_dop_operator_3.py took 0.313 seconds
[2025-10-16T17:30:09.436+0000] {processor.py:157} INFO - Started process (PID=736) to work on /home/airflow/.local/lib/python3.8/site-packages/airflow/example_dags/example_branch_python_dop_operator_3.py
[2025-10-16T17:30:09.439+0000] {processor.py:829} INFO - Processing file /home/airflow/.local/lib/python3.8/site-packages/airflow/example_dags/example_branch_python_dop_operator_3.py for tasks to queue
[2025-10-16T17:30:09.444+0000] {logging_mixin.py:151} INFO - [2025-10-16T17:30:09.444+0000] {dagbag.py:536} INFO - Filling up the DagBag from /home/airflow/.local/lib/python3.8/site-packages/airflow/example_dags/example_branch_python_dop_operator_3.py
[2025-10-16T17:30:09.466+0000] {processor.py:839} INFO - DAG(s) dict_keys(['example_branch_dop_operator_v3']) retrieved from /home/airflow/.local/lib/python3.8/site-packages/airflow/example_dags/example_branch_python_dop_operator_3.py
[2025-10-16T17:30:09.523+0000] {logging_mixin.py:151} INFO - [2025-10-16T17:30:09.522+0000] {dag.py:2941} INFO - Sync 1 DAGs
[2025-10-16T17:30:09.601+0000] {logging_mixin.py:151} INFO - [2025-10-16T17:30:09.600+0000] {dag.py:3722} INFO - Setting next_dagrun for example_branch_dop_operator_v3 to 2025-10-16T17:29:00+00:00, run_after=2025-10-16T17:30:00+00:00
[2025-10-16T17:30:09.649+0000] {processor.py:179} INFO - Processing /home/airflow/.local/lib/python3.8/site-packages/airflow/example_dags/example_branch_python_dop_operator_3.py took 0.221 seconds
[2025-10-16T17:30:40.108+0000] {processor.py:157} INFO - Started process (PID=795) to work on /home/airflow/.local/lib/python3.8/site-packages/airflow/example_dags/example_branch_python_dop_operator_3.py
[2025-10-16T17:30:40.112+0000] {processor.py:829} INFO - Processing file /home/airflow/.local/lib/python3.8/site-packages/airflow/example_dags/example_branch_python_dop_operator_3.py for tasks to queue
[2025-10-16T17:30:40.120+0000] {logging_mixin.py:151} INFO - [2025-10-16T17:30:40.119+0000] {dagbag.py:536} INFO - Filling up the DagBag from /home/airflow/.local/lib/python3.8/site-packages/airflow/example_dags/example_branch_python_dop_operator_3.py
[2025-10-16T17:30:40.164+0000] {processor.py:839} INFO - DAG(s) dict_keys(['example_branch_dop_operator_v3']) retrieved from /home/airflow/.local/lib/python3.8/site-packages/airflow/example_dags/example_branch_python_dop_operator_3.py
[2025-10-16T17:30:40.233+0000] {logging_mixin.py:151} INFO - [2025-10-16T17:30:40.232+0000] {dag.py:2941} INFO - Sync 1 DAGs
[2025-10-16T17:30:40.309+0000] {logging_mixin.py:151} INFO - [2025-10-16T17:30:40.308+0000] {dag.py:3722} INFO - Setting next_dagrun for example_branch_dop_operator_v3 to 2025-10-16T17:29:00+00:00, run_after=2025-10-16T17:30:00+00:00
[2025-10-16T17:30:40.387+0000] {processor.py:179} INFO - Processing /home/airflow/.local/lib/python3.8/site-packages/airflow/example_dags/example_branch_python_dop_operator_3.py took 0.291 seconds
[2025-10-16T17:31:10.936+0000] {processor.py:157} INFO - Started process (PID=862) to work on /home/airflow/.local/lib/python3.8/site-packages/airflow/example_dags/example_branch_python_dop_operator_3.py
[2025-10-16T17:31:10.938+0000] {processor.py:829} INFO - Processing file /home/airflow/.local/lib/python3.8/site-packages/airflow/example_dags/example_branch_python_dop_operator_3.py for tasks to queue
[2025-10-16T17:31:10.944+0000] {logging_mixin.py:151} INFO - [2025-10-16T17:31:10.943+0000] {dagbag.py:536} INFO - Filling up the DagBag from /home/airflow/.local/lib/python3.8/site-packages/airflow/example_dags/example_branch_python_dop_operator_3.py
[2025-10-16T17:31:10.968+0000] {processor.py:839} INFO - DAG(s) dict_keys(['example_branch_dop_operator_v3']) retrieved from /home/airflow/.local/lib/python3.8/site-packages/airflow/example_dags/example_branch_python_dop_operator_3.py
[2025-10-16T17:31:11.016+0000] {logging_mixin.py:151} INFO - [2025-10-16T17:31:11.015+0000] {dag.py:2941} INFO - Sync 1 DAGs
[2025-10-16T17:31:11.075+0000] {logging_mixin.py:151} INFO - [2025-10-16T17:31:11.075+0000] {dag.py:3722} INFO - Setting next_dagrun for example_branch_dop_operator_v3 to 2025-10-16T17:30:00+00:00, run_after=2025-10-16T17:31:00+00:00
[2025-10-16T17:31:11.143+0000] {processor.py:179} INFO - Processing /home/airflow/.local/lib/python3.8/site-packages/airflow/example_dags/example_branch_python_dop_operator_3.py took 0.217 seconds
[2025-10-16T17:31:42.082+0000] {processor.py:157} INFO - Started process (PID=921) to work on /home/airflow/.local/lib/python3.8/site-packages/airflow/example_dags/example_branch_python_dop_operator_3.py
[2025-10-16T17:31:42.085+0000] {processor.py:829} INFO - Processing file /home/airflow/.local/lib/python3.8/site-packages/airflow/example_dags/example_branch_python_dop_operator_3.py for tasks to queue
[2025-10-16T17:31:42.091+0000] {logging_mixin.py:151} INFO - [2025-10-16T17:31:42.090+0000] {dagbag.py:536} INFO - Filling up the DagBag from /home/airflow/.local/lib/python3.8/site-packages/airflow/example_dags/example_branch_python_dop_operator_3.py
[2025-10-16T17:31:42.117+0000] {processor.py:839} INFO - DAG(s) dict_keys(['example_branch_dop_operator_v3']) retrieved from /home/airflow/.local/lib/python3.8/site-packages/airflow/example_dags/example_branch_python_dop_operator_3.py
[2025-10-16T17:31:42.172+0000] {logging_mixin.py:151} INFO - [2025-10-16T17:31:42.171+0000] {dag.py:2941} INFO - Sync 1 DAGs
[2025-10-16T17:31:42.342+0000] {logging_mixin.py:151} INFO - [2025-10-16T17:31:42.341+0000] {dag.py:3722} INFO - Setting next_dagrun for example_branch_dop_operator_v3 to 2025-10-16T17:30:00+00:00, run_after=2025-10-16T17:31:00+00:00
[2025-10-16T17:31:42.483+0000] {processor.py:179} INFO - Processing /home/airflow/.local/lib/python3.8/site-packages/airflow/example_dags/example_branch_python_dop_operator_3.py took 0.410 seconds
[2025-10-16T17:32:12.801+0000] {processor.py:157} INFO - Started process (PID=980) to work on /home/airflow/.local/lib/python3.8/site-packages/airflow/example_dags/example_branch_python_dop_operator_3.py
[2025-10-16T17:32:12.814+0000] {processor.py:829} INFO - Processing file /home/airflow/.local/lib/python3.8/site-packages/airflow/example_dags/example_branch_python_dop_operator_3.py for tasks to queue
[2025-10-16T17:32:12.833+0000] {logging_mixin.py:151} INFO - [2025-10-16T17:32:12.832+0000] {dagbag.py:536} INFO - Filling up the DagBag from /home/airflow/.local/lib/python3.8/site-packages/airflow/example_dags/example_branch_python_dop_operator_3.py
[2025-10-16T17:32:12.883+0000] {processor.py:839} INFO - DAG(s) dict_keys(['example_branch_dop_operator_v3']) retrieved from /home/airflow/.local/lib/python3.8/site-packages/airflow/example_dags/example_branch_python_dop_operator_3.py
[2025-10-16T17:32:12.945+0000] {logging_mixin.py:151} INFO - [2025-10-16T17:32:12.944+0000] {dag.py:2941} INFO - Sync 1 DAGs
[2025-10-16T17:32:13.047+0000] {logging_mixin.py:151} INFO - [2025-10-16T17:32:13.046+0000] {dag.py:3722} INFO - Setting next_dagrun for example_branch_dop_operator_v3 to 2025-10-16T17:31:00+00:00, run_after=2025-10-16T17:32:00+00:00
[2025-10-16T17:32:13.101+0000] {processor.py:179} INFO - Processing /home/airflow/.local/lib/python3.8/site-packages/airflow/example_dags/example_branch_python_dop_operator_3.py took 0.322 seconds
[2025-10-16T17:32:43.399+0000] {processor.py:157} INFO - Started process (PID=1039) to work on /home/airflow/.local/lib/python3.8/site-packages/airflow/example_dags/example_branch_python_dop_operator_3.py
[2025-10-16T17:32:43.402+0000] {processor.py:829} INFO - Processing file /home/airflow/.local/lib/python3.8/site-packages/airflow/example_dags/example_branch_python_dop_operator_3.py for tasks to queue
[2025-10-16T17:32:43.407+0000] {logging_mixin.py:151} INFO - [2025-10-16T17:32:43.407+0000] {dagbag.py:536} INFO - Filling up the DagBag from /home/airflow/.local/lib/python3.8/site-packages/airflow/example_dags/example_branch_python_dop_operator_3.py
[2025-10-16T17:32:43.434+0000] {processor.py:839} INFO - DAG(s) dict_keys(['example_branch_dop_operator_v3']) retrieved from /home/airflow/.local/lib/python3.8/site-packages/airflow/example_dags/example_branch_python_dop_operator_3.py
[2025-10-16T17:32:43.481+0000] {logging_mixin.py:151} INFO - [2025-10-16T17:32:43.480+0000] {dag.py:2941} INFO - Sync 1 DAGs
[2025-10-16T17:32:43.621+0000] {logging_mixin.py:151} INFO - [2025-10-16T17:32:43.621+0000] {dag.py:3722} INFO - Setting next_dagrun for example_branch_dop_operator_v3 to 2025-10-16T17:31:00+00:00, run_after=2025-10-16T17:32:00+00:00
[2025-10-16T17:32:43.696+0000] {processor.py:179} INFO - Processing /home/airflow/.local/lib/python3.8/site-packages/airflow/example_dags/example_branch_python_dop_operator_3.py took 0.308 seconds
[2025-10-16T17:33:14.325+0000] {processor.py:157} INFO - Started process (PID=1098) to work on /home/airflow/.local/lib/python3.8/site-packages/airflow/example_dags/example_branch_python_dop_operator_3.py
[2025-10-16T17:33:14.328+0000] {processor.py:829} INFO - Processing file /home/airflow/.local/lib/python3.8/site-packages/airflow/example_dags/example_branch_python_dop_operator_3.py for tasks to queue
[2025-10-16T17:33:14.336+0000] {logging_mixin.py:151} INFO - [2025-10-16T17:33:14.335+0000] {dagbag.py:536} INFO - Filling up the DagBag from /home/airflow/.local/lib/python3.8/site-packages/airflow/example_dags/example_branch_python_dop_operator_3.py
[2025-10-16T17:33:14.367+0000] {processor.py:839} INFO - DAG(s) dict_keys(['example_branch_dop_operator_v3']) retrieved from /home/airflow/.local/lib/python3.8/site-packages/airflow/example_dags/example_branch_python_dop_operator_3.py
[2025-10-16T17:33:14.448+0000] {logging_mixin.py:151} INFO - [2025-10-16T17:33:14.448+0000] {dag.py:2941} INFO - Sync 1 DAGs
[2025-10-16T17:33:14.556+0000] {logging_mixin.py:151} INFO - [2025-10-16T17:33:14.556+0000] {dag.py:3722} INFO - Setting next_dagrun for example_branch_dop_operator_v3 to 2025-10-16T17:32:00+00:00, run_after=2025-10-16T17:33:00+00:00
[2025-10-16T17:33:14.625+0000] {processor.py:179} INFO - Processing /home/airflow/.local/lib/python3.8/site-packages/airflow/example_dags/example_branch_python_dop_operator_3.py took 0.314 seconds
[2025-10-16T17:33:45.466+0000] {processor.py:157} INFO - Started process (PID=1157) to work on /home/airflow/.local/lib/python3.8/site-packages/airflow/example_dags/example_branch_python_dop_operator_3.py
[2025-10-16T17:33:45.469+0000] {processor.py:829} INFO - Processing file /home/airflow/.local/lib/python3.8/site-packages/airflow/example_dags/example_branch_python_dop_operator_3.py for tasks to queue
[2025-10-16T17:33:45.480+0000] {logging_mixin.py:151} INFO - [2025-10-16T17:33:45.474+0000] {dagbag.py:536} INFO - Filling up the DagBag from /home/airflow/.local/lib/python3.8/site-packages/airflow/example_dags/example_branch_python_dop_operator_3.py
[2025-10-16T17:33:45.503+0000] {processor.py:839} INFO - DAG(s) dict_keys(['example_branch_dop_operator_v3']) retrieved from /home/airflow/.local/lib/python3.8/site-packages/airflow/example_dags/example_branch_python_dop_operator_3.py
[2025-10-16T17:33:45.574+0000] {logging_mixin.py:151} INFO - [2025-10-16T17:33:45.573+0000] {dag.py:2941} INFO - Sync 1 DAGs
[2025-10-16T17:33:45.666+0000] {logging_mixin.py:151} INFO - [2025-10-16T17:33:45.665+0000] {dag.py:3722} INFO - Setting next_dagrun for example_branch_dop_operator_v3 to 2025-10-16T17:32:00+00:00, run_after=2025-10-16T17:33:00+00:00
[2025-10-16T17:33:45.734+0000] {processor.py:179} INFO - Processing /home/airflow/.local/lib/python3.8/site-packages/airflow/example_dags/example_branch_python_dop_operator_3.py took 0.282 seconds
[2025-10-16T17:34:16.875+0000] {processor.py:157} INFO - Started process (PID=1218) to work on /home/airflow/.local/lib/python3.8/site-packages/airflow/example_dags/example_branch_python_dop_operator_3.py
[2025-10-16T17:34:16.894+0000] {processor.py:829} INFO - Processing file /home/airflow/.local/lib/python3.8/site-packages/airflow/example_dags/example_branch_python_dop_operator_3.py for tasks to queue
[2025-10-16T17:34:16.904+0000] {logging_mixin.py:151} INFO - [2025-10-16T17:34:16.903+0000] {dagbag.py:536} INFO - Filling up the DagBag from /home/airflow/.local/lib/python3.8/site-packages/airflow/example_dags/example_branch_python_dop_operator_3.py
[2025-10-16T17:34:16.951+0000] {processor.py:839} INFO - DAG(s) dict_keys(['example_branch_dop_operator_v3']) retrieved from /home/airflow/.local/lib/python3.8/site-packages/airflow/example_dags/example_branch_python_dop_operator_3.py
[2025-10-16T17:34:17.062+0000] {logging_mixin.py:151} INFO - [2025-10-16T17:34:17.062+0000] {dag.py:2941} INFO - Sync 1 DAGs
[2025-10-16T17:34:17.161+0000] {logging_mixin.py:151} INFO - [2025-10-16T17:34:17.161+0000] {dag.py:3722} INFO - Setting next_dagrun for example_branch_dop_operator_v3 to 2025-10-16T17:33:00+00:00, run_after=2025-10-16T17:34:00+00:00
[2025-10-16T17:34:17.216+0000] {processor.py:179} INFO - Processing /home/airflow/.local/lib/python3.8/site-packages/airflow/example_dags/example_branch_python_dop_operator_3.py took 0.356 seconds
[2025-10-16T17:34:47.933+0000] {processor.py:157} INFO - Started process (PID=1277) to work on /home/airflow/.local/lib/python3.8/site-packages/airflow/example_dags/example_branch_python_dop_operator_3.py
[2025-10-16T17:34:47.940+0000] {processor.py:829} INFO - Processing file /home/airflow/.local/lib/python3.8/site-packages/airflow/example_dags/example_branch_python_dop_operator_3.py for tasks to queue
[2025-10-16T17:34:47.947+0000] {logging_mixin.py:151} INFO - [2025-10-16T17:34:47.946+0000] {dagbag.py:536} INFO - Filling up the DagBag from /home/airflow/.local/lib/python3.8/site-packages/airflow/example_dags/example_branch_python_dop_operator_3.py
[2025-10-16T17:34:47.971+0000] {processor.py:839} INFO - DAG(s) dict_keys(['example_branch_dop_operator_v3']) retrieved from /home/airflow/.local/lib/python3.8/site-packages/airflow/example_dags/example_branch_python_dop_operator_3.py
[2025-10-16T17:34:48.027+0000] {logging_mixin.py:151} INFO - [2025-10-16T17:34:48.026+0000] {dag.py:2941} INFO - Sync 1 DAGs
[2025-10-16T17:34:48.112+0000] {logging_mixin.py:151} INFO - [2025-10-16T17:34:48.112+0000] {dag.py:3722} INFO - Setting next_dagrun for example_branch_dop_operator_v3 to 2025-10-16T17:33:00+00:00, run_after=2025-10-16T17:34:00+00:00
[2025-10-16T17:34:48.168+0000] {processor.py:179} INFO - Processing /home/airflow/.local/lib/python3.8/site-packages/airflow/example_dags/example_branch_python_dop_operator_3.py took 0.244 seconds
[2025-10-16T17:35:18.405+0000] {processor.py:157} INFO - Started process (PID=1335) to work on /home/airflow/.local/lib/python3.8/site-packages/airflow/example_dags/example_branch_python_dop_operator_3.py
[2025-10-16T17:35:18.411+0000] {processor.py:829} INFO - Processing file /home/airflow/.local/lib/python3.8/site-packages/airflow/example_dags/example_branch_python_dop_operator_3.py for tasks to queue
[2025-10-16T17:35:18.424+0000] {logging_mixin.py:151} INFO - [2025-10-16T17:35:18.422+0000] {dagbag.py:536} INFO - Filling up the DagBag from /home/airflow/.local/lib/python3.8/site-packages/airflow/example_dags/example_branch_python_dop_operator_3.py
[2025-10-16T17:35:18.476+0000] {processor.py:839} INFO - DAG(s) dict_keys(['example_branch_dop_operator_v3']) retrieved from /home/airflow/.local/lib/python3.8/site-packages/airflow/example_dags/example_branch_python_dop_operator_3.py
[2025-10-16T17:35:18.585+0000] {logging_mixin.py:151} INFO - [2025-10-16T17:35:18.584+0000] {dag.py:2941} INFO - Sync 1 DAGs
[2025-10-16T17:35:18.688+0000] {logging_mixin.py:151} INFO - [2025-10-16T17:35:18.688+0000] {dag.py:3722} INFO - Setting next_dagrun for example_branch_dop_operator_v3 to 2025-10-16T17:34:00+00:00, run_after=2025-10-16T17:35:00+00:00
[2025-10-16T17:35:18.733+0000] {processor.py:179} INFO - Processing /home/airflow/.local/lib/python3.8/site-packages/airflow/example_dags/example_branch_python_dop_operator_3.py took 0.349 seconds
[2025-10-16T17:35:49.300+0000] {processor.py:157} INFO - Started process (PID=1395) to work on /home/airflow/.local/lib/python3.8/site-packages/airflow/example_dags/example_branch_python_dop_operator_3.py
[2025-10-16T17:35:49.303+0000] {processor.py:829} INFO - Processing file /home/airflow/.local/lib/python3.8/site-packages/airflow/example_dags/example_branch_python_dop_operator_3.py for tasks to queue
[2025-10-16T17:35:49.308+0000] {logging_mixin.py:151} INFO - [2025-10-16T17:35:49.308+0000] {dagbag.py:536} INFO - Filling up the DagBag from /home/airflow/.local/lib/python3.8/site-packages/airflow/example_dags/example_branch_python_dop_operator_3.py
[2025-10-16T17:35:49.344+0000] {processor.py:839} INFO - DAG(s) dict_keys(['example_branch_dop_operator_v3']) retrieved from /home/airflow/.local/lib/python3.8/site-packages/airflow/example_dags/example_branch_python_dop_operator_3.py
[2025-10-16T17:35:49.412+0000] {logging_mixin.py:151} INFO - [2025-10-16T17:35:49.411+0000] {dag.py:2941} INFO - Sync 1 DAGs
[2025-10-16T17:35:49.504+0000] {logging_mixin.py:151} INFO - [2025-10-16T17:35:49.504+0000] {dag.py:3722} INFO - Setting next_dagrun for example_branch_dop_operator_v3 to 2025-10-16T17:34:00+00:00, run_after=2025-10-16T17:35:00+00:00
[2025-10-16T17:35:49.556+0000] {processor.py:179} INFO - Processing /home/airflow/.local/lib/python3.8/site-packages/airflow/example_dags/example_branch_python_dop_operator_3.py took 0.266 seconds
[2025-10-16T17:36:19.919+0000] {processor.py:157} INFO - Started process (PID=1454) to work on /home/airflow/.local/lib/python3.8/site-packages/airflow/example_dags/example_branch_python_dop_operator_3.py
[2025-10-16T17:36:19.923+0000] {processor.py:829} INFO - Processing file /home/airflow/.local/lib/python3.8/site-packages/airflow/example_dags/example_branch_python_dop_operator_3.py for tasks to queue
[2025-10-16T17:36:19.931+0000] {logging_mixin.py:151} INFO - [2025-10-16T17:36:19.930+0000] {dagbag.py:536} INFO - Filling up the DagBag from /home/airflow/.local/lib/python3.8/site-packages/airflow/example_dags/example_branch_python_dop_operator_3.py
[2025-10-16T17:36:19.957+0000] {processor.py:839} INFO - DAG(s) dict_keys(['example_branch_dop_operator_v3']) retrieved from /home/airflow/.local/lib/python3.8/site-packages/airflow/example_dags/example_branch_python_dop_operator_3.py
[2025-10-16T17:36:20.015+0000] {logging_mixin.py:151} INFO - [2025-10-16T17:36:20.015+0000] {dag.py:2941} INFO - Sync 1 DAGs
[2025-10-16T17:36:20.094+0000] {logging_mixin.py:151} INFO - [2025-10-16T17:36:20.093+0000] {dag.py:3722} INFO - Setting next_dagrun for example_branch_dop_operator_v3 to 2025-10-16T17:35:00+00:00, run_after=2025-10-16T17:36:00+00:00
[2025-10-16T17:36:20.159+0000] {processor.py:179} INFO - Processing /home/airflow/.local/lib/python3.8/site-packages/airflow/example_dags/example_branch_python_dop_operator_3.py took 0.267 seconds
[2025-10-16T17:36:50.850+0000] {processor.py:157} INFO - Started process (PID=1513) to work on /home/airflow/.local/lib/python3.8/site-packages/airflow/example_dags/example_branch_python_dop_operator_3.py
[2025-10-16T17:36:50.852+0000] {processor.py:829} INFO - Processing file /home/airflow/.local/lib/python3.8/site-packages/airflow/example_dags/example_branch_python_dop_operator_3.py for tasks to queue
[2025-10-16T17:36:50.858+0000] {logging_mixin.py:151} INFO - [2025-10-16T17:36:50.857+0000] {dagbag.py:536} INFO - Filling up the DagBag from /home/airflow/.local/lib/python3.8/site-packages/airflow/example_dags/example_branch_python_dop_operator_3.py
[2025-10-16T17:36:50.887+0000] {processor.py:839} INFO - DAG(s) dict_keys(['example_branch_dop_operator_v3']) retrieved from /home/airflow/.local/lib/python3.8/site-packages/airflow/example_dags/example_branch_python_dop_operator_3.py
[2025-10-16T17:36:50.940+0000] {logging_mixin.py:151} INFO - [2025-10-16T17:36:50.940+0000] {dag.py:2941} INFO - Sync 1 DAGs
[2025-10-16T17:36:51.045+0000] {logging_mixin.py:151} INFO - [2025-10-16T17:36:51.045+0000] {dag.py:3722} INFO - Setting next_dagrun for example_branch_dop_operator_v3 to 2025-10-16T17:35:00+00:00, run_after=2025-10-16T17:36:00+00:00
[2025-10-16T17:36:51.094+0000] {processor.py:179} INFO - Processing /home/airflow/.local/lib/python3.8/site-packages/airflow/example_dags/example_branch_python_dop_operator_3.py took 0.258 seconds
[2025-10-16T17:37:21.314+0000] {processor.py:157} INFO - Started process (PID=1573) to work on /home/airflow/.local/lib/python3.8/site-packages/airflow/example_dags/example_branch_python_dop_operator_3.py
[2025-10-16T17:37:21.317+0000] {processor.py:829} INFO - Processing file /home/airflow/.local/lib/python3.8/site-packages/airflow/example_dags/example_branch_python_dop_operator_3.py for tasks to queue
[2025-10-16T17:37:21.324+0000] {logging_mixin.py:151} INFO - [2025-10-16T17:37:21.323+0000] {dagbag.py:536} INFO - Filling up the DagBag from /home/airflow/.local/lib/python3.8/site-packages/airflow/example_dags/example_branch_python_dop_operator_3.py
[2025-10-16T17:37:21.350+0000] {processor.py:839} INFO - DAG(s) dict_keys(['example_branch_dop_operator_v3']) retrieved from /home/airflow/.local/lib/python3.8/site-packages/airflow/example_dags/example_branch_python_dop_operator_3.py
[2025-10-16T17:37:21.409+0000] {logging_mixin.py:151} INFO - [2025-10-16T17:37:21.408+0000] {dag.py:2941} INFO - Sync 1 DAGs
[2025-10-16T17:37:21.488+0000] {logging_mixin.py:151} INFO - [2025-10-16T17:37:21.487+0000] {dag.py:3722} INFO - Setting next_dagrun for example_branch_dop_operator_v3 to 2025-10-16T17:36:00+00:00, run_after=2025-10-16T17:37:00+00:00
[2025-10-16T17:37:21.569+0000] {processor.py:179} INFO - Processing /home/airflow/.local/lib/python3.8/site-packages/airflow/example_dags/example_branch_python_dop_operator_3.py took 0.265 seconds
[2025-10-16T17:37:52.642+0000] {processor.py:157} INFO - Started process (PID=1632) to work on /home/airflow/.local/lib/python3.8/site-packages/airflow/example_dags/example_branch_python_dop_operator_3.py
[2025-10-16T17:37:52.647+0000] {processor.py:829} INFO - Processing file /home/airflow/.local/lib/python3.8/site-packages/airflow/example_dags/example_branch_python_dop_operator_3.py for tasks to queue
[2025-10-16T17:37:52.655+0000] {logging_mixin.py:151} INFO - [2025-10-16T17:37:52.654+0000] {dagbag.py:536} INFO - Filling up the DagBag from /home/airflow/.local/lib/python3.8/site-packages/airflow/example_dags/example_branch_python_dop_operator_3.py
[2025-10-16T17:37:52.682+0000] {processor.py:839} INFO - DAG(s) dict_keys(['example_branch_dop_operator_v3']) retrieved from /home/airflow/.local/lib/python3.8/site-packages/airflow/example_dags/example_branch_python_dop_operator_3.py
[2025-10-16T17:37:52.745+0000] {logging_mixin.py:151} INFO - [2025-10-16T17:37:52.745+0000] {dag.py:2941} INFO - Sync 1 DAGs
[2025-10-16T17:37:52.915+0000] {logging_mixin.py:151} INFO - [2025-10-16T17:37:52.914+0000] {dag.py:3722} INFO - Setting next_dagrun for example_branch_dop_operator_v3 to 2025-10-16T17:36:00+00:00, run_after=2025-10-16T17:37:00+00:00
[2025-10-16T17:37:53.109+0000] {processor.py:179} INFO - Processing /home/airflow/.local/lib/python3.8/site-packages/airflow/example_dags/example_branch_python_dop_operator_3.py took 0.477 seconds
[2025-10-16T17:38:24.004+0000] {processor.py:157} INFO - Started process (PID=1691) to work on /home/airflow/.local/lib/python3.8/site-packages/airflow/example_dags/example_branch_python_dop_operator_3.py
[2025-10-16T17:38:24.008+0000] {processor.py:829} INFO - Processing file /home/airflow/.local/lib/python3.8/site-packages/airflow/example_dags/example_branch_python_dop_operator_3.py for tasks to queue
[2025-10-16T17:38:24.015+0000] {logging_mixin.py:151} INFO - [2025-10-16T17:38:24.014+0000] {dagbag.py:536} INFO - Filling up the DagBag from /home/airflow/.local/lib/python3.8/site-packages/airflow/example_dags/example_branch_python_dop_operator_3.py
[2025-10-16T17:38:24.051+0000] {processor.py:839} INFO - DAG(s) dict_keys(['example_branch_dop_operator_v3']) retrieved from /home/airflow/.local/lib/python3.8/site-packages/airflow/example_dags/example_branch_python_dop_operator_3.py
[2025-10-16T17:38:24.121+0000] {logging_mixin.py:151} INFO - [2025-10-16T17:38:24.120+0000] {dag.py:2941} INFO - Sync 1 DAGs
[2025-10-16T17:38:24.211+0000] {logging_mixin.py:151} INFO - [2025-10-16T17:38:24.211+0000] {dag.py:3722} INFO - Setting next_dagrun for example_branch_dop_operator_v3 to 2025-10-16T17:37:00+00:00, run_after=2025-10-16T17:38:00+00:00
[2025-10-16T17:38:24.270+0000] {processor.py:179} INFO - Processing /home/airflow/.local/lib/python3.8/site-packages/airflow/example_dags/example_branch_python_dop_operator_3.py took 0.278 seconds
[2025-10-16T17:38:55.687+0000] {processor.py:157} INFO - Started process (PID=1750) to work on /home/airflow/.local/lib/python3.8/site-packages/airflow/example_dags/example_branch_python_dop_operator_3.py
[2025-10-16T17:38:55.690+0000] {processor.py:829} INFO - Processing file /home/airflow/.local/lib/python3.8/site-packages/airflow/example_dags/example_branch_python_dop_operator_3.py for tasks to queue
[2025-10-16T17:38:55.697+0000] {logging_mixin.py:151} INFO - [2025-10-16T17:38:55.695+0000] {dagbag.py:536} INFO - Filling up the DagBag from /home/airflow/.local/lib/python3.8/site-packages/airflow/example_dags/example_branch_python_dop_operator_3.py
[2025-10-16T17:38:55.725+0000] {processor.py:839} INFO - DAG(s) dict_keys(['example_branch_dop_operator_v3']) retrieved from /home/airflow/.local/lib/python3.8/site-packages/airflow/example_dags/example_branch_python_dop_operator_3.py
[2025-10-16T17:38:55.789+0000] {logging_mixin.py:151} INFO - [2025-10-16T17:38:55.788+0000] {dag.py:2941} INFO - Sync 1 DAGs
[2025-10-16T17:38:55.870+0000] {logging_mixin.py:151} INFO - [2025-10-16T17:38:55.870+0000] {dag.py:3722} INFO - Setting next_dagrun for example_branch_dop_operator_v3 to 2025-10-16T17:37:00+00:00, run_after=2025-10-16T17:38:00+00:00
[2025-10-16T17:38:55.924+0000] {processor.py:179} INFO - Processing /home/airflow/.local/lib/python3.8/site-packages/airflow/example_dags/example_branch_python_dop_operator_3.py took 0.248 seconds
[2025-10-16T17:39:26.973+0000] {processor.py:157} INFO - Started process (PID=1809) to work on /home/airflow/.local/lib/python3.8/site-packages/airflow/example_dags/example_branch_python_dop_operator_3.py
[2025-10-16T17:39:26.977+0000] {processor.py:829} INFO - Processing file /home/airflow/.local/lib/python3.8/site-packages/airflow/example_dags/example_branch_python_dop_operator_3.py for tasks to queue
[2025-10-16T17:39:26.983+0000] {logging_mixin.py:151} INFO - [2025-10-16T17:39:26.982+0000] {dagbag.py:536} INFO - Filling up the DagBag from /home/airflow/.local/lib/python3.8/site-packages/airflow/example_dags/example_branch_python_dop_operator_3.py
[2025-10-16T17:39:27.010+0000] {processor.py:839} INFO - DAG(s) dict_keys(['example_branch_dop_operator_v3']) retrieved from /home/airflow/.local/lib/python3.8/site-packages/airflow/example_dags/example_branch_python_dop_operator_3.py
[2025-10-16T17:39:27.070+0000] {logging_mixin.py:151} INFO - [2025-10-16T17:39:27.070+0000] {dag.py:2941} INFO - Sync 1 DAGs
[2025-10-16T17:39:27.157+0000] {logging_mixin.py:151} INFO - [2025-10-16T17:39:27.157+0000] {dag.py:3722} INFO - Setting next_dagrun for example_branch_dop_operator_v3 to 2025-10-16T17:38:00+00:00, run_after=2025-10-16T17:39:00+00:00
[2025-10-16T17:39:27.224+0000] {processor.py:179} INFO - Processing /home/airflow/.local/lib/python3.8/site-packages/airflow/example_dags/example_branch_python_dop_operator_3.py took 0.262 seconds
[2025-10-16T17:39:57.479+0000] {processor.py:157} INFO - Started process (PID=1866) to work on /home/airflow/.local/lib/python3.8/site-packages/airflow/example_dags/example_branch_python_dop_operator_3.py
[2025-10-16T17:39:57.489+0000] {processor.py:829} INFO - Processing file /home/airflow/.local/lib/python3.8/site-packages/airflow/example_dags/example_branch_python_dop_operator_3.py for tasks to queue
[2025-10-16T17:39:57.497+0000] {logging_mixin.py:151} INFO - [2025-10-16T17:39:57.496+0000] {dagbag.py:536} INFO - Filling up the DagBag from /home/airflow/.local/lib/python3.8/site-packages/airflow/example_dags/example_branch_python_dop_operator_3.py
[2025-10-16T17:39:57.536+0000] {processor.py:839} INFO - DAG(s) dict_keys(['example_branch_dop_operator_v3']) retrieved from /home/airflow/.local/lib/python3.8/site-packages/airflow/example_dags/example_branch_python_dop_operator_3.py
[2025-10-16T17:39:57.608+0000] {logging_mixin.py:151} INFO - [2025-10-16T17:39:57.607+0000] {dag.py:2941} INFO - Sync 1 DAGs
[2025-10-16T17:39:57.726+0000] {logging_mixin.py:151} INFO - [2025-10-16T17:39:57.725+0000] {dag.py:3722} INFO - Setting next_dagrun for example_branch_dop_operator_v3 to 2025-10-16T17:38:00+00:00, run_after=2025-10-16T17:39:00+00:00
[2025-10-16T17:39:57.801+0000] {processor.py:179} INFO - Processing /home/airflow/.local/lib/python3.8/site-packages/airflow/example_dags/example_branch_python_dop_operator_3.py took 0.333 seconds
[2025-10-16T17:40:28.471+0000] {processor.py:157} INFO - Started process (PID=1925) to work on /home/airflow/.local/lib/python3.8/site-packages/airflow/example_dags/example_branch_python_dop_operator_3.py
[2025-10-16T17:40:28.476+0000] {processor.py:829} INFO - Processing file /home/airflow/.local/lib/python3.8/site-packages/airflow/example_dags/example_branch_python_dop_operator_3.py for tasks to queue
[2025-10-16T17:40:28.483+0000] {logging_mixin.py:151} INFO - [2025-10-16T17:40:28.482+0000] {dagbag.py:536} INFO - Filling up the DagBag from /home/airflow/.local/lib/python3.8/site-packages/airflow/example_dags/example_branch_python_dop_operator_3.py
[2025-10-16T17:40:28.512+0000] {processor.py:839} INFO - DAG(s) dict_keys(['example_branch_dop_operator_v3']) retrieved from /home/airflow/.local/lib/python3.8/site-packages/airflow/example_dags/example_branch_python_dop_operator_3.py
[2025-10-16T17:40:28.570+0000] {logging_mixin.py:151} INFO - [2025-10-16T17:40:28.570+0000] {dag.py:2941} INFO - Sync 1 DAGs
[2025-10-16T17:40:28.651+0000] {logging_mixin.py:151} INFO - [2025-10-16T17:40:28.651+0000] {dag.py:3722} INFO - Setting next_dagrun for example_branch_dop_operator_v3 to 2025-10-16T17:39:00+00:00, run_after=2025-10-16T17:40:00+00:00
[2025-10-16T17:40:28.708+0000] {processor.py:179} INFO - Processing /home/airflow/.local/lib/python3.8/site-packages/airflow/example_dags/example_branch_python_dop_operator_3.py took 0.249 seconds
[2025-10-16T17:40:58.842+0000] {processor.py:157} INFO - Started process (PID=1984) to work on /home/airflow/.local/lib/python3.8/site-packages/airflow/example_dags/example_branch_python_dop_operator_3.py
[2025-10-16T17:40:58.858+0000] {processor.py:829} INFO - Processing file /home/airflow/.local/lib/python3.8/site-packages/airflow/example_dags/example_branch_python_dop_operator_3.py for tasks to queue
[2025-10-16T17:40:58.874+0000] {logging_mixin.py:151} INFO - [2025-10-16T17:40:58.873+0000] {dagbag.py:536} INFO - Filling up the DagBag from /home/airflow/.local/lib/python3.8/site-packages/airflow/example_dags/example_branch_python_dop_operator_3.py
[2025-10-16T17:40:58.958+0000] {processor.py:839} INFO - DAG(s) dict_keys(['example_branch_dop_operator_v3']) retrieved from /home/airflow/.local/lib/python3.8/site-packages/airflow/example_dags/example_branch_python_dop_operator_3.py
[2025-10-16T17:40:59.107+0000] {logging_mixin.py:151} INFO - [2025-10-16T17:40:59.107+0000] {dag.py:2941} INFO - Sync 1 DAGs
[2025-10-16T17:40:59.265+0000] {logging_mixin.py:151} INFO - [2025-10-16T17:40:59.265+0000] {dag.py:3722} INFO - Setting next_dagrun for example_branch_dop_operator_v3 to 2025-10-16T17:39:00+00:00, run_after=2025-10-16T17:40:00+00:00
[2025-10-16T17:40:59.390+0000] {processor.py:179} INFO - Processing /home/airflow/.local/lib/python3.8/site-packages/airflow/example_dags/example_branch_python_dop_operator_3.py took 0.569 seconds
[2025-10-16T17:41:29.804+0000] {processor.py:157} INFO - Started process (PID=2043) to work on /home/airflow/.local/lib/python3.8/site-packages/airflow/example_dags/example_branch_python_dop_operator_3.py
[2025-10-16T17:41:29.808+0000] {processor.py:829} INFO - Processing file /home/airflow/.local/lib/python3.8/site-packages/airflow/example_dags/example_branch_python_dop_operator_3.py for tasks to queue
[2025-10-16T17:41:29.814+0000] {logging_mixin.py:151} INFO - [2025-10-16T17:41:29.813+0000] {dagbag.py:536} INFO - Filling up the DagBag from /home/airflow/.local/lib/python3.8/site-packages/airflow/example_dags/example_branch_python_dop_operator_3.py
[2025-10-16T17:41:29.840+0000] {processor.py:839} INFO - DAG(s) dict_keys(['example_branch_dop_operator_v3']) retrieved from /home/airflow/.local/lib/python3.8/site-packages/airflow/example_dags/example_branch_python_dop_operator_3.py
[2025-10-16T17:41:29.889+0000] {logging_mixin.py:151} INFO - [2025-10-16T17:41:29.888+0000] {dag.py:2941} INFO - Sync 1 DAGs
[2025-10-16T17:41:29.969+0000] {logging_mixin.py:151} INFO - [2025-10-16T17:41:29.968+0000] {dag.py:3722} INFO - Setting next_dagrun for example_branch_dop_operator_v3 to 2025-10-16T17:40:00+00:00, run_after=2025-10-16T17:41:00+00:00
[2025-10-16T17:41:30.020+0000] {processor.py:179} INFO - Processing /home/airflow/.local/lib/python3.8/site-packages/airflow/example_dags/example_branch_python_dop_operator_3.py took 0.226 seconds
[2025-10-16T17:42:00.665+0000] {processor.py:157} INFO - Started process (PID=2100) to work on /home/airflow/.local/lib/python3.8/site-packages/airflow/example_dags/example_branch_python_dop_operator_3.py
[2025-10-16T17:42:00.668+0000] {processor.py:829} INFO - Processing file /home/airflow/.local/lib/python3.8/site-packages/airflow/example_dags/example_branch_python_dop_operator_3.py for tasks to queue
[2025-10-16T17:42:00.676+0000] {logging_mixin.py:151} INFO - [2025-10-16T17:42:00.675+0000] {dagbag.py:536} INFO - Filling up the DagBag from /home/airflow/.local/lib/python3.8/site-packages/airflow/example_dags/example_branch_python_dop_operator_3.py
[2025-10-16T17:42:00.711+0000] {processor.py:839} INFO - DAG(s) dict_keys(['example_branch_dop_operator_v3']) retrieved from /home/airflow/.local/lib/python3.8/site-packages/airflow/example_dags/example_branch_python_dop_operator_3.py
[2025-10-16T17:42:00.772+0000] {logging_mixin.py:151} INFO - [2025-10-16T17:42:00.772+0000] {dag.py:2941} INFO - Sync 1 DAGs
[2025-10-16T17:42:00.849+0000] {logging_mixin.py:151} INFO - [2025-10-16T17:42:00.849+0000] {dag.py:3722} INFO - Setting next_dagrun for example_branch_dop_operator_v3 to 2025-10-16T17:41:00+00:00, run_after=2025-10-16T17:42:00+00:00
[2025-10-16T17:42:00.893+0000] {processor.py:179} INFO - Processing /home/airflow/.local/lib/python3.8/site-packages/airflow/example_dags/example_branch_python_dop_operator_3.py took 0.238 seconds
[2025-10-16T17:42:31.613+0000] {processor.py:157} INFO - Started process (PID=2159) to work on /home/airflow/.local/lib/python3.8/site-packages/airflow/example_dags/example_branch_python_dop_operator_3.py
[2025-10-16T17:42:31.616+0000] {processor.py:829} INFO - Processing file /home/airflow/.local/lib/python3.8/site-packages/airflow/example_dags/example_branch_python_dop_operator_3.py for tasks to queue
[2025-10-16T17:42:31.624+0000] {logging_mixin.py:151} INFO - [2025-10-16T17:42:31.623+0000] {dagbag.py:536} INFO - Filling up the DagBag from /home/airflow/.local/lib/python3.8/site-packages/airflow/example_dags/example_branch_python_dop_operator_3.py
[2025-10-16T17:42:31.644+0000] {processor.py:839} INFO - DAG(s) dict_keys(['example_branch_dop_operator_v3']) retrieved from /home/airflow/.local/lib/python3.8/site-packages/airflow/example_dags/example_branch_python_dop_operator_3.py
[2025-10-16T17:42:31.710+0000] {logging_mixin.py:151} INFO - [2025-10-16T17:42:31.710+0000] {dag.py:2941} INFO - Sync 1 DAGs
[2025-10-16T17:42:31.780+0000] {logging_mixin.py:151} INFO - [2025-10-16T17:42:31.780+0000] {dag.py:3722} INFO - Setting next_dagrun for example_branch_dop_operator_v3 to 2025-10-16T17:41:00+00:00, run_after=2025-10-16T17:42:00+00:00
[2025-10-16T17:42:31.821+0000] {processor.py:179} INFO - Processing /home/airflow/.local/lib/python3.8/site-packages/airflow/example_dags/example_branch_python_dop_operator_3.py took 0.219 seconds
[2025-10-16T17:43:02.634+0000] {processor.py:157} INFO - Started process (PID=2218) to work on /home/airflow/.local/lib/python3.8/site-packages/airflow/example_dags/example_branch_python_dop_operator_3.py
[2025-10-16T17:43:02.638+0000] {processor.py:829} INFO - Processing file /home/airflow/.local/lib/python3.8/site-packages/airflow/example_dags/example_branch_python_dop_operator_3.py for tasks to queue
[2025-10-16T17:43:02.647+0000] {logging_mixin.py:151} INFO - [2025-10-16T17:43:02.646+0000] {dagbag.py:536} INFO - Filling up the DagBag from /home/airflow/.local/lib/python3.8/site-packages/airflow/example_dags/example_branch_python_dop_operator_3.py
[2025-10-16T17:43:02.674+0000] {processor.py:839} INFO - DAG(s) dict_keys(['example_branch_dop_operator_v3']) retrieved from /home/airflow/.local/lib/python3.8/site-packages/airflow/example_dags/example_branch_python_dop_operator_3.py
[2025-10-16T17:43:02.724+0000] {logging_mixin.py:151} INFO - [2025-10-16T17:43:02.723+0000] {dag.py:2941} INFO - Sync 1 DAGs
[2025-10-16T17:43:02.788+0000] {logging_mixin.py:151} INFO - [2025-10-16T17:43:02.788+0000] {dag.py:3722} INFO - Setting next_dagrun for example_branch_dop_operator_v3 to 2025-10-16T17:42:00+00:00, run_after=2025-10-16T17:43:00+00:00
[2025-10-16T17:43:02.833+0000] {processor.py:179} INFO - Processing /home/airflow/.local/lib/python3.8/site-packages/airflow/example_dags/example_branch_python_dop_operator_3.py took 0.213 seconds
[2025-10-16T17:43:33.439+0000] {processor.py:157} INFO - Started process (PID=2278) to work on /home/airflow/.local/lib/python3.8/site-packages/airflow/example_dags/example_branch_python_dop_operator_3.py
[2025-10-16T17:43:33.444+0000] {processor.py:829} INFO - Processing file /home/airflow/.local/lib/python3.8/site-packages/airflow/example_dags/example_branch_python_dop_operator_3.py for tasks to queue
[2025-10-16T17:43:33.451+0000] {logging_mixin.py:151} INFO - [2025-10-16T17:43:33.450+0000] {dagbag.py:536} INFO - Filling up the DagBag from /home/airflow/.local/lib/python3.8/site-packages/airflow/example_dags/example_branch_python_dop_operator_3.py
[2025-10-16T17:43:33.474+0000] {processor.py:839} INFO - DAG(s) dict_keys(['example_branch_dop_operator_v3']) retrieved from /home/airflow/.local/lib/python3.8/site-packages/airflow/example_dags/example_branch_python_dop_operator_3.py
[2025-10-16T17:43:33.556+0000] {logging_mixin.py:151} INFO - [2025-10-16T17:43:33.556+0000] {dag.py:2941} INFO - Sync 1 DAGs
[2025-10-16T17:43:33.688+0000] {logging_mixin.py:151} INFO - [2025-10-16T17:43:33.687+0000] {dag.py:3722} INFO - Setting next_dagrun for example_branch_dop_operator_v3 to 2025-10-16T17:42:00+00:00, run_after=2025-10-16T17:43:00+00:00
[2025-10-16T17:43:33.758+0000] {processor.py:179} INFO - Processing /home/airflow/.local/lib/python3.8/site-packages/airflow/example_dags/example_branch_python_dop_operator_3.py took 0.326 seconds
[2025-10-16T17:44:04.461+0000] {processor.py:157} INFO - Started process (PID=2337) to work on /home/airflow/.local/lib/python3.8/site-packages/airflow/example_dags/example_branch_python_dop_operator_3.py
[2025-10-16T17:44:04.463+0000] {processor.py:829} INFO - Processing file /home/airflow/.local/lib/python3.8/site-packages/airflow/example_dags/example_branch_python_dop_operator_3.py for tasks to queue
[2025-10-16T17:44:04.469+0000] {logging_mixin.py:151} INFO - [2025-10-16T17:44:04.468+0000] {dagbag.py:536} INFO - Filling up the DagBag from /home/airflow/.local/lib/python3.8/site-packages/airflow/example_dags/example_branch_python_dop_operator_3.py
[2025-10-16T17:44:04.491+0000] {processor.py:839} INFO - DAG(s) dict_keys(['example_branch_dop_operator_v3']) retrieved from /home/airflow/.local/lib/python3.8/site-packages/airflow/example_dags/example_branch_python_dop_operator_3.py
[2025-10-16T17:44:04.552+0000] {logging_mixin.py:151} INFO - [2025-10-16T17:44:04.551+0000] {dag.py:2941} INFO - Sync 1 DAGs
[2025-10-16T17:44:04.615+0000] {logging_mixin.py:151} INFO - [2025-10-16T17:44:04.614+0000] {dag.py:3722} INFO - Setting next_dagrun for example_branch_dop_operator_v3 to 2025-10-16T17:43:00+00:00, run_after=2025-10-16T17:44:00+00:00
[2025-10-16T17:44:04.666+0000] {processor.py:179} INFO - Processing /home/airflow/.local/lib/python3.8/site-packages/airflow/example_dags/example_branch_python_dop_operator_3.py took 0.214 seconds
[2025-10-16T17:44:35.105+0000] {processor.py:157} INFO - Started process (PID=2397) to work on /home/airflow/.local/lib/python3.8/site-packages/airflow/example_dags/example_branch_python_dop_operator_3.py
[2025-10-16T17:44:35.108+0000] {processor.py:829} INFO - Processing file /home/airflow/.local/lib/python3.8/site-packages/airflow/example_dags/example_branch_python_dop_operator_3.py for tasks to queue
[2025-10-16T17:44:35.113+0000] {logging_mixin.py:151} INFO - [2025-10-16T17:44:35.113+0000] {dagbag.py:536} INFO - Filling up the DagBag from /home/airflow/.local/lib/python3.8/site-packages/airflow/example_dags/example_branch_python_dop_operator_3.py
[2025-10-16T17:44:35.141+0000] {processor.py:839} INFO - DAG(s) dict_keys(['example_branch_dop_operator_v3']) retrieved from /home/airflow/.local/lib/python3.8/site-packages/airflow/example_dags/example_branch_python_dop_operator_3.py
[2025-10-16T17:44:35.192+0000] {logging_mixin.py:151} INFO - [2025-10-16T17:44:35.192+0000] {dag.py:2941} INFO - Sync 1 DAGs
[2025-10-16T17:44:35.268+0000] {logging_mixin.py:151} INFO - [2025-10-16T17:44:35.268+0000] {dag.py:3722} INFO - Setting next_dagrun for example_branch_dop_operator_v3 to 2025-10-16T17:43:00+00:00, run_after=2025-10-16T17:44:00+00:00
[2025-10-16T17:44:35.330+0000] {processor.py:179} INFO - Processing /home/airflow/.local/lib/python3.8/site-packages/airflow/example_dags/example_branch_python_dop_operator_3.py took 0.235 seconds
[2025-10-16T17:45:06.250+0000] {processor.py:157} INFO - Started process (PID=2456) to work on /home/airflow/.local/lib/python3.8/site-packages/airflow/example_dags/example_branch_python_dop_operator_3.py
[2025-10-16T17:45:06.252+0000] {processor.py:829} INFO - Processing file /home/airflow/.local/lib/python3.8/site-packages/airflow/example_dags/example_branch_python_dop_operator_3.py for tasks to queue
[2025-10-16T17:45:06.257+0000] {logging_mixin.py:151} INFO - [2025-10-16T17:45:06.257+0000] {dagbag.py:536} INFO - Filling up the DagBag from /home/airflow/.local/lib/python3.8/site-packages/airflow/example_dags/example_branch_python_dop_operator_3.py
[2025-10-16T17:45:06.277+0000] {processor.py:839} INFO - DAG(s) dict_keys(['example_branch_dop_operator_v3']) retrieved from /home/airflow/.local/lib/python3.8/site-packages/airflow/example_dags/example_branch_python_dop_operator_3.py
[2025-10-16T17:45:06.320+0000] {logging_mixin.py:151} INFO - [2025-10-16T17:45:06.320+0000] {dag.py:2941} INFO - Sync 1 DAGs
[2025-10-16T17:45:06.391+0000] {logging_mixin.py:151} INFO - [2025-10-16T17:45:06.391+0000] {dag.py:3722} INFO - Setting next_dagrun for example_branch_dop_operator_v3 to 2025-10-16T17:44:00+00:00, run_after=2025-10-16T17:45:00+00:00
[2025-10-16T17:45:06.777+0000] {processor.py:179} INFO - Processing /home/airflow/.local/lib/python3.8/site-packages/airflow/example_dags/example_branch_python_dop_operator_3.py took 0.535 seconds
[2025-10-16T17:45:37.048+0000] {processor.py:157} INFO - Started process (PID=2516) to work on /home/airflow/.local/lib/python3.8/site-packages/airflow/example_dags/example_branch_python_dop_operator_3.py
[2025-10-16T17:45:37.051+0000] {processor.py:829} INFO - Processing file /home/airflow/.local/lib/python3.8/site-packages/airflow/example_dags/example_branch_python_dop_operator_3.py for tasks to queue
[2025-10-16T17:45:37.058+0000] {logging_mixin.py:151} INFO - [2025-10-16T17:45:37.057+0000] {dagbag.py:536} INFO - Filling up the DagBag from /home/airflow/.local/lib/python3.8/site-packages/airflow/example_dags/example_branch_python_dop_operator_3.py
[2025-10-16T17:45:37.084+0000] {processor.py:839} INFO - DAG(s) dict_keys(['example_branch_dop_operator_v3']) retrieved from /home/airflow/.local/lib/python3.8/site-packages/airflow/example_dags/example_branch_python_dop_operator_3.py
[2025-10-16T17:45:37.143+0000] {logging_mixin.py:151} INFO - [2025-10-16T17:45:37.143+0000] {dag.py:2941} INFO - Sync 1 DAGs
[2025-10-16T17:45:37.224+0000] {logging_mixin.py:151} INFO - [2025-10-16T17:45:37.224+0000] {dag.py:3722} INFO - Setting next_dagrun for example_branch_dop_operator_v3 to 2025-10-16T17:44:00+00:00, run_after=2025-10-16T17:45:00+00:00
[2025-10-16T17:45:37.295+0000] {processor.py:179} INFO - Processing /home/airflow/.local/lib/python3.8/site-packages/airflow/example_dags/example_branch_python_dop_operator_3.py took 0.255 seconds
[2025-10-16T17:46:08.387+0000] {processor.py:157} INFO - Started process (PID=2575) to work on /home/airflow/.local/lib/python3.8/site-packages/airflow/example_dags/example_branch_python_dop_operator_3.py
[2025-10-16T17:46:08.391+0000] {processor.py:829} INFO - Processing file /home/airflow/.local/lib/python3.8/site-packages/airflow/example_dags/example_branch_python_dop_operator_3.py for tasks to queue
[2025-10-16T17:46:08.404+0000] {logging_mixin.py:151} INFO - [2025-10-16T17:46:08.404+0000] {dagbag.py:536} INFO - Filling up the DagBag from /home/airflow/.local/lib/python3.8/site-packages/airflow/example_dags/example_branch_python_dop_operator_3.py
[2025-10-16T17:46:08.439+0000] {processor.py:839} INFO - DAG(s) dict_keys(['example_branch_dop_operator_v3']) retrieved from /home/airflow/.local/lib/python3.8/site-packages/airflow/example_dags/example_branch_python_dop_operator_3.py
[2025-10-16T17:46:08.504+0000] {logging_mixin.py:151} INFO - [2025-10-16T17:46:08.504+0000] {dag.py:2941} INFO - Sync 1 DAGs
[2025-10-16T17:46:08.577+0000] {logging_mixin.py:151} INFO - [2025-10-16T17:46:08.576+0000] {dag.py:3722} INFO - Setting next_dagrun for example_branch_dop_operator_v3 to 2025-10-16T17:45:00+00:00, run_after=2025-10-16T17:46:00+00:00
[2025-10-16T17:46:08.626+0000] {processor.py:179} INFO - Processing /home/airflow/.local/lib/python3.8/site-packages/airflow/example_dags/example_branch_python_dop_operator_3.py took 0.254 seconds
[2025-10-16T17:46:38.972+0000] {processor.py:157} INFO - Started process (PID=2633) to work on /home/airflow/.local/lib/python3.8/site-packages/airflow/example_dags/example_branch_python_dop_operator_3.py
[2025-10-16T17:46:38.976+0000] {processor.py:829} INFO - Processing file /home/airflow/.local/lib/python3.8/site-packages/airflow/example_dags/example_branch_python_dop_operator_3.py for tasks to queue
[2025-10-16T17:46:38.984+0000] {logging_mixin.py:151} INFO - [2025-10-16T17:46:38.983+0000] {dagbag.py:536} INFO - Filling up the DagBag from /home/airflow/.local/lib/python3.8/site-packages/airflow/example_dags/example_branch_python_dop_operator_3.py
[2025-10-16T17:46:39.034+0000] {processor.py:839} INFO - DAG(s) dict_keys(['example_branch_dop_operator_v3']) retrieved from /home/airflow/.local/lib/python3.8/site-packages/airflow/example_dags/example_branch_python_dop_operator_3.py
[2025-10-16T17:46:39.108+0000] {logging_mixin.py:151} INFO - [2025-10-16T17:46:39.107+0000] {dag.py:2941} INFO - Sync 1 DAGs
[2025-10-16T17:46:39.766+0000] {logging_mixin.py:151} INFO - [2025-10-16T17:46:39.765+0000] {dag.py:3722} INFO - Setting next_dagrun for example_branch_dop_operator_v3 to 2025-10-16T17:45:00+00:00, run_after=2025-10-16T17:46:00+00:00
[2025-10-16T17:46:39.836+0000] {processor.py:179} INFO - Processing /home/airflow/.local/lib/python3.8/site-packages/airflow/example_dags/example_branch_python_dop_operator_3.py took 0.877 seconds
[2025-10-16T17:51:48.636+0000] {processor.py:157} INFO - Started process (PID=93) to work on /home/airflow/.local/lib/python3.8/site-packages/airflow/example_dags/example_branch_python_dop_operator_3.py
[2025-10-16T17:51:48.645+0000] {processor.py:829} INFO - Processing file /home/airflow/.local/lib/python3.8/site-packages/airflow/example_dags/example_branch_python_dop_operator_3.py for tasks to queue
[2025-10-16T17:51:48.672+0000] {logging_mixin.py:151} INFO - [2025-10-16T17:51:48.671+0000] {dagbag.py:536} INFO - Filling up the DagBag from /home/airflow/.local/lib/python3.8/site-packages/airflow/example_dags/example_branch_python_dop_operator_3.py
[2025-10-16T17:51:48.799+0000] {processor.py:839} INFO - DAG(s) dict_keys(['example_branch_dop_operator_v3']) retrieved from /home/airflow/.local/lib/python3.8/site-packages/airflow/example_dags/example_branch_python_dop_operator_3.py
[2025-10-16T17:51:49.014+0000] {logging_mixin.py:151} INFO - [2025-10-16T17:51:49.013+0000] {dag.py:2941} INFO - Sync 1 DAGs
[2025-10-16T17:51:49.279+0000] {logging_mixin.py:151} INFO - [2025-10-16T17:51:49.278+0000] {dag.py:3722} INFO - Setting next_dagrun for example_branch_dop_operator_v3 to 2025-10-16T17:50:00+00:00, run_after=2025-10-16T17:51:00+00:00
[2025-10-16T17:51:49.446+0000] {processor.py:179} INFO - Processing /home/airflow/.local/lib/python3.8/site-packages/airflow/example_dags/example_branch_python_dop_operator_3.py took 0.835 seconds
[2025-10-16T17:52:20.530+0000] {processor.py:157} INFO - Started process (PID=152) to work on /home/airflow/.local/lib/python3.8/site-packages/airflow/example_dags/example_branch_python_dop_operator_3.py
[2025-10-16T17:52:20.537+0000] {processor.py:829} INFO - Processing file /home/airflow/.local/lib/python3.8/site-packages/airflow/example_dags/example_branch_python_dop_operator_3.py for tasks to queue
[2025-10-16T17:52:20.549+0000] {logging_mixin.py:151} INFO - [2025-10-16T17:52:20.548+0000] {dagbag.py:536} INFO - Filling up the DagBag from /home/airflow/.local/lib/python3.8/site-packages/airflow/example_dags/example_branch_python_dop_operator_3.py
[2025-10-16T17:52:20.592+0000] {processor.py:839} INFO - DAG(s) dict_keys(['example_branch_dop_operator_v3']) retrieved from /home/airflow/.local/lib/python3.8/site-packages/airflow/example_dags/example_branch_python_dop_operator_3.py
[2025-10-16T17:52:20.678+0000] {logging_mixin.py:151} INFO - [2025-10-16T17:52:20.677+0000] {dag.py:2941} INFO - Sync 1 DAGs
[2025-10-16T17:52:20.834+0000] {logging_mixin.py:151} INFO - [2025-10-16T17:52:20.832+0000] {dag.py:3722} INFO - Setting next_dagrun for example_branch_dop_operator_v3 to 2025-10-16T17:51:00+00:00, run_after=2025-10-16T17:52:00+00:00
[2025-10-16T17:52:20.924+0000] {processor.py:179} INFO - Processing /home/airflow/.local/lib/python3.8/site-packages/airflow/example_dags/example_branch_python_dop_operator_3.py took 0.413 seconds
[2025-10-16T17:52:51.874+0000] {processor.py:157} INFO - Started process (PID=210) to work on /home/airflow/.local/lib/python3.8/site-packages/airflow/example_dags/example_branch_python_dop_operator_3.py
[2025-10-16T17:52:51.895+0000] {processor.py:829} INFO - Processing file /home/airflow/.local/lib/python3.8/site-packages/airflow/example_dags/example_branch_python_dop_operator_3.py for tasks to queue
[2025-10-16T17:52:51.929+0000] {logging_mixin.py:151} INFO - [2025-10-16T17:52:51.925+0000] {dagbag.py:536} INFO - Filling up the DagBag from /home/airflow/.local/lib/python3.8/site-packages/airflow/example_dags/example_branch_python_dop_operator_3.py
[2025-10-16T17:52:52.090+0000] {processor.py:839} INFO - DAG(s) dict_keys(['example_branch_dop_operator_v3']) retrieved from /home/airflow/.local/lib/python3.8/site-packages/airflow/example_dags/example_branch_python_dop_operator_3.py
[2025-10-16T17:52:52.795+0000] {logging_mixin.py:151} INFO - [2025-10-16T17:52:52.795+0000] {dag.py:2941} INFO - Sync 1 DAGs
[2025-10-16T17:52:53.121+0000] {logging_mixin.py:151} INFO - [2025-10-16T17:52:53.121+0000] {dag.py:3722} INFO - Setting next_dagrun for example_branch_dop_operator_v3 to 2025-10-16T17:51:00+00:00, run_after=2025-10-16T17:52:00+00:00
[2025-10-16T17:52:53.288+0000] {processor.py:179} INFO - Processing /home/airflow/.local/lib/python3.8/site-packages/airflow/example_dags/example_branch_python_dop_operator_3.py took 1.447 seconds
[2025-10-16T17:53:23.627+0000] {processor.py:157} INFO - Started process (PID=268) to work on /home/airflow/.local/lib/python3.8/site-packages/airflow/example_dags/example_branch_python_dop_operator_3.py
[2025-10-16T17:53:23.632+0000] {processor.py:829} INFO - Processing file /home/airflow/.local/lib/python3.8/site-packages/airflow/example_dags/example_branch_python_dop_operator_3.py for tasks to queue
[2025-10-16T17:53:23.641+0000] {logging_mixin.py:151} INFO - [2025-10-16T17:53:23.640+0000] {dagbag.py:536} INFO - Filling up the DagBag from /home/airflow/.local/lib/python3.8/site-packages/airflow/example_dags/example_branch_python_dop_operator_3.py
[2025-10-16T17:53:23.665+0000] {processor.py:839} INFO - DAG(s) dict_keys(['example_branch_dop_operator_v3']) retrieved from /home/airflow/.local/lib/python3.8/site-packages/airflow/example_dags/example_branch_python_dop_operator_3.py
[2025-10-16T17:53:23.722+0000] {logging_mixin.py:151} INFO - [2025-10-16T17:53:23.721+0000] {dag.py:2941} INFO - Sync 1 DAGs
[2025-10-16T17:53:23.802+0000] {logging_mixin.py:151} INFO - [2025-10-16T17:53:23.802+0000] {dag.py:3722} INFO - Setting next_dagrun for example_branch_dop_operator_v3 to 2025-10-16T17:52:00+00:00, run_after=2025-10-16T17:53:00+00:00
[2025-10-16T17:53:23.879+0000] {processor.py:179} INFO - Processing /home/airflow/.local/lib/python3.8/site-packages/airflow/example_dags/example_branch_python_dop_operator_3.py took 0.261 seconds
[2025-10-16T17:53:54.392+0000] {processor.py:157} INFO - Started process (PID=327) to work on /home/airflow/.local/lib/python3.8/site-packages/airflow/example_dags/example_branch_python_dop_operator_3.py
[2025-10-16T17:53:54.396+0000] {processor.py:829} INFO - Processing file /home/airflow/.local/lib/python3.8/site-packages/airflow/example_dags/example_branch_python_dop_operator_3.py for tasks to queue
[2025-10-16T17:53:54.408+0000] {logging_mixin.py:151} INFO - [2025-10-16T17:53:54.407+0000] {dagbag.py:536} INFO - Filling up the DagBag from /home/airflow/.local/lib/python3.8/site-packages/airflow/example_dags/example_branch_python_dop_operator_3.py
[2025-10-16T17:53:54.430+0000] {processor.py:839} INFO - DAG(s) dict_keys(['example_branch_dop_operator_v3']) retrieved from /home/airflow/.local/lib/python3.8/site-packages/airflow/example_dags/example_branch_python_dop_operator_3.py
[2025-10-16T17:53:54.485+0000] {logging_mixin.py:151} INFO - [2025-10-16T17:53:54.484+0000] {dag.py:2941} INFO - Sync 1 DAGs
[2025-10-16T17:53:54.575+0000] {logging_mixin.py:151} INFO - [2025-10-16T17:53:54.574+0000] {dag.py:3722} INFO - Setting next_dagrun for example_branch_dop_operator_v3 to 2025-10-16T17:52:00+00:00, run_after=2025-10-16T17:53:00+00:00
[2025-10-16T17:53:54.627+0000] {processor.py:179} INFO - Processing /home/airflow/.local/lib/python3.8/site-packages/airflow/example_dags/example_branch_python_dop_operator_3.py took 0.249 seconds
[2025-10-16T17:54:25.118+0000] {processor.py:157} INFO - Started process (PID=386) to work on /home/airflow/.local/lib/python3.8/site-packages/airflow/example_dags/example_branch_python_dop_operator_3.py
[2025-10-16T17:54:25.122+0000] {processor.py:829} INFO - Processing file /home/airflow/.local/lib/python3.8/site-packages/airflow/example_dags/example_branch_python_dop_operator_3.py for tasks to queue
[2025-10-16T17:54:25.130+0000] {logging_mixin.py:151} INFO - [2025-10-16T17:54:25.129+0000] {dagbag.py:536} INFO - Filling up the DagBag from /home/airflow/.local/lib/python3.8/site-packages/airflow/example_dags/example_branch_python_dop_operator_3.py
[2025-10-16T17:54:25.179+0000] {processor.py:839} INFO - DAG(s) dict_keys(['example_branch_dop_operator_v3']) retrieved from /home/airflow/.local/lib/python3.8/site-packages/airflow/example_dags/example_branch_python_dop_operator_3.py
[2025-10-16T17:54:25.340+0000] {logging_mixin.py:151} INFO - [2025-10-16T17:54:25.340+0000] {dag.py:2941} INFO - Sync 1 DAGs
[2025-10-16T17:54:26.043+0000] {logging_mixin.py:151} INFO - [2025-10-16T17:54:26.041+0000] {dag.py:3722} INFO - Setting next_dagrun for example_branch_dop_operator_v3 to 2025-10-16T17:53:00+00:00, run_after=2025-10-16T17:54:00+00:00
[2025-10-16T17:54:26.164+0000] {processor.py:179} INFO - Processing /home/airflow/.local/lib/python3.8/site-packages/airflow/example_dags/example_branch_python_dop_operator_3.py took 1.064 seconds
[2025-10-16T17:54:56.412+0000] {processor.py:157} INFO - Started process (PID=445) to work on /home/airflow/.local/lib/python3.8/site-packages/airflow/example_dags/example_branch_python_dop_operator_3.py
[2025-10-16T17:54:56.418+0000] {processor.py:829} INFO - Processing file /home/airflow/.local/lib/python3.8/site-packages/airflow/example_dags/example_branch_python_dop_operator_3.py for tasks to queue
[2025-10-16T17:54:56.435+0000] {logging_mixin.py:151} INFO - [2025-10-16T17:54:56.433+0000] {dagbag.py:536} INFO - Filling up the DagBag from /home/airflow/.local/lib/python3.8/site-packages/airflow/example_dags/example_branch_python_dop_operator_3.py
[2025-10-16T17:54:56.490+0000] {processor.py:839} INFO - DAG(s) dict_keys(['example_branch_dop_operator_v3']) retrieved from /home/airflow/.local/lib/python3.8/site-packages/airflow/example_dags/example_branch_python_dop_operator_3.py
[2025-10-16T17:54:56.616+0000] {logging_mixin.py:151} INFO - [2025-10-16T17:54:56.615+0000] {dag.py:2941} INFO - Sync 1 DAGs
[2025-10-16T17:54:56.772+0000] {logging_mixin.py:151} INFO - [2025-10-16T17:54:56.771+0000] {dag.py:3722} INFO - Setting next_dagrun for example_branch_dop_operator_v3 to 2025-10-16T17:53:00+00:00, run_after=2025-10-16T17:54:00+00:00
[2025-10-16T17:54:56.892+0000] {processor.py:179} INFO - Processing /home/airflow/.local/lib/python3.8/site-packages/airflow/example_dags/example_branch_python_dop_operator_3.py took 0.499 seconds
[2025-10-16T17:55:27.617+0000] {processor.py:157} INFO - Started process (PID=505) to work on /home/airflow/.local/lib/python3.8/site-packages/airflow/example_dags/example_branch_python_dop_operator_3.py
[2025-10-16T17:55:27.620+0000] {processor.py:829} INFO - Processing file /home/airflow/.local/lib/python3.8/site-packages/airflow/example_dags/example_branch_python_dop_operator_3.py for tasks to queue
[2025-10-16T17:55:27.636+0000] {logging_mixin.py:151} INFO - [2025-10-16T17:55:27.634+0000] {dagbag.py:536} INFO - Filling up the DagBag from /home/airflow/.local/lib/python3.8/site-packages/airflow/example_dags/example_branch_python_dop_operator_3.py
[2025-10-16T17:55:27.682+0000] {processor.py:839} INFO - DAG(s) dict_keys(['example_branch_dop_operator_v3']) retrieved from /home/airflow/.local/lib/python3.8/site-packages/airflow/example_dags/example_branch_python_dop_operator_3.py
[2025-10-16T17:55:27.769+0000] {logging_mixin.py:151} INFO - [2025-10-16T17:55:27.768+0000] {dag.py:2941} INFO - Sync 1 DAGs
[2025-10-16T17:55:27.861+0000] {logging_mixin.py:151} INFO - [2025-10-16T17:55:27.861+0000] {dag.py:3722} INFO - Setting next_dagrun for example_branch_dop_operator_v3 to 2025-10-16T17:54:00+00:00, run_after=2025-10-16T17:55:00+00:00
[2025-10-16T17:55:27.908+0000] {processor.py:179} INFO - Processing /home/airflow/.local/lib/python3.8/site-packages/airflow/example_dags/example_branch_python_dop_operator_3.py took 0.305 seconds
[2025-10-16T17:55:58.353+0000] {processor.py:157} INFO - Started process (PID=564) to work on /home/airflow/.local/lib/python3.8/site-packages/airflow/example_dags/example_branch_python_dop_operator_3.py
[2025-10-16T17:55:58.356+0000] {processor.py:829} INFO - Processing file /home/airflow/.local/lib/python3.8/site-packages/airflow/example_dags/example_branch_python_dop_operator_3.py for tasks to queue
[2025-10-16T17:55:58.365+0000] {logging_mixin.py:151} INFO - [2025-10-16T17:55:58.364+0000] {dagbag.py:536} INFO - Filling up the DagBag from /home/airflow/.local/lib/python3.8/site-packages/airflow/example_dags/example_branch_python_dop_operator_3.py
[2025-10-16T17:55:58.395+0000] {processor.py:839} INFO - DAG(s) dict_keys(['example_branch_dop_operator_v3']) retrieved from /home/airflow/.local/lib/python3.8/site-packages/airflow/example_dags/example_branch_python_dop_operator_3.py
[2025-10-16T17:55:58.456+0000] {logging_mixin.py:151} INFO - [2025-10-16T17:55:58.455+0000] {dag.py:2941} INFO - Sync 1 DAGs
[2025-10-16T17:55:58.539+0000] {logging_mixin.py:151} INFO - [2025-10-16T17:55:58.538+0000] {dag.py:3722} INFO - Setting next_dagrun for example_branch_dop_operator_v3 to 2025-10-16T17:54:00+00:00, run_after=2025-10-16T17:55:00+00:00
[2025-10-16T17:55:58.609+0000] {processor.py:179} INFO - Processing /home/airflow/.local/lib/python3.8/site-packages/airflow/example_dags/example_branch_python_dop_operator_3.py took 0.267 seconds
[2025-10-16T17:56:28.765+0000] {processor.py:157} INFO - Started process (PID=623) to work on /home/airflow/.local/lib/python3.8/site-packages/airflow/example_dags/example_branch_python_dop_operator_3.py
[2025-10-16T17:56:28.768+0000] {processor.py:829} INFO - Processing file /home/airflow/.local/lib/python3.8/site-packages/airflow/example_dags/example_branch_python_dop_operator_3.py for tasks to queue
[2025-10-16T17:56:28.777+0000] {logging_mixin.py:151} INFO - [2025-10-16T17:56:28.776+0000] {dagbag.py:536} INFO - Filling up the DagBag from /home/airflow/.local/lib/python3.8/site-packages/airflow/example_dags/example_branch_python_dop_operator_3.py
[2025-10-16T17:56:28.801+0000] {processor.py:839} INFO - DAG(s) dict_keys(['example_branch_dop_operator_v3']) retrieved from /home/airflow/.local/lib/python3.8/site-packages/airflow/example_dags/example_branch_python_dop_operator_3.py
[2025-10-16T17:56:28.867+0000] {logging_mixin.py:151} INFO - [2025-10-16T17:56:28.866+0000] {dag.py:2941} INFO - Sync 1 DAGs
[2025-10-16T17:56:28.982+0000] {logging_mixin.py:151} INFO - [2025-10-16T17:56:28.982+0000] {dag.py:3722} INFO - Setting next_dagrun for example_branch_dop_operator_v3 to 2025-10-16T17:55:00+00:00, run_after=2025-10-16T17:56:00+00:00
[2025-10-16T17:56:29.038+0000] {processor.py:179} INFO - Processing /home/airflow/.local/lib/python3.8/site-packages/airflow/example_dags/example_branch_python_dop_operator_3.py took 0.283 seconds
[2025-10-16T17:56:59.640+0000] {processor.py:157} INFO - Started process (PID=682) to work on /home/airflow/.local/lib/python3.8/site-packages/airflow/example_dags/example_branch_python_dop_operator_3.py
[2025-10-16T17:56:59.646+0000] {processor.py:829} INFO - Processing file /home/airflow/.local/lib/python3.8/site-packages/airflow/example_dags/example_branch_python_dop_operator_3.py for tasks to queue
[2025-10-16T17:56:59.658+0000] {logging_mixin.py:151} INFO - [2025-10-16T17:56:59.657+0000] {dagbag.py:536} INFO - Filling up the DagBag from /home/airflow/.local/lib/python3.8/site-packages/airflow/example_dags/example_branch_python_dop_operator_3.py
[2025-10-16T17:56:59.703+0000] {processor.py:839} INFO - DAG(s) dict_keys(['example_branch_dop_operator_v3']) retrieved from /home/airflow/.local/lib/python3.8/site-packages/airflow/example_dags/example_branch_python_dop_operator_3.py
[2025-10-16T17:56:59.799+0000] {logging_mixin.py:151} INFO - [2025-10-16T17:56:59.799+0000] {dag.py:2941} INFO - Sync 1 DAGs
[2025-10-16T17:56:59.916+0000] {logging_mixin.py:151} INFO - [2025-10-16T17:56:59.915+0000] {dag.py:3722} INFO - Setting next_dagrun for example_branch_dop_operator_v3 to 2025-10-16T17:55:00+00:00, run_after=2025-10-16T17:56:00+00:00
[2025-10-16T17:56:59.996+0000] {processor.py:179} INFO - Processing /home/airflow/.local/lib/python3.8/site-packages/airflow/example_dags/example_branch_python_dop_operator_3.py took 0.371 seconds
[2025-10-16T17:57:30.586+0000] {processor.py:157} INFO - Started process (PID=741) to work on /home/airflow/.local/lib/python3.8/site-packages/airflow/example_dags/example_branch_python_dop_operator_3.py
[2025-10-16T17:57:30.589+0000] {processor.py:829} INFO - Processing file /home/airflow/.local/lib/python3.8/site-packages/airflow/example_dags/example_branch_python_dop_operator_3.py for tasks to queue
[2025-10-16T17:57:30.596+0000] {logging_mixin.py:151} INFO - [2025-10-16T17:57:30.596+0000] {dagbag.py:536} INFO - Filling up the DagBag from /home/airflow/.local/lib/python3.8/site-packages/airflow/example_dags/example_branch_python_dop_operator_3.py
[2025-10-16T17:57:30.621+0000] {processor.py:839} INFO - DAG(s) dict_keys(['example_branch_dop_operator_v3']) retrieved from /home/airflow/.local/lib/python3.8/site-packages/airflow/example_dags/example_branch_python_dop_operator_3.py
[2025-10-16T17:57:30.670+0000] {logging_mixin.py:151} INFO - [2025-10-16T17:57:30.669+0000] {dag.py:2941} INFO - Sync 1 DAGs
[2025-10-16T17:57:30.736+0000] {logging_mixin.py:151} INFO - [2025-10-16T17:57:30.736+0000] {dag.py:3722} INFO - Setting next_dagrun for example_branch_dop_operator_v3 to 2025-10-16T17:56:00+00:00, run_after=2025-10-16T17:57:00+00:00
[2025-10-16T17:57:30.839+0000] {processor.py:179} INFO - Processing /home/airflow/.local/lib/python3.8/site-packages/airflow/example_dags/example_branch_python_dop_operator_3.py took 0.264 seconds
[2025-10-16T17:58:01.045+0000] {processor.py:157} INFO - Started process (PID=800) to work on /home/airflow/.local/lib/python3.8/site-packages/airflow/example_dags/example_branch_python_dop_operator_3.py
[2025-10-16T17:58:01.055+0000] {processor.py:829} INFO - Processing file /home/airflow/.local/lib/python3.8/site-packages/airflow/example_dags/example_branch_python_dop_operator_3.py for tasks to queue
[2025-10-16T17:58:01.078+0000] {logging_mixin.py:151} INFO - [2025-10-16T17:58:01.076+0000] {dagbag.py:536} INFO - Filling up the DagBag from /home/airflow/.local/lib/python3.8/site-packages/airflow/example_dags/example_branch_python_dop_operator_3.py
[2025-10-16T17:58:01.143+0000] {processor.py:839} INFO - DAG(s) dict_keys(['example_branch_dop_operator_v3']) retrieved from /home/airflow/.local/lib/python3.8/site-packages/airflow/example_dags/example_branch_python_dop_operator_3.py
[2025-10-16T17:58:01.203+0000] {logging_mixin.py:151} INFO - [2025-10-16T17:58:01.202+0000] {dag.py:2941} INFO - Sync 1 DAGs
[2025-10-16T17:58:01.278+0000] {logging_mixin.py:151} INFO - [2025-10-16T17:58:01.278+0000] {dag.py:3722} INFO - Setting next_dagrun for example_branch_dop_operator_v3 to 2025-10-16T17:57:00+00:00, run_after=2025-10-16T17:58:00+00:00
[2025-10-16T17:58:01.330+0000] {processor.py:179} INFO - Processing /home/airflow/.local/lib/python3.8/site-packages/airflow/example_dags/example_branch_python_dop_operator_3.py took 0.329 seconds
[2025-10-16T17:58:32.218+0000] {processor.py:157} INFO - Started process (PID=859) to work on /home/airflow/.local/lib/python3.8/site-packages/airflow/example_dags/example_branch_python_dop_operator_3.py
[2025-10-16T17:58:32.225+0000] {processor.py:829} INFO - Processing file /home/airflow/.local/lib/python3.8/site-packages/airflow/example_dags/example_branch_python_dop_operator_3.py for tasks to queue
[2025-10-16T17:58:32.241+0000] {logging_mixin.py:151} INFO - [2025-10-16T17:58:32.239+0000] {dagbag.py:536} INFO - Filling up the DagBag from /home/airflow/.local/lib/python3.8/site-packages/airflow/example_dags/example_branch_python_dop_operator_3.py
[2025-10-16T17:58:32.294+0000] {processor.py:839} INFO - DAG(s) dict_keys(['example_branch_dop_operator_v3']) retrieved from /home/airflow/.local/lib/python3.8/site-packages/airflow/example_dags/example_branch_python_dop_operator_3.py
[2025-10-16T17:58:32.398+0000] {logging_mixin.py:151} INFO - [2025-10-16T17:58:32.397+0000] {dag.py:2941} INFO - Sync 1 DAGs
[2025-10-16T17:58:32.533+0000] {logging_mixin.py:151} INFO - [2025-10-16T17:58:32.532+0000] {dag.py:3722} INFO - Setting next_dagrun for example_branch_dop_operator_v3 to 2025-10-16T17:57:00+00:00, run_after=2025-10-16T17:58:00+00:00
[2025-10-16T17:58:32.621+0000] {processor.py:179} INFO - Processing /home/airflow/.local/lib/python3.8/site-packages/airflow/example_dags/example_branch_python_dop_operator_3.py took 0.426 seconds
[2025-10-16T17:59:03.547+0000] {processor.py:157} INFO - Started process (PID=918) to work on /home/airflow/.local/lib/python3.8/site-packages/airflow/example_dags/example_branch_python_dop_operator_3.py
[2025-10-16T17:59:03.550+0000] {processor.py:829} INFO - Processing file /home/airflow/.local/lib/python3.8/site-packages/airflow/example_dags/example_branch_python_dop_operator_3.py for tasks to queue
[2025-10-16T17:59:03.558+0000] {logging_mixin.py:151} INFO - [2025-10-16T17:59:03.557+0000] {dagbag.py:536} INFO - Filling up the DagBag from /home/airflow/.local/lib/python3.8/site-packages/airflow/example_dags/example_branch_python_dop_operator_3.py
[2025-10-16T17:59:03.583+0000] {processor.py:839} INFO - DAG(s) dict_keys(['example_branch_dop_operator_v3']) retrieved from /home/airflow/.local/lib/python3.8/site-packages/airflow/example_dags/example_branch_python_dop_operator_3.py
[2025-10-16T17:59:03.645+0000] {logging_mixin.py:151} INFO - [2025-10-16T17:59:03.644+0000] {dag.py:2941} INFO - Sync 1 DAGs
[2025-10-16T17:59:04.060+0000] {logging_mixin.py:151} INFO - [2025-10-16T17:59:04.060+0000] {dag.py:3722} INFO - Setting next_dagrun for example_branch_dop_operator_v3 to 2025-10-16T17:58:00+00:00, run_after=2025-10-16T17:59:00+00:00
[2025-10-16T17:59:04.102+0000] {processor.py:179} INFO - Processing /home/airflow/.local/lib/python3.8/site-packages/airflow/example_dags/example_branch_python_dop_operator_3.py took 0.566 seconds
[2025-10-16T17:59:34.390+0000] {processor.py:157} INFO - Started process (PID=977) to work on /home/airflow/.local/lib/python3.8/site-packages/airflow/example_dags/example_branch_python_dop_operator_3.py
[2025-10-16T17:59:34.402+0000] {processor.py:829} INFO - Processing file /home/airflow/.local/lib/python3.8/site-packages/airflow/example_dags/example_branch_python_dop_operator_3.py for tasks to queue
[2025-10-16T17:59:34.425+0000] {logging_mixin.py:151} INFO - [2025-10-16T17:59:34.423+0000] {dagbag.py:536} INFO - Filling up the DagBag from /home/airflow/.local/lib/python3.8/site-packages/airflow/example_dags/example_branch_python_dop_operator_3.py
[2025-10-16T17:59:34.489+0000] {processor.py:839} INFO - DAG(s) dict_keys(['example_branch_dop_operator_v3']) retrieved from /home/airflow/.local/lib/python3.8/site-packages/airflow/example_dags/example_branch_python_dop_operator_3.py
[2025-10-16T17:59:34.606+0000] {logging_mixin.py:151} INFO - [2025-10-16T17:59:34.605+0000] {dag.py:2941} INFO - Sync 1 DAGs
[2025-10-16T17:59:34.689+0000] {logging_mixin.py:151} INFO - [2025-10-16T17:59:34.688+0000] {dag.py:3722} INFO - Setting next_dagrun for example_branch_dop_operator_v3 to 2025-10-16T17:58:00+00:00, run_after=2025-10-16T17:59:00+00:00
[2025-10-16T17:59:34.758+0000] {processor.py:179} INFO - Processing /home/airflow/.local/lib/python3.8/site-packages/airflow/example_dags/example_branch_python_dop_operator_3.py took 0.405 seconds
[2025-10-16T18:00:06.025+0000] {processor.py:157} INFO - Started process (PID=1041) to work on /home/airflow/.local/lib/python3.8/site-packages/airflow/example_dags/example_branch_python_dop_operator_3.py
[2025-10-16T18:00:06.029+0000] {processor.py:829} INFO - Processing file /home/airflow/.local/lib/python3.8/site-packages/airflow/example_dags/example_branch_python_dop_operator_3.py for tasks to queue
[2025-10-16T18:00:06.036+0000] {logging_mixin.py:151} INFO - [2025-10-16T18:00:06.036+0000] {dagbag.py:536} INFO - Filling up the DagBag from /home/airflow/.local/lib/python3.8/site-packages/airflow/example_dags/example_branch_python_dop_operator_3.py
[2025-10-16T18:00:06.069+0000] {processor.py:839} INFO - DAG(s) dict_keys(['example_branch_dop_operator_v3']) retrieved from /home/airflow/.local/lib/python3.8/site-packages/airflow/example_dags/example_branch_python_dop_operator_3.py
[2025-10-16T18:00:06.130+0000] {logging_mixin.py:151} INFO - [2025-10-16T18:00:06.129+0000] {dag.py:2941} INFO - Sync 1 DAGs
[2025-10-16T18:00:06.218+0000] {logging_mixin.py:151} INFO - [2025-10-16T18:00:06.217+0000] {dag.py:3722} INFO - Setting next_dagrun for example_branch_dop_operator_v3 to 2025-10-16T17:59:00+00:00, run_after=2025-10-16T18:00:00+00:00
[2025-10-16T18:00:06.276+0000] {processor.py:179} INFO - Processing /home/airflow/.local/lib/python3.8/site-packages/airflow/example_dags/example_branch_python_dop_operator_3.py took 0.262 seconds
[2025-10-16T18:00:38.030+0000] {processor.py:157} INFO - Started process (PID=1100) to work on /home/airflow/.local/lib/python3.8/site-packages/airflow/example_dags/example_branch_python_dop_operator_3.py
[2025-10-16T18:00:38.033+0000] {processor.py:829} INFO - Processing file /home/airflow/.local/lib/python3.8/site-packages/airflow/example_dags/example_branch_python_dop_operator_3.py for tasks to queue
[2025-10-16T18:00:38.044+0000] {logging_mixin.py:151} INFO - [2025-10-16T18:00:38.043+0000] {dagbag.py:536} INFO - Filling up the DagBag from /home/airflow/.local/lib/python3.8/site-packages/airflow/example_dags/example_branch_python_dop_operator_3.py
[2025-10-16T18:00:38.083+0000] {processor.py:839} INFO - DAG(s) dict_keys(['example_branch_dop_operator_v3']) retrieved from /home/airflow/.local/lib/python3.8/site-packages/airflow/example_dags/example_branch_python_dop_operator_3.py
[2025-10-16T18:00:38.166+0000] {logging_mixin.py:151} INFO - [2025-10-16T18:00:38.166+0000] {dag.py:2941} INFO - Sync 1 DAGs
[2025-10-16T18:00:38.618+0000] {logging_mixin.py:151} INFO - [2025-10-16T18:00:38.617+0000] {dag.py:3722} INFO - Setting next_dagrun for example_branch_dop_operator_v3 to 2025-10-16T17:59:00+00:00, run_after=2025-10-16T18:00:00+00:00
[2025-10-16T18:00:38.663+0000] {processor.py:179} INFO - Processing /home/airflow/.local/lib/python3.8/site-packages/airflow/example_dags/example_branch_python_dop_operator_3.py took 0.648 seconds
[2025-10-16T18:01:08.919+0000] {processor.py:157} INFO - Started process (PID=1159) to work on /home/airflow/.local/lib/python3.8/site-packages/airflow/example_dags/example_branch_python_dop_operator_3.py
[2025-10-16T18:01:08.923+0000] {processor.py:829} INFO - Processing file /home/airflow/.local/lib/python3.8/site-packages/airflow/example_dags/example_branch_python_dop_operator_3.py for tasks to queue
[2025-10-16T18:01:08.930+0000] {logging_mixin.py:151} INFO - [2025-10-16T18:01:08.929+0000] {dagbag.py:536} INFO - Filling up the DagBag from /home/airflow/.local/lib/python3.8/site-packages/airflow/example_dags/example_branch_python_dop_operator_3.py
[2025-10-16T18:01:08.962+0000] {processor.py:839} INFO - DAG(s) dict_keys(['example_branch_dop_operator_v3']) retrieved from /home/airflow/.local/lib/python3.8/site-packages/airflow/example_dags/example_branch_python_dop_operator_3.py
[2025-10-16T18:01:09.037+0000] {logging_mixin.py:151} INFO - [2025-10-16T18:01:09.036+0000] {dag.py:2941} INFO - Sync 1 DAGs
[2025-10-16T18:01:09.120+0000] {logging_mixin.py:151} INFO - [2025-10-16T18:01:09.120+0000] {dag.py:3722} INFO - Setting next_dagrun for example_branch_dop_operator_v3 to 2025-10-16T18:00:00+00:00, run_after=2025-10-16T18:01:00+00:00
[2025-10-16T18:01:09.461+0000] {processor.py:179} INFO - Processing /home/airflow/.local/lib/python3.8/site-packages/airflow/example_dags/example_branch_python_dop_operator_3.py took 0.554 seconds
[2025-10-16T18:02:13.223+0000] {processor.py:157} INFO - Started process (PID=1213) to work on /home/airflow/.local/lib/python3.8/site-packages/airflow/example_dags/example_branch_python_dop_operator_3.py
[2025-10-16T18:02:13.228+0000] {processor.py:829} INFO - Processing file /home/airflow/.local/lib/python3.8/site-packages/airflow/example_dags/example_branch_python_dop_operator_3.py for tasks to queue
[2025-10-16T18:02:13.244+0000] {logging_mixin.py:151} INFO - [2025-10-16T18:02:13.243+0000] {dagbag.py:536} INFO - Filling up the DagBag from /home/airflow/.local/lib/python3.8/site-packages/airflow/example_dags/example_branch_python_dop_operator_3.py
[2025-10-16T18:02:13.313+0000] {processor.py:839} INFO - DAG(s) dict_keys(['example_branch_dop_operator_v3']) retrieved from /home/airflow/.local/lib/python3.8/site-packages/airflow/example_dags/example_branch_python_dop_operator_3.py
[2025-10-16T18:02:13.446+0000] {logging_mixin.py:151} INFO - [2025-10-16T18:02:13.445+0000] {dag.py:2941} INFO - Sync 1 DAGs
[2025-10-16T18:02:13.579+0000] {logging_mixin.py:151} INFO - [2025-10-16T18:02:13.578+0000] {dag.py:3722} INFO - Setting next_dagrun for example_branch_dop_operator_v3 to 2025-10-16T18:01:00+00:00, run_after=2025-10-16T18:02:00+00:00
[2025-10-16T18:02:13.623+0000] {processor.py:179} INFO - Processing /home/airflow/.local/lib/python3.8/site-packages/airflow/example_dags/example_branch_python_dop_operator_3.py took 0.419 seconds
[2025-10-16T18:02:47.119+0000] {processor.py:157} INFO - Started process (PID=1273) to work on /home/airflow/.local/lib/python3.8/site-packages/airflow/example_dags/example_branch_python_dop_operator_3.py
[2025-10-16T18:02:47.121+0000] {processor.py:829} INFO - Processing file /home/airflow/.local/lib/python3.8/site-packages/airflow/example_dags/example_branch_python_dop_operator_3.py for tasks to queue
[2025-10-16T18:02:47.127+0000] {logging_mixin.py:151} INFO - [2025-10-16T18:02:47.126+0000] {dagbag.py:536} INFO - Filling up the DagBag from /home/airflow/.local/lib/python3.8/site-packages/airflow/example_dags/example_branch_python_dop_operator_3.py
[2025-10-16T18:02:47.149+0000] {processor.py:839} INFO - DAG(s) dict_keys(['example_branch_dop_operator_v3']) retrieved from /home/airflow/.local/lib/python3.8/site-packages/airflow/example_dags/example_branch_python_dop_operator_3.py
[2025-10-16T18:02:47.196+0000] {logging_mixin.py:151} INFO - [2025-10-16T18:02:47.196+0000] {dag.py:2941} INFO - Sync 1 DAGs
[2025-10-16T18:02:47.538+0000] {logging_mixin.py:151} INFO - [2025-10-16T18:02:47.538+0000] {dag.py:3722} INFO - Setting next_dagrun for example_branch_dop_operator_v3 to 2025-10-16T18:01:00+00:00, run_after=2025-10-16T18:02:00+00:00
[2025-10-16T18:02:47.595+0000] {processor.py:179} INFO - Processing /home/airflow/.local/lib/python3.8/site-packages/airflow/example_dags/example_branch_python_dop_operator_3.py took 0.484 seconds
