[2025-10-16T17:24:42.241+0000] {processor.py:157} INFO - Started process (PID=127) to work on /home/airflow/.local/lib/python3.8/site-packages/airflow/example_dags/example_branch_day_of_week_operator.py
[2025-10-16T17:24:42.273+0000] {processor.py:829} INFO - Processing file /home/airflow/.local/lib/python3.8/site-packages/airflow/example_dags/example_branch_day_of_week_operator.py for tasks to queue
[2025-10-16T17:24:42.297+0000] {logging_mixin.py:151} INFO - [2025-10-16T17:24:42.296+0000] {dagbag.py:536} INFO - Filling up the DagBag from /home/airflow/.local/lib/python3.8/site-packages/airflow/example_dags/example_branch_day_of_week_operator.py
[2025-10-16T17:24:42.376+0000] {processor.py:839} INFO - DAG(s) dict_keys(['example_weekday_branch_operator']) retrieved from /home/airflow/.local/lib/python3.8/site-packages/airflow/example_dags/example_branch_day_of_week_operator.py
[2025-10-16T17:24:42.538+0000] {logging_mixin.py:151} INFO - [2025-10-16T17:24:42.537+0000] {dag.py:2941} INFO - Sync 1 DAGs
[2025-10-16T17:24:42.725+0000] {logging_mixin.py:151} INFO - [2025-10-16T17:24:42.714+0000] {dag.py:3722} INFO - Setting next_dagrun for example_weekday_branch_operator to 2025-10-15T00:00:00+00:00, run_after=2025-10-16T00:00:00+00:00
[2025-10-16T17:24:42.911+0000] {processor.py:179} INFO - Processing /home/airflow/.local/lib/python3.8/site-packages/airflow/example_dags/example_branch_day_of_week_operator.py took 0.691 seconds
[2025-10-16T17:25:13.282+0000] {processor.py:157} INFO - Started process (PID=186) to work on /home/airflow/.local/lib/python3.8/site-packages/airflow/example_dags/example_branch_day_of_week_operator.py
[2025-10-16T17:25:13.286+0000] {processor.py:829} INFO - Processing file /home/airflow/.local/lib/python3.8/site-packages/airflow/example_dags/example_branch_day_of_week_operator.py for tasks to queue
[2025-10-16T17:25:13.301+0000] {logging_mixin.py:151} INFO - [2025-10-16T17:25:13.300+0000] {dagbag.py:536} INFO - Filling up the DagBag from /home/airflow/.local/lib/python3.8/site-packages/airflow/example_dags/example_branch_day_of_week_operator.py
[2025-10-16T17:25:13.345+0000] {processor.py:839} INFO - DAG(s) dict_keys(['example_weekday_branch_operator']) retrieved from /home/airflow/.local/lib/python3.8/site-packages/airflow/example_dags/example_branch_day_of_week_operator.py
[2025-10-16T17:25:13.464+0000] {logging_mixin.py:151} INFO - [2025-10-16T17:25:13.464+0000] {dag.py:2941} INFO - Sync 1 DAGs
[2025-10-16T17:25:13.597+0000] {logging_mixin.py:151} INFO - [2025-10-16T17:25:13.596+0000] {dag.py:3722} INFO - Setting next_dagrun for example_weekday_branch_operator to 2025-10-15T00:00:00+00:00, run_after=2025-10-16T00:00:00+00:00
[2025-10-16T17:25:13.728+0000] {processor.py:179} INFO - Processing /home/airflow/.local/lib/python3.8/site-packages/airflow/example_dags/example_branch_day_of_week_operator.py took 0.472 seconds
[2025-10-16T17:25:44.013+0000] {processor.py:157} INFO - Started process (PID=245) to work on /home/airflow/.local/lib/python3.8/site-packages/airflow/example_dags/example_branch_day_of_week_operator.py
[2025-10-16T17:25:44.016+0000] {processor.py:829} INFO - Processing file /home/airflow/.local/lib/python3.8/site-packages/airflow/example_dags/example_branch_day_of_week_operator.py for tasks to queue
[2025-10-16T17:25:44.023+0000] {logging_mixin.py:151} INFO - [2025-10-16T17:25:44.022+0000] {dagbag.py:536} INFO - Filling up the DagBag from /home/airflow/.local/lib/python3.8/site-packages/airflow/example_dags/example_branch_day_of_week_operator.py
[2025-10-16T17:25:44.054+0000] {processor.py:839} INFO - DAG(s) dict_keys(['example_weekday_branch_operator']) retrieved from /home/airflow/.local/lib/python3.8/site-packages/airflow/example_dags/example_branch_day_of_week_operator.py
[2025-10-16T17:25:44.136+0000] {logging_mixin.py:151} INFO - [2025-10-16T17:25:44.135+0000] {dag.py:2941} INFO - Sync 1 DAGs
[2025-10-16T17:25:44.234+0000] {logging_mixin.py:151} INFO - [2025-10-16T17:25:44.234+0000] {dag.py:3722} INFO - Setting next_dagrun for example_weekday_branch_operator to 2025-10-15T00:00:00+00:00, run_after=2025-10-16T00:00:00+00:00
[2025-10-16T17:25:44.312+0000] {processor.py:179} INFO - Processing /home/airflow/.local/lib/python3.8/site-packages/airflow/example_dags/example_branch_day_of_week_operator.py took 0.313 seconds
[2025-10-16T17:26:14.917+0000] {processor.py:157} INFO - Started process (PID=304) to work on /home/airflow/.local/lib/python3.8/site-packages/airflow/example_dags/example_branch_day_of_week_operator.py
[2025-10-16T17:26:14.919+0000] {processor.py:829} INFO - Processing file /home/airflow/.local/lib/python3.8/site-packages/airflow/example_dags/example_branch_day_of_week_operator.py for tasks to queue
[2025-10-16T17:26:14.926+0000] {logging_mixin.py:151} INFO - [2025-10-16T17:26:14.925+0000] {dagbag.py:536} INFO - Filling up the DagBag from /home/airflow/.local/lib/python3.8/site-packages/airflow/example_dags/example_branch_day_of_week_operator.py
[2025-10-16T17:26:14.948+0000] {processor.py:839} INFO - DAG(s) dict_keys(['example_weekday_branch_operator']) retrieved from /home/airflow/.local/lib/python3.8/site-packages/airflow/example_dags/example_branch_day_of_week_operator.py
[2025-10-16T17:26:15.016+0000] {logging_mixin.py:151} INFO - [2025-10-16T17:26:15.016+0000] {dag.py:2941} INFO - Sync 1 DAGs
[2025-10-16T17:26:15.087+0000] {logging_mixin.py:151} INFO - [2025-10-16T17:26:15.087+0000] {dag.py:3722} INFO - Setting next_dagrun for example_weekday_branch_operator to 2025-10-15T00:00:00+00:00, run_after=2025-10-16T00:00:00+00:00
[2025-10-16T17:26:15.150+0000] {processor.py:179} INFO - Processing /home/airflow/.local/lib/python3.8/site-packages/airflow/example_dags/example_branch_day_of_week_operator.py took 0.246 seconds
[2025-10-16T17:26:45.799+0000] {processor.py:157} INFO - Started process (PID=363) to work on /home/airflow/.local/lib/python3.8/site-packages/airflow/example_dags/example_branch_day_of_week_operator.py
[2025-10-16T17:26:45.802+0000] {processor.py:829} INFO - Processing file /home/airflow/.local/lib/python3.8/site-packages/airflow/example_dags/example_branch_day_of_week_operator.py for tasks to queue
[2025-10-16T17:26:45.809+0000] {logging_mixin.py:151} INFO - [2025-10-16T17:26:45.808+0000] {dagbag.py:536} INFO - Filling up the DagBag from /home/airflow/.local/lib/python3.8/site-packages/airflow/example_dags/example_branch_day_of_week_operator.py
[2025-10-16T17:26:45.834+0000] {processor.py:839} INFO - DAG(s) dict_keys(['example_weekday_branch_operator']) retrieved from /home/airflow/.local/lib/python3.8/site-packages/airflow/example_dags/example_branch_day_of_week_operator.py
[2025-10-16T17:26:45.886+0000] {logging_mixin.py:151} INFO - [2025-10-16T17:26:45.886+0000] {dag.py:2941} INFO - Sync 1 DAGs
[2025-10-16T17:26:45.944+0000] {logging_mixin.py:151} INFO - [2025-10-16T17:26:45.943+0000] {dag.py:3722} INFO - Setting next_dagrun for example_weekday_branch_operator to 2025-10-15T00:00:00+00:00, run_after=2025-10-16T00:00:00+00:00
[2025-10-16T17:26:46.002+0000] {processor.py:179} INFO - Processing /home/airflow/.local/lib/python3.8/site-packages/airflow/example_dags/example_branch_day_of_week_operator.py took 0.215 seconds
[2025-10-16T17:27:17.545+0000] {processor.py:157} INFO - Started process (PID=422) to work on /home/airflow/.local/lib/python3.8/site-packages/airflow/example_dags/example_branch_day_of_week_operator.py
[2025-10-16T17:27:17.547+0000] {processor.py:829} INFO - Processing file /home/airflow/.local/lib/python3.8/site-packages/airflow/example_dags/example_branch_day_of_week_operator.py for tasks to queue
[2025-10-16T17:27:17.554+0000] {logging_mixin.py:151} INFO - [2025-10-16T17:27:17.553+0000] {dagbag.py:536} INFO - Filling up the DagBag from /home/airflow/.local/lib/python3.8/site-packages/airflow/example_dags/example_branch_day_of_week_operator.py
[2025-10-16T17:27:17.575+0000] {processor.py:839} INFO - DAG(s) dict_keys(['example_weekday_branch_operator']) retrieved from /home/airflow/.local/lib/python3.8/site-packages/airflow/example_dags/example_branch_day_of_week_operator.py
[2025-10-16T17:27:17.641+0000] {logging_mixin.py:151} INFO - [2025-10-16T17:27:17.640+0000] {dag.py:2941} INFO - Sync 1 DAGs
[2025-10-16T17:27:17.711+0000] {logging_mixin.py:151} INFO - [2025-10-16T17:27:17.710+0000] {dag.py:3722} INFO - Setting next_dagrun for example_weekday_branch_operator to 2025-10-15T00:00:00+00:00, run_after=2025-10-16T00:00:00+00:00
[2025-10-16T17:27:17.773+0000] {processor.py:179} INFO - Processing /home/airflow/.local/lib/python3.8/site-packages/airflow/example_dags/example_branch_day_of_week_operator.py took 0.238 seconds
[2025-10-16T17:27:48.632+0000] {processor.py:157} INFO - Started process (PID=481) to work on /home/airflow/.local/lib/python3.8/site-packages/airflow/example_dags/example_branch_day_of_week_operator.py
[2025-10-16T17:27:48.634+0000] {processor.py:829} INFO - Processing file /home/airflow/.local/lib/python3.8/site-packages/airflow/example_dags/example_branch_day_of_week_operator.py for tasks to queue
[2025-10-16T17:27:48.640+0000] {logging_mixin.py:151} INFO - [2025-10-16T17:27:48.639+0000] {dagbag.py:536} INFO - Filling up the DagBag from /home/airflow/.local/lib/python3.8/site-packages/airflow/example_dags/example_branch_day_of_week_operator.py
[2025-10-16T17:27:48.659+0000] {processor.py:839} INFO - DAG(s) dict_keys(['example_weekday_branch_operator']) retrieved from /home/airflow/.local/lib/python3.8/site-packages/airflow/example_dags/example_branch_day_of_week_operator.py
[2025-10-16T17:27:48.714+0000] {logging_mixin.py:151} INFO - [2025-10-16T17:27:48.713+0000] {dag.py:2941} INFO - Sync 1 DAGs
[2025-10-16T17:27:48.764+0000] {logging_mixin.py:151} INFO - [2025-10-16T17:27:48.763+0000] {dag.py:3722} INFO - Setting next_dagrun for example_weekday_branch_operator to 2025-10-15T00:00:00+00:00, run_after=2025-10-16T00:00:00+00:00
[2025-10-16T17:27:48.808+0000] {processor.py:179} INFO - Processing /home/airflow/.local/lib/python3.8/site-packages/airflow/example_dags/example_branch_day_of_week_operator.py took 0.184 seconds
[2025-10-16T17:28:19.184+0000] {processor.py:157} INFO - Started process (PID=540) to work on /home/airflow/.local/lib/python3.8/site-packages/airflow/example_dags/example_branch_day_of_week_operator.py
[2025-10-16T17:28:19.186+0000] {processor.py:829} INFO - Processing file /home/airflow/.local/lib/python3.8/site-packages/airflow/example_dags/example_branch_day_of_week_operator.py for tasks to queue
[2025-10-16T17:28:19.193+0000] {logging_mixin.py:151} INFO - [2025-10-16T17:28:19.193+0000] {dagbag.py:536} INFO - Filling up the DagBag from /home/airflow/.local/lib/python3.8/site-packages/airflow/example_dags/example_branch_day_of_week_operator.py
[2025-10-16T17:28:19.218+0000] {processor.py:839} INFO - DAG(s) dict_keys(['example_weekday_branch_operator']) retrieved from /home/airflow/.local/lib/python3.8/site-packages/airflow/example_dags/example_branch_day_of_week_operator.py
[2025-10-16T17:28:19.253+0000] {logging_mixin.py:151} INFO - [2025-10-16T17:28:19.252+0000] {dag.py:2941} INFO - Sync 1 DAGs
[2025-10-16T17:28:19.318+0000] {logging_mixin.py:151} INFO - [2025-10-16T17:28:19.318+0000] {dag.py:3722} INFO - Setting next_dagrun for example_weekday_branch_operator to 2025-10-15T00:00:00+00:00, run_after=2025-10-16T00:00:00+00:00
[2025-10-16T17:28:19.361+0000] {processor.py:179} INFO - Processing /home/airflow/.local/lib/python3.8/site-packages/airflow/example_dags/example_branch_day_of_week_operator.py took 0.185 seconds
[2025-10-16T17:28:49.918+0000] {processor.py:157} INFO - Started process (PID=599) to work on /home/airflow/.local/lib/python3.8/site-packages/airflow/example_dags/example_branch_day_of_week_operator.py
[2025-10-16T17:28:49.921+0000] {processor.py:829} INFO - Processing file /home/airflow/.local/lib/python3.8/site-packages/airflow/example_dags/example_branch_day_of_week_operator.py for tasks to queue
[2025-10-16T17:28:49.932+0000] {logging_mixin.py:151} INFO - [2025-10-16T17:28:49.931+0000] {dagbag.py:536} INFO - Filling up the DagBag from /home/airflow/.local/lib/python3.8/site-packages/airflow/example_dags/example_branch_day_of_week_operator.py
[2025-10-16T17:28:49.961+0000] {processor.py:839} INFO - DAG(s) dict_keys(['example_weekday_branch_operator']) retrieved from /home/airflow/.local/lib/python3.8/site-packages/airflow/example_dags/example_branch_day_of_week_operator.py
[2025-10-16T17:28:50.023+0000] {logging_mixin.py:151} INFO - [2025-10-16T17:28:50.023+0000] {dag.py:2941} INFO - Sync 1 DAGs
[2025-10-16T17:28:50.094+0000] {logging_mixin.py:151} INFO - [2025-10-16T17:28:50.094+0000] {dag.py:3722} INFO - Setting next_dagrun for example_weekday_branch_operator to 2025-10-15T00:00:00+00:00, run_after=2025-10-16T00:00:00+00:00
[2025-10-16T17:28:50.136+0000] {processor.py:179} INFO - Processing /home/airflow/.local/lib/python3.8/site-packages/airflow/example_dags/example_branch_day_of_week_operator.py took 0.229 seconds
[2025-10-16T17:29:24.808+0000] {processor.py:157} INFO - Started process (PID=658) to work on /home/airflow/.local/lib/python3.8/site-packages/airflow/example_dags/example_branch_day_of_week_operator.py
[2025-10-16T17:29:24.812+0000] {processor.py:829} INFO - Processing file /home/airflow/.local/lib/python3.8/site-packages/airflow/example_dags/example_branch_day_of_week_operator.py for tasks to queue
[2025-10-16T17:29:24.820+0000] {logging_mixin.py:151} INFO - [2025-10-16T17:29:24.819+0000] {dagbag.py:536} INFO - Filling up the DagBag from /home/airflow/.local/lib/python3.8/site-packages/airflow/example_dags/example_branch_day_of_week_operator.py
[2025-10-16T17:29:24.853+0000] {processor.py:839} INFO - DAG(s) dict_keys(['example_weekday_branch_operator']) retrieved from /home/airflow/.local/lib/python3.8/site-packages/airflow/example_dags/example_branch_day_of_week_operator.py
[2025-10-16T17:29:24.914+0000] {logging_mixin.py:151} INFO - [2025-10-16T17:29:24.913+0000] {dag.py:2941} INFO - Sync 1 DAGs
[2025-10-16T17:29:24.986+0000] {logging_mixin.py:151} INFO - [2025-10-16T17:29:24.985+0000] {dag.py:3722} INFO - Setting next_dagrun for example_weekday_branch_operator to 2025-10-15T00:00:00+00:00, run_after=2025-10-16T00:00:00+00:00
[2025-10-16T17:29:25.043+0000] {processor.py:179} INFO - Processing /home/airflow/.local/lib/python3.8/site-packages/airflow/example_dags/example_branch_day_of_week_operator.py took 0.249 seconds
[2025-10-16T17:29:55.502+0000] {processor.py:157} INFO - Started process (PID=717) to work on /home/airflow/.local/lib/python3.8/site-packages/airflow/example_dags/example_branch_day_of_week_operator.py
[2025-10-16T17:29:55.505+0000] {processor.py:829} INFO - Processing file /home/airflow/.local/lib/python3.8/site-packages/airflow/example_dags/example_branch_day_of_week_operator.py for tasks to queue
[2025-10-16T17:29:55.511+0000] {logging_mixin.py:151} INFO - [2025-10-16T17:29:55.511+0000] {dagbag.py:536} INFO - Filling up the DagBag from /home/airflow/.local/lib/python3.8/site-packages/airflow/example_dags/example_branch_day_of_week_operator.py
[2025-10-16T17:29:55.535+0000] {processor.py:839} INFO - DAG(s) dict_keys(['example_weekday_branch_operator']) retrieved from /home/airflow/.local/lib/python3.8/site-packages/airflow/example_dags/example_branch_day_of_week_operator.py
[2025-10-16T17:29:55.629+0000] {logging_mixin.py:151} INFO - [2025-10-16T17:29:55.628+0000] {dag.py:2941} INFO - Sync 1 DAGs
[2025-10-16T17:29:55.711+0000] {logging_mixin.py:151} INFO - [2025-10-16T17:29:55.711+0000] {dag.py:3722} INFO - Setting next_dagrun for example_weekday_branch_operator to 2025-10-15T00:00:00+00:00, run_after=2025-10-16T00:00:00+00:00
[2025-10-16T17:29:55.775+0000] {processor.py:179} INFO - Processing /home/airflow/.local/lib/python3.8/site-packages/airflow/example_dags/example_branch_day_of_week_operator.py took 0.284 seconds
[2025-10-16T17:30:26.255+0000] {processor.py:157} INFO - Started process (PID=776) to work on /home/airflow/.local/lib/python3.8/site-packages/airflow/example_dags/example_branch_day_of_week_operator.py
[2025-10-16T17:30:26.258+0000] {processor.py:829} INFO - Processing file /home/airflow/.local/lib/python3.8/site-packages/airflow/example_dags/example_branch_day_of_week_operator.py for tasks to queue
[2025-10-16T17:30:26.264+0000] {logging_mixin.py:151} INFO - [2025-10-16T17:30:26.263+0000] {dagbag.py:536} INFO - Filling up the DagBag from /home/airflow/.local/lib/python3.8/site-packages/airflow/example_dags/example_branch_day_of_week_operator.py
[2025-10-16T17:30:26.286+0000] {processor.py:839} INFO - DAG(s) dict_keys(['example_weekday_branch_operator']) retrieved from /home/airflow/.local/lib/python3.8/site-packages/airflow/example_dags/example_branch_day_of_week_operator.py
[2025-10-16T17:30:26.341+0000] {logging_mixin.py:151} INFO - [2025-10-16T17:30:26.341+0000] {dag.py:2941} INFO - Sync 1 DAGs
[2025-10-16T17:30:26.403+0000] {logging_mixin.py:151} INFO - [2025-10-16T17:30:26.403+0000] {dag.py:3722} INFO - Setting next_dagrun for example_weekday_branch_operator to 2025-10-15T00:00:00+00:00, run_after=2025-10-16T00:00:00+00:00
[2025-10-16T17:30:26.451+0000] {processor.py:179} INFO - Processing /home/airflow/.local/lib/python3.8/site-packages/airflow/example_dags/example_branch_day_of_week_operator.py took 0.205 seconds
[2025-10-16T17:30:57.094+0000] {processor.py:157} INFO - Started process (PID=835) to work on /home/airflow/.local/lib/python3.8/site-packages/airflow/example_dags/example_branch_day_of_week_operator.py
[2025-10-16T17:30:57.097+0000] {processor.py:829} INFO - Processing file /home/airflow/.local/lib/python3.8/site-packages/airflow/example_dags/example_branch_day_of_week_operator.py for tasks to queue
[2025-10-16T17:30:57.103+0000] {logging_mixin.py:151} INFO - [2025-10-16T17:30:57.102+0000] {dagbag.py:536} INFO - Filling up the DagBag from /home/airflow/.local/lib/python3.8/site-packages/airflow/example_dags/example_branch_day_of_week_operator.py
[2025-10-16T17:30:57.123+0000] {processor.py:839} INFO - DAG(s) dict_keys(['example_weekday_branch_operator']) retrieved from /home/airflow/.local/lib/python3.8/site-packages/airflow/example_dags/example_branch_day_of_week_operator.py
[2025-10-16T17:30:57.177+0000] {logging_mixin.py:151} INFO - [2025-10-16T17:30:57.176+0000] {dag.py:2941} INFO - Sync 1 DAGs
[2025-10-16T17:30:57.234+0000] {logging_mixin.py:151} INFO - [2025-10-16T17:30:57.234+0000] {dag.py:3722} INFO - Setting next_dagrun for example_weekday_branch_operator to 2025-10-15T00:00:00+00:00, run_after=2025-10-16T00:00:00+00:00
[2025-10-16T17:30:57.277+0000] {processor.py:179} INFO - Processing /home/airflow/.local/lib/python3.8/site-packages/airflow/example_dags/example_branch_day_of_week_operator.py took 0.191 seconds
[2025-10-16T17:31:27.855+0000] {processor.py:157} INFO - Started process (PID=895) to work on /home/airflow/.local/lib/python3.8/site-packages/airflow/example_dags/example_branch_day_of_week_operator.py
[2025-10-16T17:31:27.859+0000] {processor.py:829} INFO - Processing file /home/airflow/.local/lib/python3.8/site-packages/airflow/example_dags/example_branch_day_of_week_operator.py for tasks to queue
[2025-10-16T17:31:27.868+0000] {logging_mixin.py:151} INFO - [2025-10-16T17:31:27.867+0000] {dagbag.py:536} INFO - Filling up the DagBag from /home/airflow/.local/lib/python3.8/site-packages/airflow/example_dags/example_branch_day_of_week_operator.py
[2025-10-16T17:31:27.906+0000] {processor.py:839} INFO - DAG(s) dict_keys(['example_weekday_branch_operator']) retrieved from /home/airflow/.local/lib/python3.8/site-packages/airflow/example_dags/example_branch_day_of_week_operator.py
[2025-10-16T17:31:27.984+0000] {logging_mixin.py:151} INFO - [2025-10-16T17:31:27.984+0000] {dag.py:2941} INFO - Sync 1 DAGs
[2025-10-16T17:31:28.083+0000] {logging_mixin.py:151} INFO - [2025-10-16T17:31:28.083+0000] {dag.py:3722} INFO - Setting next_dagrun for example_weekday_branch_operator to 2025-10-15T00:00:00+00:00, run_after=2025-10-16T00:00:00+00:00
[2025-10-16T17:31:28.145+0000] {processor.py:179} INFO - Processing /home/airflow/.local/lib/python3.8/site-packages/airflow/example_dags/example_branch_day_of_week_operator.py took 0.304 seconds
[2025-10-16T17:31:59.622+0000] {processor.py:157} INFO - Started process (PID=954) to work on /home/airflow/.local/lib/python3.8/site-packages/airflow/example_dags/example_branch_day_of_week_operator.py
[2025-10-16T17:31:59.624+0000] {processor.py:829} INFO - Processing file /home/airflow/.local/lib/python3.8/site-packages/airflow/example_dags/example_branch_day_of_week_operator.py for tasks to queue
[2025-10-16T17:31:59.630+0000] {logging_mixin.py:151} INFO - [2025-10-16T17:31:59.629+0000] {dagbag.py:536} INFO - Filling up the DagBag from /home/airflow/.local/lib/python3.8/site-packages/airflow/example_dags/example_branch_day_of_week_operator.py
[2025-10-16T17:31:59.650+0000] {processor.py:839} INFO - DAG(s) dict_keys(['example_weekday_branch_operator']) retrieved from /home/airflow/.local/lib/python3.8/site-packages/airflow/example_dags/example_branch_day_of_week_operator.py
[2025-10-16T17:31:59.703+0000] {logging_mixin.py:151} INFO - [2025-10-16T17:31:59.702+0000] {dag.py:2941} INFO - Sync 1 DAGs
[2025-10-16T17:31:59.759+0000] {logging_mixin.py:151} INFO - [2025-10-16T17:31:59.758+0000] {dag.py:3722} INFO - Setting next_dagrun for example_weekday_branch_operator to 2025-10-15T00:00:00+00:00, run_after=2025-10-16T00:00:00+00:00
[2025-10-16T17:31:59.803+0000] {processor.py:179} INFO - Processing /home/airflow/.local/lib/python3.8/site-packages/airflow/example_dags/example_branch_day_of_week_operator.py took 0.190 seconds
[2025-10-16T17:32:30.924+0000] {processor.py:157} INFO - Started process (PID=1013) to work on /home/airflow/.local/lib/python3.8/site-packages/airflow/example_dags/example_branch_day_of_week_operator.py
[2025-10-16T17:32:30.928+0000] {processor.py:829} INFO - Processing file /home/airflow/.local/lib/python3.8/site-packages/airflow/example_dags/example_branch_day_of_week_operator.py for tasks to queue
[2025-10-16T17:32:30.939+0000] {logging_mixin.py:151} INFO - [2025-10-16T17:32:30.938+0000] {dagbag.py:536} INFO - Filling up the DagBag from /home/airflow/.local/lib/python3.8/site-packages/airflow/example_dags/example_branch_day_of_week_operator.py
[2025-10-16T17:32:30.969+0000] {processor.py:839} INFO - DAG(s) dict_keys(['example_weekday_branch_operator']) retrieved from /home/airflow/.local/lib/python3.8/site-packages/airflow/example_dags/example_branch_day_of_week_operator.py
[2025-10-16T17:32:31.048+0000] {logging_mixin.py:151} INFO - [2025-10-16T17:32:31.048+0000] {dag.py:2941} INFO - Sync 1 DAGs
[2025-10-16T17:32:31.136+0000] {logging_mixin.py:151} INFO - [2025-10-16T17:32:31.135+0000] {dag.py:3722} INFO - Setting next_dagrun for example_weekday_branch_operator to 2025-10-15T00:00:00+00:00, run_after=2025-10-16T00:00:00+00:00
[2025-10-16T17:32:31.204+0000] {processor.py:179} INFO - Processing /home/airflow/.local/lib/python3.8/site-packages/airflow/example_dags/example_branch_day_of_week_operator.py took 0.293 seconds
[2025-10-16T17:33:04.511+0000] {processor.py:157} INFO - Started process (PID=1072) to work on /home/airflow/.local/lib/python3.8/site-packages/airflow/example_dags/example_branch_day_of_week_operator.py
[2025-10-16T17:33:04.528+0000] {processor.py:829} INFO - Processing file /home/airflow/.local/lib/python3.8/site-packages/airflow/example_dags/example_branch_day_of_week_operator.py for tasks to queue
[2025-10-16T17:33:04.548+0000] {logging_mixin.py:151} INFO - [2025-10-16T17:33:04.547+0000] {dagbag.py:536} INFO - Filling up the DagBag from /home/airflow/.local/lib/python3.8/site-packages/airflow/example_dags/example_branch_day_of_week_operator.py
[2025-10-16T17:33:04.665+0000] {processor.py:839} INFO - DAG(s) dict_keys(['example_weekday_branch_operator']) retrieved from /home/airflow/.local/lib/python3.8/site-packages/airflow/example_dags/example_branch_day_of_week_operator.py
[2025-10-16T17:33:04.888+0000] {logging_mixin.py:151} INFO - [2025-10-16T17:33:04.887+0000] {dag.py:2941} INFO - Sync 1 DAGs
[2025-10-16T17:33:05.116+0000] {logging_mixin.py:151} INFO - [2025-10-16T17:33:05.115+0000] {dag.py:3722} INFO - Setting next_dagrun for example_weekday_branch_operator to 2025-10-15T00:00:00+00:00, run_after=2025-10-16T00:00:00+00:00
[2025-10-16T17:33:05.302+0000] {processor.py:179} INFO - Processing /home/airflow/.local/lib/python3.8/site-packages/airflow/example_dags/example_branch_day_of_week_operator.py took 0.818 seconds
[2025-10-16T17:33:35.883+0000] {processor.py:157} INFO - Started process (PID=1131) to work on /home/airflow/.local/lib/python3.8/site-packages/airflow/example_dags/example_branch_day_of_week_operator.py
[2025-10-16T17:33:35.887+0000] {processor.py:829} INFO - Processing file /home/airflow/.local/lib/python3.8/site-packages/airflow/example_dags/example_branch_day_of_week_operator.py for tasks to queue
[2025-10-16T17:33:35.894+0000] {logging_mixin.py:151} INFO - [2025-10-16T17:33:35.893+0000] {dagbag.py:536} INFO - Filling up the DagBag from /home/airflow/.local/lib/python3.8/site-packages/airflow/example_dags/example_branch_day_of_week_operator.py
[2025-10-16T17:33:35.930+0000] {processor.py:839} INFO - DAG(s) dict_keys(['example_weekday_branch_operator']) retrieved from /home/airflow/.local/lib/python3.8/site-packages/airflow/example_dags/example_branch_day_of_week_operator.py
[2025-10-16T17:33:36.003+0000] {logging_mixin.py:151} INFO - [2025-10-16T17:33:36.003+0000] {dag.py:2941} INFO - Sync 1 DAGs
[2025-10-16T17:33:36.071+0000] {logging_mixin.py:151} INFO - [2025-10-16T17:33:36.071+0000] {dag.py:3722} INFO - Setting next_dagrun for example_weekday_branch_operator to 2025-10-15T00:00:00+00:00, run_after=2025-10-16T00:00:00+00:00
[2025-10-16T17:33:36.120+0000] {processor.py:179} INFO - Processing /home/airflow/.local/lib/python3.8/site-packages/airflow/example_dags/example_branch_day_of_week_operator.py took 0.252 seconds
[2025-10-16T17:34:06.701+0000] {processor.py:157} INFO - Started process (PID=1190) to work on /home/airflow/.local/lib/python3.8/site-packages/airflow/example_dags/example_branch_day_of_week_operator.py
[2025-10-16T17:34:06.704+0000] {processor.py:829} INFO - Processing file /home/airflow/.local/lib/python3.8/site-packages/airflow/example_dags/example_branch_day_of_week_operator.py for tasks to queue
[2025-10-16T17:34:06.710+0000] {logging_mixin.py:151} INFO - [2025-10-16T17:34:06.709+0000] {dagbag.py:536} INFO - Filling up the DagBag from /home/airflow/.local/lib/python3.8/site-packages/airflow/example_dags/example_branch_day_of_week_operator.py
[2025-10-16T17:34:06.729+0000] {processor.py:839} INFO - DAG(s) dict_keys(['example_weekday_branch_operator']) retrieved from /home/airflow/.local/lib/python3.8/site-packages/airflow/example_dags/example_branch_day_of_week_operator.py
[2025-10-16T17:34:06.776+0000] {logging_mixin.py:151} INFO - [2025-10-16T17:34:06.775+0000] {dag.py:2941} INFO - Sync 1 DAGs
[2025-10-16T17:34:06.826+0000] {logging_mixin.py:151} INFO - [2025-10-16T17:34:06.826+0000] {dag.py:3722} INFO - Setting next_dagrun for example_weekday_branch_operator to 2025-10-15T00:00:00+00:00, run_after=2025-10-16T00:00:00+00:00
[2025-10-16T17:34:06.876+0000] {processor.py:179} INFO - Processing /home/airflow/.local/lib/python3.8/site-packages/airflow/example_dags/example_branch_day_of_week_operator.py took 0.183 seconds
[2025-10-16T17:34:37.121+0000] {processor.py:157} INFO - Started process (PID=1249) to work on /home/airflow/.local/lib/python3.8/site-packages/airflow/example_dags/example_branch_day_of_week_operator.py
[2025-10-16T17:34:37.124+0000] {processor.py:829} INFO - Processing file /home/airflow/.local/lib/python3.8/site-packages/airflow/example_dags/example_branch_day_of_week_operator.py for tasks to queue
[2025-10-16T17:34:37.132+0000] {logging_mixin.py:151} INFO - [2025-10-16T17:34:37.131+0000] {dagbag.py:536} INFO - Filling up the DagBag from /home/airflow/.local/lib/python3.8/site-packages/airflow/example_dags/example_branch_day_of_week_operator.py
[2025-10-16T17:34:37.157+0000] {processor.py:839} INFO - DAG(s) dict_keys(['example_weekday_branch_operator']) retrieved from /home/airflow/.local/lib/python3.8/site-packages/airflow/example_dags/example_branch_day_of_week_operator.py
[2025-10-16T17:34:37.217+0000] {logging_mixin.py:151} INFO - [2025-10-16T17:34:37.216+0000] {dag.py:2941} INFO - Sync 1 DAGs
[2025-10-16T17:34:37.367+0000] {logging_mixin.py:151} INFO - [2025-10-16T17:34:37.365+0000] {dag.py:3722} INFO - Setting next_dagrun for example_weekday_branch_operator to 2025-10-15T00:00:00+00:00, run_after=2025-10-16T00:00:00+00:00
[2025-10-16T17:34:37.457+0000] {processor.py:179} INFO - Processing /home/airflow/.local/lib/python3.8/site-packages/airflow/example_dags/example_branch_day_of_week_operator.py took 0.346 seconds
[2025-10-16T17:35:07.691+0000] {processor.py:157} INFO - Started process (PID=1308) to work on /home/airflow/.local/lib/python3.8/site-packages/airflow/example_dags/example_branch_day_of_week_operator.py
[2025-10-16T17:35:07.694+0000] {processor.py:829} INFO - Processing file /home/airflow/.local/lib/python3.8/site-packages/airflow/example_dags/example_branch_day_of_week_operator.py for tasks to queue
[2025-10-16T17:35:07.699+0000] {logging_mixin.py:151} INFO - [2025-10-16T17:35:07.698+0000] {dagbag.py:536} INFO - Filling up the DagBag from /home/airflow/.local/lib/python3.8/site-packages/airflow/example_dags/example_branch_day_of_week_operator.py
[2025-10-16T17:35:07.719+0000] {processor.py:839} INFO - DAG(s) dict_keys(['example_weekday_branch_operator']) retrieved from /home/airflow/.local/lib/python3.8/site-packages/airflow/example_dags/example_branch_day_of_week_operator.py
[2025-10-16T17:35:07.777+0000] {logging_mixin.py:151} INFO - [2025-10-16T17:35:07.777+0000] {dag.py:2941} INFO - Sync 1 DAGs
[2025-10-16T17:35:07.845+0000] {logging_mixin.py:151} INFO - [2025-10-16T17:35:07.845+0000] {dag.py:3722} INFO - Setting next_dagrun for example_weekday_branch_operator to 2025-10-15T00:00:00+00:00, run_after=2025-10-16T00:00:00+00:00
[2025-10-16T17:35:07.888+0000] {processor.py:179} INFO - Processing /home/airflow/.local/lib/python3.8/site-packages/airflow/example_dags/example_branch_day_of_week_operator.py took 0.212 seconds
[2025-10-16T17:35:38.220+0000] {processor.py:157} INFO - Started process (PID=1366) to work on /home/airflow/.local/lib/python3.8/site-packages/airflow/example_dags/example_branch_day_of_week_operator.py
[2025-10-16T17:35:38.223+0000] {processor.py:829} INFO - Processing file /home/airflow/.local/lib/python3.8/site-packages/airflow/example_dags/example_branch_day_of_week_operator.py for tasks to queue
[2025-10-16T17:35:38.229+0000] {logging_mixin.py:151} INFO - [2025-10-16T17:35:38.229+0000] {dagbag.py:536} INFO - Filling up the DagBag from /home/airflow/.local/lib/python3.8/site-packages/airflow/example_dags/example_branch_day_of_week_operator.py
[2025-10-16T17:35:38.256+0000] {processor.py:839} INFO - DAG(s) dict_keys(['example_weekday_branch_operator']) retrieved from /home/airflow/.local/lib/python3.8/site-packages/airflow/example_dags/example_branch_day_of_week_operator.py
[2025-10-16T17:35:38.322+0000] {logging_mixin.py:151} INFO - [2025-10-16T17:35:38.322+0000] {dag.py:2941} INFO - Sync 1 DAGs
[2025-10-16T17:35:38.414+0000] {logging_mixin.py:151} INFO - [2025-10-16T17:35:38.414+0000] {dag.py:3722} INFO - Setting next_dagrun for example_weekday_branch_operator to 2025-10-15T00:00:00+00:00, run_after=2025-10-16T00:00:00+00:00
[2025-10-16T17:35:38.475+0000] {processor.py:179} INFO - Processing /home/airflow/.local/lib/python3.8/site-packages/airflow/example_dags/example_branch_day_of_week_operator.py took 0.266 seconds
[2025-10-16T17:36:09.092+0000] {processor.py:157} INFO - Started process (PID=1424) to work on /home/airflow/.local/lib/python3.8/site-packages/airflow/example_dags/example_branch_day_of_week_operator.py
[2025-10-16T17:36:09.096+0000] {processor.py:829} INFO - Processing file /home/airflow/.local/lib/python3.8/site-packages/airflow/example_dags/example_branch_day_of_week_operator.py for tasks to queue
[2025-10-16T17:36:09.103+0000] {logging_mixin.py:151} INFO - [2025-10-16T17:36:09.102+0000] {dagbag.py:536} INFO - Filling up the DagBag from /home/airflow/.local/lib/python3.8/site-packages/airflow/example_dags/example_branch_day_of_week_operator.py
[2025-10-16T17:36:09.135+0000] {processor.py:839} INFO - DAG(s) dict_keys(['example_weekday_branch_operator']) retrieved from /home/airflow/.local/lib/python3.8/site-packages/airflow/example_dags/example_branch_day_of_week_operator.py
[2025-10-16T17:36:09.203+0000] {logging_mixin.py:151} INFO - [2025-10-16T17:36:09.202+0000] {dag.py:2941} INFO - Sync 1 DAGs
[2025-10-16T17:36:09.279+0000] {logging_mixin.py:151} INFO - [2025-10-16T17:36:09.278+0000] {dag.py:3722} INFO - Setting next_dagrun for example_weekday_branch_operator to 2025-10-15T00:00:00+00:00, run_after=2025-10-16T00:00:00+00:00
[2025-10-16T17:36:09.327+0000] {processor.py:179} INFO - Processing /home/airflow/.local/lib/python3.8/site-packages/airflow/example_dags/example_branch_day_of_week_operator.py took 0.246 seconds
[2025-10-16T17:36:39.718+0000] {processor.py:157} INFO - Started process (PID=1482) to work on /home/airflow/.local/lib/python3.8/site-packages/airflow/example_dags/example_branch_day_of_week_operator.py
[2025-10-16T17:36:39.725+0000] {processor.py:829} INFO - Processing file /home/airflow/.local/lib/python3.8/site-packages/airflow/example_dags/example_branch_day_of_week_operator.py for tasks to queue
[2025-10-16T17:36:39.742+0000] {logging_mixin.py:151} INFO - [2025-10-16T17:36:39.740+0000] {dagbag.py:536} INFO - Filling up the DagBag from /home/airflow/.local/lib/python3.8/site-packages/airflow/example_dags/example_branch_day_of_week_operator.py
[2025-10-16T17:36:39.792+0000] {processor.py:839} INFO - DAG(s) dict_keys(['example_weekday_branch_operator']) retrieved from /home/airflow/.local/lib/python3.8/site-packages/airflow/example_dags/example_branch_day_of_week_operator.py
[2025-10-16T17:36:39.910+0000] {logging_mixin.py:151} INFO - [2025-10-16T17:36:39.910+0000] {dag.py:2941} INFO - Sync 1 DAGs
[2025-10-16T17:36:39.972+0000] {logging_mixin.py:151} INFO - [2025-10-16T17:36:39.971+0000] {dag.py:3722} INFO - Setting next_dagrun for example_weekday_branch_operator to 2025-10-15T00:00:00+00:00, run_after=2025-10-16T00:00:00+00:00
[2025-10-16T17:36:40.024+0000] {processor.py:179} INFO - Processing /home/airflow/.local/lib/python3.8/site-packages/airflow/example_dags/example_branch_day_of_week_operator.py took 0.326 seconds
[2025-10-16T17:37:10.794+0000] {processor.py:157} INFO - Started process (PID=1541) to work on /home/airflow/.local/lib/python3.8/site-packages/airflow/example_dags/example_branch_day_of_week_operator.py
[2025-10-16T17:37:10.798+0000] {processor.py:829} INFO - Processing file /home/airflow/.local/lib/python3.8/site-packages/airflow/example_dags/example_branch_day_of_week_operator.py for tasks to queue
[2025-10-16T17:37:10.813+0000] {logging_mixin.py:151} INFO - [2025-10-16T17:37:10.810+0000] {dagbag.py:536} INFO - Filling up the DagBag from /home/airflow/.local/lib/python3.8/site-packages/airflow/example_dags/example_branch_day_of_week_operator.py
[2025-10-16T17:37:10.841+0000] {processor.py:839} INFO - DAG(s) dict_keys(['example_weekday_branch_operator']) retrieved from /home/airflow/.local/lib/python3.8/site-packages/airflow/example_dags/example_branch_day_of_week_operator.py
[2025-10-16T17:37:10.888+0000] {logging_mixin.py:151} INFO - [2025-10-16T17:37:10.887+0000] {dag.py:2941} INFO - Sync 1 DAGs
[2025-10-16T17:37:10.942+0000] {logging_mixin.py:151} INFO - [2025-10-16T17:37:10.942+0000] {dag.py:3722} INFO - Setting next_dagrun for example_weekday_branch_operator to 2025-10-15T00:00:00+00:00, run_after=2025-10-16T00:00:00+00:00
[2025-10-16T17:37:10.993+0000] {processor.py:179} INFO - Processing /home/airflow/.local/lib/python3.8/site-packages/airflow/example_dags/example_branch_day_of_week_operator.py took 0.211 seconds
[2025-10-16T17:37:41.769+0000] {processor.py:157} INFO - Started process (PID=1601) to work on /home/airflow/.local/lib/python3.8/site-packages/airflow/example_dags/example_branch_day_of_week_operator.py
[2025-10-16T17:37:41.771+0000] {processor.py:829} INFO - Processing file /home/airflow/.local/lib/python3.8/site-packages/airflow/example_dags/example_branch_day_of_week_operator.py for tasks to queue
[2025-10-16T17:37:41.777+0000] {logging_mixin.py:151} INFO - [2025-10-16T17:37:41.776+0000] {dagbag.py:536} INFO - Filling up the DagBag from /home/airflow/.local/lib/python3.8/site-packages/airflow/example_dags/example_branch_day_of_week_operator.py
[2025-10-16T17:37:41.799+0000] {processor.py:839} INFO - DAG(s) dict_keys(['example_weekday_branch_operator']) retrieved from /home/airflow/.local/lib/python3.8/site-packages/airflow/example_dags/example_branch_day_of_week_operator.py
[2025-10-16T17:37:41.853+0000] {logging_mixin.py:151} INFO - [2025-10-16T17:37:41.853+0000] {dag.py:2941} INFO - Sync 1 DAGs
[2025-10-16T17:37:41.912+0000] {logging_mixin.py:151} INFO - [2025-10-16T17:37:41.911+0000] {dag.py:3722} INFO - Setting next_dagrun for example_weekday_branch_operator to 2025-10-15T00:00:00+00:00, run_after=2025-10-16T00:00:00+00:00
[2025-10-16T17:37:41.959+0000] {processor.py:179} INFO - Processing /home/airflow/.local/lib/python3.8/site-packages/airflow/example_dags/example_branch_day_of_week_operator.py took 0.200 seconds
[2025-10-16T17:38:12.742+0000] {processor.py:157} INFO - Started process (PID=1660) to work on /home/airflow/.local/lib/python3.8/site-packages/airflow/example_dags/example_branch_day_of_week_operator.py
[2025-10-16T17:38:12.747+0000] {processor.py:829} INFO - Processing file /home/airflow/.local/lib/python3.8/site-packages/airflow/example_dags/example_branch_day_of_week_operator.py for tasks to queue
[2025-10-16T17:38:12.760+0000] {logging_mixin.py:151} INFO - [2025-10-16T17:38:12.758+0000] {dagbag.py:536} INFO - Filling up the DagBag from /home/airflow/.local/lib/python3.8/site-packages/airflow/example_dags/example_branch_day_of_week_operator.py
[2025-10-16T17:38:12.842+0000] {processor.py:839} INFO - DAG(s) dict_keys(['example_weekday_branch_operator']) retrieved from /home/airflow/.local/lib/python3.8/site-packages/airflow/example_dags/example_branch_day_of_week_operator.py
[2025-10-16T17:38:12.941+0000] {logging_mixin.py:151} INFO - [2025-10-16T17:38:12.941+0000] {dag.py:2941} INFO - Sync 1 DAGs
[2025-10-16T17:38:13.053+0000] {logging_mixin.py:151} INFO - [2025-10-16T17:38:13.053+0000] {dag.py:3722} INFO - Setting next_dagrun for example_weekday_branch_operator to 2025-10-15T00:00:00+00:00, run_after=2025-10-16T00:00:00+00:00
[2025-10-16T17:38:13.126+0000] {processor.py:179} INFO - Processing /home/airflow/.local/lib/python3.8/site-packages/airflow/example_dags/example_branch_day_of_week_operator.py took 0.407 seconds
[2025-10-16T17:38:43.538+0000] {processor.py:157} INFO - Started process (PID=1719) to work on /home/airflow/.local/lib/python3.8/site-packages/airflow/example_dags/example_branch_day_of_week_operator.py
[2025-10-16T17:38:43.542+0000] {processor.py:829} INFO - Processing file /home/airflow/.local/lib/python3.8/site-packages/airflow/example_dags/example_branch_day_of_week_operator.py for tasks to queue
[2025-10-16T17:38:43.561+0000] {logging_mixin.py:151} INFO - [2025-10-16T17:38:43.560+0000] {dagbag.py:536} INFO - Filling up the DagBag from /home/airflow/.local/lib/python3.8/site-packages/airflow/example_dags/example_branch_day_of_week_operator.py
[2025-10-16T17:38:43.618+0000] {processor.py:839} INFO - DAG(s) dict_keys(['example_weekday_branch_operator']) retrieved from /home/airflow/.local/lib/python3.8/site-packages/airflow/example_dags/example_branch_day_of_week_operator.py
[2025-10-16T17:38:43.711+0000] {logging_mixin.py:151} INFO - [2025-10-16T17:38:43.710+0000] {dag.py:2941} INFO - Sync 1 DAGs
[2025-10-16T17:38:43.846+0000] {logging_mixin.py:151} INFO - [2025-10-16T17:38:43.845+0000] {dag.py:3722} INFO - Setting next_dagrun for example_weekday_branch_operator to 2025-10-15T00:00:00+00:00, run_after=2025-10-16T00:00:00+00:00
[2025-10-16T17:38:43.963+0000] {processor.py:179} INFO - Processing /home/airflow/.local/lib/python3.8/site-packages/airflow/example_dags/example_branch_day_of_week_operator.py took 0.442 seconds
[2025-10-16T17:39:14.648+0000] {processor.py:157} INFO - Started process (PID=1778) to work on /home/airflow/.local/lib/python3.8/site-packages/airflow/example_dags/example_branch_day_of_week_operator.py
[2025-10-16T17:39:14.659+0000] {processor.py:829} INFO - Processing file /home/airflow/.local/lib/python3.8/site-packages/airflow/example_dags/example_branch_day_of_week_operator.py for tasks to queue
[2025-10-16T17:39:14.679+0000] {logging_mixin.py:151} INFO - [2025-10-16T17:39:14.677+0000] {dagbag.py:536} INFO - Filling up the DagBag from /home/airflow/.local/lib/python3.8/site-packages/airflow/example_dags/example_branch_day_of_week_operator.py
[2025-10-16T17:39:14.851+0000] {processor.py:839} INFO - DAG(s) dict_keys(['example_weekday_branch_operator']) retrieved from /home/airflow/.local/lib/python3.8/site-packages/airflow/example_dags/example_branch_day_of_week_operator.py
[2025-10-16T17:39:15.063+0000] {logging_mixin.py:151} INFO - [2025-10-16T17:39:15.062+0000] {dag.py:2941} INFO - Sync 1 DAGs
[2025-10-16T17:39:15.402+0000] {logging_mixin.py:151} INFO - [2025-10-16T17:39:15.401+0000] {dag.py:3722} INFO - Setting next_dagrun for example_weekday_branch_operator to 2025-10-15T00:00:00+00:00, run_after=2025-10-16T00:00:00+00:00
[2025-10-16T17:39:15.558+0000] {processor.py:179} INFO - Processing /home/airflow/.local/lib/python3.8/site-packages/airflow/example_dags/example_branch_day_of_week_operator.py took 0.960 seconds
[2025-10-16T17:39:46.059+0000] {processor.py:157} INFO - Started process (PID=1844) to work on /home/airflow/.local/lib/python3.8/site-packages/airflow/example_dags/example_branch_day_of_week_operator.py
[2025-10-16T17:39:46.062+0000] {processor.py:829} INFO - Processing file /home/airflow/.local/lib/python3.8/site-packages/airflow/example_dags/example_branch_day_of_week_operator.py for tasks to queue
[2025-10-16T17:39:46.070+0000] {logging_mixin.py:151} INFO - [2025-10-16T17:39:46.069+0000] {dagbag.py:536} INFO - Filling up the DagBag from /home/airflow/.local/lib/python3.8/site-packages/airflow/example_dags/example_branch_day_of_week_operator.py
[2025-10-16T17:39:46.096+0000] {processor.py:839} INFO - DAG(s) dict_keys(['example_weekday_branch_operator']) retrieved from /home/airflow/.local/lib/python3.8/site-packages/airflow/example_dags/example_branch_day_of_week_operator.py
[2025-10-16T17:39:46.379+0000] {logging_mixin.py:151} INFO - [2025-10-16T17:39:46.379+0000] {dag.py:2941} INFO - Sync 1 DAGs
[2025-10-16T17:39:46.580+0000] {logging_mixin.py:151} INFO - [2025-10-16T17:39:46.579+0000] {dag.py:3722} INFO - Setting next_dagrun for example_weekday_branch_operator to 2025-10-15T00:00:00+00:00, run_after=2025-10-16T00:00:00+00:00
[2025-10-16T17:39:46.680+0000] {processor.py:179} INFO - Processing /home/airflow/.local/lib/python3.8/site-packages/airflow/example_dags/example_branch_day_of_week_operator.py took 0.633 seconds
[2025-10-16T17:40:17.593+0000] {processor.py:157} INFO - Started process (PID=1903) to work on /home/airflow/.local/lib/python3.8/site-packages/airflow/example_dags/example_branch_day_of_week_operator.py
[2025-10-16T17:40:17.596+0000] {processor.py:829} INFO - Processing file /home/airflow/.local/lib/python3.8/site-packages/airflow/example_dags/example_branch_day_of_week_operator.py for tasks to queue
[2025-10-16T17:40:17.601+0000] {logging_mixin.py:151} INFO - [2025-10-16T17:40:17.601+0000] {dagbag.py:536} INFO - Filling up the DagBag from /home/airflow/.local/lib/python3.8/site-packages/airflow/example_dags/example_branch_day_of_week_operator.py
[2025-10-16T17:40:17.631+0000] {processor.py:839} INFO - DAG(s) dict_keys(['example_weekday_branch_operator']) retrieved from /home/airflow/.local/lib/python3.8/site-packages/airflow/example_dags/example_branch_day_of_week_operator.py
[2025-10-16T17:40:17.692+0000] {logging_mixin.py:151} INFO - [2025-10-16T17:40:17.692+0000] {dag.py:2941} INFO - Sync 1 DAGs
[2025-10-16T17:40:17.767+0000] {logging_mixin.py:151} INFO - [2025-10-16T17:40:17.767+0000] {dag.py:3722} INFO - Setting next_dagrun for example_weekday_branch_operator to 2025-10-15T00:00:00+00:00, run_after=2025-10-16T00:00:00+00:00
[2025-10-16T17:40:17.813+0000] {processor.py:179} INFO - Processing /home/airflow/.local/lib/python3.8/site-packages/airflow/example_dags/example_branch_day_of_week_operator.py took 0.229 seconds
[2025-10-16T17:40:48.272+0000] {processor.py:157} INFO - Started process (PID=1962) to work on /home/airflow/.local/lib/python3.8/site-packages/airflow/example_dags/example_branch_day_of_week_operator.py
[2025-10-16T17:40:48.278+0000] {processor.py:829} INFO - Processing file /home/airflow/.local/lib/python3.8/site-packages/airflow/example_dags/example_branch_day_of_week_operator.py for tasks to queue
[2025-10-16T17:40:48.306+0000] {logging_mixin.py:151} INFO - [2025-10-16T17:40:48.303+0000] {dagbag.py:536} INFO - Filling up the DagBag from /home/airflow/.local/lib/python3.8/site-packages/airflow/example_dags/example_branch_day_of_week_operator.py
[2025-10-16T17:40:48.373+0000] {processor.py:839} INFO - DAG(s) dict_keys(['example_weekday_branch_operator']) retrieved from /home/airflow/.local/lib/python3.8/site-packages/airflow/example_dags/example_branch_day_of_week_operator.py
[2025-10-16T17:40:48.450+0000] {logging_mixin.py:151} INFO - [2025-10-16T17:40:48.450+0000] {dag.py:2941} INFO - Sync 1 DAGs
[2025-10-16T17:40:48.505+0000] {logging_mixin.py:151} INFO - [2025-10-16T17:40:48.504+0000] {dag.py:3722} INFO - Setting next_dagrun for example_weekday_branch_operator to 2025-10-15T00:00:00+00:00, run_after=2025-10-16T00:00:00+00:00
[2025-10-16T17:40:48.553+0000] {processor.py:179} INFO - Processing /home/airflow/.local/lib/python3.8/site-packages/airflow/example_dags/example_branch_day_of_week_operator.py took 0.302 seconds
[2025-10-16T17:41:19.187+0000] {processor.py:157} INFO - Started process (PID=2021) to work on /home/airflow/.local/lib/python3.8/site-packages/airflow/example_dags/example_branch_day_of_week_operator.py
[2025-10-16T17:41:19.205+0000] {processor.py:829} INFO - Processing file /home/airflow/.local/lib/python3.8/site-packages/airflow/example_dags/example_branch_day_of_week_operator.py for tasks to queue
[2025-10-16T17:41:19.221+0000] {logging_mixin.py:151} INFO - [2025-10-16T17:41:19.220+0000] {dagbag.py:536} INFO - Filling up the DagBag from /home/airflow/.local/lib/python3.8/site-packages/airflow/example_dags/example_branch_day_of_week_operator.py
[2025-10-16T17:41:19.311+0000] {processor.py:839} INFO - DAG(s) dict_keys(['example_weekday_branch_operator']) retrieved from /home/airflow/.local/lib/python3.8/site-packages/airflow/example_dags/example_branch_day_of_week_operator.py
[2025-10-16T17:41:19.454+0000] {logging_mixin.py:151} INFO - [2025-10-16T17:41:19.454+0000] {dag.py:2941} INFO - Sync 1 DAGs
[2025-10-16T17:41:19.549+0000] {logging_mixin.py:151} INFO - [2025-10-16T17:41:19.548+0000] {dag.py:3722} INFO - Setting next_dagrun for example_weekday_branch_operator to 2025-10-15T00:00:00+00:00, run_after=2025-10-16T00:00:00+00:00
[2025-10-16T17:41:19.636+0000] {processor.py:179} INFO - Processing /home/airflow/.local/lib/python3.8/site-packages/airflow/example_dags/example_branch_day_of_week_operator.py took 0.472 seconds
[2025-10-16T17:41:50.560+0000] {processor.py:157} INFO - Started process (PID=2080) to work on /home/airflow/.local/lib/python3.8/site-packages/airflow/example_dags/example_branch_day_of_week_operator.py
[2025-10-16T17:41:50.562+0000] {processor.py:829} INFO - Processing file /home/airflow/.local/lib/python3.8/site-packages/airflow/example_dags/example_branch_day_of_week_operator.py for tasks to queue
[2025-10-16T17:41:50.569+0000] {logging_mixin.py:151} INFO - [2025-10-16T17:41:50.568+0000] {dagbag.py:536} INFO - Filling up the DagBag from /home/airflow/.local/lib/python3.8/site-packages/airflow/example_dags/example_branch_day_of_week_operator.py
[2025-10-16T17:41:50.595+0000] {processor.py:839} INFO - DAG(s) dict_keys(['example_weekday_branch_operator']) retrieved from /home/airflow/.local/lib/python3.8/site-packages/airflow/example_dags/example_branch_day_of_week_operator.py
[2025-10-16T17:41:50.656+0000] {logging_mixin.py:151} INFO - [2025-10-16T17:41:50.655+0000] {dag.py:2941} INFO - Sync 1 DAGs
[2025-10-16T17:41:50.715+0000] {logging_mixin.py:151} INFO - [2025-10-16T17:41:50.715+0000] {dag.py:3722} INFO - Setting next_dagrun for example_weekday_branch_operator to 2025-10-15T00:00:00+00:00, run_after=2025-10-16T00:00:00+00:00
[2025-10-16T17:41:50.801+0000] {processor.py:179} INFO - Processing /home/airflow/.local/lib/python3.8/site-packages/airflow/example_dags/example_branch_day_of_week_operator.py took 0.251 seconds
[2025-10-16T17:42:20.978+0000] {processor.py:157} INFO - Started process (PID=2139) to work on /home/airflow/.local/lib/python3.8/site-packages/airflow/example_dags/example_branch_day_of_week_operator.py
[2025-10-16T17:42:20.983+0000] {processor.py:829} INFO - Processing file /home/airflow/.local/lib/python3.8/site-packages/airflow/example_dags/example_branch_day_of_week_operator.py for tasks to queue
[2025-10-16T17:42:20.990+0000] {logging_mixin.py:151} INFO - [2025-10-16T17:42:20.989+0000] {dagbag.py:536} INFO - Filling up the DagBag from /home/airflow/.local/lib/python3.8/site-packages/airflow/example_dags/example_branch_day_of_week_operator.py
[2025-10-16T17:42:21.014+0000] {processor.py:839} INFO - DAG(s) dict_keys(['example_weekday_branch_operator']) retrieved from /home/airflow/.local/lib/python3.8/site-packages/airflow/example_dags/example_branch_day_of_week_operator.py
[2025-10-16T17:42:21.081+0000] {logging_mixin.py:151} INFO - [2025-10-16T17:42:21.081+0000] {dag.py:2941} INFO - Sync 1 DAGs
[2025-10-16T17:42:21.188+0000] {logging_mixin.py:151} INFO - [2025-10-16T17:42:21.187+0000] {dag.py:3722} INFO - Setting next_dagrun for example_weekday_branch_operator to 2025-10-15T00:00:00+00:00, run_after=2025-10-16T00:00:00+00:00
[2025-10-16T17:42:21.266+0000] {processor.py:179} INFO - Processing /home/airflow/.local/lib/python3.8/site-packages/airflow/example_dags/example_branch_day_of_week_operator.py took 0.299 seconds
[2025-10-16T17:42:51.549+0000] {processor.py:157} INFO - Started process (PID=2198) to work on /home/airflow/.local/lib/python3.8/site-packages/airflow/example_dags/example_branch_day_of_week_operator.py
[2025-10-16T17:42:51.557+0000] {processor.py:829} INFO - Processing file /home/airflow/.local/lib/python3.8/site-packages/airflow/example_dags/example_branch_day_of_week_operator.py for tasks to queue
[2025-10-16T17:42:51.571+0000] {logging_mixin.py:151} INFO - [2025-10-16T17:42:51.569+0000] {dagbag.py:536} INFO - Filling up the DagBag from /home/airflow/.local/lib/python3.8/site-packages/airflow/example_dags/example_branch_day_of_week_operator.py
[2025-10-16T17:42:51.631+0000] {processor.py:839} INFO - DAG(s) dict_keys(['example_weekday_branch_operator']) retrieved from /home/airflow/.local/lib/python3.8/site-packages/airflow/example_dags/example_branch_day_of_week_operator.py
[2025-10-16T17:42:51.729+0000] {logging_mixin.py:151} INFO - [2025-10-16T17:42:51.729+0000] {dag.py:2941} INFO - Sync 1 DAGs
[2025-10-16T17:42:51.809+0000] {logging_mixin.py:151} INFO - [2025-10-16T17:42:51.808+0000] {dag.py:3722} INFO - Setting next_dagrun for example_weekday_branch_operator to 2025-10-15T00:00:00+00:00, run_after=2025-10-16T00:00:00+00:00
[2025-10-16T17:42:51.853+0000] {processor.py:179} INFO - Processing /home/airflow/.local/lib/python3.8/site-packages/airflow/example_dags/example_branch_day_of_week_operator.py took 0.330 seconds
[2025-10-16T17:43:22.492+0000] {processor.py:157} INFO - Started process (PID=2258) to work on /home/airflow/.local/lib/python3.8/site-packages/airflow/example_dags/example_branch_day_of_week_operator.py
[2025-10-16T17:43:22.499+0000] {processor.py:829} INFO - Processing file /home/airflow/.local/lib/python3.8/site-packages/airflow/example_dags/example_branch_day_of_week_operator.py for tasks to queue
[2025-10-16T17:43:22.513+0000] {logging_mixin.py:151} INFO - [2025-10-16T17:43:22.511+0000] {dagbag.py:536} INFO - Filling up the DagBag from /home/airflow/.local/lib/python3.8/site-packages/airflow/example_dags/example_branch_day_of_week_operator.py
[2025-10-16T17:43:22.569+0000] {processor.py:839} INFO - DAG(s) dict_keys(['example_weekday_branch_operator']) retrieved from /home/airflow/.local/lib/python3.8/site-packages/airflow/example_dags/example_branch_day_of_week_operator.py
[2025-10-16T17:43:22.653+0000] {logging_mixin.py:151} INFO - [2025-10-16T17:43:22.653+0000] {dag.py:2941} INFO - Sync 1 DAGs
[2025-10-16T17:43:22.734+0000] {logging_mixin.py:151} INFO - [2025-10-16T17:43:22.733+0000] {dag.py:3722} INFO - Setting next_dagrun for example_weekday_branch_operator to 2025-10-15T00:00:00+00:00, run_after=2025-10-16T00:00:00+00:00
[2025-10-16T17:43:22.790+0000] {processor.py:179} INFO - Processing /home/airflow/.local/lib/python3.8/site-packages/airflow/example_dags/example_branch_day_of_week_operator.py took 0.319 seconds
[2025-10-16T17:43:53.013+0000] {processor.py:157} INFO - Started process (PID=2317) to work on /home/airflow/.local/lib/python3.8/site-packages/airflow/example_dags/example_branch_day_of_week_operator.py
[2025-10-16T17:43:53.020+0000] {processor.py:829} INFO - Processing file /home/airflow/.local/lib/python3.8/site-packages/airflow/example_dags/example_branch_day_of_week_operator.py for tasks to queue
[2025-10-16T17:43:53.036+0000] {logging_mixin.py:151} INFO - [2025-10-16T17:43:53.033+0000] {dagbag.py:536} INFO - Filling up the DagBag from /home/airflow/.local/lib/python3.8/site-packages/airflow/example_dags/example_branch_day_of_week_operator.py
[2025-10-16T17:43:53.089+0000] {processor.py:839} INFO - DAG(s) dict_keys(['example_weekday_branch_operator']) retrieved from /home/airflow/.local/lib/python3.8/site-packages/airflow/example_dags/example_branch_day_of_week_operator.py
[2025-10-16T17:43:53.212+0000] {logging_mixin.py:151} INFO - [2025-10-16T17:43:53.211+0000] {dag.py:2941} INFO - Sync 1 DAGs
[2025-10-16T17:43:53.368+0000] {logging_mixin.py:151} INFO - [2025-10-16T17:43:53.367+0000] {dag.py:3722} INFO - Setting next_dagrun for example_weekday_branch_operator to 2025-10-15T00:00:00+00:00, run_after=2025-10-16T00:00:00+00:00
[2025-10-16T17:43:53.476+0000] {processor.py:179} INFO - Processing /home/airflow/.local/lib/python3.8/site-packages/airflow/example_dags/example_branch_day_of_week_operator.py took 0.484 seconds
[2025-10-16T17:44:24.068+0000] {processor.py:157} INFO - Started process (PID=2377) to work on /home/airflow/.local/lib/python3.8/site-packages/airflow/example_dags/example_branch_day_of_week_operator.py
[2025-10-16T17:44:24.074+0000] {processor.py:829} INFO - Processing file /home/airflow/.local/lib/python3.8/site-packages/airflow/example_dags/example_branch_day_of_week_operator.py for tasks to queue
[2025-10-16T17:44:24.087+0000] {logging_mixin.py:151} INFO - [2025-10-16T17:44:24.085+0000] {dagbag.py:536} INFO - Filling up the DagBag from /home/airflow/.local/lib/python3.8/site-packages/airflow/example_dags/example_branch_day_of_week_operator.py
[2025-10-16T17:44:24.135+0000] {processor.py:839} INFO - DAG(s) dict_keys(['example_weekday_branch_operator']) retrieved from /home/airflow/.local/lib/python3.8/site-packages/airflow/example_dags/example_branch_day_of_week_operator.py
[2025-10-16T17:44:24.274+0000] {logging_mixin.py:151} INFO - [2025-10-16T17:44:24.273+0000] {dag.py:2941} INFO - Sync 1 DAGs
[2025-10-16T17:44:24.426+0000] {logging_mixin.py:151} INFO - [2025-10-16T17:44:24.425+0000] {dag.py:3722} INFO - Setting next_dagrun for example_weekday_branch_operator to 2025-10-15T00:00:00+00:00, run_after=2025-10-16T00:00:00+00:00
[2025-10-16T17:44:24.796+0000] {processor.py:179} INFO - Processing /home/airflow/.local/lib/python3.8/site-packages/airflow/example_dags/example_branch_day_of_week_operator.py took 0.755 seconds
[2025-10-16T17:44:55.395+0000] {processor.py:157} INFO - Started process (PID=2436) to work on /home/airflow/.local/lib/python3.8/site-packages/airflow/example_dags/example_branch_day_of_week_operator.py
[2025-10-16T17:44:55.403+0000] {processor.py:829} INFO - Processing file /home/airflow/.local/lib/python3.8/site-packages/airflow/example_dags/example_branch_day_of_week_operator.py for tasks to queue
[2025-10-16T17:44:55.419+0000] {logging_mixin.py:151} INFO - [2025-10-16T17:44:55.417+0000] {dagbag.py:536} INFO - Filling up the DagBag from /home/airflow/.local/lib/python3.8/site-packages/airflow/example_dags/example_branch_day_of_week_operator.py
[2025-10-16T17:44:55.490+0000] {processor.py:839} INFO - DAG(s) dict_keys(['example_weekday_branch_operator']) retrieved from /home/airflow/.local/lib/python3.8/site-packages/airflow/example_dags/example_branch_day_of_week_operator.py
[2025-10-16T17:44:55.608+0000] {logging_mixin.py:151} INFO - [2025-10-16T17:44:55.608+0000] {dag.py:2941} INFO - Sync 1 DAGs
[2025-10-16T17:44:55.672+0000] {logging_mixin.py:151} INFO - [2025-10-16T17:44:55.671+0000] {dag.py:3722} INFO - Setting next_dagrun for example_weekday_branch_operator to 2025-10-15T00:00:00+00:00, run_after=2025-10-16T00:00:00+00:00
[2025-10-16T17:44:55.724+0000] {processor.py:179} INFO - Processing /home/airflow/.local/lib/python3.8/site-packages/airflow/example_dags/example_branch_day_of_week_operator.py took 0.359 seconds
[2025-10-16T17:45:26.012+0000] {processor.py:157} INFO - Started process (PID=2496) to work on /home/airflow/.local/lib/python3.8/site-packages/airflow/example_dags/example_branch_day_of_week_operator.py
[2025-10-16T17:45:26.016+0000] {processor.py:829} INFO - Processing file /home/airflow/.local/lib/python3.8/site-packages/airflow/example_dags/example_branch_day_of_week_operator.py for tasks to queue
[2025-10-16T17:45:26.024+0000] {logging_mixin.py:151} INFO - [2025-10-16T17:45:26.023+0000] {dagbag.py:536} INFO - Filling up the DagBag from /home/airflow/.local/lib/python3.8/site-packages/airflow/example_dags/example_branch_day_of_week_operator.py
[2025-10-16T17:45:26.050+0000] {processor.py:839} INFO - DAG(s) dict_keys(['example_weekday_branch_operator']) retrieved from /home/airflow/.local/lib/python3.8/site-packages/airflow/example_dags/example_branch_day_of_week_operator.py
[2025-10-16T17:45:26.108+0000] {logging_mixin.py:151} INFO - [2025-10-16T17:45:26.108+0000] {dag.py:2941} INFO - Sync 1 DAGs
[2025-10-16T17:45:26.184+0000] {logging_mixin.py:151} INFO - [2025-10-16T17:45:26.183+0000] {dag.py:3722} INFO - Setting next_dagrun for example_weekday_branch_operator to 2025-10-15T00:00:00+00:00, run_after=2025-10-16T00:00:00+00:00
[2025-10-16T17:45:26.267+0000] {processor.py:179} INFO - Processing /home/airflow/.local/lib/python3.8/site-packages/airflow/example_dags/example_branch_day_of_week_operator.py took 0.269 seconds
[2025-10-16T17:45:56.923+0000] {processor.py:157} INFO - Started process (PID=2555) to work on /home/airflow/.local/lib/python3.8/site-packages/airflow/example_dags/example_branch_day_of_week_operator.py
[2025-10-16T17:45:56.935+0000] {processor.py:829} INFO - Processing file /home/airflow/.local/lib/python3.8/site-packages/airflow/example_dags/example_branch_day_of_week_operator.py for tasks to queue
[2025-10-16T17:45:56.953+0000] {logging_mixin.py:151} INFO - [2025-10-16T17:45:56.950+0000] {dagbag.py:536} INFO - Filling up the DagBag from /home/airflow/.local/lib/python3.8/site-packages/airflow/example_dags/example_branch_day_of_week_operator.py
[2025-10-16T17:45:56.989+0000] {processor.py:839} INFO - DAG(s) dict_keys(['example_weekday_branch_operator']) retrieved from /home/airflow/.local/lib/python3.8/site-packages/airflow/example_dags/example_branch_day_of_week_operator.py
[2025-10-16T17:45:57.056+0000] {logging_mixin.py:151} INFO - [2025-10-16T17:45:57.056+0000] {dag.py:2941} INFO - Sync 1 DAGs
[2025-10-16T17:45:57.427+0000] {logging_mixin.py:151} INFO - [2025-10-16T17:45:57.427+0000] {dag.py:3722} INFO - Setting next_dagrun for example_weekday_branch_operator to 2025-10-15T00:00:00+00:00, run_after=2025-10-16T00:00:00+00:00
[2025-10-16T17:45:57.470+0000] {processor.py:179} INFO - Processing /home/airflow/.local/lib/python3.8/site-packages/airflow/example_dags/example_branch_day_of_week_operator.py took 0.577 seconds
[2025-10-16T17:46:27.750+0000] {processor.py:157} INFO - Started process (PID=2614) to work on /home/airflow/.local/lib/python3.8/site-packages/airflow/example_dags/example_branch_day_of_week_operator.py
[2025-10-16T17:46:27.756+0000] {processor.py:829} INFO - Processing file /home/airflow/.local/lib/python3.8/site-packages/airflow/example_dags/example_branch_day_of_week_operator.py for tasks to queue
[2025-10-16T17:46:27.763+0000] {logging_mixin.py:151} INFO - [2025-10-16T17:46:27.762+0000] {dagbag.py:536} INFO - Filling up the DagBag from /home/airflow/.local/lib/python3.8/site-packages/airflow/example_dags/example_branch_day_of_week_operator.py
[2025-10-16T17:46:27.789+0000] {processor.py:839} INFO - DAG(s) dict_keys(['example_weekday_branch_operator']) retrieved from /home/airflow/.local/lib/python3.8/site-packages/airflow/example_dags/example_branch_day_of_week_operator.py
[2025-10-16T17:46:27.856+0000] {logging_mixin.py:151} INFO - [2025-10-16T17:46:27.855+0000] {dag.py:2941} INFO - Sync 1 DAGs
[2025-10-16T17:46:27.930+0000] {logging_mixin.py:151} INFO - [2025-10-16T17:46:27.930+0000] {dag.py:3722} INFO - Setting next_dagrun for example_weekday_branch_operator to 2025-10-15T00:00:00+00:00, run_after=2025-10-16T00:00:00+00:00
[2025-10-16T17:46:28.345+0000] {processor.py:179} INFO - Processing /home/airflow/.local/lib/python3.8/site-packages/airflow/example_dags/example_branch_day_of_week_operator.py took 0.606 seconds
[2025-10-16T17:51:58.323+0000] {processor.py:157} INFO - Started process (PID=122) to work on /home/airflow/.local/lib/python3.8/site-packages/airflow/example_dags/example_branch_day_of_week_operator.py
[2025-10-16T17:51:58.328+0000] {processor.py:829} INFO - Processing file /home/airflow/.local/lib/python3.8/site-packages/airflow/example_dags/example_branch_day_of_week_operator.py for tasks to queue
[2025-10-16T17:51:58.335+0000] {logging_mixin.py:151} INFO - [2025-10-16T17:51:58.334+0000] {dagbag.py:536} INFO - Filling up the DagBag from /home/airflow/.local/lib/python3.8/site-packages/airflow/example_dags/example_branch_day_of_week_operator.py
[2025-10-16T17:51:58.364+0000] {processor.py:839} INFO - DAG(s) dict_keys(['example_weekday_branch_operator']) retrieved from /home/airflow/.local/lib/python3.8/site-packages/airflow/example_dags/example_branch_day_of_week_operator.py
[2025-10-16T17:51:58.444+0000] {logging_mixin.py:151} INFO - [2025-10-16T17:51:58.444+0000] {dag.py:2941} INFO - Sync 1 DAGs
[2025-10-16T17:51:58.544+0000] {logging_mixin.py:151} INFO - [2025-10-16T17:51:58.543+0000] {dag.py:3722} INFO - Setting next_dagrun for example_weekday_branch_operator to 2025-10-15T00:00:00+00:00, run_after=2025-10-16T00:00:00+00:00
[2025-10-16T17:51:58.612+0000] {processor.py:179} INFO - Processing /home/airflow/.local/lib/python3.8/site-packages/airflow/example_dags/example_branch_day_of_week_operator.py took 0.298 seconds
[2025-10-16T17:52:32.616+0000] {processor.py:157} INFO - Started process (PID=188) to work on /home/airflow/.local/lib/python3.8/site-packages/airflow/example_dags/example_branch_day_of_week_operator.py
[2025-10-16T17:52:32.619+0000] {processor.py:829} INFO - Processing file /home/airflow/.local/lib/python3.8/site-packages/airflow/example_dags/example_branch_day_of_week_operator.py for tasks to queue
[2025-10-16T17:52:32.624+0000] {logging_mixin.py:151} INFO - [2025-10-16T17:52:32.624+0000] {dagbag.py:536} INFO - Filling up the DagBag from /home/airflow/.local/lib/python3.8/site-packages/airflow/example_dags/example_branch_day_of_week_operator.py
[2025-10-16T17:52:32.643+0000] {processor.py:839} INFO - DAG(s) dict_keys(['example_weekday_branch_operator']) retrieved from /home/airflow/.local/lib/python3.8/site-packages/airflow/example_dags/example_branch_day_of_week_operator.py
[2025-10-16T17:52:32.697+0000] {logging_mixin.py:151} INFO - [2025-10-16T17:52:32.696+0000] {dag.py:2941} INFO - Sync 1 DAGs
[2025-10-16T17:52:32.781+0000] {logging_mixin.py:151} INFO - [2025-10-16T17:52:32.781+0000] {dag.py:3722} INFO - Setting next_dagrun for example_weekday_branch_operator to 2025-10-15T00:00:00+00:00, run_after=2025-10-16T00:00:00+00:00
[2025-10-16T17:52:32.828+0000] {processor.py:179} INFO - Processing /home/airflow/.local/lib/python3.8/site-packages/airflow/example_dags/example_branch_day_of_week_operator.py took 0.220 seconds
[2025-10-16T17:53:03.521+0000] {processor.py:157} INFO - Started process (PID=247) to work on /home/airflow/.local/lib/python3.8/site-packages/airflow/example_dags/example_branch_day_of_week_operator.py
[2025-10-16T17:53:03.526+0000] {processor.py:829} INFO - Processing file /home/airflow/.local/lib/python3.8/site-packages/airflow/example_dags/example_branch_day_of_week_operator.py for tasks to queue
[2025-10-16T17:53:03.533+0000] {logging_mixin.py:151} INFO - [2025-10-16T17:53:03.532+0000] {dagbag.py:536} INFO - Filling up the DagBag from /home/airflow/.local/lib/python3.8/site-packages/airflow/example_dags/example_branch_day_of_week_operator.py
[2025-10-16T17:53:03.574+0000] {processor.py:839} INFO - DAG(s) dict_keys(['example_weekday_branch_operator']) retrieved from /home/airflow/.local/lib/python3.8/site-packages/airflow/example_dags/example_branch_day_of_week_operator.py
[2025-10-16T17:53:03.636+0000] {logging_mixin.py:151} INFO - [2025-10-16T17:53:03.635+0000] {dag.py:2941} INFO - Sync 1 DAGs
[2025-10-16T17:53:03.702+0000] {logging_mixin.py:151} INFO - [2025-10-16T17:53:03.702+0000] {dag.py:3722} INFO - Setting next_dagrun for example_weekday_branch_operator to 2025-10-15T00:00:00+00:00, run_after=2025-10-16T00:00:00+00:00
[2025-10-16T17:53:03.749+0000] {processor.py:179} INFO - Processing /home/airflow/.local/lib/python3.8/site-packages/airflow/example_dags/example_branch_day_of_week_operator.py took 0.237 seconds
[2025-10-16T17:53:35.583+0000] {processor.py:157} INFO - Started process (PID=306) to work on /home/airflow/.local/lib/python3.8/site-packages/airflow/example_dags/example_branch_day_of_week_operator.py
[2025-10-16T17:53:35.586+0000] {processor.py:829} INFO - Processing file /home/airflow/.local/lib/python3.8/site-packages/airflow/example_dags/example_branch_day_of_week_operator.py for tasks to queue
[2025-10-16T17:53:35.592+0000] {logging_mixin.py:151} INFO - [2025-10-16T17:53:35.592+0000] {dagbag.py:536} INFO - Filling up the DagBag from /home/airflow/.local/lib/python3.8/site-packages/airflow/example_dags/example_branch_day_of_week_operator.py
[2025-10-16T17:53:35.618+0000] {processor.py:839} INFO - DAG(s) dict_keys(['example_weekday_branch_operator']) retrieved from /home/airflow/.local/lib/python3.8/site-packages/airflow/example_dags/example_branch_day_of_week_operator.py
[2025-10-16T17:53:35.685+0000] {logging_mixin.py:151} INFO - [2025-10-16T17:53:35.685+0000] {dag.py:2941} INFO - Sync 1 DAGs
[2025-10-16T17:53:35.778+0000] {logging_mixin.py:151} INFO - [2025-10-16T17:53:35.778+0000] {dag.py:3722} INFO - Setting next_dagrun for example_weekday_branch_operator to 2025-10-15T00:00:00+00:00, run_after=2025-10-16T00:00:00+00:00
[2025-10-16T17:53:35.831+0000] {processor.py:179} INFO - Processing /home/airflow/.local/lib/python3.8/site-packages/airflow/example_dags/example_branch_day_of_week_operator.py took 0.258 seconds
[2025-10-16T17:54:06.127+0000] {processor.py:157} INFO - Started process (PID=365) to work on /home/airflow/.local/lib/python3.8/site-packages/airflow/example_dags/example_branch_day_of_week_operator.py
[2025-10-16T17:54:06.131+0000] {processor.py:829} INFO - Processing file /home/airflow/.local/lib/python3.8/site-packages/airflow/example_dags/example_branch_day_of_week_operator.py for tasks to queue
[2025-10-16T17:54:06.137+0000] {logging_mixin.py:151} INFO - [2025-10-16T17:54:06.137+0000] {dagbag.py:536} INFO - Filling up the DagBag from /home/airflow/.local/lib/python3.8/site-packages/airflow/example_dags/example_branch_day_of_week_operator.py
[2025-10-16T17:54:06.159+0000] {processor.py:839} INFO - DAG(s) dict_keys(['example_weekday_branch_operator']) retrieved from /home/airflow/.local/lib/python3.8/site-packages/airflow/example_dags/example_branch_day_of_week_operator.py
[2025-10-16T17:54:06.221+0000] {logging_mixin.py:151} INFO - [2025-10-16T17:54:06.220+0000] {dag.py:2941} INFO - Sync 1 DAGs
[2025-10-16T17:54:06.296+0000] {logging_mixin.py:151} INFO - [2025-10-16T17:54:06.296+0000] {dag.py:3722} INFO - Setting next_dagrun for example_weekday_branch_operator to 2025-10-15T00:00:00+00:00, run_after=2025-10-16T00:00:00+00:00
[2025-10-16T17:54:06.353+0000] {processor.py:179} INFO - Processing /home/airflow/.local/lib/python3.8/site-packages/airflow/example_dags/example_branch_day_of_week_operator.py took 0.238 seconds
[2025-10-16T17:54:40.248+0000] {processor.py:157} INFO - Started process (PID=424) to work on /home/airflow/.local/lib/python3.8/site-packages/airflow/example_dags/example_branch_day_of_week_operator.py
[2025-10-16T17:54:40.250+0000] {processor.py:829} INFO - Processing file /home/airflow/.local/lib/python3.8/site-packages/airflow/example_dags/example_branch_day_of_week_operator.py for tasks to queue
[2025-10-16T17:54:40.257+0000] {logging_mixin.py:151} INFO - [2025-10-16T17:54:40.256+0000] {dagbag.py:536} INFO - Filling up the DagBag from /home/airflow/.local/lib/python3.8/site-packages/airflow/example_dags/example_branch_day_of_week_operator.py
[2025-10-16T17:54:40.278+0000] {processor.py:839} INFO - DAG(s) dict_keys(['example_weekday_branch_operator']) retrieved from /home/airflow/.local/lib/python3.8/site-packages/airflow/example_dags/example_branch_day_of_week_operator.py
[2025-10-16T17:54:40.336+0000] {logging_mixin.py:151} INFO - [2025-10-16T17:54:40.335+0000] {dag.py:2941} INFO - Sync 1 DAGs
[2025-10-16T17:54:40.392+0000] {logging_mixin.py:151} INFO - [2025-10-16T17:54:40.392+0000] {dag.py:3722} INFO - Setting next_dagrun for example_weekday_branch_operator to 2025-10-15T00:00:00+00:00, run_after=2025-10-16T00:00:00+00:00
[2025-10-16T17:54:40.462+0000] {processor.py:179} INFO - Processing /home/airflow/.local/lib/python3.8/site-packages/airflow/example_dags/example_branch_day_of_week_operator.py took 0.222 seconds
[2025-10-16T17:55:11.891+0000] {processor.py:157} INFO - Started process (PID=484) to work on /home/airflow/.local/lib/python3.8/site-packages/airflow/example_dags/example_branch_day_of_week_operator.py
[2025-10-16T17:55:11.896+0000] {processor.py:829} INFO - Processing file /home/airflow/.local/lib/python3.8/site-packages/airflow/example_dags/example_branch_day_of_week_operator.py for tasks to queue
[2025-10-16T17:55:11.910+0000] {logging_mixin.py:151} INFO - [2025-10-16T17:55:11.909+0000] {dagbag.py:536} INFO - Filling up the DagBag from /home/airflow/.local/lib/python3.8/site-packages/airflow/example_dags/example_branch_day_of_week_operator.py
[2025-10-16T17:55:11.965+0000] {processor.py:839} INFO - DAG(s) dict_keys(['example_weekday_branch_operator']) retrieved from /home/airflow/.local/lib/python3.8/site-packages/airflow/example_dags/example_branch_day_of_week_operator.py
[2025-10-16T17:55:12.070+0000] {logging_mixin.py:151} INFO - [2025-10-16T17:55:12.069+0000] {dag.py:2941} INFO - Sync 1 DAGs
[2025-10-16T17:55:12.158+0000] {logging_mixin.py:151} INFO - [2025-10-16T17:55:12.157+0000] {dag.py:3722} INFO - Setting next_dagrun for example_weekday_branch_operator to 2025-10-15T00:00:00+00:00, run_after=2025-10-16T00:00:00+00:00
[2025-10-16T17:55:12.240+0000] {processor.py:179} INFO - Processing /home/airflow/.local/lib/python3.8/site-packages/airflow/example_dags/example_branch_day_of_week_operator.py took 0.369 seconds
[2025-10-16T17:55:42.751+0000] {processor.py:157} INFO - Started process (PID=543) to work on /home/airflow/.local/lib/python3.8/site-packages/airflow/example_dags/example_branch_day_of_week_operator.py
[2025-10-16T17:55:42.754+0000] {processor.py:829} INFO - Processing file /home/airflow/.local/lib/python3.8/site-packages/airflow/example_dags/example_branch_day_of_week_operator.py for tasks to queue
[2025-10-16T17:55:42.761+0000] {logging_mixin.py:151} INFO - [2025-10-16T17:55:42.760+0000] {dagbag.py:536} INFO - Filling up the DagBag from /home/airflow/.local/lib/python3.8/site-packages/airflow/example_dags/example_branch_day_of_week_operator.py
[2025-10-16T17:55:42.787+0000] {processor.py:839} INFO - DAG(s) dict_keys(['example_weekday_branch_operator']) retrieved from /home/airflow/.local/lib/python3.8/site-packages/airflow/example_dags/example_branch_day_of_week_operator.py
[2025-10-16T17:55:42.846+0000] {logging_mixin.py:151} INFO - [2025-10-16T17:55:42.845+0000] {dag.py:2941} INFO - Sync 1 DAGs
[2025-10-16T17:55:42.924+0000] {logging_mixin.py:151} INFO - [2025-10-16T17:55:42.923+0000] {dag.py:3722} INFO - Setting next_dagrun for example_weekday_branch_operator to 2025-10-15T00:00:00+00:00, run_after=2025-10-16T00:00:00+00:00
[2025-10-16T17:55:42.985+0000] {processor.py:179} INFO - Processing /home/airflow/.local/lib/python3.8/site-packages/airflow/example_dags/example_branch_day_of_week_operator.py took 0.248 seconds
[2025-10-16T17:56:14.995+0000] {processor.py:157} INFO - Started process (PID=602) to work on /home/airflow/.local/lib/python3.8/site-packages/airflow/example_dags/example_branch_day_of_week_operator.py
[2025-10-16T17:56:14.998+0000] {processor.py:829} INFO - Processing file /home/airflow/.local/lib/python3.8/site-packages/airflow/example_dags/example_branch_day_of_week_operator.py for tasks to queue
[2025-10-16T17:56:15.004+0000] {logging_mixin.py:151} INFO - [2025-10-16T17:56:15.003+0000] {dagbag.py:536} INFO - Filling up the DagBag from /home/airflow/.local/lib/python3.8/site-packages/airflow/example_dags/example_branch_day_of_week_operator.py
[2025-10-16T17:56:15.025+0000] {processor.py:839} INFO - DAG(s) dict_keys(['example_weekday_branch_operator']) retrieved from /home/airflow/.local/lib/python3.8/site-packages/airflow/example_dags/example_branch_day_of_week_operator.py
[2025-10-16T17:56:15.099+0000] {logging_mixin.py:151} INFO - [2025-10-16T17:56:15.098+0000] {dag.py:2941} INFO - Sync 1 DAGs
[2025-10-16T17:56:15.158+0000] {logging_mixin.py:151} INFO - [2025-10-16T17:56:15.157+0000] {dag.py:3722} INFO - Setting next_dagrun for example_weekday_branch_operator to 2025-10-15T00:00:00+00:00, run_after=2025-10-16T00:00:00+00:00
[2025-10-16T17:56:15.202+0000] {processor.py:179} INFO - Processing /home/airflow/.local/lib/python3.8/site-packages/airflow/example_dags/example_branch_day_of_week_operator.py took 0.218 seconds
[2025-10-16T17:56:50.221+0000] {processor.py:157} INFO - Started process (PID=665) to work on /home/airflow/.local/lib/python3.8/site-packages/airflow/example_dags/example_branch_day_of_week_operator.py
[2025-10-16T17:56:50.225+0000] {processor.py:829} INFO - Processing file /home/airflow/.local/lib/python3.8/site-packages/airflow/example_dags/example_branch_day_of_week_operator.py for tasks to queue
[2025-10-16T17:56:50.231+0000] {logging_mixin.py:151} INFO - [2025-10-16T17:56:50.230+0000] {dagbag.py:536} INFO - Filling up the DagBag from /home/airflow/.local/lib/python3.8/site-packages/airflow/example_dags/example_branch_day_of_week_operator.py
[2025-10-16T17:56:50.251+0000] {processor.py:839} INFO - DAG(s) dict_keys(['example_weekday_branch_operator']) retrieved from /home/airflow/.local/lib/python3.8/site-packages/airflow/example_dags/example_branch_day_of_week_operator.py
[2025-10-16T17:56:50.311+0000] {logging_mixin.py:151} INFO - [2025-10-16T17:56:50.311+0000] {dag.py:2941} INFO - Sync 1 DAGs
[2025-10-16T17:56:50.369+0000] {logging_mixin.py:151} INFO - [2025-10-16T17:56:50.369+0000] {dag.py:3722} INFO - Setting next_dagrun for example_weekday_branch_operator to 2025-10-15T00:00:00+00:00, run_after=2025-10-16T00:00:00+00:00
[2025-10-16T17:56:50.520+0000] {processor.py:179} INFO - Processing /home/airflow/.local/lib/python3.8/site-packages/airflow/example_dags/example_branch_day_of_week_operator.py took 0.308 seconds
[2025-10-16T17:57:21.549+0000] {processor.py:157} INFO - Started process (PID=724) to work on /home/airflow/.local/lib/python3.8/site-packages/airflow/example_dags/example_branch_day_of_week_operator.py
[2025-10-16T17:57:21.554+0000] {processor.py:829} INFO - Processing file /home/airflow/.local/lib/python3.8/site-packages/airflow/example_dags/example_branch_day_of_week_operator.py for tasks to queue
[2025-10-16T17:57:21.567+0000] {logging_mixin.py:151} INFO - [2025-10-16T17:57:21.565+0000] {dagbag.py:536} INFO - Filling up the DagBag from /home/airflow/.local/lib/python3.8/site-packages/airflow/example_dags/example_branch_day_of_week_operator.py
[2025-10-16T17:57:21.616+0000] {processor.py:839} INFO - DAG(s) dict_keys(['example_weekday_branch_operator']) retrieved from /home/airflow/.local/lib/python3.8/site-packages/airflow/example_dags/example_branch_day_of_week_operator.py
[2025-10-16T17:57:21.692+0000] {logging_mixin.py:151} INFO - [2025-10-16T17:57:21.691+0000] {dag.py:2941} INFO - Sync 1 DAGs
[2025-10-16T17:57:21.775+0000] {logging_mixin.py:151} INFO - [2025-10-16T17:57:21.775+0000] {dag.py:3722} INFO - Setting next_dagrun for example_weekday_branch_operator to 2025-10-15T00:00:00+00:00, run_after=2025-10-16T00:00:00+00:00
[2025-10-16T17:57:21.840+0000] {processor.py:179} INFO - Processing /home/airflow/.local/lib/python3.8/site-packages/airflow/example_dags/example_branch_day_of_week_operator.py took 0.309 seconds
[2025-10-16T17:57:52.176+0000] {processor.py:157} INFO - Started process (PID=783) to work on /home/airflow/.local/lib/python3.8/site-packages/airflow/example_dags/example_branch_day_of_week_operator.py
[2025-10-16T17:57:52.178+0000] {processor.py:829} INFO - Processing file /home/airflow/.local/lib/python3.8/site-packages/airflow/example_dags/example_branch_day_of_week_operator.py for tasks to queue
[2025-10-16T17:57:52.184+0000] {logging_mixin.py:151} INFO - [2025-10-16T17:57:52.183+0000] {dagbag.py:536} INFO - Filling up the DagBag from /home/airflow/.local/lib/python3.8/site-packages/airflow/example_dags/example_branch_day_of_week_operator.py
[2025-10-16T17:57:52.203+0000] {processor.py:839} INFO - DAG(s) dict_keys(['example_weekday_branch_operator']) retrieved from /home/airflow/.local/lib/python3.8/site-packages/airflow/example_dags/example_branch_day_of_week_operator.py
[2025-10-16T17:57:52.258+0000] {logging_mixin.py:151} INFO - [2025-10-16T17:57:52.258+0000] {dag.py:2941} INFO - Sync 1 DAGs
[2025-10-16T17:57:52.325+0000] {logging_mixin.py:151} INFO - [2025-10-16T17:57:52.325+0000] {dag.py:3722} INFO - Setting next_dagrun for example_weekday_branch_operator to 2025-10-15T00:00:00+00:00, run_after=2025-10-16T00:00:00+00:00
[2025-10-16T17:57:52.366+0000] {processor.py:179} INFO - Processing /home/airflow/.local/lib/python3.8/site-packages/airflow/example_dags/example_branch_day_of_week_operator.py took 0.198 seconds
[2025-10-16T17:58:23.860+0000] {processor.py:157} INFO - Started process (PID=842) to work on /home/airflow/.local/lib/python3.8/site-packages/airflow/example_dags/example_branch_day_of_week_operator.py
[2025-10-16T17:58:23.864+0000] {processor.py:829} INFO - Processing file /home/airflow/.local/lib/python3.8/site-packages/airflow/example_dags/example_branch_day_of_week_operator.py for tasks to queue
[2025-10-16T17:58:23.872+0000] {logging_mixin.py:151} INFO - [2025-10-16T17:58:23.871+0000] {dagbag.py:536} INFO - Filling up the DagBag from /home/airflow/.local/lib/python3.8/site-packages/airflow/example_dags/example_branch_day_of_week_operator.py
[2025-10-16T17:58:23.895+0000] {processor.py:839} INFO - DAG(s) dict_keys(['example_weekday_branch_operator']) retrieved from /home/airflow/.local/lib/python3.8/site-packages/airflow/example_dags/example_branch_day_of_week_operator.py
[2025-10-16T17:58:23.953+0000] {logging_mixin.py:151} INFO - [2025-10-16T17:58:23.952+0000] {dag.py:2941} INFO - Sync 1 DAGs
[2025-10-16T17:58:24.011+0000] {logging_mixin.py:151} INFO - [2025-10-16T17:58:24.010+0000] {dag.py:3722} INFO - Setting next_dagrun for example_weekday_branch_operator to 2025-10-15T00:00:00+00:00, run_after=2025-10-16T00:00:00+00:00
[2025-10-16T17:58:24.063+0000] {processor.py:179} INFO - Processing /home/airflow/.local/lib/python3.8/site-packages/airflow/example_dags/example_branch_day_of_week_operator.py took 0.215 seconds
[2025-10-16T17:58:57.145+0000] {processor.py:157} INFO - Started process (PID=903) to work on /home/airflow/.local/lib/python3.8/site-packages/airflow/example_dags/example_branch_day_of_week_operator.py
[2025-10-16T17:58:57.148+0000] {processor.py:829} INFO - Processing file /home/airflow/.local/lib/python3.8/site-packages/airflow/example_dags/example_branch_day_of_week_operator.py for tasks to queue
[2025-10-16T17:58:57.156+0000] {logging_mixin.py:151} INFO - [2025-10-16T17:58:57.155+0000] {dagbag.py:536} INFO - Filling up the DagBag from /home/airflow/.local/lib/python3.8/site-packages/airflow/example_dags/example_branch_day_of_week_operator.py
[2025-10-16T17:58:57.181+0000] {processor.py:839} INFO - DAG(s) dict_keys(['example_weekday_branch_operator']) retrieved from /home/airflow/.local/lib/python3.8/site-packages/airflow/example_dags/example_branch_day_of_week_operator.py
[2025-10-16T17:58:57.249+0000] {logging_mixin.py:151} INFO - [2025-10-16T17:58:57.248+0000] {dag.py:2941} INFO - Sync 1 DAGs
[2025-10-16T17:58:57.327+0000] {logging_mixin.py:151} INFO - [2025-10-16T17:58:57.327+0000] {dag.py:3722} INFO - Setting next_dagrun for example_weekday_branch_operator to 2025-10-15T00:00:00+00:00, run_after=2025-10-16T00:00:00+00:00
[2025-10-16T17:58:57.939+0000] {processor.py:179} INFO - Processing /home/airflow/.local/lib/python3.8/site-packages/airflow/example_dags/example_branch_day_of_week_operator.py took 0.809 seconds
[2025-10-16T17:59:28.490+0000] {processor.py:157} INFO - Started process (PID=962) to work on /home/airflow/.local/lib/python3.8/site-packages/airflow/example_dags/example_branch_day_of_week_operator.py
[2025-10-16T17:59:28.495+0000] {processor.py:829} INFO - Processing file /home/airflow/.local/lib/python3.8/site-packages/airflow/example_dags/example_branch_day_of_week_operator.py for tasks to queue
[2025-10-16T17:59:28.504+0000] {logging_mixin.py:151} INFO - [2025-10-16T17:59:28.502+0000] {dagbag.py:536} INFO - Filling up the DagBag from /home/airflow/.local/lib/python3.8/site-packages/airflow/example_dags/example_branch_day_of_week_operator.py
[2025-10-16T17:59:28.535+0000] {processor.py:839} INFO - DAG(s) dict_keys(['example_weekday_branch_operator']) retrieved from /home/airflow/.local/lib/python3.8/site-packages/airflow/example_dags/example_branch_day_of_week_operator.py
[2025-10-16T17:59:28.625+0000] {logging_mixin.py:151} INFO - [2025-10-16T17:59:28.624+0000] {dag.py:2941} INFO - Sync 1 DAGs
[2025-10-16T17:59:28.723+0000] {logging_mixin.py:151} INFO - [2025-10-16T17:59:28.722+0000] {dag.py:3722} INFO - Setting next_dagrun for example_weekday_branch_operator to 2025-10-15T00:00:00+00:00, run_after=2025-10-16T00:00:00+00:00
[2025-10-16T17:59:28.793+0000] {processor.py:179} INFO - Processing /home/airflow/.local/lib/python3.8/site-packages/airflow/example_dags/example_branch_day_of_week_operator.py took 0.315 seconds
[2025-10-16T18:00:01.421+0000] {processor.py:157} INFO - Started process (PID=1021) to work on /home/airflow/.local/lib/python3.8/site-packages/airflow/example_dags/example_branch_day_of_week_operator.py
[2025-10-16T18:00:01.426+0000] {processor.py:829} INFO - Processing file /home/airflow/.local/lib/python3.8/site-packages/airflow/example_dags/example_branch_day_of_week_operator.py for tasks to queue
[2025-10-16T18:00:01.445+0000] {logging_mixin.py:151} INFO - [2025-10-16T18:00:01.443+0000] {dagbag.py:536} INFO - Filling up the DagBag from /home/airflow/.local/lib/python3.8/site-packages/airflow/example_dags/example_branch_day_of_week_operator.py
[2025-10-16T18:00:01.493+0000] {processor.py:839} INFO - DAG(s) dict_keys(['example_weekday_branch_operator']) retrieved from /home/airflow/.local/lib/python3.8/site-packages/airflow/example_dags/example_branch_day_of_week_operator.py
[2025-10-16T18:00:01.637+0000] {logging_mixin.py:151} INFO - [2025-10-16T18:00:01.636+0000] {dag.py:2941} INFO - Sync 1 DAGs
[2025-10-16T18:00:01.806+0000] {logging_mixin.py:151} INFO - [2025-10-16T18:00:01.805+0000] {dag.py:3722} INFO - Setting next_dagrun for example_weekday_branch_operator to 2025-10-15T00:00:00+00:00, run_after=2025-10-16T00:00:00+00:00
[2025-10-16T18:00:01.913+0000] {processor.py:179} INFO - Processing /home/airflow/.local/lib/python3.8/site-packages/airflow/example_dags/example_branch_day_of_week_operator.py took 0.514 seconds
[2025-10-16T18:00:33.546+0000] {processor.py:157} INFO - Started process (PID=1080) to work on /home/airflow/.local/lib/python3.8/site-packages/airflow/example_dags/example_branch_day_of_week_operator.py
[2025-10-16T18:00:33.550+0000] {processor.py:829} INFO - Processing file /home/airflow/.local/lib/python3.8/site-packages/airflow/example_dags/example_branch_day_of_week_operator.py for tasks to queue
[2025-10-16T18:00:33.557+0000] {logging_mixin.py:151} INFO - [2025-10-16T18:00:33.555+0000] {dagbag.py:536} INFO - Filling up the DagBag from /home/airflow/.local/lib/python3.8/site-packages/airflow/example_dags/example_branch_day_of_week_operator.py
[2025-10-16T18:00:33.591+0000] {processor.py:839} INFO - DAG(s) dict_keys(['example_weekday_branch_operator']) retrieved from /home/airflow/.local/lib/python3.8/site-packages/airflow/example_dags/example_branch_day_of_week_operator.py
[2025-10-16T18:00:33.696+0000] {logging_mixin.py:151} INFO - [2025-10-16T18:00:33.695+0000] {dag.py:2941} INFO - Sync 1 DAGs
[2025-10-16T18:00:33.827+0000] {logging_mixin.py:151} INFO - [2025-10-16T18:00:33.826+0000] {dag.py:3722} INFO - Setting next_dagrun for example_weekday_branch_operator to 2025-10-15T00:00:00+00:00, run_after=2025-10-16T00:00:00+00:00
[2025-10-16T18:00:34.399+0000] {processor.py:179} INFO - Processing /home/airflow/.local/lib/python3.8/site-packages/airflow/example_dags/example_branch_day_of_week_operator.py took 0.865 seconds
[2025-10-16T18:01:04.521+0000] {processor.py:157} INFO - Started process (PID=1139) to work on /home/airflow/.local/lib/python3.8/site-packages/airflow/example_dags/example_branch_day_of_week_operator.py
[2025-10-16T18:01:04.524+0000] {processor.py:829} INFO - Processing file /home/airflow/.local/lib/python3.8/site-packages/airflow/example_dags/example_branch_day_of_week_operator.py for tasks to queue
[2025-10-16T18:01:04.530+0000] {logging_mixin.py:151} INFO - [2025-10-16T18:01:04.530+0000] {dagbag.py:536} INFO - Filling up the DagBag from /home/airflow/.local/lib/python3.8/site-packages/airflow/example_dags/example_branch_day_of_week_operator.py
[2025-10-16T18:01:04.551+0000] {processor.py:839} INFO - DAG(s) dict_keys(['example_weekday_branch_operator']) retrieved from /home/airflow/.local/lib/python3.8/site-packages/airflow/example_dags/example_branch_day_of_week_operator.py
[2025-10-16T18:01:04.601+0000] {logging_mixin.py:151} INFO - [2025-10-16T18:01:04.601+0000] {dag.py:2941} INFO - Sync 1 DAGs
[2025-10-16T18:01:04.670+0000] {logging_mixin.py:151} INFO - [2025-10-16T18:01:04.669+0000] {dag.py:3722} INFO - Setting next_dagrun for example_weekday_branch_operator to 2025-10-15T00:00:00+00:00, run_after=2025-10-16T00:00:00+00:00
[2025-10-16T18:01:04.740+0000] {processor.py:179} INFO - Processing /home/airflow/.local/lib/python3.8/site-packages/airflow/example_dags/example_branch_day_of_week_operator.py took 0.231 seconds
[2025-10-16T18:02:18.165+0000] {processor.py:157} INFO - Started process (PID=1241) to work on /home/airflow/.local/lib/python3.8/site-packages/airflow/example_dags/example_branch_day_of_week_operator.py
[2025-10-16T18:02:18.169+0000] {processor.py:829} INFO - Processing file /home/airflow/.local/lib/python3.8/site-packages/airflow/example_dags/example_branch_day_of_week_operator.py for tasks to queue
[2025-10-16T18:02:18.177+0000] {logging_mixin.py:151} INFO - [2025-10-16T18:02:18.176+0000] {dagbag.py:536} INFO - Filling up the DagBag from /home/airflow/.local/lib/python3.8/site-packages/airflow/example_dags/example_branch_day_of_week_operator.py
[2025-10-16T18:02:18.200+0000] {processor.py:839} INFO - DAG(s) dict_keys(['example_weekday_branch_operator']) retrieved from /home/airflow/.local/lib/python3.8/site-packages/airflow/example_dags/example_branch_day_of_week_operator.py
[2025-10-16T18:02:18.269+0000] {logging_mixin.py:151} INFO - [2025-10-16T18:02:18.268+0000] {dag.py:2941} INFO - Sync 1 DAGs
[2025-10-16T18:02:18.333+0000] {logging_mixin.py:151} INFO - [2025-10-16T18:02:18.333+0000] {dag.py:3722} INFO - Setting next_dagrun for example_weekday_branch_operator to 2025-10-15T00:00:00+00:00, run_after=2025-10-16T00:00:00+00:00
[2025-10-16T18:02:18.385+0000] {processor.py:179} INFO - Processing /home/airflow/.local/lib/python3.8/site-packages/airflow/example_dags/example_branch_day_of_week_operator.py took 0.233 seconds
[2025-10-16T18:02:56.240+0000] {processor.py:157} INFO - Started process (PID=1301) to work on /home/airflow/.local/lib/python3.8/site-packages/airflow/example_dags/example_branch_day_of_week_operator.py
[2025-10-16T18:02:56.243+0000] {processor.py:829} INFO - Processing file /home/airflow/.local/lib/python3.8/site-packages/airflow/example_dags/example_branch_day_of_week_operator.py for tasks to queue
[2025-10-16T18:02:56.248+0000] {logging_mixin.py:151} INFO - [2025-10-16T18:02:56.248+0000] {dagbag.py:536} INFO - Filling up the DagBag from /home/airflow/.local/lib/python3.8/site-packages/airflow/example_dags/example_branch_day_of_week_operator.py
[2025-10-16T18:02:56.270+0000] {processor.py:839} INFO - DAG(s) dict_keys(['example_weekday_branch_operator']) retrieved from /home/airflow/.local/lib/python3.8/site-packages/airflow/example_dags/example_branch_day_of_week_operator.py
[2025-10-16T18:02:56.653+0000] {logging_mixin.py:151} INFO - [2025-10-16T18:02:56.652+0000] {dag.py:2941} INFO - Sync 1 DAGs
[2025-10-16T18:02:56.723+0000] {logging_mixin.py:151} INFO - [2025-10-16T18:02:56.722+0000] {dag.py:3722} INFO - Setting next_dagrun for example_weekday_branch_operator to 2025-10-15T00:00:00+00:00, run_after=2025-10-16T00:00:00+00:00
[2025-10-16T18:02:56.805+0000] {processor.py:179} INFO - Processing /home/airflow/.local/lib/python3.8/site-packages/airflow/example_dags/example_branch_day_of_week_operator.py took 0.574 seconds
