[2025-10-16T17:24:41.087+0000] {processor.py:157} INFO - Started process (PID=124) to work on /home/airflow/.local/lib/python3.8/site-packages/airflow/example_dags/example_complex.py
[2025-10-16T17:24:41.100+0000] {processor.py:829} INFO - Processing file /home/airflow/.local/lib/python3.8/site-packages/airflow/example_dags/example_complex.py for tasks to queue
[2025-10-16T17:24:41.121+0000] {logging_mixin.py:151} INFO - [2025-10-16T17:24:41.120+0000] {dagbag.py:536} INFO - Filling up the DagBag from /home/airflow/.local/lib/python3.8/site-packages/airflow/example_dags/example_complex.py
[2025-10-16T17:24:41.225+0000] {processor.py:839} INFO - DAG(s) dict_keys(['example_complex']) retrieved from /home/airflow/.local/lib/python3.8/site-packages/airflow/example_dags/example_complex.py
[2025-10-16T17:24:41.535+0000] {logging_mixin.py:151} INFO - [2025-10-16T17:24:41.525+0000] {dag.py:2941} INFO - Sync 1 DAGs
[2025-10-16T17:24:41.638+0000] {logging_mixin.py:151} INFO - [2025-10-16T17:24:41.638+0000] {dag.py:3722} INFO - Setting next_dagrun for example_complex to None, run_after=None
[2025-10-16T17:24:41.766+0000] {processor.py:179} INFO - Processing /home/airflow/.local/lib/python3.8/site-packages/airflow/example_dags/example_complex.py took 0.700 seconds
[2025-10-16T17:25:12.309+0000] {processor.py:157} INFO - Started process (PID=183) to work on /home/airflow/.local/lib/python3.8/site-packages/airflow/example_dags/example_complex.py
[2025-10-16T17:25:12.313+0000] {processor.py:829} INFO - Processing file /home/airflow/.local/lib/python3.8/site-packages/airflow/example_dags/example_complex.py for tasks to queue
[2025-10-16T17:25:12.324+0000] {logging_mixin.py:151} INFO - [2025-10-16T17:25:12.323+0000] {dagbag.py:536} INFO - Filling up the DagBag from /home/airflow/.local/lib/python3.8/site-packages/airflow/example_dags/example_complex.py
[2025-10-16T17:25:12.377+0000] {processor.py:839} INFO - DAG(s) dict_keys(['example_complex']) retrieved from /home/airflow/.local/lib/python3.8/site-packages/airflow/example_dags/example_complex.py
[2025-10-16T17:25:12.633+0000] {logging_mixin.py:151} INFO - [2025-10-16T17:25:12.633+0000] {dag.py:2941} INFO - Sync 1 DAGs
[2025-10-16T17:25:12.761+0000] {logging_mixin.py:151} INFO - [2025-10-16T17:25:12.760+0000] {dag.py:3722} INFO - Setting next_dagrun for example_complex to None, run_after=None
[2025-10-16T17:25:12.981+0000] {processor.py:179} INFO - Processing /home/airflow/.local/lib/python3.8/site-packages/airflow/example_dags/example_complex.py took 0.679 seconds
[2025-10-16T17:25:43.157+0000] {processor.py:157} INFO - Started process (PID=242) to work on /home/airflow/.local/lib/python3.8/site-packages/airflow/example_dags/example_complex.py
[2025-10-16T17:25:43.161+0000] {processor.py:829} INFO - Processing file /home/airflow/.local/lib/python3.8/site-packages/airflow/example_dags/example_complex.py for tasks to queue
[2025-10-16T17:25:43.172+0000] {logging_mixin.py:151} INFO - [2025-10-16T17:25:43.170+0000] {dagbag.py:536} INFO - Filling up the DagBag from /home/airflow/.local/lib/python3.8/site-packages/airflow/example_dags/example_complex.py
[2025-10-16T17:25:43.233+0000] {processor.py:839} INFO - DAG(s) dict_keys(['example_complex']) retrieved from /home/airflow/.local/lib/python3.8/site-packages/airflow/example_dags/example_complex.py
[2025-10-16T17:25:43.394+0000] {logging_mixin.py:151} INFO - [2025-10-16T17:25:43.393+0000] {dag.py:2941} INFO - Sync 1 DAGs
[2025-10-16T17:25:43.446+0000] {logging_mixin.py:151} INFO - [2025-10-16T17:25:43.445+0000] {dag.py:3722} INFO - Setting next_dagrun for example_complex to None, run_after=None
[2025-10-16T17:25:43.549+0000] {processor.py:179} INFO - Processing /home/airflow/.local/lib/python3.8/site-packages/airflow/example_dags/example_complex.py took 0.409 seconds
[2025-10-16T17:26:14.294+0000] {processor.py:157} INFO - Started process (PID=301) to work on /home/airflow/.local/lib/python3.8/site-packages/airflow/example_dags/example_complex.py
[2025-10-16T17:26:14.297+0000] {processor.py:829} INFO - Processing file /home/airflow/.local/lib/python3.8/site-packages/airflow/example_dags/example_complex.py for tasks to queue
[2025-10-16T17:26:14.304+0000] {logging_mixin.py:151} INFO - [2025-10-16T17:26:14.303+0000] {dagbag.py:536} INFO - Filling up the DagBag from /home/airflow/.local/lib/python3.8/site-packages/airflow/example_dags/example_complex.py
[2025-10-16T17:26:14.335+0000] {processor.py:839} INFO - DAG(s) dict_keys(['example_complex']) retrieved from /home/airflow/.local/lib/python3.8/site-packages/airflow/example_dags/example_complex.py
[2025-10-16T17:26:14.406+0000] {logging_mixin.py:151} INFO - [2025-10-16T17:26:14.406+0000] {dag.py:2941} INFO - Sync 1 DAGs
[2025-10-16T17:26:14.437+0000] {logging_mixin.py:151} INFO - [2025-10-16T17:26:14.437+0000] {dag.py:3722} INFO - Setting next_dagrun for example_complex to None, run_after=None
[2025-10-16T17:26:14.486+0000] {processor.py:179} INFO - Processing /home/airflow/.local/lib/python3.8/site-packages/airflow/example_dags/example_complex.py took 0.201 seconds
[2025-10-16T17:26:45.163+0000] {processor.py:157} INFO - Started process (PID=360) to work on /home/airflow/.local/lib/python3.8/site-packages/airflow/example_dags/example_complex.py
[2025-10-16T17:26:45.167+0000] {processor.py:829} INFO - Processing file /home/airflow/.local/lib/python3.8/site-packages/airflow/example_dags/example_complex.py for tasks to queue
[2025-10-16T17:26:45.173+0000] {logging_mixin.py:151} INFO - [2025-10-16T17:26:45.172+0000] {dagbag.py:536} INFO - Filling up the DagBag from /home/airflow/.local/lib/python3.8/site-packages/airflow/example_dags/example_complex.py
[2025-10-16T17:26:45.207+0000] {processor.py:839} INFO - DAG(s) dict_keys(['example_complex']) retrieved from /home/airflow/.local/lib/python3.8/site-packages/airflow/example_dags/example_complex.py
[2025-10-16T17:26:45.279+0000] {logging_mixin.py:151} INFO - [2025-10-16T17:26:45.278+0000] {dag.py:2941} INFO - Sync 1 DAGs
[2025-10-16T17:26:45.315+0000] {logging_mixin.py:151} INFO - [2025-10-16T17:26:45.315+0000] {dag.py:3722} INFO - Setting next_dagrun for example_complex to None, run_after=None
[2025-10-16T17:26:45.377+0000] {processor.py:179} INFO - Processing /home/airflow/.local/lib/python3.8/site-packages/airflow/example_dags/example_complex.py took 0.222 seconds
[2025-10-16T17:27:16.683+0000] {processor.py:157} INFO - Started process (PID=419) to work on /home/airflow/.local/lib/python3.8/site-packages/airflow/example_dags/example_complex.py
[2025-10-16T17:27:16.686+0000] {processor.py:829} INFO - Processing file /home/airflow/.local/lib/python3.8/site-packages/airflow/example_dags/example_complex.py for tasks to queue
[2025-10-16T17:27:16.718+0000] {logging_mixin.py:151} INFO - [2025-10-16T17:27:16.707+0000] {dagbag.py:536} INFO - Filling up the DagBag from /home/airflow/.local/lib/python3.8/site-packages/airflow/example_dags/example_complex.py
[2025-10-16T17:27:16.785+0000] {processor.py:839} INFO - DAG(s) dict_keys(['example_complex']) retrieved from /home/airflow/.local/lib/python3.8/site-packages/airflow/example_dags/example_complex.py
[2025-10-16T17:27:16.992+0000] {logging_mixin.py:151} INFO - [2025-10-16T17:27:16.991+0000] {dag.py:2941} INFO - Sync 1 DAGs
[2025-10-16T17:27:17.060+0000] {logging_mixin.py:151} INFO - [2025-10-16T17:27:17.058+0000] {dag.py:3722} INFO - Setting next_dagrun for example_complex to None, run_after=None
[2025-10-16T17:27:17.154+0000] {processor.py:179} INFO - Processing /home/airflow/.local/lib/python3.8/site-packages/airflow/example_dags/example_complex.py took 0.493 seconds
[2025-10-16T17:27:47.712+0000] {processor.py:157} INFO - Started process (PID=478) to work on /home/airflow/.local/lib/python3.8/site-packages/airflow/example_dags/example_complex.py
[2025-10-16T17:27:47.717+0000] {processor.py:829} INFO - Processing file /home/airflow/.local/lib/python3.8/site-packages/airflow/example_dags/example_complex.py for tasks to queue
[2025-10-16T17:27:47.731+0000] {logging_mixin.py:151} INFO - [2025-10-16T17:27:47.729+0000] {dagbag.py:536} INFO - Filling up the DagBag from /home/airflow/.local/lib/python3.8/site-packages/airflow/example_dags/example_complex.py
[2025-10-16T17:27:47.864+0000] {processor.py:839} INFO - DAG(s) dict_keys(['example_complex']) retrieved from /home/airflow/.local/lib/python3.8/site-packages/airflow/example_dags/example_complex.py
[2025-10-16T17:27:48.166+0000] {logging_mixin.py:151} INFO - [2025-10-16T17:27:48.165+0000] {dag.py:2941} INFO - Sync 1 DAGs
[2025-10-16T17:27:48.252+0000] {logging_mixin.py:151} INFO - [2025-10-16T17:27:48.252+0000] {dag.py:3722} INFO - Setting next_dagrun for example_complex to None, run_after=None
[2025-10-16T17:27:48.333+0000] {processor.py:179} INFO - Processing /home/airflow/.local/lib/python3.8/site-packages/airflow/example_dags/example_complex.py took 0.699 seconds
[2025-10-16T17:28:18.876+0000] {processor.py:157} INFO - Started process (PID=537) to work on /home/airflow/.local/lib/python3.8/site-packages/airflow/example_dags/example_complex.py
[2025-10-16T17:28:18.880+0000] {processor.py:829} INFO - Processing file /home/airflow/.local/lib/python3.8/site-packages/airflow/example_dags/example_complex.py for tasks to queue
[2025-10-16T17:28:18.887+0000] {logging_mixin.py:151} INFO - [2025-10-16T17:28:18.886+0000] {dagbag.py:536} INFO - Filling up the DagBag from /home/airflow/.local/lib/python3.8/site-packages/airflow/example_dags/example_complex.py
[2025-10-16T17:28:18.915+0000] {processor.py:839} INFO - DAG(s) dict_keys(['example_complex']) retrieved from /home/airflow/.local/lib/python3.8/site-packages/airflow/example_dags/example_complex.py
[2025-10-16T17:28:18.949+0000] {logging_mixin.py:151} INFO - [2025-10-16T17:28:18.948+0000] {dag.py:2941} INFO - Sync 1 DAGs
[2025-10-16T17:28:18.985+0000] {logging_mixin.py:151} INFO - [2025-10-16T17:28:18.985+0000] {dag.py:3722} INFO - Setting next_dagrun for example_complex to None, run_after=None
[2025-10-16T17:28:19.035+0000] {processor.py:179} INFO - Processing /home/airflow/.local/lib/python3.8/site-packages/airflow/example_dags/example_complex.py took 0.167 seconds
[2025-10-16T17:28:49.275+0000] {processor.py:157} INFO - Started process (PID=596) to work on /home/airflow/.local/lib/python3.8/site-packages/airflow/example_dags/example_complex.py
[2025-10-16T17:28:49.282+0000] {processor.py:829} INFO - Processing file /home/airflow/.local/lib/python3.8/site-packages/airflow/example_dags/example_complex.py for tasks to queue
[2025-10-16T17:28:49.297+0000] {logging_mixin.py:151} INFO - [2025-10-16T17:28:49.294+0000] {dagbag.py:536} INFO - Filling up the DagBag from /home/airflow/.local/lib/python3.8/site-packages/airflow/example_dags/example_complex.py
[2025-10-16T17:28:49.359+0000] {processor.py:839} INFO - DAG(s) dict_keys(['example_complex']) retrieved from /home/airflow/.local/lib/python3.8/site-packages/airflow/example_dags/example_complex.py
[2025-10-16T17:28:49.452+0000] {logging_mixin.py:151} INFO - [2025-10-16T17:28:49.452+0000] {dag.py:2941} INFO - Sync 1 DAGs
[2025-10-16T17:28:49.505+0000] {logging_mixin.py:151} INFO - [2025-10-16T17:28:49.504+0000] {dag.py:3722} INFO - Setting next_dagrun for example_complex to None, run_after=None
[2025-10-16T17:28:49.567+0000] {processor.py:179} INFO - Processing /home/airflow/.local/lib/python3.8/site-packages/airflow/example_dags/example_complex.py took 0.307 seconds
[2025-10-16T17:29:24.171+0000] {processor.py:157} INFO - Started process (PID=655) to work on /home/airflow/.local/lib/python3.8/site-packages/airflow/example_dags/example_complex.py
[2025-10-16T17:29:24.177+0000] {processor.py:829} INFO - Processing file /home/airflow/.local/lib/python3.8/site-packages/airflow/example_dags/example_complex.py for tasks to queue
[2025-10-16T17:29:24.192+0000] {logging_mixin.py:151} INFO - [2025-10-16T17:29:24.188+0000] {dagbag.py:536} INFO - Filling up the DagBag from /home/airflow/.local/lib/python3.8/site-packages/airflow/example_dags/example_complex.py
[2025-10-16T17:29:24.242+0000] {processor.py:839} INFO - DAG(s) dict_keys(['example_complex']) retrieved from /home/airflow/.local/lib/python3.8/site-packages/airflow/example_dags/example_complex.py
[2025-10-16T17:29:24.365+0000] {logging_mixin.py:151} INFO - [2025-10-16T17:29:24.364+0000] {dag.py:2941} INFO - Sync 1 DAGs
[2025-10-16T17:29:24.457+0000] {logging_mixin.py:151} INFO - [2025-10-16T17:29:24.456+0000] {dag.py:3722} INFO - Setting next_dagrun for example_complex to None, run_after=None
[2025-10-16T17:29:24.578+0000] {processor.py:179} INFO - Processing /home/airflow/.local/lib/python3.8/site-packages/airflow/example_dags/example_complex.py took 0.425 seconds
[2025-10-16T17:29:55.064+0000] {processor.py:157} INFO - Started process (PID=714) to work on /home/airflow/.local/lib/python3.8/site-packages/airflow/example_dags/example_complex.py
[2025-10-16T17:29:55.067+0000] {processor.py:829} INFO - Processing file /home/airflow/.local/lib/python3.8/site-packages/airflow/example_dags/example_complex.py for tasks to queue
[2025-10-16T17:29:55.076+0000] {logging_mixin.py:151} INFO - [2025-10-16T17:29:55.075+0000] {dagbag.py:536} INFO - Filling up the DagBag from /home/airflow/.local/lib/python3.8/site-packages/airflow/example_dags/example_complex.py
[2025-10-16T17:29:55.120+0000] {processor.py:839} INFO - DAG(s) dict_keys(['example_complex']) retrieved from /home/airflow/.local/lib/python3.8/site-packages/airflow/example_dags/example_complex.py
[2025-10-16T17:29:55.226+0000] {logging_mixin.py:151} INFO - [2025-10-16T17:29:55.225+0000] {dag.py:2941} INFO - Sync 1 DAGs
[2025-10-16T17:29:55.277+0000] {logging_mixin.py:151} INFO - [2025-10-16T17:29:55.273+0000] {dag.py:3722} INFO - Setting next_dagrun for example_complex to None, run_after=None
[2025-10-16T17:29:55.343+0000] {processor.py:179} INFO - Processing /home/airflow/.local/lib/python3.8/site-packages/airflow/example_dags/example_complex.py took 0.291 seconds
[2025-10-16T17:30:25.680+0000] {processor.py:157} INFO - Started process (PID=773) to work on /home/airflow/.local/lib/python3.8/site-packages/airflow/example_dags/example_complex.py
[2025-10-16T17:30:25.683+0000] {processor.py:829} INFO - Processing file /home/airflow/.local/lib/python3.8/site-packages/airflow/example_dags/example_complex.py for tasks to queue
[2025-10-16T17:30:25.690+0000] {logging_mixin.py:151} INFO - [2025-10-16T17:30:25.689+0000] {dagbag.py:536} INFO - Filling up the DagBag from /home/airflow/.local/lib/python3.8/site-packages/airflow/example_dags/example_complex.py
[2025-10-16T17:30:25.718+0000] {processor.py:839} INFO - DAG(s) dict_keys(['example_complex']) retrieved from /home/airflow/.local/lib/python3.8/site-packages/airflow/example_dags/example_complex.py
[2025-10-16T17:30:25.800+0000] {logging_mixin.py:151} INFO - [2025-10-16T17:30:25.800+0000] {dag.py:2941} INFO - Sync 1 DAGs
[2025-10-16T17:30:25.850+0000] {logging_mixin.py:151} INFO - [2025-10-16T17:30:25.849+0000] {dag.py:3722} INFO - Setting next_dagrun for example_complex to None, run_after=None
[2025-10-16T17:30:25.923+0000] {processor.py:179} INFO - Processing /home/airflow/.local/lib/python3.8/site-packages/airflow/example_dags/example_complex.py took 0.254 seconds
[2025-10-16T17:30:56.366+0000] {processor.py:157} INFO - Started process (PID=832) to work on /home/airflow/.local/lib/python3.8/site-packages/airflow/example_dags/example_complex.py
[2025-10-16T17:30:56.370+0000] {processor.py:829} INFO - Processing file /home/airflow/.local/lib/python3.8/site-packages/airflow/example_dags/example_complex.py for tasks to queue
[2025-10-16T17:30:56.382+0000] {logging_mixin.py:151} INFO - [2025-10-16T17:30:56.381+0000] {dagbag.py:536} INFO - Filling up the DagBag from /home/airflow/.local/lib/python3.8/site-packages/airflow/example_dags/example_complex.py
[2025-10-16T17:30:56.439+0000] {processor.py:839} INFO - DAG(s) dict_keys(['example_complex']) retrieved from /home/airflow/.local/lib/python3.8/site-packages/airflow/example_dags/example_complex.py
[2025-10-16T17:30:56.638+0000] {logging_mixin.py:151} INFO - [2025-10-16T17:30:56.637+0000] {dag.py:2941} INFO - Sync 1 DAGs
[2025-10-16T17:30:56.715+0000] {logging_mixin.py:151} INFO - [2025-10-16T17:30:56.714+0000] {dag.py:3722} INFO - Setting next_dagrun for example_complex to None, run_after=None
[2025-10-16T17:30:56.823+0000] {processor.py:179} INFO - Processing /home/airflow/.local/lib/python3.8/site-packages/airflow/example_dags/example_complex.py took 0.476 seconds
[2025-10-16T17:31:27.431+0000] {processor.py:157} INFO - Started process (PID=892) to work on /home/airflow/.local/lib/python3.8/site-packages/airflow/example_dags/example_complex.py
[2025-10-16T17:31:27.433+0000] {processor.py:829} INFO - Processing file /home/airflow/.local/lib/python3.8/site-packages/airflow/example_dags/example_complex.py for tasks to queue
[2025-10-16T17:31:27.443+0000] {logging_mixin.py:151} INFO - [2025-10-16T17:31:27.442+0000] {dagbag.py:536} INFO - Filling up the DagBag from /home/airflow/.local/lib/python3.8/site-packages/airflow/example_dags/example_complex.py
[2025-10-16T17:31:27.485+0000] {processor.py:839} INFO - DAG(s) dict_keys(['example_complex']) retrieved from /home/airflow/.local/lib/python3.8/site-packages/airflow/example_dags/example_complex.py
[2025-10-16T17:31:27.606+0000] {logging_mixin.py:151} INFO - [2025-10-16T17:31:27.605+0000] {dag.py:2941} INFO - Sync 1 DAGs
[2025-10-16T17:31:27.705+0000] {logging_mixin.py:151} INFO - [2025-10-16T17:31:27.705+0000] {dag.py:3722} INFO - Setting next_dagrun for example_complex to None, run_after=None
[2025-10-16T17:31:27.779+0000] {processor.py:179} INFO - Processing /home/airflow/.local/lib/python3.8/site-packages/airflow/example_dags/example_complex.py took 0.357 seconds
[2025-10-16T17:31:58.847+0000] {processor.py:157} INFO - Started process (PID=951) to work on /home/airflow/.local/lib/python3.8/site-packages/airflow/example_dags/example_complex.py
[2025-10-16T17:31:58.850+0000] {processor.py:829} INFO - Processing file /home/airflow/.local/lib/python3.8/site-packages/airflow/example_dags/example_complex.py for tasks to queue
[2025-10-16T17:31:58.857+0000] {logging_mixin.py:151} INFO - [2025-10-16T17:31:58.856+0000] {dagbag.py:536} INFO - Filling up the DagBag from /home/airflow/.local/lib/python3.8/site-packages/airflow/example_dags/example_complex.py
[2025-10-16T17:31:58.893+0000] {processor.py:839} INFO - DAG(s) dict_keys(['example_complex']) retrieved from /home/airflow/.local/lib/python3.8/site-packages/airflow/example_dags/example_complex.py
[2025-10-16T17:31:58.978+0000] {logging_mixin.py:151} INFO - [2025-10-16T17:31:58.977+0000] {dag.py:2941} INFO - Sync 1 DAGs
[2025-10-16T17:31:59.011+0000] {logging_mixin.py:151} INFO - [2025-10-16T17:31:59.011+0000] {dag.py:3722} INFO - Setting next_dagrun for example_complex to None, run_after=None
[2025-10-16T17:31:59.059+0000] {processor.py:179} INFO - Processing /home/airflow/.local/lib/python3.8/site-packages/airflow/example_dags/example_complex.py took 0.222 seconds
[2025-10-16T17:32:30.275+0000] {processor.py:157} INFO - Started process (PID=1010) to work on /home/airflow/.local/lib/python3.8/site-packages/airflow/example_dags/example_complex.py
[2025-10-16T17:32:30.279+0000] {processor.py:829} INFO - Processing file /home/airflow/.local/lib/python3.8/site-packages/airflow/example_dags/example_complex.py for tasks to queue
[2025-10-16T17:32:30.287+0000] {logging_mixin.py:151} INFO - [2025-10-16T17:32:30.286+0000] {dagbag.py:536} INFO - Filling up the DagBag from /home/airflow/.local/lib/python3.8/site-packages/airflow/example_dags/example_complex.py
[2025-10-16T17:32:30.330+0000] {processor.py:839} INFO - DAG(s) dict_keys(['example_complex']) retrieved from /home/airflow/.local/lib/python3.8/site-packages/airflow/example_dags/example_complex.py
[2025-10-16T17:32:30.451+0000] {logging_mixin.py:151} INFO - [2025-10-16T17:32:30.450+0000] {dag.py:2941} INFO - Sync 1 DAGs
[2025-10-16T17:32:30.497+0000] {logging_mixin.py:151} INFO - [2025-10-16T17:32:30.496+0000] {dag.py:3722} INFO - Setting next_dagrun for example_complex to None, run_after=None
[2025-10-16T17:32:30.576+0000] {processor.py:179} INFO - Processing /home/airflow/.local/lib/python3.8/site-packages/airflow/example_dags/example_complex.py took 0.314 seconds
[2025-10-16T17:33:02.416+0000] {processor.py:157} INFO - Started process (PID=1069) to work on /home/airflow/.local/lib/python3.8/site-packages/airflow/example_dags/example_complex.py
[2025-10-16T17:33:02.420+0000] {processor.py:829} INFO - Processing file /home/airflow/.local/lib/python3.8/site-packages/airflow/example_dags/example_complex.py for tasks to queue
[2025-10-16T17:33:02.431+0000] {logging_mixin.py:151} INFO - [2025-10-16T17:33:02.429+0000] {dagbag.py:536} INFO - Filling up the DagBag from /home/airflow/.local/lib/python3.8/site-packages/airflow/example_dags/example_complex.py
[2025-10-16T17:33:02.496+0000] {processor.py:839} INFO - DAG(s) dict_keys(['example_complex']) retrieved from /home/airflow/.local/lib/python3.8/site-packages/airflow/example_dags/example_complex.py
[2025-10-16T17:33:02.837+0000] {logging_mixin.py:151} INFO - [2025-10-16T17:33:02.836+0000] {dag.py:2941} INFO - Sync 1 DAGs
[2025-10-16T17:33:03.034+0000] {logging_mixin.py:151} INFO - [2025-10-16T17:33:03.034+0000] {dag.py:3722} INFO - Setting next_dagrun for example_complex to None, run_after=None
[2025-10-16T17:33:03.215+0000] {processor.py:179} INFO - Processing /home/airflow/.local/lib/python3.8/site-packages/airflow/example_dags/example_complex.py took 0.820 seconds
[2025-10-16T17:33:33.429+0000] {processor.py:157} INFO - Started process (PID=1126) to work on /home/airflow/.local/lib/python3.8/site-packages/airflow/example_dags/example_complex.py
[2025-10-16T17:33:33.432+0000] {processor.py:829} INFO - Processing file /home/airflow/.local/lib/python3.8/site-packages/airflow/example_dags/example_complex.py for tasks to queue
[2025-10-16T17:33:33.438+0000] {logging_mixin.py:151} INFO - [2025-10-16T17:33:33.437+0000] {dagbag.py:536} INFO - Filling up the DagBag from /home/airflow/.local/lib/python3.8/site-packages/airflow/example_dags/example_complex.py
[2025-10-16T17:33:33.466+0000] {processor.py:839} INFO - DAG(s) dict_keys(['example_complex']) retrieved from /home/airflow/.local/lib/python3.8/site-packages/airflow/example_dags/example_complex.py
[2025-10-16T17:33:33.540+0000] {logging_mixin.py:151} INFO - [2025-10-16T17:33:33.540+0000] {dag.py:2941} INFO - Sync 1 DAGs
[2025-10-16T17:33:33.573+0000] {logging_mixin.py:151} INFO - [2025-10-16T17:33:33.573+0000] {dag.py:3722} INFO - Setting next_dagrun for example_complex to None, run_after=None
[2025-10-16T17:33:33.648+0000] {processor.py:179} INFO - Processing /home/airflow/.local/lib/python3.8/site-packages/airflow/example_dags/example_complex.py took 0.232 seconds
[2025-10-16T17:34:03.741+0000] {processor.py:157} INFO - Started process (PID=1185) to work on /home/airflow/.local/lib/python3.8/site-packages/airflow/example_dags/example_complex.py
[2025-10-16T17:34:03.745+0000] {processor.py:829} INFO - Processing file /home/airflow/.local/lib/python3.8/site-packages/airflow/example_dags/example_complex.py for tasks to queue
[2025-10-16T17:34:03.756+0000] {logging_mixin.py:151} INFO - [2025-10-16T17:34:03.754+0000] {dagbag.py:536} INFO - Filling up the DagBag from /home/airflow/.local/lib/python3.8/site-packages/airflow/example_dags/example_complex.py
[2025-10-16T17:34:03.821+0000] {processor.py:839} INFO - DAG(s) dict_keys(['example_complex']) retrieved from /home/airflow/.local/lib/python3.8/site-packages/airflow/example_dags/example_complex.py
[2025-10-16T17:34:03.921+0000] {logging_mixin.py:151} INFO - [2025-10-16T17:34:03.920+0000] {dag.py:2941} INFO - Sync 1 DAGs
[2025-10-16T17:34:03.991+0000] {logging_mixin.py:151} INFO - [2025-10-16T17:34:03.990+0000] {dag.py:3722} INFO - Setting next_dagrun for example_complex to None, run_after=None
[2025-10-16T17:34:04.053+0000] {processor.py:179} INFO - Processing /home/airflow/.local/lib/python3.8/site-packages/airflow/example_dags/example_complex.py took 0.324 seconds
[2025-10-16T17:34:35.124+0000] {processor.py:157} INFO - Started process (PID=1246) to work on /home/airflow/.local/lib/python3.8/site-packages/airflow/example_dags/example_complex.py
[2025-10-16T17:34:35.132+0000] {processor.py:829} INFO - Processing file /home/airflow/.local/lib/python3.8/site-packages/airflow/example_dags/example_complex.py for tasks to queue
[2025-10-16T17:34:35.144+0000] {logging_mixin.py:151} INFO - [2025-10-16T17:34:35.143+0000] {dagbag.py:536} INFO - Filling up the DagBag from /home/airflow/.local/lib/python3.8/site-packages/airflow/example_dags/example_complex.py
[2025-10-16T17:34:35.194+0000] {processor.py:839} INFO - DAG(s) dict_keys(['example_complex']) retrieved from /home/airflow/.local/lib/python3.8/site-packages/airflow/example_dags/example_complex.py
[2025-10-16T17:34:35.355+0000] {logging_mixin.py:151} INFO - [2025-10-16T17:34:35.355+0000] {dag.py:2941} INFO - Sync 1 DAGs
[2025-10-16T17:34:35.404+0000] {logging_mixin.py:151} INFO - [2025-10-16T17:34:35.403+0000] {dag.py:3722} INFO - Setting next_dagrun for example_complex to None, run_after=None
[2025-10-16T17:34:35.457+0000] {processor.py:179} INFO - Processing /home/airflow/.local/lib/python3.8/site-packages/airflow/example_dags/example_complex.py took 0.354 seconds
[2025-10-16T17:35:05.566+0000] {processor.py:157} INFO - Started process (PID=1303) to work on /home/airflow/.local/lib/python3.8/site-packages/airflow/example_dags/example_complex.py
[2025-10-16T17:35:05.569+0000] {processor.py:829} INFO - Processing file /home/airflow/.local/lib/python3.8/site-packages/airflow/example_dags/example_complex.py for tasks to queue
[2025-10-16T17:35:05.574+0000] {logging_mixin.py:151} INFO - [2025-10-16T17:35:05.574+0000] {dagbag.py:536} INFO - Filling up the DagBag from /home/airflow/.local/lib/python3.8/site-packages/airflow/example_dags/example_complex.py
[2025-10-16T17:35:05.598+0000] {processor.py:839} INFO - DAG(s) dict_keys(['example_complex']) retrieved from /home/airflow/.local/lib/python3.8/site-packages/airflow/example_dags/example_complex.py
[2025-10-16T17:35:05.670+0000] {logging_mixin.py:151} INFO - [2025-10-16T17:35:05.670+0000] {dag.py:2941} INFO - Sync 1 DAGs
[2025-10-16T17:35:05.702+0000] {logging_mixin.py:151} INFO - [2025-10-16T17:35:05.701+0000] {dag.py:3722} INFO - Setting next_dagrun for example_complex to None, run_after=None
[2025-10-16T17:35:05.749+0000] {processor.py:179} INFO - Processing /home/airflow/.local/lib/python3.8/site-packages/airflow/example_dags/example_complex.py took 0.193 seconds
[2025-10-16T17:35:36.813+0000] {processor.py:157} INFO - Started process (PID=1362) to work on /home/airflow/.local/lib/python3.8/site-packages/airflow/example_dags/example_complex.py
[2025-10-16T17:35:36.816+0000] {processor.py:829} INFO - Processing file /home/airflow/.local/lib/python3.8/site-packages/airflow/example_dags/example_complex.py for tasks to queue
[2025-10-16T17:35:36.823+0000] {logging_mixin.py:151} INFO - [2025-10-16T17:35:36.822+0000] {dagbag.py:536} INFO - Filling up the DagBag from /home/airflow/.local/lib/python3.8/site-packages/airflow/example_dags/example_complex.py
[2025-10-16T17:35:36.854+0000] {processor.py:839} INFO - DAG(s) dict_keys(['example_complex']) retrieved from /home/airflow/.local/lib/python3.8/site-packages/airflow/example_dags/example_complex.py
[2025-10-16T17:35:37.047+0000] {logging_mixin.py:151} INFO - [2025-10-16T17:35:37.047+0000] {dag.py:2941} INFO - Sync 1 DAGs
[2025-10-16T17:35:37.125+0000] {logging_mixin.py:151} INFO - [2025-10-16T17:35:37.125+0000] {dag.py:3722} INFO - Setting next_dagrun for example_complex to None, run_after=None
[2025-10-16T17:35:37.203+0000] {processor.py:179} INFO - Processing /home/airflow/.local/lib/python3.8/site-packages/airflow/example_dags/example_complex.py took 0.399 seconds
[2025-10-16T17:36:07.380+0000] {processor.py:157} INFO - Started process (PID=1420) to work on /home/airflow/.local/lib/python3.8/site-packages/airflow/example_dags/example_complex.py
[2025-10-16T17:36:07.383+0000] {processor.py:829} INFO - Processing file /home/airflow/.local/lib/python3.8/site-packages/airflow/example_dags/example_complex.py for tasks to queue
[2025-10-16T17:36:07.391+0000] {logging_mixin.py:151} INFO - [2025-10-16T17:36:07.390+0000] {dagbag.py:536} INFO - Filling up the DagBag from /home/airflow/.local/lib/python3.8/site-packages/airflow/example_dags/example_complex.py
[2025-10-16T17:36:07.432+0000] {processor.py:839} INFO - DAG(s) dict_keys(['example_complex']) retrieved from /home/airflow/.local/lib/python3.8/site-packages/airflow/example_dags/example_complex.py
[2025-10-16T17:36:07.519+0000] {logging_mixin.py:151} INFO - [2025-10-16T17:36:07.518+0000] {dag.py:2941} INFO - Sync 1 DAGs
[2025-10-16T17:36:07.559+0000] {logging_mixin.py:151} INFO - [2025-10-16T17:36:07.558+0000] {dag.py:3722} INFO - Setting next_dagrun for example_complex to None, run_after=None
[2025-10-16T17:36:07.614+0000] {processor.py:179} INFO - Processing /home/airflow/.local/lib/python3.8/site-packages/airflow/example_dags/example_complex.py took 0.246 seconds
[2025-10-16T17:36:37.708+0000] {processor.py:157} INFO - Started process (PID=1479) to work on /home/airflow/.local/lib/python3.8/site-packages/airflow/example_dags/example_complex.py
[2025-10-16T17:36:37.711+0000] {processor.py:829} INFO - Processing file /home/airflow/.local/lib/python3.8/site-packages/airflow/example_dags/example_complex.py for tasks to queue
[2025-10-16T17:36:37.717+0000] {logging_mixin.py:151} INFO - [2025-10-16T17:36:37.716+0000] {dagbag.py:536} INFO - Filling up the DagBag from /home/airflow/.local/lib/python3.8/site-packages/airflow/example_dags/example_complex.py
[2025-10-16T17:36:37.746+0000] {processor.py:839} INFO - DAG(s) dict_keys(['example_complex']) retrieved from /home/airflow/.local/lib/python3.8/site-packages/airflow/example_dags/example_complex.py
[2025-10-16T17:36:37.833+0000] {logging_mixin.py:151} INFO - [2025-10-16T17:36:37.832+0000] {dag.py:2941} INFO - Sync 1 DAGs
[2025-10-16T17:36:37.867+0000] {logging_mixin.py:151} INFO - [2025-10-16T17:36:37.866+0000] {dag.py:3722} INFO - Setting next_dagrun for example_complex to None, run_after=None
[2025-10-16T17:36:37.917+0000] {processor.py:179} INFO - Processing /home/airflow/.local/lib/python3.8/site-packages/airflow/example_dags/example_complex.py took 0.217 seconds
[2025-10-16T17:37:08.441+0000] {processor.py:157} INFO - Started process (PID=1538) to work on /home/airflow/.local/lib/python3.8/site-packages/airflow/example_dags/example_complex.py
[2025-10-16T17:37:08.446+0000] {processor.py:829} INFO - Processing file /home/airflow/.local/lib/python3.8/site-packages/airflow/example_dags/example_complex.py for tasks to queue
[2025-10-16T17:37:08.452+0000] {logging_mixin.py:151} INFO - [2025-10-16T17:37:08.452+0000] {dagbag.py:536} INFO - Filling up the DagBag from /home/airflow/.local/lib/python3.8/site-packages/airflow/example_dags/example_complex.py
[2025-10-16T17:37:08.479+0000] {processor.py:839} INFO - DAG(s) dict_keys(['example_complex']) retrieved from /home/airflow/.local/lib/python3.8/site-packages/airflow/example_dags/example_complex.py
[2025-10-16T17:37:08.568+0000] {logging_mixin.py:151} INFO - [2025-10-16T17:37:08.568+0000] {dag.py:2941} INFO - Sync 1 DAGs
[2025-10-16T17:37:08.595+0000] {logging_mixin.py:151} INFO - [2025-10-16T17:37:08.594+0000] {dag.py:3722} INFO - Setting next_dagrun for example_complex to None, run_after=None
[2025-10-16T17:37:08.638+0000] {processor.py:179} INFO - Processing /home/airflow/.local/lib/python3.8/site-packages/airflow/example_dags/example_complex.py took 0.205 seconds
[2025-10-16T17:37:39.675+0000] {processor.py:157} INFO - Started process (PID=1598) to work on /home/airflow/.local/lib/python3.8/site-packages/airflow/example_dags/example_complex.py
[2025-10-16T17:37:39.678+0000] {processor.py:829} INFO - Processing file /home/airflow/.local/lib/python3.8/site-packages/airflow/example_dags/example_complex.py for tasks to queue
[2025-10-16T17:37:39.685+0000] {logging_mixin.py:151} INFO - [2025-10-16T17:37:39.684+0000] {dagbag.py:536} INFO - Filling up the DagBag from /home/airflow/.local/lib/python3.8/site-packages/airflow/example_dags/example_complex.py
[2025-10-16T17:37:39.717+0000] {processor.py:839} INFO - DAG(s) dict_keys(['example_complex']) retrieved from /home/airflow/.local/lib/python3.8/site-packages/airflow/example_dags/example_complex.py
[2025-10-16T17:37:39.844+0000] {logging_mixin.py:151} INFO - [2025-10-16T17:37:39.843+0000] {dag.py:2941} INFO - Sync 1 DAGs
[2025-10-16T17:37:39.890+0000] {logging_mixin.py:151} INFO - [2025-10-16T17:37:39.889+0000] {dag.py:3722} INFO - Setting next_dagrun for example_complex to None, run_after=None
[2025-10-16T17:37:39.948+0000] {processor.py:179} INFO - Processing /home/airflow/.local/lib/python3.8/site-packages/airflow/example_dags/example_complex.py took 0.283 seconds
[2025-10-16T17:38:10.522+0000] {processor.py:157} INFO - Started process (PID=1657) to work on /home/airflow/.local/lib/python3.8/site-packages/airflow/example_dags/example_complex.py
[2025-10-16T17:38:10.524+0000] {processor.py:829} INFO - Processing file /home/airflow/.local/lib/python3.8/site-packages/airflow/example_dags/example_complex.py for tasks to queue
[2025-10-16T17:38:10.530+0000] {logging_mixin.py:151} INFO - [2025-10-16T17:38:10.530+0000] {dagbag.py:536} INFO - Filling up the DagBag from /home/airflow/.local/lib/python3.8/site-packages/airflow/example_dags/example_complex.py
[2025-10-16T17:38:10.559+0000] {processor.py:839} INFO - DAG(s) dict_keys(['example_complex']) retrieved from /home/airflow/.local/lib/python3.8/site-packages/airflow/example_dags/example_complex.py
[2025-10-16T17:38:10.636+0000] {logging_mixin.py:151} INFO - [2025-10-16T17:38:10.635+0000] {dag.py:2941} INFO - Sync 1 DAGs
[2025-10-16T17:38:10.677+0000] {logging_mixin.py:151} INFO - [2025-10-16T17:38:10.676+0000] {dag.py:3722} INFO - Setting next_dagrun for example_complex to None, run_after=None
[2025-10-16T17:38:10.733+0000] {processor.py:179} INFO - Processing /home/airflow/.local/lib/python3.8/site-packages/airflow/example_dags/example_complex.py took 0.223 seconds
[2025-10-16T17:38:41.143+0000] {processor.py:157} INFO - Started process (PID=1716) to work on /home/airflow/.local/lib/python3.8/site-packages/airflow/example_dags/example_complex.py
[2025-10-16T17:38:41.146+0000] {processor.py:829} INFO - Processing file /home/airflow/.local/lib/python3.8/site-packages/airflow/example_dags/example_complex.py for tasks to queue
[2025-10-16T17:38:41.158+0000] {logging_mixin.py:151} INFO - [2025-10-16T17:38:41.157+0000] {dagbag.py:536} INFO - Filling up the DagBag from /home/airflow/.local/lib/python3.8/site-packages/airflow/example_dags/example_complex.py
[2025-10-16T17:38:41.195+0000] {processor.py:839} INFO - DAG(s) dict_keys(['example_complex']) retrieved from /home/airflow/.local/lib/python3.8/site-packages/airflow/example_dags/example_complex.py
[2025-10-16T17:38:41.287+0000] {logging_mixin.py:151} INFO - [2025-10-16T17:38:41.286+0000] {dag.py:2941} INFO - Sync 1 DAGs
[2025-10-16T17:38:41.326+0000] {logging_mixin.py:151} INFO - [2025-10-16T17:38:41.325+0000] {dag.py:3722} INFO - Setting next_dagrun for example_complex to None, run_after=None
[2025-10-16T17:38:41.374+0000] {processor.py:179} INFO - Processing /home/airflow/.local/lib/python3.8/site-packages/airflow/example_dags/example_complex.py took 0.242 seconds
[2025-10-16T17:39:12.320+0000] {processor.py:157} INFO - Started process (PID=1775) to work on /home/airflow/.local/lib/python3.8/site-packages/airflow/example_dags/example_complex.py
[2025-10-16T17:39:12.330+0000] {processor.py:829} INFO - Processing file /home/airflow/.local/lib/python3.8/site-packages/airflow/example_dags/example_complex.py for tasks to queue
[2025-10-16T17:39:12.349+0000] {logging_mixin.py:151} INFO - [2025-10-16T17:39:12.343+0000] {dagbag.py:536} INFO - Filling up the DagBag from /home/airflow/.local/lib/python3.8/site-packages/airflow/example_dags/example_complex.py
[2025-10-16T17:39:12.439+0000] {processor.py:839} INFO - DAG(s) dict_keys(['example_complex']) retrieved from /home/airflow/.local/lib/python3.8/site-packages/airflow/example_dags/example_complex.py
[2025-10-16T17:39:12.955+0000] {logging_mixin.py:151} INFO - [2025-10-16T17:39:12.954+0000] {dag.py:2941} INFO - Sync 1 DAGs
[2025-10-16T17:39:13.145+0000] {logging_mixin.py:151} INFO - [2025-10-16T17:39:13.144+0000] {dag.py:3722} INFO - Setting next_dagrun for example_complex to None, run_after=None
[2025-10-16T17:39:13.306+0000] {processor.py:179} INFO - Processing /home/airflow/.local/lib/python3.8/site-packages/airflow/example_dags/example_complex.py took 1.004 seconds
[2025-10-16T17:39:44.134+0000] {processor.py:157} INFO - Started process (PID=1834) to work on /home/airflow/.local/lib/python3.8/site-packages/airflow/example_dags/example_complex.py
[2025-10-16T17:39:44.157+0000] {processor.py:829} INFO - Processing file /home/airflow/.local/lib/python3.8/site-packages/airflow/example_dags/example_complex.py for tasks to queue
[2025-10-16T17:39:44.170+0000] {logging_mixin.py:151} INFO - [2025-10-16T17:39:44.169+0000] {dagbag.py:536} INFO - Filling up the DagBag from /home/airflow/.local/lib/python3.8/site-packages/airflow/example_dags/example_complex.py
[2025-10-16T17:39:44.265+0000] {processor.py:839} INFO - DAG(s) dict_keys(['example_complex']) retrieved from /home/airflow/.local/lib/python3.8/site-packages/airflow/example_dags/example_complex.py
[2025-10-16T17:39:44.519+0000] {logging_mixin.py:151} INFO - [2025-10-16T17:39:44.518+0000] {dag.py:2941} INFO - Sync 1 DAGs
[2025-10-16T17:39:44.700+0000] {logging_mixin.py:151} INFO - [2025-10-16T17:39:44.699+0000] {dag.py:3722} INFO - Setting next_dagrun for example_complex to None, run_after=None
[2025-10-16T17:39:44.870+0000] {processor.py:179} INFO - Processing /home/airflow/.local/lib/python3.8/site-packages/airflow/example_dags/example_complex.py took 0.899 seconds
[2025-10-16T17:40:15.201+0000] {processor.py:157} INFO - Started process (PID=1893) to work on /home/airflow/.local/lib/python3.8/site-packages/airflow/example_dags/example_complex.py
[2025-10-16T17:40:15.203+0000] {processor.py:829} INFO - Processing file /home/airflow/.local/lib/python3.8/site-packages/airflow/example_dags/example_complex.py for tasks to queue
[2025-10-16T17:40:15.211+0000] {logging_mixin.py:151} INFO - [2025-10-16T17:40:15.210+0000] {dagbag.py:536} INFO - Filling up the DagBag from /home/airflow/.local/lib/python3.8/site-packages/airflow/example_dags/example_complex.py
[2025-10-16T17:40:15.250+0000] {processor.py:839} INFO - DAG(s) dict_keys(['example_complex']) retrieved from /home/airflow/.local/lib/python3.8/site-packages/airflow/example_dags/example_complex.py
[2025-10-16T17:40:15.332+0000] {logging_mixin.py:151} INFO - [2025-10-16T17:40:15.332+0000] {dag.py:2941} INFO - Sync 1 DAGs
[2025-10-16T17:40:15.378+0000] {logging_mixin.py:151} INFO - [2025-10-16T17:40:15.378+0000] {dag.py:3722} INFO - Setting next_dagrun for example_complex to None, run_after=None
[2025-10-16T17:40:15.437+0000] {processor.py:179} INFO - Processing /home/airflow/.local/lib/python3.8/site-packages/airflow/example_dags/example_complex.py took 0.247 seconds
[2025-10-16T17:40:45.699+0000] {processor.py:157} INFO - Started process (PID=1952) to work on /home/airflow/.local/lib/python3.8/site-packages/airflow/example_dags/example_complex.py
[2025-10-16T17:40:45.705+0000] {processor.py:829} INFO - Processing file /home/airflow/.local/lib/python3.8/site-packages/airflow/example_dags/example_complex.py for tasks to queue
[2025-10-16T17:40:45.718+0000] {logging_mixin.py:151} INFO - [2025-10-16T17:40:45.717+0000] {dagbag.py:536} INFO - Filling up the DagBag from /home/airflow/.local/lib/python3.8/site-packages/airflow/example_dags/example_complex.py
[2025-10-16T17:40:45.794+0000] {processor.py:839} INFO - DAG(s) dict_keys(['example_complex']) retrieved from /home/airflow/.local/lib/python3.8/site-packages/airflow/example_dags/example_complex.py
[2025-10-16T17:40:45.899+0000] {logging_mixin.py:151} INFO - [2025-10-16T17:40:45.898+0000] {dag.py:2941} INFO - Sync 1 DAGs
[2025-10-16T17:40:45.930+0000] {logging_mixin.py:151} INFO - [2025-10-16T17:40:45.930+0000] {dag.py:3722} INFO - Setting next_dagrun for example_complex to None, run_after=None
[2025-10-16T17:40:45.984+0000] {processor.py:179} INFO - Processing /home/airflow/.local/lib/python3.8/site-packages/airflow/example_dags/example_complex.py took 0.305 seconds
[2025-10-16T17:41:16.267+0000] {processor.py:157} INFO - Started process (PID=2017) to work on /home/airflow/.local/lib/python3.8/site-packages/airflow/example_dags/example_complex.py
[2025-10-16T17:41:16.270+0000] {processor.py:829} INFO - Processing file /home/airflow/.local/lib/python3.8/site-packages/airflow/example_dags/example_complex.py for tasks to queue
[2025-10-16T17:41:16.276+0000] {logging_mixin.py:151} INFO - [2025-10-16T17:41:16.275+0000] {dagbag.py:536} INFO - Filling up the DagBag from /home/airflow/.local/lib/python3.8/site-packages/airflow/example_dags/example_complex.py
[2025-10-16T17:41:16.317+0000] {processor.py:839} INFO - DAG(s) dict_keys(['example_complex']) retrieved from /home/airflow/.local/lib/python3.8/site-packages/airflow/example_dags/example_complex.py
[2025-10-16T17:41:16.453+0000] {logging_mixin.py:151} INFO - [2025-10-16T17:41:16.452+0000] {dag.py:2941} INFO - Sync 1 DAGs
[2025-10-16T17:41:16.522+0000] {logging_mixin.py:151} INFO - [2025-10-16T17:41:16.522+0000] {dag.py:3722} INFO - Setting next_dagrun for example_complex to None, run_after=None
[2025-10-16T17:41:16.593+0000] {processor.py:179} INFO - Processing /home/airflow/.local/lib/python3.8/site-packages/airflow/example_dags/example_complex.py took 0.336 seconds
[2025-10-16T17:41:47.034+0000] {processor.py:157} INFO - Started process (PID=2077) to work on /home/airflow/.local/lib/python3.8/site-packages/airflow/example_dags/example_complex.py
[2025-10-16T17:41:47.037+0000] {processor.py:829} INFO - Processing file /home/airflow/.local/lib/python3.8/site-packages/airflow/example_dags/example_complex.py for tasks to queue
[2025-10-16T17:41:47.045+0000] {logging_mixin.py:151} INFO - [2025-10-16T17:41:47.044+0000] {dagbag.py:536} INFO - Filling up the DagBag from /home/airflow/.local/lib/python3.8/site-packages/airflow/example_dags/example_complex.py
[2025-10-16T17:41:47.078+0000] {processor.py:839} INFO - DAG(s) dict_keys(['example_complex']) retrieved from /home/airflow/.local/lib/python3.8/site-packages/airflow/example_dags/example_complex.py
[2025-10-16T17:41:47.169+0000] {logging_mixin.py:151} INFO - [2025-10-16T17:41:47.169+0000] {dag.py:2941} INFO - Sync 1 DAGs
[2025-10-16T17:41:47.208+0000] {logging_mixin.py:151} INFO - [2025-10-16T17:41:47.208+0000] {dag.py:3722} INFO - Setting next_dagrun for example_complex to None, run_after=None
[2025-10-16T17:41:47.265+0000] {processor.py:179} INFO - Processing /home/airflow/.local/lib/python3.8/site-packages/airflow/example_dags/example_complex.py took 0.241 seconds
[2025-10-16T17:42:17.410+0000] {processor.py:157} INFO - Started process (PID=2135) to work on /home/airflow/.local/lib/python3.8/site-packages/airflow/example_dags/example_complex.py
[2025-10-16T17:42:17.413+0000] {processor.py:829} INFO - Processing file /home/airflow/.local/lib/python3.8/site-packages/airflow/example_dags/example_complex.py for tasks to queue
[2025-10-16T17:42:17.419+0000] {logging_mixin.py:151} INFO - [2025-10-16T17:42:17.418+0000] {dagbag.py:536} INFO - Filling up the DagBag from /home/airflow/.local/lib/python3.8/site-packages/airflow/example_dags/example_complex.py
[2025-10-16T17:42:17.446+0000] {processor.py:839} INFO - DAG(s) dict_keys(['example_complex']) retrieved from /home/airflow/.local/lib/python3.8/site-packages/airflow/example_dags/example_complex.py
[2025-10-16T17:42:17.510+0000] {logging_mixin.py:151} INFO - [2025-10-16T17:42:17.509+0000] {dag.py:2941} INFO - Sync 1 DAGs
[2025-10-16T17:42:17.543+0000] {logging_mixin.py:151} INFO - [2025-10-16T17:42:17.542+0000] {dag.py:3722} INFO - Setting next_dagrun for example_complex to None, run_after=None
[2025-10-16T17:42:17.591+0000] {processor.py:179} INFO - Processing /home/airflow/.local/lib/python3.8/site-packages/airflow/example_dags/example_complex.py took 0.192 seconds
[2025-10-16T17:42:47.772+0000] {processor.py:157} INFO - Started process (PID=2194) to work on /home/airflow/.local/lib/python3.8/site-packages/airflow/example_dags/example_complex.py
[2025-10-16T17:42:47.777+0000] {processor.py:829} INFO - Processing file /home/airflow/.local/lib/python3.8/site-packages/airflow/example_dags/example_complex.py for tasks to queue
[2025-10-16T17:42:47.789+0000] {logging_mixin.py:151} INFO - [2025-10-16T17:42:47.788+0000] {dagbag.py:536} INFO - Filling up the DagBag from /home/airflow/.local/lib/python3.8/site-packages/airflow/example_dags/example_complex.py
[2025-10-16T17:42:47.857+0000] {processor.py:839} INFO - DAG(s) dict_keys(['example_complex']) retrieved from /home/airflow/.local/lib/python3.8/site-packages/airflow/example_dags/example_complex.py
[2025-10-16T17:42:48.033+0000] {logging_mixin.py:151} INFO - [2025-10-16T17:42:48.032+0000] {dag.py:2941} INFO - Sync 1 DAGs
[2025-10-16T17:42:48.092+0000] {logging_mixin.py:151} INFO - [2025-10-16T17:42:48.092+0000] {dag.py:3722} INFO - Setting next_dagrun for example_complex to None, run_after=None
[2025-10-16T17:42:48.155+0000] {processor.py:179} INFO - Processing /home/airflow/.local/lib/python3.8/site-packages/airflow/example_dags/example_complex.py took 0.399 seconds
[2025-10-16T17:43:18.772+0000] {processor.py:157} INFO - Started process (PID=2255) to work on /home/airflow/.local/lib/python3.8/site-packages/airflow/example_dags/example_complex.py
[2025-10-16T17:43:18.776+0000] {processor.py:829} INFO - Processing file /home/airflow/.local/lib/python3.8/site-packages/airflow/example_dags/example_complex.py for tasks to queue
[2025-10-16T17:43:18.786+0000] {logging_mixin.py:151} INFO - [2025-10-16T17:43:18.784+0000] {dagbag.py:536} INFO - Filling up the DagBag from /home/airflow/.local/lib/python3.8/site-packages/airflow/example_dags/example_complex.py
[2025-10-16T17:43:18.822+0000] {processor.py:839} INFO - DAG(s) dict_keys(['example_complex']) retrieved from /home/airflow/.local/lib/python3.8/site-packages/airflow/example_dags/example_complex.py
[2025-10-16T17:43:18.887+0000] {logging_mixin.py:151} INFO - [2025-10-16T17:43:18.886+0000] {dag.py:2941} INFO - Sync 1 DAGs
[2025-10-16T17:43:18.927+0000] {logging_mixin.py:151} INFO - [2025-10-16T17:43:18.927+0000] {dag.py:3722} INFO - Setting next_dagrun for example_complex to None, run_after=None
[2025-10-16T17:43:19.038+0000] {processor.py:179} INFO - Processing /home/airflow/.local/lib/python3.8/site-packages/airflow/example_dags/example_complex.py took 0.288 seconds
[2025-10-16T17:43:49.249+0000] {processor.py:157} INFO - Started process (PID=2313) to work on /home/airflow/.local/lib/python3.8/site-packages/airflow/example_dags/example_complex.py
[2025-10-16T17:43:49.252+0000] {processor.py:829} INFO - Processing file /home/airflow/.local/lib/python3.8/site-packages/airflow/example_dags/example_complex.py for tasks to queue
[2025-10-16T17:43:49.258+0000] {logging_mixin.py:151} INFO - [2025-10-16T17:43:49.258+0000] {dagbag.py:536} INFO - Filling up the DagBag from /home/airflow/.local/lib/python3.8/site-packages/airflow/example_dags/example_complex.py
[2025-10-16T17:43:49.286+0000] {processor.py:839} INFO - DAG(s) dict_keys(['example_complex']) retrieved from /home/airflow/.local/lib/python3.8/site-packages/airflow/example_dags/example_complex.py
[2025-10-16T17:43:49.365+0000] {logging_mixin.py:151} INFO - [2025-10-16T17:43:49.364+0000] {dag.py:2941} INFO - Sync 1 DAGs
[2025-10-16T17:43:49.405+0000] {logging_mixin.py:151} INFO - [2025-10-16T17:43:49.405+0000] {dag.py:3722} INFO - Setting next_dagrun for example_complex to None, run_after=None
[2025-10-16T17:43:49.453+0000] {processor.py:179} INFO - Processing /home/airflow/.local/lib/python3.8/site-packages/airflow/example_dags/example_complex.py took 0.216 seconds
[2025-10-16T17:44:19.614+0000] {processor.py:157} INFO - Started process (PID=2373) to work on /home/airflow/.local/lib/python3.8/site-packages/airflow/example_dags/example_complex.py
[2025-10-16T17:44:19.618+0000] {processor.py:829} INFO - Processing file /home/airflow/.local/lib/python3.8/site-packages/airflow/example_dags/example_complex.py for tasks to queue
[2025-10-16T17:44:19.623+0000] {logging_mixin.py:151} INFO - [2025-10-16T17:44:19.623+0000] {dagbag.py:536} INFO - Filling up the DagBag from /home/airflow/.local/lib/python3.8/site-packages/airflow/example_dags/example_complex.py
[2025-10-16T17:44:19.651+0000] {processor.py:839} INFO - DAG(s) dict_keys(['example_complex']) retrieved from /home/airflow/.local/lib/python3.8/site-packages/airflow/example_dags/example_complex.py
[2025-10-16T17:44:19.714+0000] {logging_mixin.py:151} INFO - [2025-10-16T17:44:19.713+0000] {dag.py:2941} INFO - Sync 1 DAGs
[2025-10-16T17:44:19.741+0000] {logging_mixin.py:151} INFO - [2025-10-16T17:44:19.741+0000] {dag.py:3722} INFO - Setting next_dagrun for example_complex to None, run_after=None
[2025-10-16T17:44:19.783+0000] {processor.py:179} INFO - Processing /home/airflow/.local/lib/python3.8/site-packages/airflow/example_dags/example_complex.py took 0.182 seconds
[2025-10-16T17:44:50.015+0000] {processor.py:157} INFO - Started process (PID=2431) to work on /home/airflow/.local/lib/python3.8/site-packages/airflow/example_dags/example_complex.py
[2025-10-16T17:44:50.020+0000] {processor.py:829} INFO - Processing file /home/airflow/.local/lib/python3.8/site-packages/airflow/example_dags/example_complex.py for tasks to queue
[2025-10-16T17:44:50.038+0000] {logging_mixin.py:151} INFO - [2025-10-16T17:44:50.036+0000] {dagbag.py:536} INFO - Filling up the DagBag from /home/airflow/.local/lib/python3.8/site-packages/airflow/example_dags/example_complex.py
[2025-10-16T17:44:50.101+0000] {processor.py:839} INFO - DAG(s) dict_keys(['example_complex']) retrieved from /home/airflow/.local/lib/python3.8/site-packages/airflow/example_dags/example_complex.py
[2025-10-16T17:44:50.280+0000] {logging_mixin.py:151} INFO - [2025-10-16T17:44:50.279+0000] {dag.py:2941} INFO - Sync 1 DAGs
[2025-10-16T17:44:50.343+0000] {logging_mixin.py:151} INFO - [2025-10-16T17:44:50.342+0000] {dag.py:3722} INFO - Setting next_dagrun for example_complex to None, run_after=None
[2025-10-16T17:44:50.441+0000] {processor.py:179} INFO - Processing /home/airflow/.local/lib/python3.8/site-packages/airflow/example_dags/example_complex.py took 0.442 seconds
[2025-10-16T17:45:21.035+0000] {processor.py:157} INFO - Started process (PID=2491) to work on /home/airflow/.local/lib/python3.8/site-packages/airflow/example_dags/example_complex.py
[2025-10-16T17:45:21.039+0000] {processor.py:829} INFO - Processing file /home/airflow/.local/lib/python3.8/site-packages/airflow/example_dags/example_complex.py for tasks to queue
[2025-10-16T17:45:21.045+0000] {logging_mixin.py:151} INFO - [2025-10-16T17:45:21.044+0000] {dagbag.py:536} INFO - Filling up the DagBag from /home/airflow/.local/lib/python3.8/site-packages/airflow/example_dags/example_complex.py
[2025-10-16T17:45:21.086+0000] {processor.py:839} INFO - DAG(s) dict_keys(['example_complex']) retrieved from /home/airflow/.local/lib/python3.8/site-packages/airflow/example_dags/example_complex.py
[2025-10-16T17:45:21.163+0000] {logging_mixin.py:151} INFO - [2025-10-16T17:45:21.163+0000] {dag.py:2941} INFO - Sync 1 DAGs
[2025-10-16T17:45:21.191+0000] {logging_mixin.py:151} INFO - [2025-10-16T17:45:21.190+0000] {dag.py:3722} INFO - Setting next_dagrun for example_complex to None, run_after=None
[2025-10-16T17:45:21.234+0000] {processor.py:179} INFO - Processing /home/airflow/.local/lib/python3.8/site-packages/airflow/example_dags/example_complex.py took 0.206 seconds
[2025-10-16T17:45:52.367+0000] {processor.py:157} INFO - Started process (PID=2550) to work on /home/airflow/.local/lib/python3.8/site-packages/airflow/example_dags/example_complex.py
[2025-10-16T17:45:52.370+0000] {processor.py:829} INFO - Processing file /home/airflow/.local/lib/python3.8/site-packages/airflow/example_dags/example_complex.py for tasks to queue
[2025-10-16T17:45:52.377+0000] {logging_mixin.py:151} INFO - [2025-10-16T17:45:52.376+0000] {dagbag.py:536} INFO - Filling up the DagBag from /home/airflow/.local/lib/python3.8/site-packages/airflow/example_dags/example_complex.py
[2025-10-16T17:45:52.420+0000] {processor.py:839} INFO - DAG(s) dict_keys(['example_complex']) retrieved from /home/airflow/.local/lib/python3.8/site-packages/airflow/example_dags/example_complex.py
[2025-10-16T17:45:52.526+0000] {logging_mixin.py:151} INFO - [2025-10-16T17:45:52.526+0000] {dag.py:2941} INFO - Sync 1 DAGs
[2025-10-16T17:45:52.562+0000] {logging_mixin.py:151} INFO - [2025-10-16T17:45:52.562+0000] {dag.py:3722} INFO - Setting next_dagrun for example_complex to None, run_after=None
[2025-10-16T17:45:52.922+0000] {processor.py:179} INFO - Processing /home/airflow/.local/lib/python3.8/site-packages/airflow/example_dags/example_complex.py took 0.565 seconds
[2025-10-16T17:46:23.818+0000] {processor.py:157} INFO - Started process (PID=2609) to work on /home/airflow/.local/lib/python3.8/site-packages/airflow/example_dags/example_complex.py
[2025-10-16T17:46:23.825+0000] {processor.py:829} INFO - Processing file /home/airflow/.local/lib/python3.8/site-packages/airflow/example_dags/example_complex.py for tasks to queue
[2025-10-16T17:46:23.845+0000] {logging_mixin.py:151} INFO - [2025-10-16T17:46:23.843+0000] {dagbag.py:536} INFO - Filling up the DagBag from /home/airflow/.local/lib/python3.8/site-packages/airflow/example_dags/example_complex.py
[2025-10-16T17:46:23.913+0000] {processor.py:839} INFO - DAG(s) dict_keys(['example_complex']) retrieved from /home/airflow/.local/lib/python3.8/site-packages/airflow/example_dags/example_complex.py
[2025-10-16T17:46:23.998+0000] {logging_mixin.py:151} INFO - [2025-10-16T17:46:23.998+0000] {dag.py:2941} INFO - Sync 1 DAGs
[2025-10-16T17:46:24.054+0000] {logging_mixin.py:151} INFO - [2025-10-16T17:46:24.054+0000] {dag.py:3722} INFO - Setting next_dagrun for example_complex to None, run_after=None
[2025-10-16T17:46:24.116+0000] {processor.py:179} INFO - Processing /home/airflow/.local/lib/python3.8/site-packages/airflow/example_dags/example_complex.py took 0.323 seconds
[2025-10-16T17:51:57.619+0000] {processor.py:157} INFO - Started process (PID=119) to work on /home/airflow/.local/lib/python3.8/site-packages/airflow/example_dags/example_complex.py
[2025-10-16T17:51:57.623+0000] {processor.py:829} INFO - Processing file /home/airflow/.local/lib/python3.8/site-packages/airflow/example_dags/example_complex.py for tasks to queue
[2025-10-16T17:51:57.631+0000] {logging_mixin.py:151} INFO - [2025-10-16T17:51:57.630+0000] {dagbag.py:536} INFO - Filling up the DagBag from /home/airflow/.local/lib/python3.8/site-packages/airflow/example_dags/example_complex.py
[2025-10-16T17:51:57.681+0000] {processor.py:839} INFO - DAG(s) dict_keys(['example_complex']) retrieved from /home/airflow/.local/lib/python3.8/site-packages/airflow/example_dags/example_complex.py
[2025-10-16T17:51:57.785+0000] {logging_mixin.py:151} INFO - [2025-10-16T17:51:57.784+0000] {dag.py:2941} INFO - Sync 1 DAGs
[2025-10-16T17:51:57.818+0000] {logging_mixin.py:151} INFO - [2025-10-16T17:51:57.817+0000] {dag.py:3722} INFO - Setting next_dagrun for example_complex to None, run_after=None
[2025-10-16T17:51:57.867+0000] {processor.py:179} INFO - Processing /home/airflow/.local/lib/python3.8/site-packages/airflow/example_dags/example_complex.py took 0.261 seconds
[2025-10-16T17:52:31.948+0000] {processor.py:157} INFO - Started process (PID=185) to work on /home/airflow/.local/lib/python3.8/site-packages/airflow/example_dags/example_complex.py
[2025-10-16T17:52:31.958+0000] {processor.py:829} INFO - Processing file /home/airflow/.local/lib/python3.8/site-packages/airflow/example_dags/example_complex.py for tasks to queue
[2025-10-16T17:52:31.979+0000] {logging_mixin.py:151} INFO - [2025-10-16T17:52:31.978+0000] {dagbag.py:536} INFO - Filling up the DagBag from /home/airflow/.local/lib/python3.8/site-packages/airflow/example_dags/example_complex.py
[2025-10-16T17:52:32.064+0000] {processor.py:839} INFO - DAG(s) dict_keys(['example_complex']) retrieved from /home/airflow/.local/lib/python3.8/site-packages/airflow/example_dags/example_complex.py
[2025-10-16T17:52:32.218+0000] {logging_mixin.py:151} INFO - [2025-10-16T17:52:32.217+0000] {dag.py:2941} INFO - Sync 1 DAGs
[2025-10-16T17:52:32.282+0000] {logging_mixin.py:151} INFO - [2025-10-16T17:52:32.282+0000] {dag.py:3722} INFO - Setting next_dagrun for example_complex to None, run_after=None
[2025-10-16T17:52:32.342+0000] {processor.py:179} INFO - Processing /home/airflow/.local/lib/python3.8/site-packages/airflow/example_dags/example_complex.py took 0.428 seconds
[2025-10-16T17:53:02.800+0000] {processor.py:157} INFO - Started process (PID=244) to work on /home/airflow/.local/lib/python3.8/site-packages/airflow/example_dags/example_complex.py
[2025-10-16T17:53:02.804+0000] {processor.py:829} INFO - Processing file /home/airflow/.local/lib/python3.8/site-packages/airflow/example_dags/example_complex.py for tasks to queue
[2025-10-16T17:53:02.816+0000] {logging_mixin.py:151} INFO - [2025-10-16T17:53:02.814+0000] {dagbag.py:536} INFO - Filling up the DagBag from /home/airflow/.local/lib/python3.8/site-packages/airflow/example_dags/example_complex.py
[2025-10-16T17:53:02.894+0000] {processor.py:839} INFO - DAG(s) dict_keys(['example_complex']) retrieved from /home/airflow/.local/lib/python3.8/site-packages/airflow/example_dags/example_complex.py
[2025-10-16T17:53:03.018+0000] {logging_mixin.py:151} INFO - [2025-10-16T17:53:03.018+0000] {dag.py:2941} INFO - Sync 1 DAGs
[2025-10-16T17:53:03.073+0000] {logging_mixin.py:151} INFO - [2025-10-16T17:53:03.073+0000] {dag.py:3722} INFO - Setting next_dagrun for example_complex to None, run_after=None
[2025-10-16T17:53:03.149+0000] {processor.py:179} INFO - Processing /home/airflow/.local/lib/python3.8/site-packages/airflow/example_dags/example_complex.py took 0.364 seconds
[2025-10-16T17:53:34.965+0000] {processor.py:157} INFO - Started process (PID=303) to work on /home/airflow/.local/lib/python3.8/site-packages/airflow/example_dags/example_complex.py
[2025-10-16T17:53:34.968+0000] {processor.py:829} INFO - Processing file /home/airflow/.local/lib/python3.8/site-packages/airflow/example_dags/example_complex.py for tasks to queue
[2025-10-16T17:53:34.977+0000] {logging_mixin.py:151} INFO - [2025-10-16T17:53:34.976+0000] {dagbag.py:536} INFO - Filling up the DagBag from /home/airflow/.local/lib/python3.8/site-packages/airflow/example_dags/example_complex.py
[2025-10-16T17:53:35.014+0000] {processor.py:839} INFO - DAG(s) dict_keys(['example_complex']) retrieved from /home/airflow/.local/lib/python3.8/site-packages/airflow/example_dags/example_complex.py
[2025-10-16T17:53:35.113+0000] {logging_mixin.py:151} INFO - [2025-10-16T17:53:35.113+0000] {dag.py:2941} INFO - Sync 1 DAGs
[2025-10-16T17:53:35.147+0000] {logging_mixin.py:151} INFO - [2025-10-16T17:53:35.147+0000] {dag.py:3722} INFO - Setting next_dagrun for example_complex to None, run_after=None
[2025-10-16T17:53:35.214+0000] {processor.py:179} INFO - Processing /home/airflow/.local/lib/python3.8/site-packages/airflow/example_dags/example_complex.py took 0.260 seconds
[2025-10-16T17:54:05.688+0000] {processor.py:157} INFO - Started process (PID=362) to work on /home/airflow/.local/lib/python3.8/site-packages/airflow/example_dags/example_complex.py
[2025-10-16T17:54:05.694+0000] {processor.py:829} INFO - Processing file /home/airflow/.local/lib/python3.8/site-packages/airflow/example_dags/example_complex.py for tasks to queue
[2025-10-16T17:54:05.702+0000] {logging_mixin.py:151} INFO - [2025-10-16T17:54:05.701+0000] {dagbag.py:536} INFO - Filling up the DagBag from /home/airflow/.local/lib/python3.8/site-packages/airflow/example_dags/example_complex.py
[2025-10-16T17:54:05.740+0000] {processor.py:839} INFO - DAG(s) dict_keys(['example_complex']) retrieved from /home/airflow/.local/lib/python3.8/site-packages/airflow/example_dags/example_complex.py
[2025-10-16T17:54:05.835+0000] {logging_mixin.py:151} INFO - [2025-10-16T17:54:05.833+0000] {dag.py:2941} INFO - Sync 1 DAGs
[2025-10-16T17:54:05.897+0000] {logging_mixin.py:151} INFO - [2025-10-16T17:54:05.897+0000] {dag.py:3722} INFO - Setting next_dagrun for example_complex to None, run_after=None
[2025-10-16T17:54:05.943+0000] {processor.py:179} INFO - Processing /home/airflow/.local/lib/python3.8/site-packages/airflow/example_dags/example_complex.py took 0.271 seconds
[2025-10-16T17:54:39.780+0000] {processor.py:157} INFO - Started process (PID=421) to work on /home/airflow/.local/lib/python3.8/site-packages/airflow/example_dags/example_complex.py
[2025-10-16T17:54:39.783+0000] {processor.py:829} INFO - Processing file /home/airflow/.local/lib/python3.8/site-packages/airflow/example_dags/example_complex.py for tasks to queue
[2025-10-16T17:54:39.788+0000] {logging_mixin.py:151} INFO - [2025-10-16T17:54:39.788+0000] {dagbag.py:536} INFO - Filling up the DagBag from /home/airflow/.local/lib/python3.8/site-packages/airflow/example_dags/example_complex.py
[2025-10-16T17:54:39.816+0000] {processor.py:839} INFO - DAG(s) dict_keys(['example_complex']) retrieved from /home/airflow/.local/lib/python3.8/site-packages/airflow/example_dags/example_complex.py
[2025-10-16T17:54:39.892+0000] {logging_mixin.py:151} INFO - [2025-10-16T17:54:39.891+0000] {dag.py:2941} INFO - Sync 1 DAGs
[2025-10-16T17:54:39.924+0000] {logging_mixin.py:151} INFO - [2025-10-16T17:54:39.924+0000] {dag.py:3722} INFO - Setting next_dagrun for example_complex to None, run_after=None
[2025-10-16T17:54:39.978+0000] {processor.py:179} INFO - Processing /home/airflow/.local/lib/python3.8/site-packages/airflow/example_dags/example_complex.py took 0.205 seconds
[2025-10-16T17:55:11.087+0000] {processor.py:157} INFO - Started process (PID=481) to work on /home/airflow/.local/lib/python3.8/site-packages/airflow/example_dags/example_complex.py
[2025-10-16T17:55:11.091+0000] {processor.py:829} INFO - Processing file /home/airflow/.local/lib/python3.8/site-packages/airflow/example_dags/example_complex.py for tasks to queue
[2025-10-16T17:55:11.099+0000] {logging_mixin.py:151} INFO - [2025-10-16T17:55:11.098+0000] {dagbag.py:536} INFO - Filling up the DagBag from /home/airflow/.local/lib/python3.8/site-packages/airflow/example_dags/example_complex.py
[2025-10-16T17:55:11.134+0000] {processor.py:839} INFO - DAG(s) dict_keys(['example_complex']) retrieved from /home/airflow/.local/lib/python3.8/site-packages/airflow/example_dags/example_complex.py
[2025-10-16T17:55:11.220+0000] {logging_mixin.py:151} INFO - [2025-10-16T17:55:11.219+0000] {dag.py:2941} INFO - Sync 1 DAGs
[2025-10-16T17:55:11.259+0000] {logging_mixin.py:151} INFO - [2025-10-16T17:55:11.259+0000] {dag.py:3722} INFO - Setting next_dagrun for example_complex to None, run_after=None
[2025-10-16T17:55:11.315+0000] {processor.py:179} INFO - Processing /home/airflow/.local/lib/python3.8/site-packages/airflow/example_dags/example_complex.py took 0.242 seconds
[2025-10-16T17:55:42.366+0000] {processor.py:157} INFO - Started process (PID=540) to work on /home/airflow/.local/lib/python3.8/site-packages/airflow/example_dags/example_complex.py
[2025-10-16T17:55:42.369+0000] {processor.py:829} INFO - Processing file /home/airflow/.local/lib/python3.8/site-packages/airflow/example_dags/example_complex.py for tasks to queue
[2025-10-16T17:55:42.376+0000] {logging_mixin.py:151} INFO - [2025-10-16T17:55:42.375+0000] {dagbag.py:536} INFO - Filling up the DagBag from /home/airflow/.local/lib/python3.8/site-packages/airflow/example_dags/example_complex.py
[2025-10-16T17:55:42.400+0000] {processor.py:839} INFO - DAG(s) dict_keys(['example_complex']) retrieved from /home/airflow/.local/lib/python3.8/site-packages/airflow/example_dags/example_complex.py
[2025-10-16T17:55:42.471+0000] {logging_mixin.py:151} INFO - [2025-10-16T17:55:42.470+0000] {dag.py:2941} INFO - Sync 1 DAGs
[2025-10-16T17:55:42.504+0000] {logging_mixin.py:151} INFO - [2025-10-16T17:55:42.503+0000] {dag.py:3722} INFO - Setting next_dagrun for example_complex to None, run_after=None
[2025-10-16T17:55:42.559+0000] {processor.py:179} INFO - Processing /home/airflow/.local/lib/python3.8/site-packages/airflow/example_dags/example_complex.py took 0.202 seconds
[2025-10-16T17:56:14.534+0000] {processor.py:157} INFO - Started process (PID=599) to work on /home/airflow/.local/lib/python3.8/site-packages/airflow/example_dags/example_complex.py
[2025-10-16T17:56:14.537+0000] {processor.py:829} INFO - Processing file /home/airflow/.local/lib/python3.8/site-packages/airflow/example_dags/example_complex.py for tasks to queue
[2025-10-16T17:56:14.544+0000] {logging_mixin.py:151} INFO - [2025-10-16T17:56:14.543+0000] {dagbag.py:536} INFO - Filling up the DagBag from /home/airflow/.local/lib/python3.8/site-packages/airflow/example_dags/example_complex.py
[2025-10-16T17:56:14.574+0000] {processor.py:839} INFO - DAG(s) dict_keys(['example_complex']) retrieved from /home/airflow/.local/lib/python3.8/site-packages/airflow/example_dags/example_complex.py
[2025-10-16T17:56:14.657+0000] {logging_mixin.py:151} INFO - [2025-10-16T17:56:14.657+0000] {dag.py:2941} INFO - Sync 1 DAGs
[2025-10-16T17:56:14.689+0000] {logging_mixin.py:151} INFO - [2025-10-16T17:56:14.689+0000] {dag.py:3722} INFO - Setting next_dagrun for example_complex to None, run_after=None
[2025-10-16T17:56:14.807+0000] {processor.py:179} INFO - Processing /home/airflow/.local/lib/python3.8/site-packages/airflow/example_dags/example_complex.py took 0.282 seconds
[2025-10-16T17:56:49.172+0000] {processor.py:157} INFO - Started process (PID=658) to work on /home/airflow/.local/lib/python3.8/site-packages/airflow/example_dags/example_complex.py
[2025-10-16T17:56:49.176+0000] {processor.py:829} INFO - Processing file /home/airflow/.local/lib/python3.8/site-packages/airflow/example_dags/example_complex.py for tasks to queue
[2025-10-16T17:56:49.182+0000] {logging_mixin.py:151} INFO - [2025-10-16T17:56:49.181+0000] {dagbag.py:536} INFO - Filling up the DagBag from /home/airflow/.local/lib/python3.8/site-packages/airflow/example_dags/example_complex.py
[2025-10-16T17:56:49.219+0000] {processor.py:839} INFO - DAG(s) dict_keys(['example_complex']) retrieved from /home/airflow/.local/lib/python3.8/site-packages/airflow/example_dags/example_complex.py
[2025-10-16T17:56:49.304+0000] {logging_mixin.py:151} INFO - [2025-10-16T17:56:49.304+0000] {dag.py:2941} INFO - Sync 1 DAGs
[2025-10-16T17:56:49.347+0000] {logging_mixin.py:151} INFO - [2025-10-16T17:56:49.347+0000] {dag.py:3722} INFO - Setting next_dagrun for example_complex to None, run_after=None
[2025-10-16T17:56:49.408+0000] {processor.py:179} INFO - Processing /home/airflow/.local/lib/python3.8/site-packages/airflow/example_dags/example_complex.py took 0.247 seconds
[2025-10-16T17:57:20.121+0000] {processor.py:157} INFO - Started process (PID=719) to work on /home/airflow/.local/lib/python3.8/site-packages/airflow/example_dags/example_complex.py
[2025-10-16T17:57:20.125+0000] {processor.py:829} INFO - Processing file /home/airflow/.local/lib/python3.8/site-packages/airflow/example_dags/example_complex.py for tasks to queue
[2025-10-16T17:57:20.132+0000] {logging_mixin.py:151} INFO - [2025-10-16T17:57:20.131+0000] {dagbag.py:536} INFO - Filling up the DagBag from /home/airflow/.local/lib/python3.8/site-packages/airflow/example_dags/example_complex.py
[2025-10-16T17:57:20.169+0000] {processor.py:839} INFO - DAG(s) dict_keys(['example_complex']) retrieved from /home/airflow/.local/lib/python3.8/site-packages/airflow/example_dags/example_complex.py
[2025-10-16T17:57:20.249+0000] {logging_mixin.py:151} INFO - [2025-10-16T17:57:20.248+0000] {dag.py:2941} INFO - Sync 1 DAGs
[2025-10-16T17:57:20.292+0000] {logging_mixin.py:151} INFO - [2025-10-16T17:57:20.292+0000] {dag.py:3722} INFO - Setting next_dagrun for example_complex to None, run_after=None
[2025-10-16T17:57:20.352+0000] {processor.py:179} INFO - Processing /home/airflow/.local/lib/python3.8/site-packages/airflow/example_dags/example_complex.py took 0.240 seconds
[2025-10-16T17:57:51.662+0000] {processor.py:157} INFO - Started process (PID=779) to work on /home/airflow/.local/lib/python3.8/site-packages/airflow/example_dags/example_complex.py
[2025-10-16T17:57:51.665+0000] {processor.py:829} INFO - Processing file /home/airflow/.local/lib/python3.8/site-packages/airflow/example_dags/example_complex.py for tasks to queue
[2025-10-16T17:57:51.671+0000] {logging_mixin.py:151} INFO - [2025-10-16T17:57:51.670+0000] {dagbag.py:536} INFO - Filling up the DagBag from /home/airflow/.local/lib/python3.8/site-packages/airflow/example_dags/example_complex.py
[2025-10-16T17:57:51.696+0000] {processor.py:839} INFO - DAG(s) dict_keys(['example_complex']) retrieved from /home/airflow/.local/lib/python3.8/site-packages/airflow/example_dags/example_complex.py
[2025-10-16T17:57:51.779+0000] {logging_mixin.py:151} INFO - [2025-10-16T17:57:51.779+0000] {dag.py:2941} INFO - Sync 1 DAGs
[2025-10-16T17:57:51.812+0000] {logging_mixin.py:151} INFO - [2025-10-16T17:57:51.812+0000] {dag.py:3722} INFO - Setting next_dagrun for example_complex to None, run_after=None
[2025-10-16T17:57:51.867+0000] {processor.py:179} INFO - Processing /home/airflow/.local/lib/python3.8/site-packages/airflow/example_dags/example_complex.py took 0.212 seconds
[2025-10-16T17:58:23.135+0000] {processor.py:157} INFO - Started process (PID=838) to work on /home/airflow/.local/lib/python3.8/site-packages/airflow/example_dags/example_complex.py
[2025-10-16T17:58:23.138+0000] {processor.py:829} INFO - Processing file /home/airflow/.local/lib/python3.8/site-packages/airflow/example_dags/example_complex.py for tasks to queue
[2025-10-16T17:58:23.151+0000] {logging_mixin.py:151} INFO - [2025-10-16T17:58:23.150+0000] {dagbag.py:536} INFO - Filling up the DagBag from /home/airflow/.local/lib/python3.8/site-packages/airflow/example_dags/example_complex.py
[2025-10-16T17:58:23.255+0000] {processor.py:839} INFO - DAG(s) dict_keys(['example_complex']) retrieved from /home/airflow/.local/lib/python3.8/site-packages/airflow/example_dags/example_complex.py
[2025-10-16T17:58:23.419+0000] {logging_mixin.py:151} INFO - [2025-10-16T17:58:23.419+0000] {dag.py:2941} INFO - Sync 1 DAGs
[2025-10-16T17:58:23.484+0000] {logging_mixin.py:151} INFO - [2025-10-16T17:58:23.484+0000] {dag.py:3722} INFO - Setting next_dagrun for example_complex to None, run_after=None
[2025-10-16T17:58:23.537+0000] {processor.py:179} INFO - Processing /home/airflow/.local/lib/python3.8/site-packages/airflow/example_dags/example_complex.py took 0.411 seconds
[2025-10-16T17:58:55.409+0000] {processor.py:157} INFO - Started process (PID=898) to work on /home/airflow/.local/lib/python3.8/site-packages/airflow/example_dags/example_complex.py
[2025-10-16T17:58:55.411+0000] {processor.py:829} INFO - Processing file /home/airflow/.local/lib/python3.8/site-packages/airflow/example_dags/example_complex.py for tasks to queue
[2025-10-16T17:58:55.417+0000] {logging_mixin.py:151} INFO - [2025-10-16T17:58:55.416+0000] {dagbag.py:536} INFO - Filling up the DagBag from /home/airflow/.local/lib/python3.8/site-packages/airflow/example_dags/example_complex.py
[2025-10-16T17:58:55.459+0000] {processor.py:839} INFO - DAG(s) dict_keys(['example_complex']) retrieved from /home/airflow/.local/lib/python3.8/site-packages/airflow/example_dags/example_complex.py
[2025-10-16T17:58:55.576+0000] {logging_mixin.py:151} INFO - [2025-10-16T17:58:55.576+0000] {dag.py:2941} INFO - Sync 1 DAGs
[2025-10-16T17:58:55.627+0000] {logging_mixin.py:151} INFO - [2025-10-16T17:58:55.627+0000] {dag.py:3722} INFO - Setting next_dagrun for example_complex to None, run_after=None
[2025-10-16T17:58:55.700+0000] {processor.py:179} INFO - Processing /home/airflow/.local/lib/python3.8/site-packages/airflow/example_dags/example_complex.py took 0.302 seconds
[2025-10-16T17:59:26.909+0000] {processor.py:157} INFO - Started process (PID=957) to work on /home/airflow/.local/lib/python3.8/site-packages/airflow/example_dags/example_complex.py
[2025-10-16T17:59:26.913+0000] {processor.py:829} INFO - Processing file /home/airflow/.local/lib/python3.8/site-packages/airflow/example_dags/example_complex.py for tasks to queue
[2025-10-16T17:59:26.924+0000] {logging_mixin.py:151} INFO - [2025-10-16T17:59:26.922+0000] {dagbag.py:536} INFO - Filling up the DagBag from /home/airflow/.local/lib/python3.8/site-packages/airflow/example_dags/example_complex.py
[2025-10-16T17:59:26.967+0000] {processor.py:839} INFO - DAG(s) dict_keys(['example_complex']) retrieved from /home/airflow/.local/lib/python3.8/site-packages/airflow/example_dags/example_complex.py
[2025-10-16T17:59:27.064+0000] {logging_mixin.py:151} INFO - [2025-10-16T17:59:27.063+0000] {dag.py:2941} INFO - Sync 1 DAGs
[2025-10-16T17:59:27.099+0000] {logging_mixin.py:151} INFO - [2025-10-16T17:59:27.098+0000] {dag.py:3722} INFO - Setting next_dagrun for example_complex to None, run_after=None
[2025-10-16T17:59:27.197+0000] {processor.py:179} INFO - Processing /home/airflow/.local/lib/python3.8/site-packages/airflow/example_dags/example_complex.py took 0.302 seconds
[2025-10-16T18:00:00.594+0000] {processor.py:157} INFO - Started process (PID=1018) to work on /home/airflow/.local/lib/python3.8/site-packages/airflow/example_dags/example_complex.py
[2025-10-16T18:00:00.597+0000] {processor.py:829} INFO - Processing file /home/airflow/.local/lib/python3.8/site-packages/airflow/example_dags/example_complex.py for tasks to queue
[2025-10-16T18:00:00.605+0000] {logging_mixin.py:151} INFO - [2025-10-16T18:00:00.604+0000] {dagbag.py:536} INFO - Filling up the DagBag from /home/airflow/.local/lib/python3.8/site-packages/airflow/example_dags/example_complex.py
[2025-10-16T18:00:00.637+0000] {processor.py:839} INFO - DAG(s) dict_keys(['example_complex']) retrieved from /home/airflow/.local/lib/python3.8/site-packages/airflow/example_dags/example_complex.py
[2025-10-16T18:00:00.731+0000] {logging_mixin.py:151} INFO - [2025-10-16T18:00:00.731+0000] {dag.py:2941} INFO - Sync 1 DAGs
[2025-10-16T18:00:00.767+0000] {logging_mixin.py:151} INFO - [2025-10-16T18:00:00.766+0000] {dag.py:3722} INFO - Setting next_dagrun for example_complex to None, run_after=None
[2025-10-16T18:00:00.821+0000] {processor.py:179} INFO - Processing /home/airflow/.local/lib/python3.8/site-packages/airflow/example_dags/example_complex.py took 0.235 seconds
[2025-10-16T18:00:31.732+0000] {processor.py:157} INFO - Started process (PID=1076) to work on /home/airflow/.local/lib/python3.8/site-packages/airflow/example_dags/example_complex.py
[2025-10-16T18:00:31.735+0000] {processor.py:829} INFO - Processing file /home/airflow/.local/lib/python3.8/site-packages/airflow/example_dags/example_complex.py for tasks to queue
[2025-10-16T18:00:31.743+0000] {logging_mixin.py:151} INFO - [2025-10-16T18:00:31.743+0000] {dagbag.py:536} INFO - Filling up the DagBag from /home/airflow/.local/lib/python3.8/site-packages/airflow/example_dags/example_complex.py
[2025-10-16T18:00:31.773+0000] {processor.py:839} INFO - DAG(s) dict_keys(['example_complex']) retrieved from /home/airflow/.local/lib/python3.8/site-packages/airflow/example_dags/example_complex.py
[2025-10-16T18:00:31.854+0000] {logging_mixin.py:151} INFO - [2025-10-16T18:00:31.854+0000] {dag.py:2941} INFO - Sync 1 DAGs
[2025-10-16T18:00:31.891+0000] {logging_mixin.py:151} INFO - [2025-10-16T18:00:31.890+0000] {dag.py:3722} INFO - Setting next_dagrun for example_complex to None, run_after=None
[2025-10-16T18:00:32.351+0000] {processor.py:179} INFO - Processing /home/airflow/.local/lib/python3.8/site-packages/airflow/example_dags/example_complex.py took 0.627 seconds
[2025-10-16T18:01:03.431+0000] {processor.py:157} INFO - Started process (PID=1135) to work on /home/airflow/.local/lib/python3.8/site-packages/airflow/example_dags/example_complex.py
[2025-10-16T18:01:03.434+0000] {processor.py:829} INFO - Processing file /home/airflow/.local/lib/python3.8/site-packages/airflow/example_dags/example_complex.py for tasks to queue
[2025-10-16T18:01:03.443+0000] {logging_mixin.py:151} INFO - [2025-10-16T18:01:03.442+0000] {dagbag.py:536} INFO - Filling up the DagBag from /home/airflow/.local/lib/python3.8/site-packages/airflow/example_dags/example_complex.py
[2025-10-16T18:01:03.476+0000] {processor.py:839} INFO - DAG(s) dict_keys(['example_complex']) retrieved from /home/airflow/.local/lib/python3.8/site-packages/airflow/example_dags/example_complex.py
[2025-10-16T18:01:03.564+0000] {logging_mixin.py:151} INFO - [2025-10-16T18:01:03.564+0000] {dag.py:2941} INFO - Sync 1 DAGs
[2025-10-16T18:01:03.601+0000] {logging_mixin.py:151} INFO - [2025-10-16T18:01:03.601+0000] {dag.py:3722} INFO - Setting next_dagrun for example_complex to None, run_after=None
[2025-10-16T18:01:03.656+0000] {processor.py:179} INFO - Processing /home/airflow/.local/lib/python3.8/site-packages/airflow/example_dags/example_complex.py took 0.233 seconds
[2025-10-16T18:02:17.518+0000] {processor.py:157} INFO - Started process (PID=1238) to work on /home/airflow/.local/lib/python3.8/site-packages/airflow/example_dags/example_complex.py
[2025-10-16T18:02:17.522+0000] {processor.py:829} INFO - Processing file /home/airflow/.local/lib/python3.8/site-packages/airflow/example_dags/example_complex.py for tasks to queue
[2025-10-16T18:02:17.528+0000] {logging_mixin.py:151} INFO - [2025-10-16T18:02:17.527+0000] {dagbag.py:536} INFO - Filling up the DagBag from /home/airflow/.local/lib/python3.8/site-packages/airflow/example_dags/example_complex.py
[2025-10-16T18:02:17.566+0000] {processor.py:839} INFO - DAG(s) dict_keys(['example_complex']) retrieved from /home/airflow/.local/lib/python3.8/site-packages/airflow/example_dags/example_complex.py
[2025-10-16T18:02:17.693+0000] {logging_mixin.py:151} INFO - [2025-10-16T18:02:17.692+0000] {dag.py:2941} INFO - Sync 1 DAGs
[2025-10-16T18:02:17.784+0000] {logging_mixin.py:151} INFO - [2025-10-16T18:02:17.783+0000] {dag.py:3722} INFO - Setting next_dagrun for example_complex to None, run_after=None
[2025-10-16T18:02:17.854+0000] {processor.py:179} INFO - Processing /home/airflow/.local/lib/python3.8/site-packages/airflow/example_dags/example_complex.py took 0.346 seconds
[2025-10-16T18:02:54.903+0000] {processor.py:157} INFO - Started process (PID=1298) to work on /home/airflow/.local/lib/python3.8/site-packages/airflow/example_dags/example_complex.py
[2025-10-16T18:02:54.907+0000] {processor.py:829} INFO - Processing file /home/airflow/.local/lib/python3.8/site-packages/airflow/example_dags/example_complex.py for tasks to queue
[2025-10-16T18:02:54.916+0000] {logging_mixin.py:151} INFO - [2025-10-16T18:02:54.915+0000] {dagbag.py:536} INFO - Filling up the DagBag from /home/airflow/.local/lib/python3.8/site-packages/airflow/example_dags/example_complex.py
[2025-10-16T18:02:54.952+0000] {processor.py:839} INFO - DAG(s) dict_keys(['example_complex']) retrieved from /home/airflow/.local/lib/python3.8/site-packages/airflow/example_dags/example_complex.py
[2025-10-16T18:02:55.351+0000] {logging_mixin.py:151} INFO - [2025-10-16T18:02:55.351+0000] {dag.py:2941} INFO - Sync 1 DAGs
[2025-10-16T18:02:55.379+0000] {logging_mixin.py:151} INFO - [2025-10-16T18:02:55.379+0000] {dag.py:3722} INFO - Setting next_dagrun for example_complex to None, run_after=None
[2025-10-16T18:02:55.523+0000] {processor.py:179} INFO - Processing /home/airflow/.local/lib/python3.8/site-packages/airflow/example_dags/example_complex.py took 0.629 seconds
