[2025-10-16T17:24:36.884+0000] {processor.py:157} INFO - Started process (PID=117) to work on /home/airflow/.local/lib/python3.8/site-packages/airflow/example_dags/example_branch_operator.py
[2025-10-16T17:24:36.911+0000] {processor.py:829} INFO - Processing file /home/airflow/.local/lib/python3.8/site-packages/airflow/example_dags/example_branch_operator.py for tasks to queue
[2025-10-16T17:24:36.930+0000] {logging_mixin.py:151} INFO - [2025-10-16T17:24:36.927+0000] {dagbag.py:536} INFO - Filling up the DagBag from /home/airflow/.local/lib/python3.8/site-packages/airflow/example_dags/example_branch_operator.py
[2025-10-16T17:24:37.018+0000] {processor.py:839} INFO - DAG(s) dict_keys(['example_branch_operator']) retrieved from /home/airflow/.local/lib/python3.8/site-packages/airflow/example_dags/example_branch_operator.py
[2025-10-16T17:24:37.180+0000] {logging_mixin.py:151} INFO - [2025-10-16T17:24:37.180+0000] {dag.py:2941} INFO - Sync 1 DAGs
[2025-10-16T17:24:37.399+0000] {logging_mixin.py:151} INFO - [2025-10-16T17:24:37.399+0000] {dag.py:3722} INFO - Setting next_dagrun for example_branch_operator to 2025-10-15T00:00:00+00:00, run_after=2025-10-16T00:00:00+00:00
[2025-10-16T17:24:37.543+0000] {processor.py:179} INFO - Processing /home/airflow/.local/lib/python3.8/site-packages/airflow/example_dags/example_branch_operator.py took 0.684 seconds
[2025-10-16T17:25:08.706+0000] {processor.py:157} INFO - Started process (PID=176) to work on /home/airflow/.local/lib/python3.8/site-packages/airflow/example_dags/example_branch_operator.py
[2025-10-16T17:25:08.730+0000] {processor.py:829} INFO - Processing file /home/airflow/.local/lib/python3.8/site-packages/airflow/example_dags/example_branch_operator.py for tasks to queue
[2025-10-16T17:25:08.747+0000] {logging_mixin.py:151} INFO - [2025-10-16T17:25:08.746+0000] {dagbag.py:536} INFO - Filling up the DagBag from /home/airflow/.local/lib/python3.8/site-packages/airflow/example_dags/example_branch_operator.py
[2025-10-16T17:25:08.823+0000] {processor.py:839} INFO - DAG(s) dict_keys(['example_branch_operator']) retrieved from /home/airflow/.local/lib/python3.8/site-packages/airflow/example_dags/example_branch_operator.py
[2025-10-16T17:25:08.948+0000] {logging_mixin.py:151} INFO - [2025-10-16T17:25:08.947+0000] {dag.py:2941} INFO - Sync 1 DAGs
[2025-10-16T17:25:09.100+0000] {logging_mixin.py:151} INFO - [2025-10-16T17:25:09.100+0000] {dag.py:3722} INFO - Setting next_dagrun for example_branch_operator to 2025-10-15T00:00:00+00:00, run_after=2025-10-16T00:00:00+00:00
[2025-10-16T17:25:09.218+0000] {processor.py:179} INFO - Processing /home/airflow/.local/lib/python3.8/site-packages/airflow/example_dags/example_branch_operator.py took 0.545 seconds
[2025-10-16T17:25:39.828+0000] {processor.py:157} INFO - Started process (PID=235) to work on /home/airflow/.local/lib/python3.8/site-packages/airflow/example_dags/example_branch_operator.py
[2025-10-16T17:25:39.831+0000] {processor.py:829} INFO - Processing file /home/airflow/.local/lib/python3.8/site-packages/airflow/example_dags/example_branch_operator.py for tasks to queue
[2025-10-16T17:25:39.843+0000] {logging_mixin.py:151} INFO - [2025-10-16T17:25:39.842+0000] {dagbag.py:536} INFO - Filling up the DagBag from /home/airflow/.local/lib/python3.8/site-packages/airflow/example_dags/example_branch_operator.py
[2025-10-16T17:25:39.889+0000] {processor.py:839} INFO - DAG(s) dict_keys(['example_branch_operator']) retrieved from /home/airflow/.local/lib/python3.8/site-packages/airflow/example_dags/example_branch_operator.py
[2025-10-16T17:25:39.996+0000] {logging_mixin.py:151} INFO - [2025-10-16T17:25:39.995+0000] {dag.py:2941} INFO - Sync 1 DAGs
[2025-10-16T17:25:40.104+0000] {logging_mixin.py:151} INFO - [2025-10-16T17:25:40.104+0000] {dag.py:3722} INFO - Setting next_dagrun for example_branch_operator to 2025-10-15T00:00:00+00:00, run_after=2025-10-16T00:00:00+00:00
[2025-10-16T17:25:40.177+0000] {processor.py:179} INFO - Processing /home/airflow/.local/lib/python3.8/site-packages/airflow/example_dags/example_branch_operator.py took 0.371 seconds
[2025-10-16T17:26:10.981+0000] {processor.py:157} INFO - Started process (PID=294) to work on /home/airflow/.local/lib/python3.8/site-packages/airflow/example_dags/example_branch_operator.py
[2025-10-16T17:26:10.984+0000] {processor.py:829} INFO - Processing file /home/airflow/.local/lib/python3.8/site-packages/airflow/example_dags/example_branch_operator.py for tasks to queue
[2025-10-16T17:26:10.992+0000] {logging_mixin.py:151} INFO - [2025-10-16T17:26:10.991+0000] {dagbag.py:536} INFO - Filling up the DagBag from /home/airflow/.local/lib/python3.8/site-packages/airflow/example_dags/example_branch_operator.py
[2025-10-16T17:26:11.013+0000] {processor.py:839} INFO - DAG(s) dict_keys(['example_branch_operator']) retrieved from /home/airflow/.local/lib/python3.8/site-packages/airflow/example_dags/example_branch_operator.py
[2025-10-16T17:26:11.064+0000] {logging_mixin.py:151} INFO - [2025-10-16T17:26:11.063+0000] {dag.py:2941} INFO - Sync 1 DAGs
[2025-10-16T17:26:11.123+0000] {logging_mixin.py:151} INFO - [2025-10-16T17:26:11.123+0000] {dag.py:3722} INFO - Setting next_dagrun for example_branch_operator to 2025-10-15T00:00:00+00:00, run_after=2025-10-16T00:00:00+00:00
[2025-10-16T17:26:11.167+0000] {processor.py:179} INFO - Processing /home/airflow/.local/lib/python3.8/site-packages/airflow/example_dags/example_branch_operator.py took 0.197 seconds
[2025-10-16T17:26:42.016+0000] {processor.py:157} INFO - Started process (PID=353) to work on /home/airflow/.local/lib/python3.8/site-packages/airflow/example_dags/example_branch_operator.py
[2025-10-16T17:26:42.025+0000] {processor.py:829} INFO - Processing file /home/airflow/.local/lib/python3.8/site-packages/airflow/example_dags/example_branch_operator.py for tasks to queue
[2025-10-16T17:26:42.036+0000] {logging_mixin.py:151} INFO - [2025-10-16T17:26:42.035+0000] {dagbag.py:536} INFO - Filling up the DagBag from /home/airflow/.local/lib/python3.8/site-packages/airflow/example_dags/example_branch_operator.py
[2025-10-16T17:26:42.086+0000] {processor.py:839} INFO - DAG(s) dict_keys(['example_branch_operator']) retrieved from /home/airflow/.local/lib/python3.8/site-packages/airflow/example_dags/example_branch_operator.py
[2025-10-16T17:26:42.189+0000] {logging_mixin.py:151} INFO - [2025-10-16T17:26:42.188+0000] {dag.py:2941} INFO - Sync 1 DAGs
[2025-10-16T17:26:42.339+0000] {logging_mixin.py:151} INFO - [2025-10-16T17:26:42.338+0000] {dag.py:3722} INFO - Setting next_dagrun for example_branch_operator to 2025-10-15T00:00:00+00:00, run_after=2025-10-16T00:00:00+00:00
[2025-10-16T17:26:42.505+0000] {processor.py:179} INFO - Processing /home/airflow/.local/lib/python3.8/site-packages/airflow/example_dags/example_branch_operator.py took 0.506 seconds
[2025-10-16T17:27:12.858+0000] {processor.py:157} INFO - Started process (PID=412) to work on /home/airflow/.local/lib/python3.8/site-packages/airflow/example_dags/example_branch_operator.py
[2025-10-16T17:27:12.861+0000] {processor.py:829} INFO - Processing file /home/airflow/.local/lib/python3.8/site-packages/airflow/example_dags/example_branch_operator.py for tasks to queue
[2025-10-16T17:27:12.868+0000] {logging_mixin.py:151} INFO - [2025-10-16T17:27:12.867+0000] {dagbag.py:536} INFO - Filling up the DagBag from /home/airflow/.local/lib/python3.8/site-packages/airflow/example_dags/example_branch_operator.py
[2025-10-16T17:27:12.901+0000] {processor.py:839} INFO - DAG(s) dict_keys(['example_branch_operator']) retrieved from /home/airflow/.local/lib/python3.8/site-packages/airflow/example_dags/example_branch_operator.py
[2025-10-16T17:27:12.980+0000] {logging_mixin.py:151} INFO - [2025-10-16T17:27:12.980+0000] {dag.py:2941} INFO - Sync 1 DAGs
[2025-10-16T17:27:13.081+0000] {logging_mixin.py:151} INFO - [2025-10-16T17:27:13.080+0000] {dag.py:3722} INFO - Setting next_dagrun for example_branch_operator to 2025-10-15T00:00:00+00:00, run_after=2025-10-16T00:00:00+00:00
[2025-10-16T17:27:13.151+0000] {processor.py:179} INFO - Processing /home/airflow/.local/lib/python3.8/site-packages/airflow/example_dags/example_branch_operator.py took 0.304 seconds
[2025-10-16T17:27:44.016+0000] {processor.py:157} INFO - Started process (PID=471) to work on /home/airflow/.local/lib/python3.8/site-packages/airflow/example_dags/example_branch_operator.py
[2025-10-16T17:27:44.018+0000] {processor.py:829} INFO - Processing file /home/airflow/.local/lib/python3.8/site-packages/airflow/example_dags/example_branch_operator.py for tasks to queue
[2025-10-16T17:27:44.025+0000] {logging_mixin.py:151} INFO - [2025-10-16T17:27:44.024+0000] {dagbag.py:536} INFO - Filling up the DagBag from /home/airflow/.local/lib/python3.8/site-packages/airflow/example_dags/example_branch_operator.py
[2025-10-16T17:27:44.065+0000] {processor.py:839} INFO - DAG(s) dict_keys(['example_branch_operator']) retrieved from /home/airflow/.local/lib/python3.8/site-packages/airflow/example_dags/example_branch_operator.py
[2025-10-16T17:27:44.139+0000] {logging_mixin.py:151} INFO - [2025-10-16T17:27:44.139+0000] {dag.py:2941} INFO - Sync 1 DAGs
[2025-10-16T17:27:44.227+0000] {logging_mixin.py:151} INFO - [2025-10-16T17:27:44.227+0000] {dag.py:3722} INFO - Setting next_dagrun for example_branch_operator to 2025-10-15T00:00:00+00:00, run_after=2025-10-16T00:00:00+00:00
[2025-10-16T17:27:44.283+0000] {processor.py:179} INFO - Processing /home/airflow/.local/lib/python3.8/site-packages/airflow/example_dags/example_branch_operator.py took 0.279 seconds
[2025-10-16T17:28:14.689+0000] {processor.py:157} INFO - Started process (PID=530) to work on /home/airflow/.local/lib/python3.8/site-packages/airflow/example_dags/example_branch_operator.py
[2025-10-16T17:28:14.692+0000] {processor.py:829} INFO - Processing file /home/airflow/.local/lib/python3.8/site-packages/airflow/example_dags/example_branch_operator.py for tasks to queue
[2025-10-16T17:28:14.699+0000] {logging_mixin.py:151} INFO - [2025-10-16T17:28:14.698+0000] {dagbag.py:536} INFO - Filling up the DagBag from /home/airflow/.local/lib/python3.8/site-packages/airflow/example_dags/example_branch_operator.py
[2025-10-16T17:28:14.731+0000] {processor.py:839} INFO - DAG(s) dict_keys(['example_branch_operator']) retrieved from /home/airflow/.local/lib/python3.8/site-packages/airflow/example_dags/example_branch_operator.py
[2025-10-16T17:28:14.764+0000] {logging_mixin.py:151} INFO - [2025-10-16T17:28:14.764+0000] {dag.py:2941} INFO - Sync 1 DAGs
[2025-10-16T17:28:14.830+0000] {logging_mixin.py:151} INFO - [2025-10-16T17:28:14.830+0000] {dag.py:3722} INFO - Setting next_dagrun for example_branch_operator to 2025-10-15T00:00:00+00:00, run_after=2025-10-16T00:00:00+00:00
[2025-10-16T17:28:14.882+0000] {processor.py:179} INFO - Processing /home/airflow/.local/lib/python3.8/site-packages/airflow/example_dags/example_branch_operator.py took 0.202 seconds
[2025-10-16T17:28:45.199+0000] {processor.py:157} INFO - Started process (PID=589) to work on /home/airflow/.local/lib/python3.8/site-packages/airflow/example_dags/example_branch_operator.py
[2025-10-16T17:28:45.203+0000] {processor.py:829} INFO - Processing file /home/airflow/.local/lib/python3.8/site-packages/airflow/example_dags/example_branch_operator.py for tasks to queue
[2025-10-16T17:28:45.210+0000] {logging_mixin.py:151} INFO - [2025-10-16T17:28:45.209+0000] {dagbag.py:536} INFO - Filling up the DagBag from /home/airflow/.local/lib/python3.8/site-packages/airflow/example_dags/example_branch_operator.py
[2025-10-16T17:28:45.259+0000] {processor.py:839} INFO - DAG(s) dict_keys(['example_branch_operator']) retrieved from /home/airflow/.local/lib/python3.8/site-packages/airflow/example_dags/example_branch_operator.py
[2025-10-16T17:28:45.376+0000] {logging_mixin.py:151} INFO - [2025-10-16T17:28:45.376+0000] {dag.py:2941} INFO - Sync 1 DAGs
[2025-10-16T17:28:45.471+0000] {logging_mixin.py:151} INFO - [2025-10-16T17:28:45.470+0000] {dag.py:3722} INFO - Setting next_dagrun for example_branch_operator to 2025-10-15T00:00:00+00:00, run_after=2025-10-16T00:00:00+00:00
[2025-10-16T17:28:45.552+0000] {processor.py:179} INFO - Processing /home/airflow/.local/lib/python3.8/site-packages/airflow/example_dags/example_branch_operator.py took 0.365 seconds
[2025-10-16T17:29:21.808+0000] {processor.py:157} INFO - Started process (PID=648) to work on /home/airflow/.local/lib/python3.8/site-packages/airflow/example_dags/example_branch_operator.py
[2025-10-16T17:29:21.811+0000] {processor.py:829} INFO - Processing file /home/airflow/.local/lib/python3.8/site-packages/airflow/example_dags/example_branch_operator.py for tasks to queue
[2025-10-16T17:29:21.818+0000] {logging_mixin.py:151} INFO - [2025-10-16T17:29:21.817+0000] {dagbag.py:536} INFO - Filling up the DagBag from /home/airflow/.local/lib/python3.8/site-packages/airflow/example_dags/example_branch_operator.py
[2025-10-16T17:29:21.865+0000] {processor.py:839} INFO - DAG(s) dict_keys(['example_branch_operator']) retrieved from /home/airflow/.local/lib/python3.8/site-packages/airflow/example_dags/example_branch_operator.py
[2025-10-16T17:29:21.944+0000] {logging_mixin.py:151} INFO - [2025-10-16T17:29:21.944+0000] {dag.py:2941} INFO - Sync 1 DAGs
[2025-10-16T17:29:22.067+0000] {logging_mixin.py:151} INFO - [2025-10-16T17:29:22.066+0000] {dag.py:3722} INFO - Setting next_dagrun for example_branch_operator to 2025-10-15T00:00:00+00:00, run_after=2025-10-16T00:00:00+00:00
[2025-10-16T17:29:22.163+0000] {processor.py:179} INFO - Processing /home/airflow/.local/lib/python3.8/site-packages/airflow/example_dags/example_branch_operator.py took 0.367 seconds
[2025-10-16T17:29:53.140+0000] {processor.py:157} INFO - Started process (PID=707) to work on /home/airflow/.local/lib/python3.8/site-packages/airflow/example_dags/example_branch_operator.py
[2025-10-16T17:29:53.143+0000] {processor.py:829} INFO - Processing file /home/airflow/.local/lib/python3.8/site-packages/airflow/example_dags/example_branch_operator.py for tasks to queue
[2025-10-16T17:29:53.151+0000] {logging_mixin.py:151} INFO - [2025-10-16T17:29:53.149+0000] {dagbag.py:536} INFO - Filling up the DagBag from /home/airflow/.local/lib/python3.8/site-packages/airflow/example_dags/example_branch_operator.py
[2025-10-16T17:29:53.217+0000] {processor.py:839} INFO - DAG(s) dict_keys(['example_branch_operator']) retrieved from /home/airflow/.local/lib/python3.8/site-packages/airflow/example_dags/example_branch_operator.py
[2025-10-16T17:29:53.313+0000] {logging_mixin.py:151} INFO - [2025-10-16T17:29:53.313+0000] {dag.py:2941} INFO - Sync 1 DAGs
[2025-10-16T17:29:53.428+0000] {logging_mixin.py:151} INFO - [2025-10-16T17:29:53.427+0000] {dag.py:3722} INFO - Setting next_dagrun for example_branch_operator to 2025-10-15T00:00:00+00:00, run_after=2025-10-16T00:00:00+00:00
[2025-10-16T17:29:53.528+0000] {processor.py:179} INFO - Processing /home/airflow/.local/lib/python3.8/site-packages/airflow/example_dags/example_branch_operator.py took 0.403 seconds
[2025-10-16T17:30:23.702+0000] {processor.py:157} INFO - Started process (PID=766) to work on /home/airflow/.local/lib/python3.8/site-packages/airflow/example_dags/example_branch_operator.py
[2025-10-16T17:30:23.705+0000] {processor.py:829} INFO - Processing file /home/airflow/.local/lib/python3.8/site-packages/airflow/example_dags/example_branch_operator.py for tasks to queue
[2025-10-16T17:30:23.712+0000] {logging_mixin.py:151} INFO - [2025-10-16T17:30:23.711+0000] {dagbag.py:536} INFO - Filling up the DagBag from /home/airflow/.local/lib/python3.8/site-packages/airflow/example_dags/example_branch_operator.py
[2025-10-16T17:30:23.735+0000] {processor.py:839} INFO - DAG(s) dict_keys(['example_branch_operator']) retrieved from /home/airflow/.local/lib/python3.8/site-packages/airflow/example_dags/example_branch_operator.py
[2025-10-16T17:30:23.794+0000] {logging_mixin.py:151} INFO - [2025-10-16T17:30:23.794+0000] {dag.py:2941} INFO - Sync 1 DAGs
[2025-10-16T17:30:23.861+0000] {logging_mixin.py:151} INFO - [2025-10-16T17:30:23.860+0000] {dag.py:3722} INFO - Setting next_dagrun for example_branch_operator to 2025-10-15T00:00:00+00:00, run_after=2025-10-16T00:00:00+00:00
[2025-10-16T17:30:23.966+0000] {processor.py:179} INFO - Processing /home/airflow/.local/lib/python3.8/site-packages/airflow/example_dags/example_branch_operator.py took 0.272 seconds
[2025-10-16T17:30:54.233+0000] {processor.py:157} INFO - Started process (PID=824) to work on /home/airflow/.local/lib/python3.8/site-packages/airflow/example_dags/example_branch_operator.py
[2025-10-16T17:30:54.236+0000] {processor.py:829} INFO - Processing file /home/airflow/.local/lib/python3.8/site-packages/airflow/example_dags/example_branch_operator.py for tasks to queue
[2025-10-16T17:30:54.243+0000] {logging_mixin.py:151} INFO - [2025-10-16T17:30:54.242+0000] {dagbag.py:536} INFO - Filling up the DagBag from /home/airflow/.local/lib/python3.8/site-packages/airflow/example_dags/example_branch_operator.py
[2025-10-16T17:30:54.268+0000] {processor.py:839} INFO - DAG(s) dict_keys(['example_branch_operator']) retrieved from /home/airflow/.local/lib/python3.8/site-packages/airflow/example_dags/example_branch_operator.py
[2025-10-16T17:30:54.337+0000] {logging_mixin.py:151} INFO - [2025-10-16T17:30:54.337+0000] {dag.py:2941} INFO - Sync 1 DAGs
[2025-10-16T17:30:54.412+0000] {logging_mixin.py:151} INFO - [2025-10-16T17:30:54.411+0000] {dag.py:3722} INFO - Setting next_dagrun for example_branch_operator to 2025-10-15T00:00:00+00:00, run_after=2025-10-16T00:00:00+00:00
[2025-10-16T17:30:54.465+0000] {processor.py:179} INFO - Processing /home/airflow/.local/lib/python3.8/site-packages/airflow/example_dags/example_branch_operator.py took 0.242 seconds
[2025-10-16T17:31:24.627+0000] {processor.py:157} INFO - Started process (PID=883) to work on /home/airflow/.local/lib/python3.8/site-packages/airflow/example_dags/example_branch_operator.py
[2025-10-16T17:31:24.630+0000] {processor.py:829} INFO - Processing file /home/airflow/.local/lib/python3.8/site-packages/airflow/example_dags/example_branch_operator.py for tasks to queue
[2025-10-16T17:31:24.637+0000] {logging_mixin.py:151} INFO - [2025-10-16T17:31:24.636+0000] {dagbag.py:536} INFO - Filling up the DagBag from /home/airflow/.local/lib/python3.8/site-packages/airflow/example_dags/example_branch_operator.py
[2025-10-16T17:31:24.682+0000] {processor.py:839} INFO - DAG(s) dict_keys(['example_branch_operator']) retrieved from /home/airflow/.local/lib/python3.8/site-packages/airflow/example_dags/example_branch_operator.py
[2025-10-16T17:31:24.833+0000] {logging_mixin.py:151} INFO - [2025-10-16T17:31:24.833+0000] {dag.py:2941} INFO - Sync 1 DAGs
[2025-10-16T17:31:24.905+0000] {logging_mixin.py:151} INFO - [2025-10-16T17:31:24.905+0000] {dag.py:3722} INFO - Setting next_dagrun for example_branch_operator to 2025-10-15T00:00:00+00:00, run_after=2025-10-16T00:00:00+00:00
[2025-10-16T17:31:24.952+0000] {processor.py:179} INFO - Processing /home/airflow/.local/lib/python3.8/site-packages/airflow/example_dags/example_branch_operator.py took 0.334 seconds
[2025-10-16T17:31:55.908+0000] {processor.py:157} INFO - Started process (PID=941) to work on /home/airflow/.local/lib/python3.8/site-packages/airflow/example_dags/example_branch_operator.py
[2025-10-16T17:31:55.910+0000] {processor.py:829} INFO - Processing file /home/airflow/.local/lib/python3.8/site-packages/airflow/example_dags/example_branch_operator.py for tasks to queue
[2025-10-16T17:31:55.916+0000] {logging_mixin.py:151} INFO - [2025-10-16T17:31:55.915+0000] {dagbag.py:536} INFO - Filling up the DagBag from /home/airflow/.local/lib/python3.8/site-packages/airflow/example_dags/example_branch_operator.py
[2025-10-16T17:31:55.950+0000] {processor.py:839} INFO - DAG(s) dict_keys(['example_branch_operator']) retrieved from /home/airflow/.local/lib/python3.8/site-packages/airflow/example_dags/example_branch_operator.py
[2025-10-16T17:31:56.022+0000] {logging_mixin.py:151} INFO - [2025-10-16T17:31:56.021+0000] {dag.py:2941} INFO - Sync 1 DAGs
[2025-10-16T17:31:56.098+0000] {logging_mixin.py:151} INFO - [2025-10-16T17:31:56.097+0000] {dag.py:3722} INFO - Setting next_dagrun for example_branch_operator to 2025-10-15T00:00:00+00:00, run_after=2025-10-16T00:00:00+00:00
[2025-10-16T17:31:56.140+0000] {processor.py:179} INFO - Processing /home/airflow/.local/lib/python3.8/site-packages/airflow/example_dags/example_branch_operator.py took 0.240 seconds
[2025-10-16T17:32:26.312+0000] {processor.py:157} INFO - Started process (PID=998) to work on /home/airflow/.local/lib/python3.8/site-packages/airflow/example_dags/example_branch_operator.py
[2025-10-16T17:32:26.315+0000] {processor.py:829} INFO - Processing file /home/airflow/.local/lib/python3.8/site-packages/airflow/example_dags/example_branch_operator.py for tasks to queue
[2025-10-16T17:32:26.322+0000] {logging_mixin.py:151} INFO - [2025-10-16T17:32:26.321+0000] {dagbag.py:536} INFO - Filling up the DagBag from /home/airflow/.local/lib/python3.8/site-packages/airflow/example_dags/example_branch_operator.py
[2025-10-16T17:32:26.354+0000] {processor.py:839} INFO - DAG(s) dict_keys(['example_branch_operator']) retrieved from /home/airflow/.local/lib/python3.8/site-packages/airflow/example_dags/example_branch_operator.py
[2025-10-16T17:32:26.439+0000] {logging_mixin.py:151} INFO - [2025-10-16T17:32:26.439+0000] {dag.py:2941} INFO - Sync 1 DAGs
[2025-10-16T17:32:26.537+0000] {logging_mixin.py:151} INFO - [2025-10-16T17:32:26.536+0000] {dag.py:3722} INFO - Setting next_dagrun for example_branch_operator to 2025-10-15T00:00:00+00:00, run_after=2025-10-16T00:00:00+00:00
[2025-10-16T17:32:26.600+0000] {processor.py:179} INFO - Processing /home/airflow/.local/lib/python3.8/site-packages/airflow/example_dags/example_branch_operator.py took 0.300 seconds
[2025-10-16T17:32:56.925+0000] {processor.py:157} INFO - Started process (PID=1057) to work on /home/airflow/.local/lib/python3.8/site-packages/airflow/example_dags/example_branch_operator.py
[2025-10-16T17:32:56.927+0000] {processor.py:829} INFO - Processing file /home/airflow/.local/lib/python3.8/site-packages/airflow/example_dags/example_branch_operator.py for tasks to queue
[2025-10-16T17:32:56.933+0000] {logging_mixin.py:151} INFO - [2025-10-16T17:32:56.932+0000] {dagbag.py:536} INFO - Filling up the DagBag from /home/airflow/.local/lib/python3.8/site-packages/airflow/example_dags/example_branch_operator.py
[2025-10-16T17:32:56.961+0000] {processor.py:839} INFO - DAG(s) dict_keys(['example_branch_operator']) retrieved from /home/airflow/.local/lib/python3.8/site-packages/airflow/example_dags/example_branch_operator.py
[2025-10-16T17:32:57.018+0000] {logging_mixin.py:151} INFO - [2025-10-16T17:32:57.017+0000] {dag.py:2941} INFO - Sync 1 DAGs
[2025-10-16T17:32:57.092+0000] {logging_mixin.py:151} INFO - [2025-10-16T17:32:57.092+0000] {dag.py:3722} INFO - Setting next_dagrun for example_branch_operator to 2025-10-15T00:00:00+00:00, run_after=2025-10-16T00:00:00+00:00
[2025-10-16T17:32:57.163+0000] {processor.py:179} INFO - Processing /home/airflow/.local/lib/python3.8/site-packages/airflow/example_dags/example_branch_operator.py took 0.247 seconds
[2025-10-16T17:33:27.595+0000] {processor.py:157} INFO - Started process (PID=1116) to work on /home/airflow/.local/lib/python3.8/site-packages/airflow/example_dags/example_branch_operator.py
[2025-10-16T17:33:27.597+0000] {processor.py:829} INFO - Processing file /home/airflow/.local/lib/python3.8/site-packages/airflow/example_dags/example_branch_operator.py for tasks to queue
[2025-10-16T17:33:27.603+0000] {logging_mixin.py:151} INFO - [2025-10-16T17:33:27.602+0000] {dagbag.py:536} INFO - Filling up the DagBag from /home/airflow/.local/lib/python3.8/site-packages/airflow/example_dags/example_branch_operator.py
[2025-10-16T17:33:27.623+0000] {processor.py:839} INFO - DAG(s) dict_keys(['example_branch_operator']) retrieved from /home/airflow/.local/lib/python3.8/site-packages/airflow/example_dags/example_branch_operator.py
[2025-10-16T17:33:27.706+0000] {logging_mixin.py:151} INFO - [2025-10-16T17:33:27.695+0000] {dag.py:2941} INFO - Sync 1 DAGs
[2025-10-16T17:33:27.879+0000] {logging_mixin.py:151} INFO - [2025-10-16T17:33:27.878+0000] {dag.py:3722} INFO - Setting next_dagrun for example_branch_operator to 2025-10-15T00:00:00+00:00, run_after=2025-10-16T00:00:00+00:00
[2025-10-16T17:33:27.939+0000] {processor.py:179} INFO - Processing /home/airflow/.local/lib/python3.8/site-packages/airflow/example_dags/example_branch_operator.py took 0.353 seconds
[2025-10-16T17:33:58.242+0000] {processor.py:157} INFO - Started process (PID=1175) to work on /home/airflow/.local/lib/python3.8/site-packages/airflow/example_dags/example_branch_operator.py
[2025-10-16T17:33:58.245+0000] {processor.py:829} INFO - Processing file /home/airflow/.local/lib/python3.8/site-packages/airflow/example_dags/example_branch_operator.py for tasks to queue
[2025-10-16T17:33:58.252+0000] {logging_mixin.py:151} INFO - [2025-10-16T17:33:58.251+0000] {dagbag.py:536} INFO - Filling up the DagBag from /home/airflow/.local/lib/python3.8/site-packages/airflow/example_dags/example_branch_operator.py
[2025-10-16T17:33:58.282+0000] {processor.py:839} INFO - DAG(s) dict_keys(['example_branch_operator']) retrieved from /home/airflow/.local/lib/python3.8/site-packages/airflow/example_dags/example_branch_operator.py
[2025-10-16T17:33:58.359+0000] {logging_mixin.py:151} INFO - [2025-10-16T17:33:58.358+0000] {dag.py:2941} INFO - Sync 1 DAGs
[2025-10-16T17:33:58.451+0000] {logging_mixin.py:151} INFO - [2025-10-16T17:33:58.451+0000] {dag.py:3722} INFO - Setting next_dagrun for example_branch_operator to 2025-10-15T00:00:00+00:00, run_after=2025-10-16T00:00:00+00:00
[2025-10-16T17:33:58.583+0000] {processor.py:179} INFO - Processing /home/airflow/.local/lib/python3.8/site-packages/airflow/example_dags/example_branch_operator.py took 0.352 seconds
[2025-10-16T17:34:29.837+0000] {processor.py:157} INFO - Started process (PID=1236) to work on /home/airflow/.local/lib/python3.8/site-packages/airflow/example_dags/example_branch_operator.py
[2025-10-16T17:34:29.841+0000] {processor.py:829} INFO - Processing file /home/airflow/.local/lib/python3.8/site-packages/airflow/example_dags/example_branch_operator.py for tasks to queue
[2025-10-16T17:34:29.854+0000] {logging_mixin.py:151} INFO - [2025-10-16T17:34:29.853+0000] {dagbag.py:536} INFO - Filling up the DagBag from /home/airflow/.local/lib/python3.8/site-packages/airflow/example_dags/example_branch_operator.py
[2025-10-16T17:34:29.925+0000] {processor.py:839} INFO - DAG(s) dict_keys(['example_branch_operator']) retrieved from /home/airflow/.local/lib/python3.8/site-packages/airflow/example_dags/example_branch_operator.py
[2025-10-16T17:34:30.050+0000] {logging_mixin.py:151} INFO - [2025-10-16T17:34:30.049+0000] {dag.py:2941} INFO - Sync 1 DAGs
[2025-10-16T17:34:30.153+0000] {logging_mixin.py:151} INFO - [2025-10-16T17:34:30.153+0000] {dag.py:3722} INFO - Setting next_dagrun for example_branch_operator to 2025-10-15T00:00:00+00:00, run_after=2025-10-16T00:00:00+00:00
[2025-10-16T17:34:30.212+0000] {processor.py:179} INFO - Processing /home/airflow/.local/lib/python3.8/site-packages/airflow/example_dags/example_branch_operator.py took 0.387 seconds
[2025-10-16T17:35:01.162+0000] {processor.py:157} INFO - Started process (PID=1295) to work on /home/airflow/.local/lib/python3.8/site-packages/airflow/example_dags/example_branch_operator.py
[2025-10-16T17:35:01.166+0000] {processor.py:829} INFO - Processing file /home/airflow/.local/lib/python3.8/site-packages/airflow/example_dags/example_branch_operator.py for tasks to queue
[2025-10-16T17:35:01.177+0000] {logging_mixin.py:151} INFO - [2025-10-16T17:35:01.175+0000] {dagbag.py:536} INFO - Filling up the DagBag from /home/airflow/.local/lib/python3.8/site-packages/airflow/example_dags/example_branch_operator.py
[2025-10-16T17:35:01.218+0000] {processor.py:839} INFO - DAG(s) dict_keys(['example_branch_operator']) retrieved from /home/airflow/.local/lib/python3.8/site-packages/airflow/example_dags/example_branch_operator.py
[2025-10-16T17:35:01.304+0000] {logging_mixin.py:151} INFO - [2025-10-16T17:35:01.303+0000] {dag.py:2941} INFO - Sync 1 DAGs
[2025-10-16T17:35:01.410+0000] {logging_mixin.py:151} INFO - [2025-10-16T17:35:01.410+0000] {dag.py:3722} INFO - Setting next_dagrun for example_branch_operator to 2025-10-15T00:00:00+00:00, run_after=2025-10-16T00:00:00+00:00
[2025-10-16T17:35:01.471+0000] {processor.py:179} INFO - Processing /home/airflow/.local/lib/python3.8/site-packages/airflow/example_dags/example_branch_operator.py took 0.324 seconds
[2025-10-16T17:35:31.912+0000] {processor.py:157} INFO - Started process (PID=1354) to work on /home/airflow/.local/lib/python3.8/site-packages/airflow/example_dags/example_branch_operator.py
[2025-10-16T17:35:31.914+0000] {processor.py:829} INFO - Processing file /home/airflow/.local/lib/python3.8/site-packages/airflow/example_dags/example_branch_operator.py for tasks to queue
[2025-10-16T17:35:31.920+0000] {logging_mixin.py:151} INFO - [2025-10-16T17:35:31.919+0000] {dagbag.py:536} INFO - Filling up the DagBag from /home/airflow/.local/lib/python3.8/site-packages/airflow/example_dags/example_branch_operator.py
[2025-10-16T17:35:31.941+0000] {processor.py:839} INFO - DAG(s) dict_keys(['example_branch_operator']) retrieved from /home/airflow/.local/lib/python3.8/site-packages/airflow/example_dags/example_branch_operator.py
[2025-10-16T17:35:31.998+0000] {logging_mixin.py:151} INFO - [2025-10-16T17:35:31.998+0000] {dag.py:2941} INFO - Sync 1 DAGs
[2025-10-16T17:35:32.053+0000] {logging_mixin.py:151} INFO - [2025-10-16T17:35:32.053+0000] {dag.py:3722} INFO - Setting next_dagrun for example_branch_operator to 2025-10-15T00:00:00+00:00, run_after=2025-10-16T00:00:00+00:00
[2025-10-16T17:35:32.096+0000] {processor.py:179} INFO - Processing /home/airflow/.local/lib/python3.8/site-packages/airflow/example_dags/example_branch_operator.py took 0.191 seconds
[2025-10-16T17:36:02.805+0000] {processor.py:157} INFO - Started process (PID=1413) to work on /home/airflow/.local/lib/python3.8/site-packages/airflow/example_dags/example_branch_operator.py
[2025-10-16T17:36:02.812+0000] {processor.py:829} INFO - Processing file /home/airflow/.local/lib/python3.8/site-packages/airflow/example_dags/example_branch_operator.py for tasks to queue
[2025-10-16T17:36:02.825+0000] {logging_mixin.py:151} INFO - [2025-10-16T17:36:02.824+0000] {dagbag.py:536} INFO - Filling up the DagBag from /home/airflow/.local/lib/python3.8/site-packages/airflow/example_dags/example_branch_operator.py
[2025-10-16T17:36:02.877+0000] {processor.py:839} INFO - DAG(s) dict_keys(['example_branch_operator']) retrieved from /home/airflow/.local/lib/python3.8/site-packages/airflow/example_dags/example_branch_operator.py
[2025-10-16T17:36:03.011+0000] {logging_mixin.py:151} INFO - [2025-10-16T17:36:03.010+0000] {dag.py:2941} INFO - Sync 1 DAGs
[2025-10-16T17:36:03.096+0000] {logging_mixin.py:151} INFO - [2025-10-16T17:36:03.096+0000] {dag.py:3722} INFO - Setting next_dagrun for example_branch_operator to 2025-10-15T00:00:00+00:00, run_after=2025-10-16T00:00:00+00:00
[2025-10-16T17:36:03.141+0000] {processor.py:179} INFO - Processing /home/airflow/.local/lib/python3.8/site-packages/airflow/example_dags/example_branch_operator.py took 0.354 seconds
[2025-10-16T17:36:33.882+0000] {processor.py:157} INFO - Started process (PID=1472) to work on /home/airflow/.local/lib/python3.8/site-packages/airflow/example_dags/example_branch_operator.py
[2025-10-16T17:36:33.890+0000] {processor.py:829} INFO - Processing file /home/airflow/.local/lib/python3.8/site-packages/airflow/example_dags/example_branch_operator.py for tasks to queue
[2025-10-16T17:36:33.907+0000] {logging_mixin.py:151} INFO - [2025-10-16T17:36:33.904+0000] {dagbag.py:536} INFO - Filling up the DagBag from /home/airflow/.local/lib/python3.8/site-packages/airflow/example_dags/example_branch_operator.py
[2025-10-16T17:36:34.001+0000] {processor.py:839} INFO - DAG(s) dict_keys(['example_branch_operator']) retrieved from /home/airflow/.local/lib/python3.8/site-packages/airflow/example_dags/example_branch_operator.py
[2025-10-16T17:36:34.145+0000] {logging_mixin.py:151} INFO - [2025-10-16T17:36:34.144+0000] {dag.py:2941} INFO - Sync 1 DAGs
[2025-10-16T17:36:34.312+0000] {logging_mixin.py:151} INFO - [2025-10-16T17:36:34.311+0000] {dag.py:3722} INFO - Setting next_dagrun for example_branch_operator to 2025-10-15T00:00:00+00:00, run_after=2025-10-16T00:00:00+00:00
[2025-10-16T17:36:34.429+0000] {processor.py:179} INFO - Processing /home/airflow/.local/lib/python3.8/site-packages/airflow/example_dags/example_branch_operator.py took 0.570 seconds
[2025-10-16T17:37:05.447+0000] {processor.py:157} INFO - Started process (PID=1531) to work on /home/airflow/.local/lib/python3.8/site-packages/airflow/example_dags/example_branch_operator.py
[2025-10-16T17:37:05.455+0000] {processor.py:829} INFO - Processing file /home/airflow/.local/lib/python3.8/site-packages/airflow/example_dags/example_branch_operator.py for tasks to queue
[2025-10-16T17:37:05.475+0000] {logging_mixin.py:151} INFO - [2025-10-16T17:37:05.473+0000] {dagbag.py:536} INFO - Filling up the DagBag from /home/airflow/.local/lib/python3.8/site-packages/airflow/example_dags/example_branch_operator.py
[2025-10-16T17:37:05.546+0000] {processor.py:839} INFO - DAG(s) dict_keys(['example_branch_operator']) retrieved from /home/airflow/.local/lib/python3.8/site-packages/airflow/example_dags/example_branch_operator.py
[2025-10-16T17:37:05.653+0000] {logging_mixin.py:151} INFO - [2025-10-16T17:37:05.653+0000] {dag.py:2941} INFO - Sync 1 DAGs
[2025-10-16T17:37:05.703+0000] {logging_mixin.py:151} INFO - [2025-10-16T17:37:05.703+0000] {dag.py:3722} INFO - Setting next_dagrun for example_branch_operator to 2025-10-15T00:00:00+00:00, run_after=2025-10-16T00:00:00+00:00
[2025-10-16T17:37:05.751+0000] {processor.py:179} INFO - Processing /home/airflow/.local/lib/python3.8/site-packages/airflow/example_dags/example_branch_operator.py took 0.328 seconds
[2025-10-16T17:37:36.265+0000] {processor.py:157} INFO - Started process (PID=1591) to work on /home/airflow/.local/lib/python3.8/site-packages/airflow/example_dags/example_branch_operator.py
[2025-10-16T17:37:36.274+0000] {processor.py:829} INFO - Processing file /home/airflow/.local/lib/python3.8/site-packages/airflow/example_dags/example_branch_operator.py for tasks to queue
[2025-10-16T17:37:36.295+0000] {logging_mixin.py:151} INFO - [2025-10-16T17:37:36.293+0000] {dagbag.py:536} INFO - Filling up the DagBag from /home/airflow/.local/lib/python3.8/site-packages/airflow/example_dags/example_branch_operator.py
[2025-10-16T17:37:36.328+0000] {processor.py:839} INFO - DAG(s) dict_keys(['example_branch_operator']) retrieved from /home/airflow/.local/lib/python3.8/site-packages/airflow/example_dags/example_branch_operator.py
[2025-10-16T17:37:36.412+0000] {logging_mixin.py:151} INFO - [2025-10-16T17:37:36.411+0000] {dag.py:2941} INFO - Sync 1 DAGs
[2025-10-16T17:37:36.507+0000] {logging_mixin.py:151} INFO - [2025-10-16T17:37:36.506+0000] {dag.py:3722} INFO - Setting next_dagrun for example_branch_operator to 2025-10-15T00:00:00+00:00, run_after=2025-10-16T00:00:00+00:00
[2025-10-16T17:37:36.588+0000] {processor.py:179} INFO - Processing /home/airflow/.local/lib/python3.8/site-packages/airflow/example_dags/example_branch_operator.py took 0.352 seconds
[2025-10-16T17:38:07.176+0000] {processor.py:157} INFO - Started process (PID=1650) to work on /home/airflow/.local/lib/python3.8/site-packages/airflow/example_dags/example_branch_operator.py
[2025-10-16T17:38:07.181+0000] {processor.py:829} INFO - Processing file /home/airflow/.local/lib/python3.8/site-packages/airflow/example_dags/example_branch_operator.py for tasks to queue
[2025-10-16T17:38:07.191+0000] {logging_mixin.py:151} INFO - [2025-10-16T17:38:07.189+0000] {dagbag.py:536} INFO - Filling up the DagBag from /home/airflow/.local/lib/python3.8/site-packages/airflow/example_dags/example_branch_operator.py
[2025-10-16T17:38:07.215+0000] {processor.py:839} INFO - DAG(s) dict_keys(['example_branch_operator']) retrieved from /home/airflow/.local/lib/python3.8/site-packages/airflow/example_dags/example_branch_operator.py
[2025-10-16T17:38:07.277+0000] {logging_mixin.py:151} INFO - [2025-10-16T17:38:07.277+0000] {dag.py:2941} INFO - Sync 1 DAGs
[2025-10-16T17:38:07.359+0000] {logging_mixin.py:151} INFO - [2025-10-16T17:38:07.358+0000] {dag.py:3722} INFO - Setting next_dagrun for example_branch_operator to 2025-10-15T00:00:00+00:00, run_after=2025-10-16T00:00:00+00:00
[2025-10-16T17:38:07.413+0000] {processor.py:179} INFO - Processing /home/airflow/.local/lib/python3.8/site-packages/airflow/example_dags/example_branch_operator.py took 0.251 seconds
[2025-10-16T17:38:37.941+0000] {processor.py:157} INFO - Started process (PID=1709) to work on /home/airflow/.local/lib/python3.8/site-packages/airflow/example_dags/example_branch_operator.py
[2025-10-16T17:38:37.945+0000] {processor.py:829} INFO - Processing file /home/airflow/.local/lib/python3.8/site-packages/airflow/example_dags/example_branch_operator.py for tasks to queue
[2025-10-16T17:38:37.952+0000] {logging_mixin.py:151} INFO - [2025-10-16T17:38:37.951+0000] {dagbag.py:536} INFO - Filling up the DagBag from /home/airflow/.local/lib/python3.8/site-packages/airflow/example_dags/example_branch_operator.py
[2025-10-16T17:38:37.977+0000] {processor.py:839} INFO - DAG(s) dict_keys(['example_branch_operator']) retrieved from /home/airflow/.local/lib/python3.8/site-packages/airflow/example_dags/example_branch_operator.py
[2025-10-16T17:38:38.048+0000] {logging_mixin.py:151} INFO - [2025-10-16T17:38:38.048+0000] {dag.py:2941} INFO - Sync 1 DAGs
[2025-10-16T17:38:38.114+0000] {logging_mixin.py:151} INFO - [2025-10-16T17:38:38.113+0000] {dag.py:3722} INFO - Setting next_dagrun for example_branch_operator to 2025-10-15T00:00:00+00:00, run_after=2025-10-16T00:00:00+00:00
[2025-10-16T17:38:38.168+0000] {processor.py:179} INFO - Processing /home/airflow/.local/lib/python3.8/site-packages/airflow/example_dags/example_branch_operator.py took 0.237 seconds
[2025-10-16T17:39:09.059+0000] {processor.py:157} INFO - Started process (PID=1768) to work on /home/airflow/.local/lib/python3.8/site-packages/airflow/example_dags/example_branch_operator.py
[2025-10-16T17:39:09.062+0000] {processor.py:829} INFO - Processing file /home/airflow/.local/lib/python3.8/site-packages/airflow/example_dags/example_branch_operator.py for tasks to queue
[2025-10-16T17:39:09.069+0000] {logging_mixin.py:151} INFO - [2025-10-16T17:39:09.068+0000] {dagbag.py:536} INFO - Filling up the DagBag from /home/airflow/.local/lib/python3.8/site-packages/airflow/example_dags/example_branch_operator.py
[2025-10-16T17:39:09.096+0000] {processor.py:839} INFO - DAG(s) dict_keys(['example_branch_operator']) retrieved from /home/airflow/.local/lib/python3.8/site-packages/airflow/example_dags/example_branch_operator.py
[2025-10-16T17:39:09.169+0000] {logging_mixin.py:151} INFO - [2025-10-16T17:39:09.168+0000] {dag.py:2941} INFO - Sync 1 DAGs
[2025-10-16T17:39:09.262+0000] {logging_mixin.py:151} INFO - [2025-10-16T17:39:09.261+0000] {dag.py:3722} INFO - Setting next_dagrun for example_branch_operator to 2025-10-15T00:00:00+00:00, run_after=2025-10-16T00:00:00+00:00
[2025-10-16T17:39:09.327+0000] {processor.py:179} INFO - Processing /home/airflow/.local/lib/python3.8/site-packages/airflow/example_dags/example_branch_operator.py took 0.279 seconds
[2025-10-16T17:39:39.799+0000] {processor.py:157} INFO - Started process (PID=1827) to work on /home/airflow/.local/lib/python3.8/site-packages/airflow/example_dags/example_branch_operator.py
[2025-10-16T17:39:39.802+0000] {processor.py:829} INFO - Processing file /home/airflow/.local/lib/python3.8/site-packages/airflow/example_dags/example_branch_operator.py for tasks to queue
[2025-10-16T17:39:39.809+0000] {logging_mixin.py:151} INFO - [2025-10-16T17:39:39.808+0000] {dagbag.py:536} INFO - Filling up the DagBag from /home/airflow/.local/lib/python3.8/site-packages/airflow/example_dags/example_branch_operator.py
[2025-10-16T17:39:39.836+0000] {processor.py:839} INFO - DAG(s) dict_keys(['example_branch_operator']) retrieved from /home/airflow/.local/lib/python3.8/site-packages/airflow/example_dags/example_branch_operator.py
[2025-10-16T17:39:39.911+0000] {logging_mixin.py:151} INFO - [2025-10-16T17:39:39.910+0000] {dag.py:2941} INFO - Sync 1 DAGs
[2025-10-16T17:39:40.005+0000] {logging_mixin.py:151} INFO - [2025-10-16T17:39:40.004+0000] {dag.py:3722} INFO - Setting next_dagrun for example_branch_operator to 2025-10-15T00:00:00+00:00, run_after=2025-10-16T00:00:00+00:00
[2025-10-16T17:39:40.070+0000] {processor.py:179} INFO - Processing /home/airflow/.local/lib/python3.8/site-packages/airflow/example_dags/example_branch_operator.py took 0.283 seconds
[2025-10-16T17:40:10.714+0000] {processor.py:157} INFO - Started process (PID=1886) to work on /home/airflow/.local/lib/python3.8/site-packages/airflow/example_dags/example_branch_operator.py
[2025-10-16T17:40:10.718+0000] {processor.py:829} INFO - Processing file /home/airflow/.local/lib/python3.8/site-packages/airflow/example_dags/example_branch_operator.py for tasks to queue
[2025-10-16T17:40:10.728+0000] {logging_mixin.py:151} INFO - [2025-10-16T17:40:10.727+0000] {dagbag.py:536} INFO - Filling up the DagBag from /home/airflow/.local/lib/python3.8/site-packages/airflow/example_dags/example_branch_operator.py
[2025-10-16T17:40:10.764+0000] {processor.py:839} INFO - DAG(s) dict_keys(['example_branch_operator']) retrieved from /home/airflow/.local/lib/python3.8/site-packages/airflow/example_dags/example_branch_operator.py
[2025-10-16T17:40:10.853+0000] {logging_mixin.py:151} INFO - [2025-10-16T17:40:10.852+0000] {dag.py:2941} INFO - Sync 1 DAGs
[2025-10-16T17:40:10.926+0000] {logging_mixin.py:151} INFO - [2025-10-16T17:40:10.926+0000] {dag.py:3722} INFO - Setting next_dagrun for example_branch_operator to 2025-10-15T00:00:00+00:00, run_after=2025-10-16T00:00:00+00:00
[2025-10-16T17:40:10.973+0000] {processor.py:179} INFO - Processing /home/airflow/.local/lib/python3.8/site-packages/airflow/example_dags/example_branch_operator.py took 0.271 seconds
[2025-10-16T17:40:41.559+0000] {processor.py:157} INFO - Started process (PID=1945) to work on /home/airflow/.local/lib/python3.8/site-packages/airflow/example_dags/example_branch_operator.py
[2025-10-16T17:40:41.565+0000] {processor.py:829} INFO - Processing file /home/airflow/.local/lib/python3.8/site-packages/airflow/example_dags/example_branch_operator.py for tasks to queue
[2025-10-16T17:40:41.578+0000] {logging_mixin.py:151} INFO - [2025-10-16T17:40:41.577+0000] {dagbag.py:536} INFO - Filling up the DagBag from /home/airflow/.local/lib/python3.8/site-packages/airflow/example_dags/example_branch_operator.py
[2025-10-16T17:40:41.642+0000] {processor.py:839} INFO - DAG(s) dict_keys(['example_branch_operator']) retrieved from /home/airflow/.local/lib/python3.8/site-packages/airflow/example_dags/example_branch_operator.py
[2025-10-16T17:40:41.841+0000] {logging_mixin.py:151} INFO - [2025-10-16T17:40:41.840+0000] {dag.py:2941} INFO - Sync 1 DAGs
[2025-10-16T17:40:42.001+0000] {logging_mixin.py:151} INFO - [2025-10-16T17:40:42.000+0000] {dag.py:3722} INFO - Setting next_dagrun for example_branch_operator to 2025-10-15T00:00:00+00:00, run_after=2025-10-16T00:00:00+00:00
[2025-10-16T17:40:42.053+0000] {processor.py:179} INFO - Processing /home/airflow/.local/lib/python3.8/site-packages/airflow/example_dags/example_branch_operator.py took 0.519 seconds
[2025-10-16T17:41:12.458+0000] {processor.py:157} INFO - Started process (PID=2004) to work on /home/airflow/.local/lib/python3.8/site-packages/airflow/example_dags/example_branch_operator.py
[2025-10-16T17:41:12.464+0000] {processor.py:829} INFO - Processing file /home/airflow/.local/lib/python3.8/site-packages/airflow/example_dags/example_branch_operator.py for tasks to queue
[2025-10-16T17:41:12.471+0000] {logging_mixin.py:151} INFO - [2025-10-16T17:41:12.471+0000] {dagbag.py:536} INFO - Filling up the DagBag from /home/airflow/.local/lib/python3.8/site-packages/airflow/example_dags/example_branch_operator.py
[2025-10-16T17:41:12.505+0000] {processor.py:839} INFO - DAG(s) dict_keys(['example_branch_operator']) retrieved from /home/airflow/.local/lib/python3.8/site-packages/airflow/example_dags/example_branch_operator.py
[2025-10-16T17:41:12.566+0000] {logging_mixin.py:151} INFO - [2025-10-16T17:41:12.565+0000] {dag.py:2941} INFO - Sync 1 DAGs
[2025-10-16T17:41:12.620+0000] {logging_mixin.py:151} INFO - [2025-10-16T17:41:12.620+0000] {dag.py:3722} INFO - Setting next_dagrun for example_branch_operator to 2025-10-15T00:00:00+00:00, run_after=2025-10-16T00:00:00+00:00
[2025-10-16T17:41:12.673+0000] {processor.py:179} INFO - Processing /home/airflow/.local/lib/python3.8/site-packages/airflow/example_dags/example_branch_operator.py took 0.227 seconds
[2025-10-16T17:41:43.127+0000] {processor.py:157} INFO - Started process (PID=2063) to work on /home/airflow/.local/lib/python3.8/site-packages/airflow/example_dags/example_branch_operator.py
[2025-10-16T17:41:43.133+0000] {processor.py:829} INFO - Processing file /home/airflow/.local/lib/python3.8/site-packages/airflow/example_dags/example_branch_operator.py for tasks to queue
[2025-10-16T17:41:43.146+0000] {logging_mixin.py:151} INFO - [2025-10-16T17:41:43.145+0000] {dagbag.py:536} INFO - Filling up the DagBag from /home/airflow/.local/lib/python3.8/site-packages/airflow/example_dags/example_branch_operator.py
[2025-10-16T17:41:43.184+0000] {processor.py:839} INFO - DAG(s) dict_keys(['example_branch_operator']) retrieved from /home/airflow/.local/lib/python3.8/site-packages/airflow/example_dags/example_branch_operator.py
[2025-10-16T17:41:43.277+0000] {logging_mixin.py:151} INFO - [2025-10-16T17:41:43.276+0000] {dag.py:2941} INFO - Sync 1 DAGs
[2025-10-16T17:41:43.361+0000] {logging_mixin.py:151} INFO - [2025-10-16T17:41:43.361+0000] {dag.py:3722} INFO - Setting next_dagrun for example_branch_operator to 2025-10-15T00:00:00+00:00, run_after=2025-10-16T00:00:00+00:00
[2025-10-16T17:41:43.416+0000] {processor.py:179} INFO - Processing /home/airflow/.local/lib/python3.8/site-packages/airflow/example_dags/example_branch_operator.py took 0.304 seconds
[2025-10-16T17:42:14.290+0000] {processor.py:157} INFO - Started process (PID=2122) to work on /home/airflow/.local/lib/python3.8/site-packages/airflow/example_dags/example_branch_operator.py
[2025-10-16T17:42:14.295+0000] {processor.py:829} INFO - Processing file /home/airflow/.local/lib/python3.8/site-packages/airflow/example_dags/example_branch_operator.py for tasks to queue
[2025-10-16T17:42:14.326+0000] {logging_mixin.py:151} INFO - [2025-10-16T17:42:14.324+0000] {dagbag.py:536} INFO - Filling up the DagBag from /home/airflow/.local/lib/python3.8/site-packages/airflow/example_dags/example_branch_operator.py
[2025-10-16T17:42:14.392+0000] {processor.py:839} INFO - DAG(s) dict_keys(['example_branch_operator']) retrieved from /home/airflow/.local/lib/python3.8/site-packages/airflow/example_dags/example_branch_operator.py
[2025-10-16T17:42:14.503+0000] {logging_mixin.py:151} INFO - [2025-10-16T17:42:14.502+0000] {dag.py:2941} INFO - Sync 1 DAGs
[2025-10-16T17:42:14.574+0000] {logging_mixin.py:151} INFO - [2025-10-16T17:42:14.573+0000] {dag.py:3722} INFO - Setting next_dagrun for example_branch_operator to 2025-10-15T00:00:00+00:00, run_after=2025-10-16T00:00:00+00:00
[2025-10-16T17:42:14.617+0000] {processor.py:179} INFO - Processing /home/airflow/.local/lib/python3.8/site-packages/airflow/example_dags/example_branch_operator.py took 0.358 seconds
[2025-10-16T17:42:44.742+0000] {processor.py:157} INFO - Started process (PID=2181) to work on /home/airflow/.local/lib/python3.8/site-packages/airflow/example_dags/example_branch_operator.py
[2025-10-16T17:42:44.745+0000] {processor.py:829} INFO - Processing file /home/airflow/.local/lib/python3.8/site-packages/airflow/example_dags/example_branch_operator.py for tasks to queue
[2025-10-16T17:42:44.750+0000] {logging_mixin.py:151} INFO - [2025-10-16T17:42:44.750+0000] {dagbag.py:536} INFO - Filling up the DagBag from /home/airflow/.local/lib/python3.8/site-packages/airflow/example_dags/example_branch_operator.py
[2025-10-16T17:42:44.773+0000] {processor.py:839} INFO - DAG(s) dict_keys(['example_branch_operator']) retrieved from /home/airflow/.local/lib/python3.8/site-packages/airflow/example_dags/example_branch_operator.py
[2025-10-16T17:42:44.833+0000] {logging_mixin.py:151} INFO - [2025-10-16T17:42:44.833+0000] {dag.py:2941} INFO - Sync 1 DAGs
[2025-10-16T17:42:44.898+0000] {logging_mixin.py:151} INFO - [2025-10-16T17:42:44.898+0000] {dag.py:3722} INFO - Setting next_dagrun for example_branch_operator to 2025-10-15T00:00:00+00:00, run_after=2025-10-16T00:00:00+00:00
[2025-10-16T17:42:44.970+0000] {processor.py:179} INFO - Processing /home/airflow/.local/lib/python3.8/site-packages/airflow/example_dags/example_branch_operator.py took 0.235 seconds
[2025-10-16T17:43:15.442+0000] {processor.py:157} INFO - Started process (PID=2240) to work on /home/airflow/.local/lib/python3.8/site-packages/airflow/example_dags/example_branch_operator.py
[2025-10-16T17:43:15.449+0000] {processor.py:829} INFO - Processing file /home/airflow/.local/lib/python3.8/site-packages/airflow/example_dags/example_branch_operator.py for tasks to queue
[2025-10-16T17:43:15.469+0000] {logging_mixin.py:151} INFO - [2025-10-16T17:43:15.466+0000] {dagbag.py:536} INFO - Filling up the DagBag from /home/airflow/.local/lib/python3.8/site-packages/airflow/example_dags/example_branch_operator.py
[2025-10-16T17:43:15.549+0000] {processor.py:839} INFO - DAG(s) dict_keys(['example_branch_operator']) retrieved from /home/airflow/.local/lib/python3.8/site-packages/airflow/example_dags/example_branch_operator.py
[2025-10-16T17:43:15.615+0000] {logging_mixin.py:151} INFO - [2025-10-16T17:43:15.614+0000] {dag.py:2941} INFO - Sync 1 DAGs
[2025-10-16T17:43:15.680+0000] {logging_mixin.py:151} INFO - [2025-10-16T17:43:15.680+0000] {dag.py:3722} INFO - Setting next_dagrun for example_branch_operator to 2025-10-15T00:00:00+00:00, run_after=2025-10-16T00:00:00+00:00
[2025-10-16T17:43:15.732+0000] {processor.py:179} INFO - Processing /home/airflow/.local/lib/python3.8/site-packages/airflow/example_dags/example_branch_operator.py took 0.314 seconds
[2025-10-16T17:43:46.264+0000] {processor.py:157} INFO - Started process (PID=2300) to work on /home/airflow/.local/lib/python3.8/site-packages/airflow/example_dags/example_branch_operator.py
[2025-10-16T17:43:46.271+0000] {processor.py:829} INFO - Processing file /home/airflow/.local/lib/python3.8/site-packages/airflow/example_dags/example_branch_operator.py for tasks to queue
[2025-10-16T17:43:46.298+0000] {logging_mixin.py:151} INFO - [2025-10-16T17:43:46.296+0000] {dagbag.py:536} INFO - Filling up the DagBag from /home/airflow/.local/lib/python3.8/site-packages/airflow/example_dags/example_branch_operator.py
[2025-10-16T17:43:46.334+0000] {processor.py:839} INFO - DAG(s) dict_keys(['example_branch_operator']) retrieved from /home/airflow/.local/lib/python3.8/site-packages/airflow/example_dags/example_branch_operator.py
[2025-10-16T17:43:46.392+0000] {logging_mixin.py:151} INFO - [2025-10-16T17:43:46.392+0000] {dag.py:2941} INFO - Sync 1 DAGs
[2025-10-16T17:43:46.459+0000] {logging_mixin.py:151} INFO - [2025-10-16T17:43:46.458+0000] {dag.py:3722} INFO - Setting next_dagrun for example_branch_operator to 2025-10-15T00:00:00+00:00, run_after=2025-10-16T00:00:00+00:00
[2025-10-16T17:43:46.507+0000] {processor.py:179} INFO - Processing /home/airflow/.local/lib/python3.8/site-packages/airflow/example_dags/example_branch_operator.py took 0.274 seconds
[2025-10-16T17:44:17.350+0000] {processor.py:157} INFO - Started process (PID=2359) to work on /home/airflow/.local/lib/python3.8/site-packages/airflow/example_dags/example_branch_operator.py
[2025-10-16T17:44:17.357+0000] {processor.py:829} INFO - Processing file /home/airflow/.local/lib/python3.8/site-packages/airflow/example_dags/example_branch_operator.py for tasks to queue
[2025-10-16T17:44:17.372+0000] {logging_mixin.py:151} INFO - [2025-10-16T17:44:17.370+0000] {dagbag.py:536} INFO - Filling up the DagBag from /home/airflow/.local/lib/python3.8/site-packages/airflow/example_dags/example_branch_operator.py
[2025-10-16T17:44:17.432+0000] {processor.py:839} INFO - DAG(s) dict_keys(['example_branch_operator']) retrieved from /home/airflow/.local/lib/python3.8/site-packages/airflow/example_dags/example_branch_operator.py
[2025-10-16T17:44:17.558+0000] {logging_mixin.py:151} INFO - [2025-10-16T17:44:17.557+0000] {dag.py:2941} INFO - Sync 1 DAGs
[2025-10-16T17:44:17.621+0000] {logging_mixin.py:151} INFO - [2025-10-16T17:44:17.621+0000] {dag.py:3722} INFO - Setting next_dagrun for example_branch_operator to 2025-10-15T00:00:00+00:00, run_after=2025-10-16T00:00:00+00:00
[2025-10-16T17:44:17.670+0000] {processor.py:179} INFO - Processing /home/airflow/.local/lib/python3.8/site-packages/airflow/example_dags/example_branch_operator.py took 0.347 seconds
[2025-10-16T17:44:47.957+0000] {processor.py:157} INFO - Started process (PID=2425) to work on /home/airflow/.local/lib/python3.8/site-packages/airflow/example_dags/example_branch_operator.py
[2025-10-16T17:44:47.962+0000] {processor.py:829} INFO - Processing file /home/airflow/.local/lib/python3.8/site-packages/airflow/example_dags/example_branch_operator.py for tasks to queue
[2025-10-16T17:44:47.976+0000] {logging_mixin.py:151} INFO - [2025-10-16T17:44:47.976+0000] {dagbag.py:536} INFO - Filling up the DagBag from /home/airflow/.local/lib/python3.8/site-packages/airflow/example_dags/example_branch_operator.py
[2025-10-16T17:44:48.011+0000] {processor.py:839} INFO - DAG(s) dict_keys(['example_branch_operator']) retrieved from /home/airflow/.local/lib/python3.8/site-packages/airflow/example_dags/example_branch_operator.py
[2025-10-16T17:44:48.082+0000] {logging_mixin.py:151} INFO - [2025-10-16T17:44:48.082+0000] {dag.py:2941} INFO - Sync 1 DAGs
[2025-10-16T17:44:48.156+0000] {logging_mixin.py:151} INFO - [2025-10-16T17:44:48.155+0000] {dag.py:3722} INFO - Setting next_dagrun for example_branch_operator to 2025-10-15T00:00:00+00:00, run_after=2025-10-16T00:00:00+00:00
[2025-10-16T17:44:48.208+0000] {processor.py:179} INFO - Processing /home/airflow/.local/lib/python3.8/site-packages/airflow/example_dags/example_branch_operator.py took 0.268 seconds
[2025-10-16T17:45:18.435+0000] {processor.py:157} INFO - Started process (PID=2486) to work on /home/airflow/.local/lib/python3.8/site-packages/airflow/example_dags/example_branch_operator.py
[2025-10-16T17:45:18.437+0000] {processor.py:829} INFO - Processing file /home/airflow/.local/lib/python3.8/site-packages/airflow/example_dags/example_branch_operator.py for tasks to queue
[2025-10-16T17:45:18.444+0000] {logging_mixin.py:151} INFO - [2025-10-16T17:45:18.443+0000] {dagbag.py:536} INFO - Filling up the DagBag from /home/airflow/.local/lib/python3.8/site-packages/airflow/example_dags/example_branch_operator.py
[2025-10-16T17:45:18.466+0000] {processor.py:839} INFO - DAG(s) dict_keys(['example_branch_operator']) retrieved from /home/airflow/.local/lib/python3.8/site-packages/airflow/example_dags/example_branch_operator.py
[2025-10-16T17:45:18.517+0000] {logging_mixin.py:151} INFO - [2025-10-16T17:45:18.516+0000] {dag.py:2941} INFO - Sync 1 DAGs
[2025-10-16T17:45:18.582+0000] {logging_mixin.py:151} INFO - [2025-10-16T17:45:18.582+0000] {dag.py:3722} INFO - Setting next_dagrun for example_branch_operator to 2025-10-15T00:00:00+00:00, run_after=2025-10-16T00:00:00+00:00
[2025-10-16T17:45:18.633+0000] {processor.py:179} INFO - Processing /home/airflow/.local/lib/python3.8/site-packages/airflow/example_dags/example_branch_operator.py took 0.206 seconds
[2025-10-16T17:45:48.896+0000] {processor.py:157} INFO - Started process (PID=2544) to work on /home/airflow/.local/lib/python3.8/site-packages/airflow/example_dags/example_branch_operator.py
[2025-10-16T17:45:48.899+0000] {processor.py:829} INFO - Processing file /home/airflow/.local/lib/python3.8/site-packages/airflow/example_dags/example_branch_operator.py for tasks to queue
[2025-10-16T17:45:48.907+0000] {logging_mixin.py:151} INFO - [2025-10-16T17:45:48.906+0000] {dagbag.py:536} INFO - Filling up the DagBag from /home/airflow/.local/lib/python3.8/site-packages/airflow/example_dags/example_branch_operator.py
[2025-10-16T17:45:48.936+0000] {processor.py:839} INFO - DAG(s) dict_keys(['example_branch_operator']) retrieved from /home/airflow/.local/lib/python3.8/site-packages/airflow/example_dags/example_branch_operator.py
[2025-10-16T17:45:49.002+0000] {logging_mixin.py:151} INFO - [2025-10-16T17:45:49.001+0000] {dag.py:2941} INFO - Sync 1 DAGs
[2025-10-16T17:45:49.164+0000] {logging_mixin.py:151} INFO - [2025-10-16T17:45:49.164+0000] {dag.py:3722} INFO - Setting next_dagrun for example_branch_operator to 2025-10-15T00:00:00+00:00, run_after=2025-10-16T00:00:00+00:00
[2025-10-16T17:45:49.656+0000] {processor.py:179} INFO - Processing /home/airflow/.local/lib/python3.8/site-packages/airflow/example_dags/example_branch_operator.py took 0.773 seconds
[2025-10-16T17:46:20.186+0000] {processor.py:157} INFO - Started process (PID=2602) to work on /home/airflow/.local/lib/python3.8/site-packages/airflow/example_dags/example_branch_operator.py
[2025-10-16T17:46:20.192+0000] {processor.py:829} INFO - Processing file /home/airflow/.local/lib/python3.8/site-packages/airflow/example_dags/example_branch_operator.py for tasks to queue
[2025-10-16T17:46:20.217+0000] {logging_mixin.py:151} INFO - [2025-10-16T17:46:20.216+0000] {dagbag.py:536} INFO - Filling up the DagBag from /home/airflow/.local/lib/python3.8/site-packages/airflow/example_dags/example_branch_operator.py
[2025-10-16T17:46:20.276+0000] {processor.py:839} INFO - DAG(s) dict_keys(['example_branch_operator']) retrieved from /home/airflow/.local/lib/python3.8/site-packages/airflow/example_dags/example_branch_operator.py
[2025-10-16T17:46:20.410+0000] {logging_mixin.py:151} INFO - [2025-10-16T17:46:20.409+0000] {dag.py:2941} INFO - Sync 1 DAGs
[2025-10-16T17:46:20.574+0000] {logging_mixin.py:151} INFO - [2025-10-16T17:46:20.572+0000] {dag.py:3722} INFO - Setting next_dagrun for example_branch_operator to 2025-10-15T00:00:00+00:00, run_after=2025-10-16T00:00:00+00:00
[2025-10-16T17:46:20.688+0000] {processor.py:179} INFO - Processing /home/airflow/.local/lib/python3.8/site-packages/airflow/example_dags/example_branch_operator.py took 0.523 seconds
[2025-10-16T17:51:56.059+0000] {processor.py:157} INFO - Started process (PID=112) to work on /home/airflow/.local/lib/python3.8/site-packages/airflow/example_dags/example_branch_operator.py
[2025-10-16T17:51:56.063+0000] {processor.py:829} INFO - Processing file /home/airflow/.local/lib/python3.8/site-packages/airflow/example_dags/example_branch_operator.py for tasks to queue
[2025-10-16T17:51:56.071+0000] {logging_mixin.py:151} INFO - [2025-10-16T17:51:56.070+0000] {dagbag.py:536} INFO - Filling up the DagBag from /home/airflow/.local/lib/python3.8/site-packages/airflow/example_dags/example_branch_operator.py
[2025-10-16T17:51:56.100+0000] {processor.py:839} INFO - DAG(s) dict_keys(['example_branch_operator']) retrieved from /home/airflow/.local/lib/python3.8/site-packages/airflow/example_dags/example_branch_operator.py
[2025-10-16T17:51:56.165+0000] {logging_mixin.py:151} INFO - [2025-10-16T17:51:56.164+0000] {dag.py:2941} INFO - Sync 1 DAGs
[2025-10-16T17:51:56.224+0000] {logging_mixin.py:151} INFO - [2025-10-16T17:51:56.224+0000] {dag.py:3722} INFO - Setting next_dagrun for example_branch_operator to 2025-10-15T00:00:00+00:00, run_after=2025-10-16T00:00:00+00:00
[2025-10-16T17:51:56.270+0000] {processor.py:179} INFO - Processing /home/airflow/.local/lib/python3.8/site-packages/airflow/example_dags/example_branch_operator.py took 0.221 seconds
[2025-10-16T17:52:28.885+0000] {processor.py:157} INFO - Started process (PID=171) to work on /home/airflow/.local/lib/python3.8/site-packages/airflow/example_dags/example_branch_operator.py
[2025-10-16T17:52:28.902+0000] {processor.py:829} INFO - Processing file /home/airflow/.local/lib/python3.8/site-packages/airflow/example_dags/example_branch_operator.py for tasks to queue
[2025-10-16T17:52:29.085+0000] {logging_mixin.py:151} INFO - [2025-10-16T17:52:29.067+0000] {dagbag.py:536} INFO - Filling up the DagBag from /home/airflow/.local/lib/python3.8/site-packages/airflow/example_dags/example_branch_operator.py
[2025-10-16T17:52:29.490+0000] {processor.py:839} INFO - DAG(s) dict_keys(['example_branch_operator']) retrieved from /home/airflow/.local/lib/python3.8/site-packages/airflow/example_dags/example_branch_operator.py
[2025-10-16T17:52:29.724+0000] {logging_mixin.py:151} INFO - [2025-10-16T17:52:29.724+0000] {dag.py:2941} INFO - Sync 1 DAGs
[2025-10-16T17:52:30.068+0000] {logging_mixin.py:151} INFO - [2025-10-16T17:52:30.067+0000] {dag.py:3722} INFO - Setting next_dagrun for example_branch_operator to 2025-10-15T00:00:00+00:00, run_after=2025-10-16T00:00:00+00:00
[2025-10-16T17:52:30.224+0000] {processor.py:179} INFO - Processing /home/airflow/.local/lib/python3.8/site-packages/airflow/example_dags/example_branch_operator.py took 1.568 seconds
[2025-10-16T17:53:00.401+0000] {processor.py:157} INFO - Started process (PID=230) to work on /home/airflow/.local/lib/python3.8/site-packages/airflow/example_dags/example_branch_operator.py
[2025-10-16T17:53:00.405+0000] {processor.py:829} INFO - Processing file /home/airflow/.local/lib/python3.8/site-packages/airflow/example_dags/example_branch_operator.py for tasks to queue
[2025-10-16T17:53:00.412+0000] {logging_mixin.py:151} INFO - [2025-10-16T17:53:00.411+0000] {dagbag.py:536} INFO - Filling up the DagBag from /home/airflow/.local/lib/python3.8/site-packages/airflow/example_dags/example_branch_operator.py
[2025-10-16T17:53:00.439+0000] {processor.py:839} INFO - DAG(s) dict_keys(['example_branch_operator']) retrieved from /home/airflow/.local/lib/python3.8/site-packages/airflow/example_dags/example_branch_operator.py
[2025-10-16T17:53:00.532+0000] {logging_mixin.py:151} INFO - [2025-10-16T17:53:00.531+0000] {dag.py:2941} INFO - Sync 1 DAGs
[2025-10-16T17:53:00.629+0000] {logging_mixin.py:151} INFO - [2025-10-16T17:53:00.628+0000] {dag.py:3722} INFO - Setting next_dagrun for example_branch_operator to 2025-10-15T00:00:00+00:00, run_after=2025-10-16T00:00:00+00:00
[2025-10-16T17:53:00.707+0000] {processor.py:179} INFO - Processing /home/airflow/.local/lib/python3.8/site-packages/airflow/example_dags/example_branch_operator.py took 0.316 seconds
[2025-10-16T17:53:31.018+0000] {processor.py:157} INFO - Started process (PID=294) to work on /home/airflow/.local/lib/python3.8/site-packages/airflow/example_dags/example_branch_operator.py
[2025-10-16T17:53:31.021+0000] {processor.py:829} INFO - Processing file /home/airflow/.local/lib/python3.8/site-packages/airflow/example_dags/example_branch_operator.py for tasks to queue
[2025-10-16T17:53:31.030+0000] {logging_mixin.py:151} INFO - [2025-10-16T17:53:31.029+0000] {dagbag.py:536} INFO - Filling up the DagBag from /home/airflow/.local/lib/python3.8/site-packages/airflow/example_dags/example_branch_operator.py
[2025-10-16T17:53:31.064+0000] {processor.py:839} INFO - DAG(s) dict_keys(['example_branch_operator']) retrieved from /home/airflow/.local/lib/python3.8/site-packages/airflow/example_dags/example_branch_operator.py
[2025-10-16T17:53:31.141+0000] {logging_mixin.py:151} INFO - [2025-10-16T17:53:31.140+0000] {dag.py:2941} INFO - Sync 1 DAGs
[2025-10-16T17:53:31.258+0000] {logging_mixin.py:151} INFO - [2025-10-16T17:53:31.258+0000] {dag.py:3722} INFO - Setting next_dagrun for example_branch_operator to 2025-10-15T00:00:00+00:00, run_after=2025-10-16T00:00:00+00:00
[2025-10-16T17:53:31.315+0000] {processor.py:179} INFO - Processing /home/airflow/.local/lib/python3.8/site-packages/airflow/example_dags/example_branch_operator.py took 0.310 seconds
[2025-10-16T17:54:01.779+0000] {processor.py:157} INFO - Started process (PID=354) to work on /home/airflow/.local/lib/python3.8/site-packages/airflow/example_dags/example_branch_operator.py
[2025-10-16T17:54:01.786+0000] {processor.py:829} INFO - Processing file /home/airflow/.local/lib/python3.8/site-packages/airflow/example_dags/example_branch_operator.py for tasks to queue
[2025-10-16T17:54:01.821+0000] {logging_mixin.py:151} INFO - [2025-10-16T17:54:01.820+0000] {dagbag.py:536} INFO - Filling up the DagBag from /home/airflow/.local/lib/python3.8/site-packages/airflow/example_dags/example_branch_operator.py
[2025-10-16T17:54:01.912+0000] {processor.py:839} INFO - DAG(s) dict_keys(['example_branch_operator']) retrieved from /home/airflow/.local/lib/python3.8/site-packages/airflow/example_dags/example_branch_operator.py
[2025-10-16T17:54:02.068+0000] {logging_mixin.py:151} INFO - [2025-10-16T17:54:02.067+0000] {dag.py:2941} INFO - Sync 1 DAGs
[2025-10-16T17:54:02.149+0000] {logging_mixin.py:151} INFO - [2025-10-16T17:54:02.149+0000] {dag.py:3722} INFO - Setting next_dagrun for example_branch_operator to 2025-10-15T00:00:00+00:00, run_after=2025-10-16T00:00:00+00:00
[2025-10-16T17:54:02.203+0000] {processor.py:179} INFO - Processing /home/airflow/.local/lib/python3.8/site-packages/airflow/example_dags/example_branch_operator.py took 0.445 seconds
[2025-10-16T17:54:38.043+0000] {processor.py:157} INFO - Started process (PID=414) to work on /home/airflow/.local/lib/python3.8/site-packages/airflow/example_dags/example_branch_operator.py
[2025-10-16T17:54:38.047+0000] {processor.py:829} INFO - Processing file /home/airflow/.local/lib/python3.8/site-packages/airflow/example_dags/example_branch_operator.py for tasks to queue
[2025-10-16T17:54:38.060+0000] {logging_mixin.py:151} INFO - [2025-10-16T17:54:38.058+0000] {dagbag.py:536} INFO - Filling up the DagBag from /home/airflow/.local/lib/python3.8/site-packages/airflow/example_dags/example_branch_operator.py
[2025-10-16T17:54:38.105+0000] {processor.py:839} INFO - DAG(s) dict_keys(['example_branch_operator']) retrieved from /home/airflow/.local/lib/python3.8/site-packages/airflow/example_dags/example_branch_operator.py
[2025-10-16T17:54:38.217+0000] {logging_mixin.py:151} INFO - [2025-10-16T17:54:38.217+0000] {dag.py:2941} INFO - Sync 1 DAGs
[2025-10-16T17:54:38.385+0000] {logging_mixin.py:151} INFO - [2025-10-16T17:54:38.385+0000] {dag.py:3722} INFO - Setting next_dagrun for example_branch_operator to 2025-10-15T00:00:00+00:00, run_after=2025-10-16T00:00:00+00:00
[2025-10-16T17:54:38.516+0000] {processor.py:179} INFO - Processing /home/airflow/.local/lib/python3.8/site-packages/airflow/example_dags/example_branch_operator.py took 0.490 seconds
[2025-10-16T17:55:08.763+0000] {processor.py:157} INFO - Started process (PID=472) to work on /home/airflow/.local/lib/python3.8/site-packages/airflow/example_dags/example_branch_operator.py
[2025-10-16T17:55:08.768+0000] {processor.py:829} INFO - Processing file /home/airflow/.local/lib/python3.8/site-packages/airflow/example_dags/example_branch_operator.py for tasks to queue
[2025-10-16T17:55:08.778+0000] {logging_mixin.py:151} INFO - [2025-10-16T17:55:08.777+0000] {dagbag.py:536} INFO - Filling up the DagBag from /home/airflow/.local/lib/python3.8/site-packages/airflow/example_dags/example_branch_operator.py
[2025-10-16T17:55:08.808+0000] {processor.py:839} INFO - DAG(s) dict_keys(['example_branch_operator']) retrieved from /home/airflow/.local/lib/python3.8/site-packages/airflow/example_dags/example_branch_operator.py
[2025-10-16T17:55:08.883+0000] {logging_mixin.py:151} INFO - [2025-10-16T17:55:08.882+0000] {dag.py:2941} INFO - Sync 1 DAGs
[2025-10-16T17:55:08.958+0000] {logging_mixin.py:151} INFO - [2025-10-16T17:55:08.957+0000] {dag.py:3722} INFO - Setting next_dagrun for example_branch_operator to 2025-10-15T00:00:00+00:00, run_after=2025-10-16T00:00:00+00:00
[2025-10-16T17:55:09.004+0000] {processor.py:179} INFO - Processing /home/airflow/.local/lib/python3.8/site-packages/airflow/example_dags/example_branch_operator.py took 0.270 seconds
[2025-10-16T17:55:39.187+0000] {processor.py:157} INFO - Started process (PID=530) to work on /home/airflow/.local/lib/python3.8/site-packages/airflow/example_dags/example_branch_operator.py
[2025-10-16T17:55:39.189+0000] {processor.py:829} INFO - Processing file /home/airflow/.local/lib/python3.8/site-packages/airflow/example_dags/example_branch_operator.py for tasks to queue
[2025-10-16T17:55:39.195+0000] {logging_mixin.py:151} INFO - [2025-10-16T17:55:39.195+0000] {dagbag.py:536} INFO - Filling up the DagBag from /home/airflow/.local/lib/python3.8/site-packages/airflow/example_dags/example_branch_operator.py
[2025-10-16T17:55:39.218+0000] {processor.py:839} INFO - DAG(s) dict_keys(['example_branch_operator']) retrieved from /home/airflow/.local/lib/python3.8/site-packages/airflow/example_dags/example_branch_operator.py
[2025-10-16T17:55:39.274+0000] {logging_mixin.py:151} INFO - [2025-10-16T17:55:39.274+0000] {dag.py:2941} INFO - Sync 1 DAGs
[2025-10-16T17:55:39.329+0000] {logging_mixin.py:151} INFO - [2025-10-16T17:55:39.329+0000] {dag.py:3722} INFO - Setting next_dagrun for example_branch_operator to 2025-10-15T00:00:00+00:00, run_after=2025-10-16T00:00:00+00:00
[2025-10-16T17:55:39.378+0000] {processor.py:179} INFO - Processing /home/airflow/.local/lib/python3.8/site-packages/airflow/example_dags/example_branch_operator.py took 0.199 seconds
[2025-10-16T17:56:09.717+0000] {processor.py:157} INFO - Started process (PID=589) to work on /home/airflow/.local/lib/python3.8/site-packages/airflow/example_dags/example_branch_operator.py
[2025-10-16T17:56:09.719+0000] {processor.py:829} INFO - Processing file /home/airflow/.local/lib/python3.8/site-packages/airflow/example_dags/example_branch_operator.py for tasks to queue
[2025-10-16T17:56:09.725+0000] {logging_mixin.py:151} INFO - [2025-10-16T17:56:09.724+0000] {dagbag.py:536} INFO - Filling up the DagBag from /home/airflow/.local/lib/python3.8/site-packages/airflow/example_dags/example_branch_operator.py
[2025-10-16T17:56:09.757+0000] {processor.py:839} INFO - DAG(s) dict_keys(['example_branch_operator']) retrieved from /home/airflow/.local/lib/python3.8/site-packages/airflow/example_dags/example_branch_operator.py
[2025-10-16T17:56:09.816+0000] {logging_mixin.py:151} INFO - [2025-10-16T17:56:09.816+0000] {dag.py:2941} INFO - Sync 1 DAGs
[2025-10-16T17:56:09.886+0000] {logging_mixin.py:151} INFO - [2025-10-16T17:56:09.885+0000] {dag.py:3722} INFO - Setting next_dagrun for example_branch_operator to 2025-10-15T00:00:00+00:00, run_after=2025-10-16T00:00:00+00:00
[2025-10-16T17:56:09.928+0000] {processor.py:179} INFO - Processing /home/airflow/.local/lib/python3.8/site-packages/airflow/example_dags/example_branch_operator.py took 0.228 seconds
[2025-10-16T17:56:46.988+0000] {processor.py:157} INFO - Started process (PID=651) to work on /home/airflow/.local/lib/python3.8/site-packages/airflow/example_dags/example_branch_operator.py
[2025-10-16T17:56:46.992+0000] {processor.py:829} INFO - Processing file /home/airflow/.local/lib/python3.8/site-packages/airflow/example_dags/example_branch_operator.py for tasks to queue
[2025-10-16T17:56:47.000+0000] {logging_mixin.py:151} INFO - [2025-10-16T17:56:46.999+0000] {dagbag.py:536} INFO - Filling up the DagBag from /home/airflow/.local/lib/python3.8/site-packages/airflow/example_dags/example_branch_operator.py
[2025-10-16T17:56:47.028+0000] {processor.py:839} INFO - DAG(s) dict_keys(['example_branch_operator']) retrieved from /home/airflow/.local/lib/python3.8/site-packages/airflow/example_dags/example_branch_operator.py
[2025-10-16T17:56:47.093+0000] {logging_mixin.py:151} INFO - [2025-10-16T17:56:47.092+0000] {dag.py:2941} INFO - Sync 1 DAGs
[2025-10-16T17:56:47.157+0000] {logging_mixin.py:151} INFO - [2025-10-16T17:56:47.156+0000] {dag.py:3722} INFO - Setting next_dagrun for example_branch_operator to 2025-10-15T00:00:00+00:00, run_after=2025-10-16T00:00:00+00:00
[2025-10-16T17:56:47.232+0000] {processor.py:179} INFO - Processing /home/airflow/.local/lib/python3.8/site-packages/airflow/example_dags/example_branch_operator.py took 0.257 seconds
[2025-10-16T17:57:17.840+0000] {processor.py:157} INFO - Started process (PID=708) to work on /home/airflow/.local/lib/python3.8/site-packages/airflow/example_dags/example_branch_operator.py
[2025-10-16T17:57:17.843+0000] {processor.py:829} INFO - Processing file /home/airflow/.local/lib/python3.8/site-packages/airflow/example_dags/example_branch_operator.py for tasks to queue
[2025-10-16T17:57:17.851+0000] {logging_mixin.py:151} INFO - [2025-10-16T17:57:17.850+0000] {dagbag.py:536} INFO - Filling up the DagBag from /home/airflow/.local/lib/python3.8/site-packages/airflow/example_dags/example_branch_operator.py
[2025-10-16T17:57:17.887+0000] {processor.py:839} INFO - DAG(s) dict_keys(['example_branch_operator']) retrieved from /home/airflow/.local/lib/python3.8/site-packages/airflow/example_dags/example_branch_operator.py
[2025-10-16T17:57:17.952+0000] {logging_mixin.py:151} INFO - [2025-10-16T17:57:17.952+0000] {dag.py:2941} INFO - Sync 1 DAGs
[2025-10-16T17:57:18.021+0000] {logging_mixin.py:151} INFO - [2025-10-16T17:57:18.020+0000] {dag.py:3722} INFO - Setting next_dagrun for example_branch_operator to 2025-10-15T00:00:00+00:00, run_after=2025-10-16T00:00:00+00:00
[2025-10-16T17:57:18.072+0000] {processor.py:179} INFO - Processing /home/airflow/.local/lib/python3.8/site-packages/airflow/example_dags/example_branch_operator.py took 0.240 seconds
[2025-10-16T17:57:48.645+0000] {processor.py:157} INFO - Started process (PID=767) to work on /home/airflow/.local/lib/python3.8/site-packages/airflow/example_dags/example_branch_operator.py
[2025-10-16T17:57:48.652+0000] {processor.py:829} INFO - Processing file /home/airflow/.local/lib/python3.8/site-packages/airflow/example_dags/example_branch_operator.py for tasks to queue
[2025-10-16T17:57:48.670+0000] {logging_mixin.py:151} INFO - [2025-10-16T17:57:48.668+0000] {dagbag.py:536} INFO - Filling up the DagBag from /home/airflow/.local/lib/python3.8/site-packages/airflow/example_dags/example_branch_operator.py
[2025-10-16T17:57:48.707+0000] {processor.py:839} INFO - DAG(s) dict_keys(['example_branch_operator']) retrieved from /home/airflow/.local/lib/python3.8/site-packages/airflow/example_dags/example_branch_operator.py
[2025-10-16T17:57:48.763+0000] {logging_mixin.py:151} INFO - [2025-10-16T17:57:48.762+0000] {dag.py:2941} INFO - Sync 1 DAGs
[2025-10-16T17:57:48.812+0000] {logging_mixin.py:151} INFO - [2025-10-16T17:57:48.812+0000] {dag.py:3722} INFO - Setting next_dagrun for example_branch_operator to 2025-10-15T00:00:00+00:00, run_after=2025-10-16T00:00:00+00:00
[2025-10-16T17:57:48.853+0000] {processor.py:179} INFO - Processing /home/airflow/.local/lib/python3.8/site-packages/airflow/example_dags/example_branch_operator.py took 0.234 seconds
[2025-10-16T17:58:19.420+0000] {processor.py:157} INFO - Started process (PID=825) to work on /home/airflow/.local/lib/python3.8/site-packages/airflow/example_dags/example_branch_operator.py
[2025-10-16T17:58:19.422+0000] {processor.py:829} INFO - Processing file /home/airflow/.local/lib/python3.8/site-packages/airflow/example_dags/example_branch_operator.py for tasks to queue
[2025-10-16T17:58:19.427+0000] {logging_mixin.py:151} INFO - [2025-10-16T17:58:19.427+0000] {dagbag.py:536} INFO - Filling up the DagBag from /home/airflow/.local/lib/python3.8/site-packages/airflow/example_dags/example_branch_operator.py
[2025-10-16T17:58:19.447+0000] {processor.py:839} INFO - DAG(s) dict_keys(['example_branch_operator']) retrieved from /home/airflow/.local/lib/python3.8/site-packages/airflow/example_dags/example_branch_operator.py
[2025-10-16T17:58:19.522+0000] {logging_mixin.py:151} INFO - [2025-10-16T17:58:19.521+0000] {dag.py:2941} INFO - Sync 1 DAGs
[2025-10-16T17:58:19.587+0000] {logging_mixin.py:151} INFO - [2025-10-16T17:58:19.586+0000] {dag.py:3722} INFO - Setting next_dagrun for example_branch_operator to 2025-10-15T00:00:00+00:00, run_after=2025-10-16T00:00:00+00:00
[2025-10-16T17:58:19.969+0000] {processor.py:179} INFO - Processing /home/airflow/.local/lib/python3.8/site-packages/airflow/example_dags/example_branch_operator.py took 0.555 seconds
[2025-10-16T17:58:50.235+0000] {processor.py:157} INFO - Started process (PID=884) to work on /home/airflow/.local/lib/python3.8/site-packages/airflow/example_dags/example_branch_operator.py
[2025-10-16T17:58:50.239+0000] {processor.py:829} INFO - Processing file /home/airflow/.local/lib/python3.8/site-packages/airflow/example_dags/example_branch_operator.py for tasks to queue
[2025-10-16T17:58:50.248+0000] {logging_mixin.py:151} INFO - [2025-10-16T17:58:50.246+0000] {dagbag.py:536} INFO - Filling up the DagBag from /home/airflow/.local/lib/python3.8/site-packages/airflow/example_dags/example_branch_operator.py
[2025-10-16T17:58:50.299+0000] {processor.py:839} INFO - DAG(s) dict_keys(['example_branch_operator']) retrieved from /home/airflow/.local/lib/python3.8/site-packages/airflow/example_dags/example_branch_operator.py
[2025-10-16T17:58:50.357+0000] {logging_mixin.py:151} INFO - [2025-10-16T17:58:50.356+0000] {dag.py:2941} INFO - Sync 1 DAGs
[2025-10-16T17:58:50.415+0000] {logging_mixin.py:151} INFO - [2025-10-16T17:58:50.415+0000] {dag.py:3722} INFO - Setting next_dagrun for example_branch_operator to 2025-10-15T00:00:00+00:00, run_after=2025-10-16T00:00:00+00:00
[2025-10-16T17:58:50.461+0000] {processor.py:179} INFO - Processing /home/airflow/.local/lib/python3.8/site-packages/airflow/example_dags/example_branch_operator.py took 0.253 seconds
[2025-10-16T17:59:21.123+0000] {processor.py:157} INFO - Started process (PID=943) to work on /home/airflow/.local/lib/python3.8/site-packages/airflow/example_dags/example_branch_operator.py
[2025-10-16T17:59:21.126+0000] {processor.py:829} INFO - Processing file /home/airflow/.local/lib/python3.8/site-packages/airflow/example_dags/example_branch_operator.py for tasks to queue
[2025-10-16T17:59:21.135+0000] {logging_mixin.py:151} INFO - [2025-10-16T17:59:21.134+0000] {dagbag.py:536} INFO - Filling up the DagBag from /home/airflow/.local/lib/python3.8/site-packages/airflow/example_dags/example_branch_operator.py
[2025-10-16T17:59:21.158+0000] {processor.py:839} INFO - DAG(s) dict_keys(['example_branch_operator']) retrieved from /home/airflow/.local/lib/python3.8/site-packages/airflow/example_dags/example_branch_operator.py
[2025-10-16T17:59:21.213+0000] {logging_mixin.py:151} INFO - [2025-10-16T17:59:21.212+0000] {dag.py:2941} INFO - Sync 1 DAGs
[2025-10-16T17:59:21.263+0000] {logging_mixin.py:151} INFO - [2025-10-16T17:59:21.262+0000] {dag.py:3722} INFO - Setting next_dagrun for example_branch_operator to 2025-10-15T00:00:00+00:00, run_after=2025-10-16T00:00:00+00:00
[2025-10-16T17:59:21.306+0000] {processor.py:179} INFO - Processing /home/airflow/.local/lib/python3.8/site-packages/airflow/example_dags/example_branch_operator.py took 0.205 seconds
[2025-10-16T17:59:51.730+0000] {processor.py:157} INFO - Started process (PID=1002) to work on /home/airflow/.local/lib/python3.8/site-packages/airflow/example_dags/example_branch_operator.py
[2025-10-16T17:59:51.739+0000] {processor.py:829} INFO - Processing file /home/airflow/.local/lib/python3.8/site-packages/airflow/example_dags/example_branch_operator.py for tasks to queue
[2025-10-16T17:59:51.754+0000] {logging_mixin.py:151} INFO - [2025-10-16T17:59:51.752+0000] {dagbag.py:536} INFO - Filling up the DagBag from /home/airflow/.local/lib/python3.8/site-packages/airflow/example_dags/example_branch_operator.py
[2025-10-16T17:59:51.823+0000] {processor.py:839} INFO - DAG(s) dict_keys(['example_branch_operator']) retrieved from /home/airflow/.local/lib/python3.8/site-packages/airflow/example_dags/example_branch_operator.py
[2025-10-16T17:59:51.905+0000] {logging_mixin.py:151} INFO - [2025-10-16T17:59:51.905+0000] {dag.py:2941} INFO - Sync 1 DAGs
[2025-10-16T17:59:52.473+0000] {logging_mixin.py:151} INFO - [2025-10-16T17:59:52.472+0000] {dag.py:3722} INFO - Setting next_dagrun for example_branch_operator to 2025-10-15T00:00:00+00:00, run_after=2025-10-16T00:00:00+00:00
[2025-10-16T17:59:52.535+0000] {processor.py:179} INFO - Processing /home/airflow/.local/lib/python3.8/site-packages/airflow/example_dags/example_branch_operator.py took 0.827 seconds
[2025-10-16T18:00:22.831+0000] {processor.py:157} INFO - Started process (PID=1061) to work on /home/airflow/.local/lib/python3.8/site-packages/airflow/example_dags/example_branch_operator.py
[2025-10-16T18:00:22.834+0000] {processor.py:829} INFO - Processing file /home/airflow/.local/lib/python3.8/site-packages/airflow/example_dags/example_branch_operator.py for tasks to queue
[2025-10-16T18:00:22.841+0000] {logging_mixin.py:151} INFO - [2025-10-16T18:00:22.840+0000] {dagbag.py:536} INFO - Filling up the DagBag from /home/airflow/.local/lib/python3.8/site-packages/airflow/example_dags/example_branch_operator.py
[2025-10-16T18:00:22.866+0000] {processor.py:839} INFO - DAG(s) dict_keys(['example_branch_operator']) retrieved from /home/airflow/.local/lib/python3.8/site-packages/airflow/example_dags/example_branch_operator.py
[2025-10-16T18:00:22.928+0000] {logging_mixin.py:151} INFO - [2025-10-16T18:00:22.928+0000] {dag.py:2941} INFO - Sync 1 DAGs
[2025-10-16T18:00:22.988+0000] {logging_mixin.py:151} INFO - [2025-10-16T18:00:22.988+0000] {dag.py:3722} INFO - Setting next_dagrun for example_branch_operator to 2025-10-15T00:00:00+00:00, run_after=2025-10-16T00:00:00+00:00
[2025-10-16T18:00:23.040+0000] {processor.py:179} INFO - Processing /home/airflow/.local/lib/python3.8/site-packages/airflow/example_dags/example_branch_operator.py took 0.221 seconds
[2025-10-16T18:00:53.654+0000] {processor.py:157} INFO - Started process (PID=1120) to work on /home/airflow/.local/lib/python3.8/site-packages/airflow/example_dags/example_branch_operator.py
[2025-10-16T18:00:53.656+0000] {processor.py:829} INFO - Processing file /home/airflow/.local/lib/python3.8/site-packages/airflow/example_dags/example_branch_operator.py for tasks to queue
[2025-10-16T18:00:53.663+0000] {logging_mixin.py:151} INFO - [2025-10-16T18:00:53.663+0000] {dagbag.py:536} INFO - Filling up the DagBag from /home/airflow/.local/lib/python3.8/site-packages/airflow/example_dags/example_branch_operator.py
[2025-10-16T18:00:53.694+0000] {processor.py:839} INFO - DAG(s) dict_keys(['example_branch_operator']) retrieved from /home/airflow/.local/lib/python3.8/site-packages/airflow/example_dags/example_branch_operator.py
[2025-10-16T18:00:53.750+0000] {logging_mixin.py:151} INFO - [2025-10-16T18:00:53.750+0000] {dag.py:2941} INFO - Sync 1 DAGs
[2025-10-16T18:00:53.804+0000] {logging_mixin.py:151} INFO - [2025-10-16T18:00:53.804+0000] {dag.py:3722} INFO - Setting next_dagrun for example_branch_operator to 2025-10-15T00:00:00+00:00, run_after=2025-10-16T00:00:00+00:00
[2025-10-16T18:00:53.852+0000] {processor.py:179} INFO - Processing /home/airflow/.local/lib/python3.8/site-packages/airflow/example_dags/example_branch_operator.py took 0.209 seconds
[2025-10-16T18:01:24.489+0000] {processor.py:157} INFO - Started process (PID=1179) to work on /home/airflow/.local/lib/python3.8/site-packages/airflow/example_dags/example_branch_operator.py
[2025-10-16T18:01:24.494+0000] {processor.py:829} INFO - Processing file /home/airflow/.local/lib/python3.8/site-packages/airflow/example_dags/example_branch_operator.py for tasks to queue
[2025-10-16T18:01:24.506+0000] {logging_mixin.py:151} INFO - [2025-10-16T18:01:24.505+0000] {dagbag.py:536} INFO - Filling up the DagBag from /home/airflow/.local/lib/python3.8/site-packages/airflow/example_dags/example_branch_operator.py
[2025-10-16T18:01:24.548+0000] {processor.py:839} INFO - DAG(s) dict_keys(['example_branch_operator']) retrieved from /home/airflow/.local/lib/python3.8/site-packages/airflow/example_dags/example_branch_operator.py
[2025-10-16T18:01:24.607+0000] {logging_mixin.py:151} INFO - [2025-10-16T18:01:24.606+0000] {dag.py:2941} INFO - Sync 1 DAGs
[2025-10-16T18:01:25.084+0000] {logging_mixin.py:151} INFO - [2025-10-16T18:01:25.083+0000] {dag.py:3722} INFO - Setting next_dagrun for example_branch_operator to 2025-10-15T00:00:00+00:00, run_after=2025-10-16T00:00:00+00:00
[2025-10-16T18:01:25.139+0000] {processor.py:179} INFO - Processing /home/airflow/.local/lib/python3.8/site-packages/airflow/example_dags/example_branch_operator.py took 0.689 seconds
[2025-10-16T18:02:16.701+0000] {processor.py:157} INFO - Started process (PID=1232) to work on /home/airflow/.local/lib/python3.8/site-packages/airflow/example_dags/example_branch_operator.py
[2025-10-16T18:02:16.705+0000] {processor.py:829} INFO - Processing file /home/airflow/.local/lib/python3.8/site-packages/airflow/example_dags/example_branch_operator.py for tasks to queue
[2025-10-16T18:02:16.724+0000] {logging_mixin.py:151} INFO - [2025-10-16T18:02:16.722+0000] {dagbag.py:536} INFO - Filling up the DagBag from /home/airflow/.local/lib/python3.8/site-packages/airflow/example_dags/example_branch_operator.py
[2025-10-16T18:02:16.774+0000] {processor.py:839} INFO - DAG(s) dict_keys(['example_branch_operator']) retrieved from /home/airflow/.local/lib/python3.8/site-packages/airflow/example_dags/example_branch_operator.py
[2025-10-16T18:02:16.858+0000] {logging_mixin.py:151} INFO - [2025-10-16T18:02:16.858+0000] {dag.py:2941} INFO - Sync 1 DAGs
[2025-10-16T18:02:16.928+0000] {logging_mixin.py:151} INFO - [2025-10-16T18:02:16.927+0000] {dag.py:3722} INFO - Setting next_dagrun for example_branch_operator to 2025-10-15T00:00:00+00:00, run_after=2025-10-16T00:00:00+00:00
[2025-10-16T18:02:16.963+0000] {processor.py:179} INFO - Processing /home/airflow/.local/lib/python3.8/site-packages/airflow/example_dags/example_branch_operator.py took 0.278 seconds
[2025-10-16T18:02:52.981+0000] {processor.py:157} INFO - Started process (PID=1292) to work on /home/airflow/.local/lib/python3.8/site-packages/airflow/example_dags/example_branch_operator.py
[2025-10-16T18:02:52.984+0000] {processor.py:829} INFO - Processing file /home/airflow/.local/lib/python3.8/site-packages/airflow/example_dags/example_branch_operator.py for tasks to queue
[2025-10-16T18:02:52.990+0000] {logging_mixin.py:151} INFO - [2025-10-16T18:02:52.989+0000] {dagbag.py:536} INFO - Filling up the DagBag from /home/airflow/.local/lib/python3.8/site-packages/airflow/example_dags/example_branch_operator.py
[2025-10-16T18:02:53.012+0000] {processor.py:839} INFO - DAG(s) dict_keys(['example_branch_operator']) retrieved from /home/airflow/.local/lib/python3.8/site-packages/airflow/example_dags/example_branch_operator.py
[2025-10-16T18:02:53.086+0000] {logging_mixin.py:151} INFO - [2025-10-16T18:02:53.086+0000] {dag.py:2941} INFO - Sync 1 DAGs
[2025-10-16T18:02:53.490+0000] {logging_mixin.py:151} INFO - [2025-10-16T18:02:53.490+0000] {dag.py:3722} INFO - Setting next_dagrun for example_branch_operator to 2025-10-15T00:00:00+00:00, run_after=2025-10-16T00:00:00+00:00
[2025-10-16T18:02:53.539+0000] {processor.py:179} INFO - Processing /home/airflow/.local/lib/python3.8/site-packages/airflow/example_dags/example_branch_operator.py took 0.565 seconds
