[2025-10-16T17:24:23.616+0000] {processor.py:157} INFO - Started process (PID=96) to work on /home/airflow/.local/lib/python3.8/site-packages/airflow/example_dags/example_bash_operator.py
[2025-10-16T17:24:23.664+0000] {processor.py:829} INFO - Processing file /home/airflow/.local/lib/python3.8/site-packages/airflow/example_dags/example_bash_operator.py for tasks to queue
[2025-10-16T17:24:23.749+0000] {logging_mixin.py:151} INFO - [2025-10-16T17:24:23.746+0000] {dagbag.py:536} INFO - Filling up the DagBag from /home/airflow/.local/lib/python3.8/site-packages/airflow/example_dags/example_bash_operator.py
[2025-10-16T17:24:24.144+0000] {processor.py:839} INFO - DAG(s) dict_keys(['example_bash_operator']) retrieved from /home/airflow/.local/lib/python3.8/site-packages/airflow/example_dags/example_bash_operator.py
[2025-10-16T17:24:24.671+0000] {logging_mixin.py:151} INFO - [2025-10-16T17:24:24.670+0000] {dag.py:2941} INFO - Sync 1 DAGs
[2025-10-16T17:24:24.827+0000] {logging_mixin.py:151} INFO - [2025-10-16T17:24:24.826+0000] {dag.py:3722} INFO - Setting next_dagrun for example_bash_operator to 2025-10-15T00:00:00+00:00, run_after=2025-10-16T00:00:00+00:00
[2025-10-16T17:24:25.004+0000] {processor.py:179} INFO - Processing /home/airflow/.local/lib/python3.8/site-packages/airflow/example_dags/example_bash_operator.py took 1.572 seconds
[2025-10-16T17:24:56.172+0000] {processor.py:157} INFO - Started process (PID=155) to work on /home/airflow/.local/lib/python3.8/site-packages/airflow/example_dags/example_bash_operator.py
[2025-10-16T17:24:56.176+0000] {processor.py:829} INFO - Processing file /home/airflow/.local/lib/python3.8/site-packages/airflow/example_dags/example_bash_operator.py for tasks to queue
[2025-10-16T17:24:56.190+0000] {logging_mixin.py:151} INFO - [2025-10-16T17:24:56.189+0000] {dagbag.py:536} INFO - Filling up the DagBag from /home/airflow/.local/lib/python3.8/site-packages/airflow/example_dags/example_bash_operator.py
[2025-10-16T17:24:56.249+0000] {processor.py:839} INFO - DAG(s) dict_keys(['example_bash_operator']) retrieved from /home/airflow/.local/lib/python3.8/site-packages/airflow/example_dags/example_bash_operator.py
[2025-10-16T17:24:56.424+0000] {logging_mixin.py:151} INFO - [2025-10-16T17:24:56.424+0000] {dag.py:2941} INFO - Sync 1 DAGs
[2025-10-16T17:24:56.561+0000] {logging_mixin.py:151} INFO - [2025-10-16T17:24:56.560+0000] {dag.py:3722} INFO - Setting next_dagrun for example_bash_operator to 2025-10-15T00:00:00+00:00, run_after=2025-10-16T00:00:00+00:00
[2025-10-16T17:24:56.678+0000] {processor.py:179} INFO - Processing /home/airflow/.local/lib/python3.8/site-packages/airflow/example_dags/example_bash_operator.py took 0.525 seconds
[2025-10-16T17:25:32.098+0000] {processor.py:157} INFO - Started process (PID=214) to work on /home/airflow/.local/lib/python3.8/site-packages/airflow/example_dags/example_bash_operator.py
[2025-10-16T17:25:32.104+0000] {processor.py:829} INFO - Processing file /home/airflow/.local/lib/python3.8/site-packages/airflow/example_dags/example_bash_operator.py for tasks to queue
[2025-10-16T17:25:32.113+0000] {logging_mixin.py:151} INFO - [2025-10-16T17:25:32.112+0000] {dagbag.py:536} INFO - Filling up the DagBag from /home/airflow/.local/lib/python3.8/site-packages/airflow/example_dags/example_bash_operator.py
[2025-10-16T17:25:32.204+0000] {processor.py:839} INFO - DAG(s) dict_keys(['example_bash_operator']) retrieved from /home/airflow/.local/lib/python3.8/site-packages/airflow/example_dags/example_bash_operator.py
[2025-10-16T17:25:32.367+0000] {logging_mixin.py:151} INFO - [2025-10-16T17:25:32.366+0000] {dag.py:2941} INFO - Sync 1 DAGs
[2025-10-16T17:25:32.494+0000] {logging_mixin.py:151} INFO - [2025-10-16T17:25:32.493+0000] {dag.py:3722} INFO - Setting next_dagrun for example_bash_operator to 2025-10-15T00:00:00+00:00, run_after=2025-10-16T00:00:00+00:00
[2025-10-16T17:25:32.591+0000] {processor.py:179} INFO - Processing /home/airflow/.local/lib/python3.8/site-packages/airflow/example_dags/example_bash_operator.py took 0.507 seconds
[2025-10-16T17:26:03.616+0000] {processor.py:157} INFO - Started process (PID=273) to work on /home/airflow/.local/lib/python3.8/site-packages/airflow/example_dags/example_bash_operator.py
[2025-10-16T17:26:03.619+0000] {processor.py:829} INFO - Processing file /home/airflow/.local/lib/python3.8/site-packages/airflow/example_dags/example_bash_operator.py for tasks to queue
[2025-10-16T17:26:03.625+0000] {logging_mixin.py:151} INFO - [2025-10-16T17:26:03.624+0000] {dagbag.py:536} INFO - Filling up the DagBag from /home/airflow/.local/lib/python3.8/site-packages/airflow/example_dags/example_bash_operator.py
[2025-10-16T17:26:03.657+0000] {processor.py:839} INFO - DAG(s) dict_keys(['example_bash_operator']) retrieved from /home/airflow/.local/lib/python3.8/site-packages/airflow/example_dags/example_bash_operator.py
[2025-10-16T17:26:03.741+0000] {logging_mixin.py:151} INFO - [2025-10-16T17:26:03.740+0000] {dag.py:2941} INFO - Sync 1 DAGs
[2025-10-16T17:26:03.820+0000] {logging_mixin.py:151} INFO - [2025-10-16T17:26:03.819+0000] {dag.py:3722} INFO - Setting next_dagrun for example_bash_operator to 2025-10-15T00:00:00+00:00, run_after=2025-10-16T00:00:00+00:00
[2025-10-16T17:26:03.880+0000] {processor.py:179} INFO - Processing /home/airflow/.local/lib/python3.8/site-packages/airflow/example_dags/example_bash_operator.py took 0.273 seconds
[2025-10-16T17:26:34.211+0000] {processor.py:157} INFO - Started process (PID=332) to work on /home/airflow/.local/lib/python3.8/site-packages/airflow/example_dags/example_bash_operator.py
[2025-10-16T17:26:34.213+0000] {processor.py:829} INFO - Processing file /home/airflow/.local/lib/python3.8/site-packages/airflow/example_dags/example_bash_operator.py for tasks to queue
[2025-10-16T17:26:34.221+0000] {logging_mixin.py:151} INFO - [2025-10-16T17:26:34.220+0000] {dagbag.py:536} INFO - Filling up the DagBag from /home/airflow/.local/lib/python3.8/site-packages/airflow/example_dags/example_bash_operator.py
[2025-10-16T17:26:34.257+0000] {processor.py:839} INFO - DAG(s) dict_keys(['example_bash_operator']) retrieved from /home/airflow/.local/lib/python3.8/site-packages/airflow/example_dags/example_bash_operator.py
[2025-10-16T17:26:34.329+0000] {logging_mixin.py:151} INFO - [2025-10-16T17:26:34.329+0000] {dag.py:2941} INFO - Sync 1 DAGs
[2025-10-16T17:26:34.400+0000] {logging_mixin.py:151} INFO - [2025-10-16T17:26:34.400+0000] {dag.py:3722} INFO - Setting next_dagrun for example_bash_operator to 2025-10-15T00:00:00+00:00, run_after=2025-10-16T00:00:00+00:00
[2025-10-16T17:26:34.481+0000] {processor.py:179} INFO - Processing /home/airflow/.local/lib/python3.8/site-packages/airflow/example_dags/example_bash_operator.py took 0.283 seconds
[2025-10-16T17:27:04.876+0000] {processor.py:157} INFO - Started process (PID=391) to work on /home/airflow/.local/lib/python3.8/site-packages/airflow/example_dags/example_bash_operator.py
[2025-10-16T17:27:04.879+0000] {processor.py:829} INFO - Processing file /home/airflow/.local/lib/python3.8/site-packages/airflow/example_dags/example_bash_operator.py for tasks to queue
[2025-10-16T17:27:04.885+0000] {logging_mixin.py:151} INFO - [2025-10-16T17:27:04.884+0000] {dagbag.py:536} INFO - Filling up the DagBag from /home/airflow/.local/lib/python3.8/site-packages/airflow/example_dags/example_bash_operator.py
[2025-10-16T17:27:04.915+0000] {processor.py:839} INFO - DAG(s) dict_keys(['example_bash_operator']) retrieved from /home/airflow/.local/lib/python3.8/site-packages/airflow/example_dags/example_bash_operator.py
[2025-10-16T17:27:04.994+0000] {logging_mixin.py:151} INFO - [2025-10-16T17:27:04.994+0000] {dag.py:2941} INFO - Sync 1 DAGs
[2025-10-16T17:27:05.053+0000] {logging_mixin.py:151} INFO - [2025-10-16T17:27:05.052+0000] {dag.py:3722} INFO - Setting next_dagrun for example_bash_operator to 2025-10-15T00:00:00+00:00, run_after=2025-10-16T00:00:00+00:00
[2025-10-16T17:27:05.112+0000] {processor.py:179} INFO - Processing /home/airflow/.local/lib/python3.8/site-packages/airflow/example_dags/example_bash_operator.py took 0.247 seconds
[2025-10-16T17:27:36.900+0000] {processor.py:157} INFO - Started process (PID=450) to work on /home/airflow/.local/lib/python3.8/site-packages/airflow/example_dags/example_bash_operator.py
[2025-10-16T17:27:36.906+0000] {processor.py:829} INFO - Processing file /home/airflow/.local/lib/python3.8/site-packages/airflow/example_dags/example_bash_operator.py for tasks to queue
[2025-10-16T17:27:36.917+0000] {logging_mixin.py:151} INFO - [2025-10-16T17:27:36.916+0000] {dagbag.py:536} INFO - Filling up the DagBag from /home/airflow/.local/lib/python3.8/site-packages/airflow/example_dags/example_bash_operator.py
[2025-10-16T17:27:36.949+0000] {processor.py:839} INFO - DAG(s) dict_keys(['example_bash_operator']) retrieved from /home/airflow/.local/lib/python3.8/site-packages/airflow/example_dags/example_bash_operator.py
[2025-10-16T17:27:37.028+0000] {logging_mixin.py:151} INFO - [2025-10-16T17:27:37.027+0000] {dag.py:2941} INFO - Sync 1 DAGs
[2025-10-16T17:27:37.094+0000] {logging_mixin.py:151} INFO - [2025-10-16T17:27:37.094+0000] {dag.py:3722} INFO - Setting next_dagrun for example_bash_operator to 2025-10-15T00:00:00+00:00, run_after=2025-10-16T00:00:00+00:00
[2025-10-16T17:27:37.151+0000] {processor.py:179} INFO - Processing /home/airflow/.local/lib/python3.8/site-packages/airflow/example_dags/example_bash_operator.py took 0.265 seconds
[2025-10-16T17:28:08.095+0000] {processor.py:157} INFO - Started process (PID=509) to work on /home/airflow/.local/lib/python3.8/site-packages/airflow/example_dags/example_bash_operator.py
[2025-10-16T17:28:08.097+0000] {processor.py:829} INFO - Processing file /home/airflow/.local/lib/python3.8/site-packages/airflow/example_dags/example_bash_operator.py for tasks to queue
[2025-10-16T17:28:08.102+0000] {logging_mixin.py:151} INFO - [2025-10-16T17:28:08.102+0000] {dagbag.py:536} INFO - Filling up the DagBag from /home/airflow/.local/lib/python3.8/site-packages/airflow/example_dags/example_bash_operator.py
[2025-10-16T17:28:08.130+0000] {processor.py:839} INFO - DAG(s) dict_keys(['example_bash_operator']) retrieved from /home/airflow/.local/lib/python3.8/site-packages/airflow/example_dags/example_bash_operator.py
[2025-10-16T17:28:08.160+0000] {logging_mixin.py:151} INFO - [2025-10-16T17:28:08.160+0000] {dag.py:2941} INFO - Sync 1 DAGs
[2025-10-16T17:28:08.230+0000] {logging_mixin.py:151} INFO - [2025-10-16T17:28:08.230+0000] {dag.py:3722} INFO - Setting next_dagrun for example_bash_operator to 2025-10-15T00:00:00+00:00, run_after=2025-10-16T00:00:00+00:00
[2025-10-16T17:28:08.275+0000] {processor.py:179} INFO - Processing /home/airflow/.local/lib/python3.8/site-packages/airflow/example_dags/example_bash_operator.py took 0.190 seconds
[2025-10-16T17:28:41.544+0000] {processor.py:157} INFO - Started process (PID=575) to work on /home/airflow/.local/lib/python3.8/site-packages/airflow/example_dags/example_bash_operator.py
[2025-10-16T17:28:41.548+0000] {processor.py:829} INFO - Processing file /home/airflow/.local/lib/python3.8/site-packages/airflow/example_dags/example_bash_operator.py for tasks to queue
[2025-10-16T17:28:41.562+0000] {logging_mixin.py:151} INFO - [2025-10-16T17:28:41.561+0000] {dagbag.py:536} INFO - Filling up the DagBag from /home/airflow/.local/lib/python3.8/site-packages/airflow/example_dags/example_bash_operator.py
[2025-10-16T17:28:41.609+0000] {processor.py:839} INFO - DAG(s) dict_keys(['example_bash_operator']) retrieved from /home/airflow/.local/lib/python3.8/site-packages/airflow/example_dags/example_bash_operator.py
[2025-10-16T17:28:41.691+0000] {logging_mixin.py:151} INFO - [2025-10-16T17:28:41.690+0000] {dag.py:2941} INFO - Sync 1 DAGs
[2025-10-16T17:28:41.789+0000] {logging_mixin.py:151} INFO - [2025-10-16T17:28:41.789+0000] {dag.py:3722} INFO - Setting next_dagrun for example_bash_operator to 2025-10-15T00:00:00+00:00, run_after=2025-10-16T00:00:00+00:00
[2025-10-16T17:28:41.882+0000] {processor.py:179} INFO - Processing /home/airflow/.local/lib/python3.8/site-packages/airflow/example_dags/example_bash_operator.py took 0.365 seconds
[2025-10-16T17:29:13.875+0000] {processor.py:157} INFO - Started process (PID=632) to work on /home/airflow/.local/lib/python3.8/site-packages/airflow/example_dags/example_bash_operator.py
[2025-10-16T17:29:13.879+0000] {processor.py:829} INFO - Processing file /home/airflow/.local/lib/python3.8/site-packages/airflow/example_dags/example_bash_operator.py for tasks to queue
[2025-10-16T17:29:13.887+0000] {logging_mixin.py:151} INFO - [2025-10-16T17:29:13.886+0000] {dagbag.py:536} INFO - Filling up the DagBag from /home/airflow/.local/lib/python3.8/site-packages/airflow/example_dags/example_bash_operator.py
[2025-10-16T17:29:13.962+0000] {processor.py:839} INFO - DAG(s) dict_keys(['example_bash_operator']) retrieved from /home/airflow/.local/lib/python3.8/site-packages/airflow/example_dags/example_bash_operator.py
[2025-10-16T17:29:14.073+0000] {logging_mixin.py:151} INFO - [2025-10-16T17:29:14.072+0000] {dag.py:2941} INFO - Sync 1 DAGs
[2025-10-16T17:29:14.166+0000] {logging_mixin.py:151} INFO - [2025-10-16T17:29:14.166+0000] {dag.py:3722} INFO - Setting next_dagrun for example_bash_operator to 2025-10-15T00:00:00+00:00, run_after=2025-10-16T00:00:00+00:00
[2025-10-16T17:29:14.269+0000] {processor.py:179} INFO - Processing /home/airflow/.local/lib/python3.8/site-packages/airflow/example_dags/example_bash_operator.py took 0.402 seconds
[2025-10-16T17:29:44.635+0000] {processor.py:157} INFO - Started process (PID=689) to work on /home/airflow/.local/lib/python3.8/site-packages/airflow/example_dags/example_bash_operator.py
[2025-10-16T17:29:44.637+0000] {processor.py:829} INFO - Processing file /home/airflow/.local/lib/python3.8/site-packages/airflow/example_dags/example_bash_operator.py for tasks to queue
[2025-10-16T17:29:44.643+0000] {logging_mixin.py:151} INFO - [2025-10-16T17:29:44.642+0000] {dagbag.py:536} INFO - Filling up the DagBag from /home/airflow/.local/lib/python3.8/site-packages/airflow/example_dags/example_bash_operator.py
[2025-10-16T17:29:44.690+0000] {processor.py:839} INFO - DAG(s) dict_keys(['example_bash_operator']) retrieved from /home/airflow/.local/lib/python3.8/site-packages/airflow/example_dags/example_bash_operator.py
[2025-10-16T17:29:44.785+0000] {logging_mixin.py:151} INFO - [2025-10-16T17:29:44.784+0000] {dag.py:2941} INFO - Sync 1 DAGs
[2025-10-16T17:29:44.864+0000] {logging_mixin.py:151} INFO - [2025-10-16T17:29:44.864+0000] {dag.py:3722} INFO - Setting next_dagrun for example_bash_operator to 2025-10-15T00:00:00+00:00, run_after=2025-10-16T00:00:00+00:00
[2025-10-16T17:29:44.933+0000] {processor.py:179} INFO - Processing /home/airflow/.local/lib/python3.8/site-packages/airflow/example_dags/example_bash_operator.py took 0.307 seconds
[2025-10-16T17:30:15.309+0000] {processor.py:157} INFO - Started process (PID=748) to work on /home/airflow/.local/lib/python3.8/site-packages/airflow/example_dags/example_bash_operator.py
[2025-10-16T17:30:15.313+0000] {processor.py:829} INFO - Processing file /home/airflow/.local/lib/python3.8/site-packages/airflow/example_dags/example_bash_operator.py for tasks to queue
[2025-10-16T17:30:15.334+0000] {logging_mixin.py:151} INFO - [2025-10-16T17:30:15.329+0000] {dagbag.py:536} INFO - Filling up the DagBag from /home/airflow/.local/lib/python3.8/site-packages/airflow/example_dags/example_bash_operator.py
[2025-10-16T17:30:15.417+0000] {processor.py:839} INFO - DAG(s) dict_keys(['example_bash_operator']) retrieved from /home/airflow/.local/lib/python3.8/site-packages/airflow/example_dags/example_bash_operator.py
[2025-10-16T17:30:15.562+0000] {logging_mixin.py:151} INFO - [2025-10-16T17:30:15.562+0000] {dag.py:2941} INFO - Sync 1 DAGs
[2025-10-16T17:30:15.632+0000] {logging_mixin.py:151} INFO - [2025-10-16T17:30:15.632+0000] {dag.py:3722} INFO - Setting next_dagrun for example_bash_operator to 2025-10-15T00:00:00+00:00, run_after=2025-10-16T00:00:00+00:00
[2025-10-16T17:30:15.678+0000] {processor.py:179} INFO - Processing /home/airflow/.local/lib/python3.8/site-packages/airflow/example_dags/example_bash_operator.py took 0.380 seconds
[2025-10-16T17:30:46.170+0000] {processor.py:157} INFO - Started process (PID=807) to work on /home/airflow/.local/lib/python3.8/site-packages/airflow/example_dags/example_bash_operator.py
[2025-10-16T17:30:46.178+0000] {processor.py:829} INFO - Processing file /home/airflow/.local/lib/python3.8/site-packages/airflow/example_dags/example_bash_operator.py for tasks to queue
[2025-10-16T17:30:46.206+0000] {logging_mixin.py:151} INFO - [2025-10-16T17:30:46.202+0000] {dagbag.py:536} INFO - Filling up the DagBag from /home/airflow/.local/lib/python3.8/site-packages/airflow/example_dags/example_bash_operator.py
[2025-10-16T17:30:46.282+0000] {processor.py:839} INFO - DAG(s) dict_keys(['example_bash_operator']) retrieved from /home/airflow/.local/lib/python3.8/site-packages/airflow/example_dags/example_bash_operator.py
[2025-10-16T17:30:46.476+0000] {logging_mixin.py:151} INFO - [2025-10-16T17:30:46.475+0000] {dag.py:2941} INFO - Sync 1 DAGs
[2025-10-16T17:30:46.675+0000] {logging_mixin.py:151} INFO - [2025-10-16T17:30:46.674+0000] {dag.py:3722} INFO - Setting next_dagrun for example_bash_operator to 2025-10-15T00:00:00+00:00, run_after=2025-10-16T00:00:00+00:00
[2025-10-16T17:30:46.749+0000] {processor.py:179} INFO - Processing /home/airflow/.local/lib/python3.8/site-packages/airflow/example_dags/example_bash_operator.py took 0.590 seconds
[2025-10-16T17:31:17.666+0000] {processor.py:157} INFO - Started process (PID=867) to work on /home/airflow/.local/lib/python3.8/site-packages/airflow/example_dags/example_bash_operator.py
[2025-10-16T17:31:17.673+0000] {processor.py:829} INFO - Processing file /home/airflow/.local/lib/python3.8/site-packages/airflow/example_dags/example_bash_operator.py for tasks to queue
[2025-10-16T17:31:17.689+0000] {logging_mixin.py:151} INFO - [2025-10-16T17:31:17.687+0000] {dagbag.py:536} INFO - Filling up the DagBag from /home/airflow/.local/lib/python3.8/site-packages/airflow/example_dags/example_bash_operator.py
[2025-10-16T17:31:17.756+0000] {processor.py:839} INFO - DAG(s) dict_keys(['example_bash_operator']) retrieved from /home/airflow/.local/lib/python3.8/site-packages/airflow/example_dags/example_bash_operator.py
[2025-10-16T17:31:17.938+0000] {logging_mixin.py:151} INFO - [2025-10-16T17:31:17.937+0000] {dag.py:2941} INFO - Sync 1 DAGs
[2025-10-16T17:31:18.089+0000] {logging_mixin.py:151} INFO - [2025-10-16T17:31:18.088+0000] {dag.py:3722} INFO - Setting next_dagrun for example_bash_operator to 2025-10-15T00:00:00+00:00, run_after=2025-10-16T00:00:00+00:00
[2025-10-16T17:31:18.213+0000] {processor.py:179} INFO - Processing /home/airflow/.local/lib/python3.8/site-packages/airflow/example_dags/example_bash_operator.py took 0.579 seconds
[2025-10-16T17:31:48.770+0000] {processor.py:157} INFO - Started process (PID=926) to work on /home/airflow/.local/lib/python3.8/site-packages/airflow/example_dags/example_bash_operator.py
[2025-10-16T17:31:48.773+0000] {processor.py:829} INFO - Processing file /home/airflow/.local/lib/python3.8/site-packages/airflow/example_dags/example_bash_operator.py for tasks to queue
[2025-10-16T17:31:48.781+0000] {logging_mixin.py:151} INFO - [2025-10-16T17:31:48.781+0000] {dagbag.py:536} INFO - Filling up the DagBag from /home/airflow/.local/lib/python3.8/site-packages/airflow/example_dags/example_bash_operator.py
[2025-10-16T17:31:48.828+0000] {processor.py:839} INFO - DAG(s) dict_keys(['example_bash_operator']) retrieved from /home/airflow/.local/lib/python3.8/site-packages/airflow/example_dags/example_bash_operator.py
[2025-10-16T17:31:48.925+0000] {logging_mixin.py:151} INFO - [2025-10-16T17:31:48.924+0000] {dag.py:2941} INFO - Sync 1 DAGs
[2025-10-16T17:31:48.999+0000] {logging_mixin.py:151} INFO - [2025-10-16T17:31:48.999+0000] {dag.py:3722} INFO - Setting next_dagrun for example_bash_operator to 2025-10-15T00:00:00+00:00, run_after=2025-10-16T00:00:00+00:00
[2025-10-16T17:31:49.053+0000] {processor.py:179} INFO - Processing /home/airflow/.local/lib/python3.8/site-packages/airflow/example_dags/example_bash_operator.py took 0.296 seconds
[2025-10-16T17:32:20.042+0000] {processor.py:157} INFO - Started process (PID=985) to work on /home/airflow/.local/lib/python3.8/site-packages/airflow/example_dags/example_bash_operator.py
[2025-10-16T17:32:20.051+0000] {processor.py:829} INFO - Processing file /home/airflow/.local/lib/python3.8/site-packages/airflow/example_dags/example_bash_operator.py for tasks to queue
[2025-10-16T17:32:20.068+0000] {logging_mixin.py:151} INFO - [2025-10-16T17:32:20.067+0000] {dagbag.py:536} INFO - Filling up the DagBag from /home/airflow/.local/lib/python3.8/site-packages/airflow/example_dags/example_bash_operator.py
[2025-10-16T17:32:20.151+0000] {processor.py:839} INFO - DAG(s) dict_keys(['example_bash_operator']) retrieved from /home/airflow/.local/lib/python3.8/site-packages/airflow/example_dags/example_bash_operator.py
[2025-10-16T17:32:20.313+0000] {logging_mixin.py:151} INFO - [2025-10-16T17:32:20.313+0000] {dag.py:2941} INFO - Sync 1 DAGs
[2025-10-16T17:32:20.390+0000] {logging_mixin.py:151} INFO - [2025-10-16T17:32:20.390+0000] {dag.py:3722} INFO - Setting next_dagrun for example_bash_operator to 2025-10-15T00:00:00+00:00, run_after=2025-10-16T00:00:00+00:00
[2025-10-16T17:32:20.453+0000] {processor.py:179} INFO - Processing /home/airflow/.local/lib/python3.8/site-packages/airflow/example_dags/example_bash_operator.py took 0.469 seconds
[2025-10-16T17:32:50.585+0000] {processor.py:157} INFO - Started process (PID=1044) to work on /home/airflow/.local/lib/python3.8/site-packages/airflow/example_dags/example_bash_operator.py
[2025-10-16T17:32:50.590+0000] {processor.py:829} INFO - Processing file /home/airflow/.local/lib/python3.8/site-packages/airflow/example_dags/example_bash_operator.py for tasks to queue
[2025-10-16T17:32:50.597+0000] {logging_mixin.py:151} INFO - [2025-10-16T17:32:50.596+0000] {dagbag.py:536} INFO - Filling up the DagBag from /home/airflow/.local/lib/python3.8/site-packages/airflow/example_dags/example_bash_operator.py
[2025-10-16T17:32:50.626+0000] {processor.py:839} INFO - DAG(s) dict_keys(['example_bash_operator']) retrieved from /home/airflow/.local/lib/python3.8/site-packages/airflow/example_dags/example_bash_operator.py
[2025-10-16T17:32:50.700+0000] {logging_mixin.py:151} INFO - [2025-10-16T17:32:50.699+0000] {dag.py:2941} INFO - Sync 1 DAGs
[2025-10-16T17:32:50.757+0000] {logging_mixin.py:151} INFO - [2025-10-16T17:32:50.756+0000] {dag.py:3722} INFO - Setting next_dagrun for example_bash_operator to 2025-10-15T00:00:00+00:00, run_after=2025-10-16T00:00:00+00:00
[2025-10-16T17:32:50.804+0000] {processor.py:179} INFO - Processing /home/airflow/.local/lib/python3.8/site-packages/airflow/example_dags/example_bash_operator.py took 0.231 seconds
[2025-10-16T17:33:21.155+0000] {processor.py:157} INFO - Started process (PID=1103) to work on /home/airflow/.local/lib/python3.8/site-packages/airflow/example_dags/example_bash_operator.py
[2025-10-16T17:33:21.158+0000] {processor.py:829} INFO - Processing file /home/airflow/.local/lib/python3.8/site-packages/airflow/example_dags/example_bash_operator.py for tasks to queue
[2025-10-16T17:33:21.166+0000] {logging_mixin.py:151} INFO - [2025-10-16T17:33:21.165+0000] {dagbag.py:536} INFO - Filling up the DagBag from /home/airflow/.local/lib/python3.8/site-packages/airflow/example_dags/example_bash_operator.py
[2025-10-16T17:33:21.209+0000] {processor.py:839} INFO - DAG(s) dict_keys(['example_bash_operator']) retrieved from /home/airflow/.local/lib/python3.8/site-packages/airflow/example_dags/example_bash_operator.py
[2025-10-16T17:33:21.292+0000] {logging_mixin.py:151} INFO - [2025-10-16T17:33:21.291+0000] {dag.py:2941} INFO - Sync 1 DAGs
[2025-10-16T17:33:21.365+0000] {logging_mixin.py:151} INFO - [2025-10-16T17:33:21.364+0000] {dag.py:3722} INFO - Setting next_dagrun for example_bash_operator to 2025-10-15T00:00:00+00:00, run_after=2025-10-16T00:00:00+00:00
[2025-10-16T17:33:21.411+0000] {processor.py:179} INFO - Processing /home/airflow/.local/lib/python3.8/site-packages/airflow/example_dags/example_bash_operator.py took 0.271 seconds
[2025-10-16T17:33:51.628+0000] {processor.py:157} INFO - Started process (PID=1162) to work on /home/airflow/.local/lib/python3.8/site-packages/airflow/example_dags/example_bash_operator.py
[2025-10-16T17:33:51.632+0000] {processor.py:829} INFO - Processing file /home/airflow/.local/lib/python3.8/site-packages/airflow/example_dags/example_bash_operator.py for tasks to queue
[2025-10-16T17:33:51.642+0000] {logging_mixin.py:151} INFO - [2025-10-16T17:33:51.641+0000] {dagbag.py:536} INFO - Filling up the DagBag from /home/airflow/.local/lib/python3.8/site-packages/airflow/example_dags/example_bash_operator.py
[2025-10-16T17:33:51.702+0000] {processor.py:839} INFO - DAG(s) dict_keys(['example_bash_operator']) retrieved from /home/airflow/.local/lib/python3.8/site-packages/airflow/example_dags/example_bash_operator.py
[2025-10-16T17:33:51.823+0000] {logging_mixin.py:151} INFO - [2025-10-16T17:33:51.823+0000] {dag.py:2941} INFO - Sync 1 DAGs
[2025-10-16T17:33:51.874+0000] {logging_mixin.py:151} INFO - [2025-10-16T17:33:51.874+0000] {dag.py:3722} INFO - Setting next_dagrun for example_bash_operator to 2025-10-15T00:00:00+00:00, run_after=2025-10-16T00:00:00+00:00
[2025-10-16T17:33:51.919+0000] {processor.py:179} INFO - Processing /home/airflow/.local/lib/python3.8/site-packages/airflow/example_dags/example_bash_operator.py took 0.310 seconds
[2025-10-16T17:34:22.067+0000] {processor.py:157} INFO - Started process (PID=1223) to work on /home/airflow/.local/lib/python3.8/site-packages/airflow/example_dags/example_bash_operator.py
[2025-10-16T17:34:22.071+0000] {processor.py:829} INFO - Processing file /home/airflow/.local/lib/python3.8/site-packages/airflow/example_dags/example_bash_operator.py for tasks to queue
[2025-10-16T17:34:22.079+0000] {logging_mixin.py:151} INFO - [2025-10-16T17:34:22.078+0000] {dagbag.py:536} INFO - Filling up the DagBag from /home/airflow/.local/lib/python3.8/site-packages/airflow/example_dags/example_bash_operator.py
[2025-10-16T17:34:22.114+0000] {processor.py:839} INFO - DAG(s) dict_keys(['example_bash_operator']) retrieved from /home/airflow/.local/lib/python3.8/site-packages/airflow/example_dags/example_bash_operator.py
[2025-10-16T17:34:22.220+0000] {logging_mixin.py:151} INFO - [2025-10-16T17:34:22.219+0000] {dag.py:2941} INFO - Sync 1 DAGs
[2025-10-16T17:34:22.280+0000] {logging_mixin.py:151} INFO - [2025-10-16T17:34:22.279+0000] {dag.py:3722} INFO - Setting next_dagrun for example_bash_operator to 2025-10-15T00:00:00+00:00, run_after=2025-10-16T00:00:00+00:00
[2025-10-16T17:34:22.358+0000] {processor.py:179} INFO - Processing /home/airflow/.local/lib/python3.8/site-packages/airflow/example_dags/example_bash_operator.py took 0.303 seconds
[2025-10-16T17:34:52.996+0000] {processor.py:157} INFO - Started process (PID=1282) to work on /home/airflow/.local/lib/python3.8/site-packages/airflow/example_dags/example_bash_operator.py
[2025-10-16T17:34:52.999+0000] {processor.py:829} INFO - Processing file /home/airflow/.local/lib/python3.8/site-packages/airflow/example_dags/example_bash_operator.py for tasks to queue
[2025-10-16T17:34:53.008+0000] {logging_mixin.py:151} INFO - [2025-10-16T17:34:53.007+0000] {dagbag.py:536} INFO - Filling up the DagBag from /home/airflow/.local/lib/python3.8/site-packages/airflow/example_dags/example_bash_operator.py
[2025-10-16T17:34:53.045+0000] {processor.py:839} INFO - DAG(s) dict_keys(['example_bash_operator']) retrieved from /home/airflow/.local/lib/python3.8/site-packages/airflow/example_dags/example_bash_operator.py
[2025-10-16T17:34:53.146+0000] {logging_mixin.py:151} INFO - [2025-10-16T17:34:53.146+0000] {dag.py:2941} INFO - Sync 1 DAGs
[2025-10-16T17:34:53.230+0000] {logging_mixin.py:151} INFO - [2025-10-16T17:34:53.230+0000] {dag.py:3722} INFO - Setting next_dagrun for example_bash_operator to 2025-10-15T00:00:00+00:00, run_after=2025-10-16T00:00:00+00:00
[2025-10-16T17:34:53.304+0000] {processor.py:179} INFO - Processing /home/airflow/.local/lib/python3.8/site-packages/airflow/example_dags/example_bash_operator.py took 0.318 seconds
[2025-10-16T17:35:23.896+0000] {processor.py:157} INFO - Started process (PID=1341) to work on /home/airflow/.local/lib/python3.8/site-packages/airflow/example_dags/example_bash_operator.py
[2025-10-16T17:35:23.900+0000] {processor.py:829} INFO - Processing file /home/airflow/.local/lib/python3.8/site-packages/airflow/example_dags/example_bash_operator.py for tasks to queue
[2025-10-16T17:35:23.909+0000] {logging_mixin.py:151} INFO - [2025-10-16T17:35:23.908+0000] {dagbag.py:536} INFO - Filling up the DagBag from /home/airflow/.local/lib/python3.8/site-packages/airflow/example_dags/example_bash_operator.py
[2025-10-16T17:35:23.959+0000] {processor.py:839} INFO - DAG(s) dict_keys(['example_bash_operator']) retrieved from /home/airflow/.local/lib/python3.8/site-packages/airflow/example_dags/example_bash_operator.py
[2025-10-16T17:35:24.037+0000] {logging_mixin.py:151} INFO - [2025-10-16T17:35:24.036+0000] {dag.py:2941} INFO - Sync 1 DAGs
[2025-10-16T17:35:24.114+0000] {logging_mixin.py:151} INFO - [2025-10-16T17:35:24.114+0000] {dag.py:3722} INFO - Setting next_dagrun for example_bash_operator to 2025-10-15T00:00:00+00:00, run_after=2025-10-16T00:00:00+00:00
[2025-10-16T17:35:24.165+0000] {processor.py:179} INFO - Processing /home/airflow/.local/lib/python3.8/site-packages/airflow/example_dags/example_bash_operator.py took 0.282 seconds
[2025-10-16T17:35:54.481+0000] {processor.py:157} INFO - Started process (PID=1400) to work on /home/airflow/.local/lib/python3.8/site-packages/airflow/example_dags/example_bash_operator.py
[2025-10-16T17:35:54.484+0000] {processor.py:829} INFO - Processing file /home/airflow/.local/lib/python3.8/site-packages/airflow/example_dags/example_bash_operator.py for tasks to queue
[2025-10-16T17:35:54.490+0000] {logging_mixin.py:151} INFO - [2025-10-16T17:35:54.489+0000] {dagbag.py:536} INFO - Filling up the DagBag from /home/airflow/.local/lib/python3.8/site-packages/airflow/example_dags/example_bash_operator.py
[2025-10-16T17:35:54.522+0000] {processor.py:839} INFO - DAG(s) dict_keys(['example_bash_operator']) retrieved from /home/airflow/.local/lib/python3.8/site-packages/airflow/example_dags/example_bash_operator.py
[2025-10-16T17:35:54.591+0000] {logging_mixin.py:151} INFO - [2025-10-16T17:35:54.591+0000] {dag.py:2941} INFO - Sync 1 DAGs
[2025-10-16T17:35:54.644+0000] {logging_mixin.py:151} INFO - [2025-10-16T17:35:54.643+0000] {dag.py:3722} INFO - Setting next_dagrun for example_bash_operator to 2025-10-15T00:00:00+00:00, run_after=2025-10-16T00:00:00+00:00
[2025-10-16T17:35:54.689+0000] {processor.py:179} INFO - Processing /home/airflow/.local/lib/python3.8/site-packages/airflow/example_dags/example_bash_operator.py took 0.222 seconds
[2025-10-16T17:36:24.791+0000] {processor.py:157} INFO - Started process (PID=1459) to work on /home/airflow/.local/lib/python3.8/site-packages/airflow/example_dags/example_bash_operator.py
[2025-10-16T17:36:24.794+0000] {processor.py:829} INFO - Processing file /home/airflow/.local/lib/python3.8/site-packages/airflow/example_dags/example_bash_operator.py for tasks to queue
[2025-10-16T17:36:24.804+0000] {logging_mixin.py:151} INFO - [2025-10-16T17:36:24.802+0000] {dagbag.py:536} INFO - Filling up the DagBag from /home/airflow/.local/lib/python3.8/site-packages/airflow/example_dags/example_bash_operator.py
[2025-10-16T17:36:24.848+0000] {processor.py:839} INFO - DAG(s) dict_keys(['example_bash_operator']) retrieved from /home/airflow/.local/lib/python3.8/site-packages/airflow/example_dags/example_bash_operator.py
[2025-10-16T17:36:24.922+0000] {logging_mixin.py:151} INFO - [2025-10-16T17:36:24.922+0000] {dag.py:2941} INFO - Sync 1 DAGs
[2025-10-16T17:36:24.975+0000] {logging_mixin.py:151} INFO - [2025-10-16T17:36:24.974+0000] {dag.py:3722} INFO - Setting next_dagrun for example_bash_operator to 2025-10-15T00:00:00+00:00, run_after=2025-10-16T00:00:00+00:00
[2025-10-16T17:36:25.029+0000] {processor.py:179} INFO - Processing /home/airflow/.local/lib/python3.8/site-packages/airflow/example_dags/example_bash_operator.py took 0.251 seconds
[2025-10-16T17:36:55.812+0000] {processor.py:157} INFO - Started process (PID=1518) to work on /home/airflow/.local/lib/python3.8/site-packages/airflow/example_dags/example_bash_operator.py
[2025-10-16T17:36:55.815+0000] {processor.py:829} INFO - Processing file /home/airflow/.local/lib/python3.8/site-packages/airflow/example_dags/example_bash_operator.py for tasks to queue
[2025-10-16T17:36:55.823+0000] {logging_mixin.py:151} INFO - [2025-10-16T17:36:55.822+0000] {dagbag.py:536} INFO - Filling up the DagBag from /home/airflow/.local/lib/python3.8/site-packages/airflow/example_dags/example_bash_operator.py
[2025-10-16T17:36:55.858+0000] {processor.py:839} INFO - DAG(s) dict_keys(['example_bash_operator']) retrieved from /home/airflow/.local/lib/python3.8/site-packages/airflow/example_dags/example_bash_operator.py
[2025-10-16T17:36:55.940+0000] {logging_mixin.py:151} INFO - [2025-10-16T17:36:55.940+0000] {dag.py:2941} INFO - Sync 1 DAGs
[2025-10-16T17:36:56.026+0000] {logging_mixin.py:151} INFO - [2025-10-16T17:36:56.025+0000] {dag.py:3722} INFO - Setting next_dagrun for example_bash_operator to 2025-10-15T00:00:00+00:00, run_after=2025-10-16T00:00:00+00:00
[2025-10-16T17:36:56.076+0000] {processor.py:179} INFO - Processing /home/airflow/.local/lib/python3.8/site-packages/airflow/example_dags/example_bash_operator.py took 0.273 seconds
[2025-10-16T17:37:26.552+0000] {processor.py:157} INFO - Started process (PID=1578) to work on /home/airflow/.local/lib/python3.8/site-packages/airflow/example_dags/example_bash_operator.py
[2025-10-16T17:37:26.556+0000] {processor.py:829} INFO - Processing file /home/airflow/.local/lib/python3.8/site-packages/airflow/example_dags/example_bash_operator.py for tasks to queue
[2025-10-16T17:37:26.563+0000] {logging_mixin.py:151} INFO - [2025-10-16T17:37:26.562+0000] {dagbag.py:536} INFO - Filling up the DagBag from /home/airflow/.local/lib/python3.8/site-packages/airflow/example_dags/example_bash_operator.py
[2025-10-16T17:37:26.595+0000] {processor.py:839} INFO - DAG(s) dict_keys(['example_bash_operator']) retrieved from /home/airflow/.local/lib/python3.8/site-packages/airflow/example_dags/example_bash_operator.py
[2025-10-16T17:37:26.695+0000] {logging_mixin.py:151} INFO - [2025-10-16T17:37:26.695+0000] {dag.py:2941} INFO - Sync 1 DAGs
[2025-10-16T17:37:26.765+0000] {logging_mixin.py:151} INFO - [2025-10-16T17:37:26.765+0000] {dag.py:3722} INFO - Setting next_dagrun for example_bash_operator to 2025-10-15T00:00:00+00:00, run_after=2025-10-16T00:00:00+00:00
[2025-10-16T17:37:26.810+0000] {processor.py:179} INFO - Processing /home/airflow/.local/lib/python3.8/site-packages/airflow/example_dags/example_bash_operator.py took 0.267 seconds
[2025-10-16T17:37:57.379+0000] {processor.py:157} INFO - Started process (PID=1637) to work on /home/airflow/.local/lib/python3.8/site-packages/airflow/example_dags/example_bash_operator.py
[2025-10-16T17:37:57.386+0000] {processor.py:829} INFO - Processing file /home/airflow/.local/lib/python3.8/site-packages/airflow/example_dags/example_bash_operator.py for tasks to queue
[2025-10-16T17:37:57.402+0000] {logging_mixin.py:151} INFO - [2025-10-16T17:37:57.399+0000] {dagbag.py:536} INFO - Filling up the DagBag from /home/airflow/.local/lib/python3.8/site-packages/airflow/example_dags/example_bash_operator.py
[2025-10-16T17:37:57.492+0000] {processor.py:839} INFO - DAG(s) dict_keys(['example_bash_operator']) retrieved from /home/airflow/.local/lib/python3.8/site-packages/airflow/example_dags/example_bash_operator.py
[2025-10-16T17:37:57.681+0000] {logging_mixin.py:151} INFO - [2025-10-16T17:37:57.680+0000] {dag.py:2941} INFO - Sync 1 DAGs
[2025-10-16T17:37:57.806+0000] {logging_mixin.py:151} INFO - [2025-10-16T17:37:57.806+0000] {dag.py:3722} INFO - Setting next_dagrun for example_bash_operator to 2025-10-15T00:00:00+00:00, run_after=2025-10-16T00:00:00+00:00
[2025-10-16T17:37:57.876+0000] {processor.py:179} INFO - Processing /home/airflow/.local/lib/python3.8/site-packages/airflow/example_dags/example_bash_operator.py took 0.520 seconds
[2025-10-16T17:38:27.993+0000] {processor.py:157} INFO - Started process (PID=1696) to work on /home/airflow/.local/lib/python3.8/site-packages/airflow/example_dags/example_bash_operator.py
[2025-10-16T17:38:27.996+0000] {processor.py:829} INFO - Processing file /home/airflow/.local/lib/python3.8/site-packages/airflow/example_dags/example_bash_operator.py for tasks to queue
[2025-10-16T17:38:28.003+0000] {logging_mixin.py:151} INFO - [2025-10-16T17:38:28.003+0000] {dagbag.py:536} INFO - Filling up the DagBag from /home/airflow/.local/lib/python3.8/site-packages/airflow/example_dags/example_bash_operator.py
[2025-10-16T17:38:28.035+0000] {processor.py:839} INFO - DAG(s) dict_keys(['example_bash_operator']) retrieved from /home/airflow/.local/lib/python3.8/site-packages/airflow/example_dags/example_bash_operator.py
[2025-10-16T17:38:28.106+0000] {logging_mixin.py:151} INFO - [2025-10-16T17:38:28.106+0000] {dag.py:2941} INFO - Sync 1 DAGs
[2025-10-16T17:38:28.168+0000] {logging_mixin.py:151} INFO - [2025-10-16T17:38:28.168+0000] {dag.py:3722} INFO - Setting next_dagrun for example_bash_operator to 2025-10-15T00:00:00+00:00, run_after=2025-10-16T00:00:00+00:00
[2025-10-16T17:38:28.222+0000] {processor.py:179} INFO - Processing /home/airflow/.local/lib/python3.8/site-packages/airflow/example_dags/example_bash_operator.py took 0.238 seconds
[2025-10-16T17:38:58.757+0000] {processor.py:157} INFO - Started process (PID=1755) to work on /home/airflow/.local/lib/python3.8/site-packages/airflow/example_dags/example_bash_operator.py
[2025-10-16T17:38:58.761+0000] {processor.py:829} INFO - Processing file /home/airflow/.local/lib/python3.8/site-packages/airflow/example_dags/example_bash_operator.py for tasks to queue
[2025-10-16T17:38:58.769+0000] {logging_mixin.py:151} INFO - [2025-10-16T17:38:58.768+0000] {dagbag.py:536} INFO - Filling up the DagBag from /home/airflow/.local/lib/python3.8/site-packages/airflow/example_dags/example_bash_operator.py
[2025-10-16T17:38:58.821+0000] {processor.py:839} INFO - DAG(s) dict_keys(['example_bash_operator']) retrieved from /home/airflow/.local/lib/python3.8/site-packages/airflow/example_dags/example_bash_operator.py
[2025-10-16T17:38:58.922+0000] {logging_mixin.py:151} INFO - [2025-10-16T17:38:58.921+0000] {dag.py:2941} INFO - Sync 1 DAGs
[2025-10-16T17:38:58.988+0000] {logging_mixin.py:151} INFO - [2025-10-16T17:38:58.988+0000] {dag.py:3722} INFO - Setting next_dagrun for example_bash_operator to 2025-10-15T00:00:00+00:00, run_after=2025-10-16T00:00:00+00:00
[2025-10-16T17:38:59.058+0000] {processor.py:179} INFO - Processing /home/airflow/.local/lib/python3.8/site-packages/airflow/example_dags/example_bash_operator.py took 0.315 seconds
[2025-10-16T17:39:29.274+0000] {processor.py:157} INFO - Started process (PID=1814) to work on /home/airflow/.local/lib/python3.8/site-packages/airflow/example_dags/example_bash_operator.py
[2025-10-16T17:39:29.278+0000] {processor.py:829} INFO - Processing file /home/airflow/.local/lib/python3.8/site-packages/airflow/example_dags/example_bash_operator.py for tasks to queue
[2025-10-16T17:39:29.289+0000] {logging_mixin.py:151} INFO - [2025-10-16T17:39:29.287+0000] {dagbag.py:536} INFO - Filling up the DagBag from /home/airflow/.local/lib/python3.8/site-packages/airflow/example_dags/example_bash_operator.py
[2025-10-16T17:39:29.343+0000] {processor.py:839} INFO - DAG(s) dict_keys(['example_bash_operator']) retrieved from /home/airflow/.local/lib/python3.8/site-packages/airflow/example_dags/example_bash_operator.py
[2025-10-16T17:39:29.500+0000] {logging_mixin.py:151} INFO - [2025-10-16T17:39:29.500+0000] {dag.py:2941} INFO - Sync 1 DAGs
[2025-10-16T17:39:29.629+0000] {logging_mixin.py:151} INFO - [2025-10-16T17:39:29.628+0000] {dag.py:3722} INFO - Setting next_dagrun for example_bash_operator to 2025-10-15T00:00:00+00:00, run_after=2025-10-16T00:00:00+00:00
[2025-10-16T17:39:29.703+0000] {processor.py:179} INFO - Processing /home/airflow/.local/lib/python3.8/site-packages/airflow/example_dags/example_bash_operator.py took 0.445 seconds
[2025-10-16T17:40:00.102+0000] {processor.py:157} INFO - Started process (PID=1873) to work on /home/airflow/.local/lib/python3.8/site-packages/airflow/example_dags/example_bash_operator.py
[2025-10-16T17:40:00.106+0000] {processor.py:829} INFO - Processing file /home/airflow/.local/lib/python3.8/site-packages/airflow/example_dags/example_bash_operator.py for tasks to queue
[2025-10-16T17:40:00.116+0000] {logging_mixin.py:151} INFO - [2025-10-16T17:40:00.114+0000] {dagbag.py:536} INFO - Filling up the DagBag from /home/airflow/.local/lib/python3.8/site-packages/airflow/example_dags/example_bash_operator.py
[2025-10-16T17:40:00.152+0000] {processor.py:839} INFO - DAG(s) dict_keys(['example_bash_operator']) retrieved from /home/airflow/.local/lib/python3.8/site-packages/airflow/example_dags/example_bash_operator.py
[2025-10-16T17:40:00.286+0000] {logging_mixin.py:151} INFO - [2025-10-16T17:40:00.285+0000] {dag.py:2941} INFO - Sync 1 DAGs
[2025-10-16T17:40:00.397+0000] {logging_mixin.py:151} INFO - [2025-10-16T17:40:00.396+0000] {dag.py:3722} INFO - Setting next_dagrun for example_bash_operator to 2025-10-15T00:00:00+00:00, run_after=2025-10-16T00:00:00+00:00
[2025-10-16T17:40:00.464+0000] {processor.py:179} INFO - Processing /home/airflow/.local/lib/python3.8/site-packages/airflow/example_dags/example_bash_operator.py took 0.374 seconds
[2025-10-16T17:40:30.634+0000] {processor.py:157} INFO - Started process (PID=1930) to work on /home/airflow/.local/lib/python3.8/site-packages/airflow/example_dags/example_bash_operator.py
[2025-10-16T17:40:30.638+0000] {processor.py:829} INFO - Processing file /home/airflow/.local/lib/python3.8/site-packages/airflow/example_dags/example_bash_operator.py for tasks to queue
[2025-10-16T17:40:30.646+0000] {logging_mixin.py:151} INFO - [2025-10-16T17:40:30.645+0000] {dagbag.py:536} INFO - Filling up the DagBag from /home/airflow/.local/lib/python3.8/site-packages/airflow/example_dags/example_bash_operator.py
[2025-10-16T17:40:30.712+0000] {processor.py:839} INFO - DAG(s) dict_keys(['example_bash_operator']) retrieved from /home/airflow/.local/lib/python3.8/site-packages/airflow/example_dags/example_bash_operator.py
[2025-10-16T17:40:30.808+0000] {logging_mixin.py:151} INFO - [2025-10-16T17:40:30.808+0000] {dag.py:2941} INFO - Sync 1 DAGs
[2025-10-16T17:40:30.876+0000] {logging_mixin.py:151} INFO - [2025-10-16T17:40:30.876+0000] {dag.py:3722} INFO - Setting next_dagrun for example_bash_operator to 2025-10-15T00:00:00+00:00, run_after=2025-10-16T00:00:00+00:00
[2025-10-16T17:40:30.956+0000] {processor.py:179} INFO - Processing /home/airflow/.local/lib/python3.8/site-packages/airflow/example_dags/example_bash_operator.py took 0.332 seconds
[2025-10-16T17:41:01.203+0000] {processor.py:157} INFO - Started process (PID=1989) to work on /home/airflow/.local/lib/python3.8/site-packages/airflow/example_dags/example_bash_operator.py
[2025-10-16T17:41:01.210+0000] {processor.py:829} INFO - Processing file /home/airflow/.local/lib/python3.8/site-packages/airflow/example_dags/example_bash_operator.py for tasks to queue
[2025-10-16T17:41:01.225+0000] {logging_mixin.py:151} INFO - [2025-10-16T17:41:01.224+0000] {dagbag.py:536} INFO - Filling up the DagBag from /home/airflow/.local/lib/python3.8/site-packages/airflow/example_dags/example_bash_operator.py
[2025-10-16T17:41:01.297+0000] {processor.py:839} INFO - DAG(s) dict_keys(['example_bash_operator']) retrieved from /home/airflow/.local/lib/python3.8/site-packages/airflow/example_dags/example_bash_operator.py
[2025-10-16T17:41:01.456+0000] {logging_mixin.py:151} INFO - [2025-10-16T17:41:01.456+0000] {dag.py:2941} INFO - Sync 1 DAGs
[2025-10-16T17:41:01.518+0000] {logging_mixin.py:151} INFO - [2025-10-16T17:41:01.518+0000] {dag.py:3722} INFO - Setting next_dagrun for example_bash_operator to 2025-10-15T00:00:00+00:00, run_after=2025-10-16T00:00:00+00:00
[2025-10-16T17:41:01.571+0000] {processor.py:179} INFO - Processing /home/airflow/.local/lib/python3.8/site-packages/airflow/example_dags/example_bash_operator.py took 0.391 seconds
[2025-10-16T17:41:31.859+0000] {processor.py:157} INFO - Started process (PID=2048) to work on /home/airflow/.local/lib/python3.8/site-packages/airflow/example_dags/example_bash_operator.py
[2025-10-16T17:41:31.865+0000] {processor.py:829} INFO - Processing file /home/airflow/.local/lib/python3.8/site-packages/airflow/example_dags/example_bash_operator.py for tasks to queue
[2025-10-16T17:41:31.879+0000] {logging_mixin.py:151} INFO - [2025-10-16T17:41:31.877+0000] {dagbag.py:536} INFO - Filling up the DagBag from /home/airflow/.local/lib/python3.8/site-packages/airflow/example_dags/example_bash_operator.py
[2025-10-16T17:41:31.958+0000] {processor.py:839} INFO - DAG(s) dict_keys(['example_bash_operator']) retrieved from /home/airflow/.local/lib/python3.8/site-packages/airflow/example_dags/example_bash_operator.py
[2025-10-16T17:41:32.044+0000] {logging_mixin.py:151} INFO - [2025-10-16T17:41:32.043+0000] {dag.py:2941} INFO - Sync 1 DAGs
[2025-10-16T17:41:32.113+0000] {logging_mixin.py:151} INFO - [2025-10-16T17:41:32.113+0000] {dag.py:3722} INFO - Setting next_dagrun for example_bash_operator to 2025-10-15T00:00:00+00:00, run_after=2025-10-16T00:00:00+00:00
[2025-10-16T17:41:32.158+0000] {processor.py:179} INFO - Processing /home/airflow/.local/lib/python3.8/site-packages/airflow/example_dags/example_bash_operator.py took 0.320 seconds
[2025-10-16T17:42:02.766+0000] {processor.py:157} INFO - Started process (PID=2107) to work on /home/airflow/.local/lib/python3.8/site-packages/airflow/example_dags/example_bash_operator.py
[2025-10-16T17:42:02.772+0000] {processor.py:829} INFO - Processing file /home/airflow/.local/lib/python3.8/site-packages/airflow/example_dags/example_bash_operator.py for tasks to queue
[2025-10-16T17:42:02.786+0000] {logging_mixin.py:151} INFO - [2025-10-16T17:42:02.784+0000] {dagbag.py:536} INFO - Filling up the DagBag from /home/airflow/.local/lib/python3.8/site-packages/airflow/example_dags/example_bash_operator.py
[2025-10-16T17:42:02.860+0000] {processor.py:839} INFO - DAG(s) dict_keys(['example_bash_operator']) retrieved from /home/airflow/.local/lib/python3.8/site-packages/airflow/example_dags/example_bash_operator.py
[2025-10-16T17:42:03.113+0000] {logging_mixin.py:151} INFO - [2025-10-16T17:42:03.112+0000] {dag.py:2941} INFO - Sync 1 DAGs
[2025-10-16T17:42:03.175+0000] {logging_mixin.py:151} INFO - [2025-10-16T17:42:03.174+0000] {dag.py:3722} INFO - Setting next_dagrun for example_bash_operator to 2025-10-15T00:00:00+00:00, run_after=2025-10-16T00:00:00+00:00
[2025-10-16T17:42:03.225+0000] {processor.py:179} INFO - Processing /home/airflow/.local/lib/python3.8/site-packages/airflow/example_dags/example_bash_operator.py took 0.478 seconds
[2025-10-16T17:42:34.296+0000] {processor.py:157} INFO - Started process (PID=2166) to work on /home/airflow/.local/lib/python3.8/site-packages/airflow/example_dags/example_bash_operator.py
[2025-10-16T17:42:34.302+0000] {processor.py:829} INFO - Processing file /home/airflow/.local/lib/python3.8/site-packages/airflow/example_dags/example_bash_operator.py for tasks to queue
[2025-10-16T17:42:34.319+0000] {logging_mixin.py:151} INFO - [2025-10-16T17:42:34.318+0000] {dagbag.py:536} INFO - Filling up the DagBag from /home/airflow/.local/lib/python3.8/site-packages/airflow/example_dags/example_bash_operator.py
[2025-10-16T17:42:34.398+0000] {processor.py:839} INFO - DAG(s) dict_keys(['example_bash_operator']) retrieved from /home/airflow/.local/lib/python3.8/site-packages/airflow/example_dags/example_bash_operator.py
[2025-10-16T17:42:34.571+0000] {logging_mixin.py:151} INFO - [2025-10-16T17:42:34.570+0000] {dag.py:2941} INFO - Sync 1 DAGs
[2025-10-16T17:42:34.735+0000] {logging_mixin.py:151} INFO - [2025-10-16T17:42:34.734+0000] {dag.py:3722} INFO - Setting next_dagrun for example_bash_operator to 2025-10-15T00:00:00+00:00, run_after=2025-10-16T00:00:00+00:00
[2025-10-16T17:42:34.880+0000] {processor.py:179} INFO - Processing /home/airflow/.local/lib/python3.8/site-packages/airflow/example_dags/example_bash_operator.py took 0.604 seconds
[2025-10-16T17:43:05.446+0000] {processor.py:157} INFO - Started process (PID=2225) to work on /home/airflow/.local/lib/python3.8/site-packages/airflow/example_dags/example_bash_operator.py
[2025-10-16T17:43:05.450+0000] {processor.py:829} INFO - Processing file /home/airflow/.local/lib/python3.8/site-packages/airflow/example_dags/example_bash_operator.py for tasks to queue
[2025-10-16T17:43:05.459+0000] {logging_mixin.py:151} INFO - [2025-10-16T17:43:05.458+0000] {dagbag.py:536} INFO - Filling up the DagBag from /home/airflow/.local/lib/python3.8/site-packages/airflow/example_dags/example_bash_operator.py
[2025-10-16T17:43:05.495+0000] {processor.py:839} INFO - DAG(s) dict_keys(['example_bash_operator']) retrieved from /home/airflow/.local/lib/python3.8/site-packages/airflow/example_dags/example_bash_operator.py
[2025-10-16T17:43:05.577+0000] {logging_mixin.py:151} INFO - [2025-10-16T17:43:05.576+0000] {dag.py:2941} INFO - Sync 1 DAGs
[2025-10-16T17:43:05.661+0000] {logging_mixin.py:151} INFO - [2025-10-16T17:43:05.661+0000] {dag.py:3722} INFO - Setting next_dagrun for example_bash_operator to 2025-10-15T00:00:00+00:00, run_after=2025-10-16T00:00:00+00:00
[2025-10-16T17:43:05.729+0000] {processor.py:179} INFO - Processing /home/airflow/.local/lib/python3.8/site-packages/airflow/example_dags/example_bash_operator.py took 0.298 seconds
[2025-10-16T17:43:36.596+0000] {processor.py:157} INFO - Started process (PID=2285) to work on /home/airflow/.local/lib/python3.8/site-packages/airflow/example_dags/example_bash_operator.py
[2025-10-16T17:43:36.599+0000] {processor.py:829} INFO - Processing file /home/airflow/.local/lib/python3.8/site-packages/airflow/example_dags/example_bash_operator.py for tasks to queue
[2025-10-16T17:43:36.604+0000] {logging_mixin.py:151} INFO - [2025-10-16T17:43:36.603+0000] {dagbag.py:536} INFO - Filling up the DagBag from /home/airflow/.local/lib/python3.8/site-packages/airflow/example_dags/example_bash_operator.py
[2025-10-16T17:43:36.630+0000] {processor.py:839} INFO - DAG(s) dict_keys(['example_bash_operator']) retrieved from /home/airflow/.local/lib/python3.8/site-packages/airflow/example_dags/example_bash_operator.py
[2025-10-16T17:43:36.738+0000] {logging_mixin.py:151} INFO - [2025-10-16T17:43:36.737+0000] {dag.py:2941} INFO - Sync 1 DAGs
[2025-10-16T17:43:36.875+0000] {logging_mixin.py:151} INFO - [2025-10-16T17:43:36.874+0000] {dag.py:3722} INFO - Setting next_dagrun for example_bash_operator to 2025-10-15T00:00:00+00:00, run_after=2025-10-16T00:00:00+00:00
[2025-10-16T17:43:37.333+0000] {processor.py:179} INFO - Processing /home/airflow/.local/lib/python3.8/site-packages/airflow/example_dags/example_bash_operator.py took 0.744 seconds
[2025-10-16T17:44:08.032+0000] {processor.py:157} INFO - Started process (PID=2344) to work on /home/airflow/.local/lib/python3.8/site-packages/airflow/example_dags/example_bash_operator.py
[2025-10-16T17:44:08.036+0000] {processor.py:829} INFO - Processing file /home/airflow/.local/lib/python3.8/site-packages/airflow/example_dags/example_bash_operator.py for tasks to queue
[2025-10-16T17:44:08.044+0000] {logging_mixin.py:151} INFO - [2025-10-16T17:44:08.043+0000] {dagbag.py:536} INFO - Filling up the DagBag from /home/airflow/.local/lib/python3.8/site-packages/airflow/example_dags/example_bash_operator.py
[2025-10-16T17:44:08.081+0000] {processor.py:839} INFO - DAG(s) dict_keys(['example_bash_operator']) retrieved from /home/airflow/.local/lib/python3.8/site-packages/airflow/example_dags/example_bash_operator.py
[2025-10-16T17:44:08.166+0000] {logging_mixin.py:151} INFO - [2025-10-16T17:44:08.166+0000] {dag.py:2941} INFO - Sync 1 DAGs
[2025-10-16T17:44:08.221+0000] {logging_mixin.py:151} INFO - [2025-10-16T17:44:08.220+0000] {dag.py:3722} INFO - Setting next_dagrun for example_bash_operator to 2025-10-15T00:00:00+00:00, run_after=2025-10-16T00:00:00+00:00
[2025-10-16T17:44:08.271+0000] {processor.py:179} INFO - Processing /home/airflow/.local/lib/python3.8/site-packages/airflow/example_dags/example_bash_operator.py took 0.249 seconds
[2025-10-16T17:44:38.643+0000] {processor.py:157} INFO - Started process (PID=2403) to work on /home/airflow/.local/lib/python3.8/site-packages/airflow/example_dags/example_bash_operator.py
[2025-10-16T17:44:38.651+0000] {processor.py:829} INFO - Processing file /home/airflow/.local/lib/python3.8/site-packages/airflow/example_dags/example_bash_operator.py for tasks to queue
[2025-10-16T17:44:38.660+0000] {logging_mixin.py:151} INFO - [2025-10-16T17:44:38.659+0000] {dagbag.py:536} INFO - Filling up the DagBag from /home/airflow/.local/lib/python3.8/site-packages/airflow/example_dags/example_bash_operator.py
[2025-10-16T17:44:38.700+0000] {processor.py:839} INFO - DAG(s) dict_keys(['example_bash_operator']) retrieved from /home/airflow/.local/lib/python3.8/site-packages/airflow/example_dags/example_bash_operator.py
[2025-10-16T17:44:38.787+0000] {logging_mixin.py:151} INFO - [2025-10-16T17:44:38.787+0000] {dag.py:2941} INFO - Sync 1 DAGs
[2025-10-16T17:44:38.861+0000] {logging_mixin.py:151} INFO - [2025-10-16T17:44:38.861+0000] {dag.py:3722} INFO - Setting next_dagrun for example_bash_operator to 2025-10-15T00:00:00+00:00, run_after=2025-10-16T00:00:00+00:00
[2025-10-16T17:44:38.913+0000] {processor.py:179} INFO - Processing /home/airflow/.local/lib/python3.8/site-packages/airflow/example_dags/example_bash_operator.py took 0.300 seconds
[2025-10-16T17:45:09.412+0000] {processor.py:157} INFO - Started process (PID=2461) to work on /home/airflow/.local/lib/python3.8/site-packages/airflow/example_dags/example_bash_operator.py
[2025-10-16T17:45:09.415+0000] {processor.py:829} INFO - Processing file /home/airflow/.local/lib/python3.8/site-packages/airflow/example_dags/example_bash_operator.py for tasks to queue
[2025-10-16T17:45:09.421+0000] {logging_mixin.py:151} INFO - [2025-10-16T17:45:09.420+0000] {dagbag.py:536} INFO - Filling up the DagBag from /home/airflow/.local/lib/python3.8/site-packages/airflow/example_dags/example_bash_operator.py
[2025-10-16T17:45:09.452+0000] {processor.py:839} INFO - DAG(s) dict_keys(['example_bash_operator']) retrieved from /home/airflow/.local/lib/python3.8/site-packages/airflow/example_dags/example_bash_operator.py
[2025-10-16T17:45:09.559+0000] {logging_mixin.py:151} INFO - [2025-10-16T17:45:09.558+0000] {dag.py:2941} INFO - Sync 1 DAGs
[2025-10-16T17:45:09.923+0000] {logging_mixin.py:151} INFO - [2025-10-16T17:45:09.923+0000] {dag.py:3722} INFO - Setting next_dagrun for example_bash_operator to 2025-10-15T00:00:00+00:00, run_after=2025-10-16T00:00:00+00:00
[2025-10-16T17:45:09.969+0000] {processor.py:179} INFO - Processing /home/airflow/.local/lib/python3.8/site-packages/airflow/example_dags/example_bash_operator.py took 0.566 seconds
[2025-10-16T17:45:40.124+0000] {processor.py:157} INFO - Started process (PID=2521) to work on /home/airflow/.local/lib/python3.8/site-packages/airflow/example_dags/example_bash_operator.py
[2025-10-16T17:45:40.127+0000] {processor.py:829} INFO - Processing file /home/airflow/.local/lib/python3.8/site-packages/airflow/example_dags/example_bash_operator.py for tasks to queue
[2025-10-16T17:45:40.135+0000] {logging_mixin.py:151} INFO - [2025-10-16T17:45:40.134+0000] {dagbag.py:536} INFO - Filling up the DagBag from /home/airflow/.local/lib/python3.8/site-packages/airflow/example_dags/example_bash_operator.py
[2025-10-16T17:45:40.167+0000] {processor.py:839} INFO - DAG(s) dict_keys(['example_bash_operator']) retrieved from /home/airflow/.local/lib/python3.8/site-packages/airflow/example_dags/example_bash_operator.py
[2025-10-16T17:45:40.246+0000] {logging_mixin.py:151} INFO - [2025-10-16T17:45:40.246+0000] {dag.py:2941} INFO - Sync 1 DAGs
[2025-10-16T17:45:40.342+0000] {logging_mixin.py:151} INFO - [2025-10-16T17:45:40.341+0000] {dag.py:3722} INFO - Setting next_dagrun for example_bash_operator to 2025-10-15T00:00:00+00:00, run_after=2025-10-16T00:00:00+00:00
[2025-10-16T17:45:40.437+0000] {processor.py:179} INFO - Processing /home/airflow/.local/lib/python3.8/site-packages/airflow/example_dags/example_bash_operator.py took 0.326 seconds
[2025-10-16T17:46:10.785+0000] {processor.py:157} INFO - Started process (PID=2580) to work on /home/airflow/.local/lib/python3.8/site-packages/airflow/example_dags/example_bash_operator.py
[2025-10-16T17:46:10.792+0000] {processor.py:829} INFO - Processing file /home/airflow/.local/lib/python3.8/site-packages/airflow/example_dags/example_bash_operator.py for tasks to queue
[2025-10-16T17:46:10.805+0000] {logging_mixin.py:151} INFO - [2025-10-16T17:46:10.803+0000] {dagbag.py:536} INFO - Filling up the DagBag from /home/airflow/.local/lib/python3.8/site-packages/airflow/example_dags/example_bash_operator.py
[2025-10-16T17:46:10.883+0000] {processor.py:839} INFO - DAG(s) dict_keys(['example_bash_operator']) retrieved from /home/airflow/.local/lib/python3.8/site-packages/airflow/example_dags/example_bash_operator.py
[2025-10-16T17:46:11.036+0000] {logging_mixin.py:151} INFO - [2025-10-16T17:46:11.035+0000] {dag.py:2941} INFO - Sync 1 DAGs
[2025-10-16T17:46:11.103+0000] {logging_mixin.py:151} INFO - [2025-10-16T17:46:11.103+0000] {dag.py:3722} INFO - Setting next_dagrun for example_bash_operator to 2025-10-15T00:00:00+00:00, run_after=2025-10-16T00:00:00+00:00
[2025-10-16T17:46:11.156+0000] {processor.py:179} INFO - Processing /home/airflow/.local/lib/python3.8/site-packages/airflow/example_dags/example_bash_operator.py took 0.389 seconds
[2025-10-16T17:51:51.251+0000] {processor.py:157} INFO - Started process (PID=98) to work on /home/airflow/.local/lib/python3.8/site-packages/airflow/example_dags/example_bash_operator.py
[2025-10-16T17:51:51.269+0000] {processor.py:829} INFO - Processing file /home/airflow/.local/lib/python3.8/site-packages/airflow/example_dags/example_bash_operator.py for tasks to queue
[2025-10-16T17:51:51.302+0000] {logging_mixin.py:151} INFO - [2025-10-16T17:51:51.301+0000] {dagbag.py:536} INFO - Filling up the DagBag from /home/airflow/.local/lib/python3.8/site-packages/airflow/example_dags/example_bash_operator.py
[2025-10-16T17:51:51.400+0000] {processor.py:839} INFO - DAG(s) dict_keys(['example_bash_operator']) retrieved from /home/airflow/.local/lib/python3.8/site-packages/airflow/example_dags/example_bash_operator.py
[2025-10-16T17:51:51.619+0000] {logging_mixin.py:151} INFO - [2025-10-16T17:51:51.618+0000] {dag.py:2941} INFO - Sync 1 DAGs
[2025-10-16T17:51:51.744+0000] {logging_mixin.py:151} INFO - [2025-10-16T17:51:51.744+0000] {dag.py:3722} INFO - Setting next_dagrun for example_bash_operator to 2025-10-15T00:00:00+00:00, run_after=2025-10-16T00:00:00+00:00
[2025-10-16T17:51:51.831+0000] {processor.py:179} INFO - Processing /home/airflow/.local/lib/python3.8/site-packages/airflow/example_dags/example_bash_operator.py took 0.607 seconds
[2025-10-16T17:52:22.668+0000] {processor.py:157} INFO - Started process (PID=157) to work on /home/airflow/.local/lib/python3.8/site-packages/airflow/example_dags/example_bash_operator.py
[2025-10-16T17:52:22.679+0000] {processor.py:829} INFO - Processing file /home/airflow/.local/lib/python3.8/site-packages/airflow/example_dags/example_bash_operator.py for tasks to queue
[2025-10-16T17:52:22.689+0000] {logging_mixin.py:151} INFO - [2025-10-16T17:52:22.688+0000] {dagbag.py:536} INFO - Filling up the DagBag from /home/airflow/.local/lib/python3.8/site-packages/airflow/example_dags/example_bash_operator.py
[2025-10-16T17:52:22.784+0000] {processor.py:839} INFO - DAG(s) dict_keys(['example_bash_operator']) retrieved from /home/airflow/.local/lib/python3.8/site-packages/airflow/example_dags/example_bash_operator.py
[2025-10-16T17:52:23.008+0000] {logging_mixin.py:151} INFO - [2025-10-16T17:52:23.007+0000] {dag.py:2941} INFO - Sync 1 DAGs
[2025-10-16T17:52:23.267+0000] {logging_mixin.py:151} INFO - [2025-10-16T17:52:23.266+0000] {dag.py:3722} INFO - Setting next_dagrun for example_bash_operator to 2025-10-15T00:00:00+00:00, run_after=2025-10-16T00:00:00+00:00
[2025-10-16T17:52:23.419+0000] {processor.py:179} INFO - Processing /home/airflow/.local/lib/python3.8/site-packages/airflow/example_dags/example_bash_operator.py took 0.771 seconds
[2025-10-16T17:52:56.331+0000] {processor.py:157} INFO - Started process (PID=216) to work on /home/airflow/.local/lib/python3.8/site-packages/airflow/example_dags/example_bash_operator.py
[2025-10-16T17:52:56.334+0000] {processor.py:829} INFO - Processing file /home/airflow/.local/lib/python3.8/site-packages/airflow/example_dags/example_bash_operator.py for tasks to queue
[2025-10-16T17:52:56.340+0000] {logging_mixin.py:151} INFO - [2025-10-16T17:52:56.339+0000] {dagbag.py:536} INFO - Filling up the DagBag from /home/airflow/.local/lib/python3.8/site-packages/airflow/example_dags/example_bash_operator.py
[2025-10-16T17:52:56.386+0000] {processor.py:839} INFO - DAG(s) dict_keys(['example_bash_operator']) retrieved from /home/airflow/.local/lib/python3.8/site-packages/airflow/example_dags/example_bash_operator.py
[2025-10-16T17:52:56.459+0000] {logging_mixin.py:151} INFO - [2025-10-16T17:52:56.459+0000] {dag.py:2941} INFO - Sync 1 DAGs
[2025-10-16T17:52:56.519+0000] {logging_mixin.py:151} INFO - [2025-10-16T17:52:56.518+0000] {dag.py:3722} INFO - Setting next_dagrun for example_bash_operator to 2025-10-15T00:00:00+00:00, run_after=2025-10-16T00:00:00+00:00
[2025-10-16T17:52:56.563+0000] {processor.py:179} INFO - Processing /home/airflow/.local/lib/python3.8/site-packages/airflow/example_dags/example_bash_operator.py took 0.240 seconds
[2025-10-16T17:53:27.300+0000] {processor.py:157} INFO - Started process (PID=275) to work on /home/airflow/.local/lib/python3.8/site-packages/airflow/example_dags/example_bash_operator.py
[2025-10-16T17:53:27.314+0000] {processor.py:829} INFO - Processing file /home/airflow/.local/lib/python3.8/site-packages/airflow/example_dags/example_bash_operator.py for tasks to queue
[2025-10-16T17:53:27.324+0000] {logging_mixin.py:151} INFO - [2025-10-16T17:53:27.321+0000] {dagbag.py:536} INFO - Filling up the DagBag from /home/airflow/.local/lib/python3.8/site-packages/airflow/example_dags/example_bash_operator.py
[2025-10-16T17:53:27.427+0000] {processor.py:839} INFO - DAG(s) dict_keys(['example_bash_operator']) retrieved from /home/airflow/.local/lib/python3.8/site-packages/airflow/example_dags/example_bash_operator.py
[2025-10-16T17:53:27.566+0000] {logging_mixin.py:151} INFO - [2025-10-16T17:53:27.565+0000] {dag.py:2941} INFO - Sync 1 DAGs
[2025-10-16T17:53:27.672+0000] {logging_mixin.py:151} INFO - [2025-10-16T17:53:27.671+0000] {dag.py:3722} INFO - Setting next_dagrun for example_bash_operator to 2025-10-15T00:00:00+00:00, run_after=2025-10-16T00:00:00+00:00
[2025-10-16T17:53:27.754+0000] {processor.py:179} INFO - Processing /home/airflow/.local/lib/python3.8/site-packages/airflow/example_dags/example_bash_operator.py took 0.485 seconds
[2025-10-16T17:53:58.597+0000] {processor.py:157} INFO - Started process (PID=332) to work on /home/airflow/.local/lib/python3.8/site-packages/airflow/example_dags/example_bash_operator.py
[2025-10-16T17:53:58.606+0000] {processor.py:829} INFO - Processing file /home/airflow/.local/lib/python3.8/site-packages/airflow/example_dags/example_bash_operator.py for tasks to queue
[2025-10-16T17:53:58.630+0000] {logging_mixin.py:151} INFO - [2025-10-16T17:53:58.623+0000] {dagbag.py:536} INFO - Filling up the DagBag from /home/airflow/.local/lib/python3.8/site-packages/airflow/example_dags/example_bash_operator.py
[2025-10-16T17:53:58.676+0000] {processor.py:839} INFO - DAG(s) dict_keys(['example_bash_operator']) retrieved from /home/airflow/.local/lib/python3.8/site-packages/airflow/example_dags/example_bash_operator.py
[2025-10-16T17:53:58.780+0000] {logging_mixin.py:151} INFO - [2025-10-16T17:53:58.780+0000] {dag.py:2941} INFO - Sync 1 DAGs
[2025-10-16T17:53:58.857+0000] {logging_mixin.py:151} INFO - [2025-10-16T17:53:58.857+0000] {dag.py:3722} INFO - Setting next_dagrun for example_bash_operator to 2025-10-15T00:00:00+00:00, run_after=2025-10-16T00:00:00+00:00
[2025-10-16T17:53:58.926+0000] {processor.py:179} INFO - Processing /home/airflow/.local/lib/python3.8/site-packages/airflow/example_dags/example_bash_operator.py took 0.363 seconds
[2025-10-16T17:54:29.283+0000] {processor.py:157} INFO - Started process (PID=392) to work on /home/airflow/.local/lib/python3.8/site-packages/airflow/example_dags/example_bash_operator.py
[2025-10-16T17:54:29.287+0000] {processor.py:829} INFO - Processing file /home/airflow/.local/lib/python3.8/site-packages/airflow/example_dags/example_bash_operator.py for tasks to queue
[2025-10-16T17:54:29.296+0000] {logging_mixin.py:151} INFO - [2025-10-16T17:54:29.295+0000] {dagbag.py:536} INFO - Filling up the DagBag from /home/airflow/.local/lib/python3.8/site-packages/airflow/example_dags/example_bash_operator.py
[2025-10-16T17:54:29.488+0000] {processor.py:839} INFO - DAG(s) dict_keys(['example_bash_operator']) retrieved from /home/airflow/.local/lib/python3.8/site-packages/airflow/example_dags/example_bash_operator.py
[2025-10-16T17:54:29.742+0000] {logging_mixin.py:151} INFO - [2025-10-16T17:54:29.741+0000] {dag.py:2941} INFO - Sync 1 DAGs
[2025-10-16T17:54:29.849+0000] {logging_mixin.py:151} INFO - [2025-10-16T17:54:29.848+0000] {dag.py:3722} INFO - Setting next_dagrun for example_bash_operator to 2025-10-15T00:00:00+00:00, run_after=2025-10-16T00:00:00+00:00
[2025-10-16T17:54:30.084+0000] {processor.py:179} INFO - Processing /home/airflow/.local/lib/python3.8/site-packages/airflow/example_dags/example_bash_operator.py took 0.814 seconds
[2025-10-16T17:55:00.708+0000] {processor.py:157} INFO - Started process (PID=450) to work on /home/airflow/.local/lib/python3.8/site-packages/airflow/example_dags/example_bash_operator.py
[2025-10-16T17:55:00.714+0000] {processor.py:829} INFO - Processing file /home/airflow/.local/lib/python3.8/site-packages/airflow/example_dags/example_bash_operator.py for tasks to queue
[2025-10-16T17:55:00.731+0000] {logging_mixin.py:151} INFO - [2025-10-16T17:55:00.729+0000] {dagbag.py:536} INFO - Filling up the DagBag from /home/airflow/.local/lib/python3.8/site-packages/airflow/example_dags/example_bash_operator.py
[2025-10-16T17:55:00.821+0000] {processor.py:839} INFO - DAG(s) dict_keys(['example_bash_operator']) retrieved from /home/airflow/.local/lib/python3.8/site-packages/airflow/example_dags/example_bash_operator.py
[2025-10-16T17:55:00.978+0000] {logging_mixin.py:151} INFO - [2025-10-16T17:55:00.978+0000] {dag.py:2941} INFO - Sync 1 DAGs
[2025-10-16T17:55:01.042+0000] {logging_mixin.py:151} INFO - [2025-10-16T17:55:01.042+0000] {dag.py:3722} INFO - Setting next_dagrun for example_bash_operator to 2025-10-15T00:00:00+00:00, run_after=2025-10-16T00:00:00+00:00
[2025-10-16T17:55:01.091+0000] {processor.py:179} INFO - Processing /home/airflow/.local/lib/python3.8/site-packages/airflow/example_dags/example_bash_operator.py took 0.406 seconds
[2025-10-16T17:55:31.738+0000] {processor.py:157} INFO - Started process (PID=510) to work on /home/airflow/.local/lib/python3.8/site-packages/airflow/example_dags/example_bash_operator.py
[2025-10-16T17:55:31.741+0000] {processor.py:829} INFO - Processing file /home/airflow/.local/lib/python3.8/site-packages/airflow/example_dags/example_bash_operator.py for tasks to queue
[2025-10-16T17:55:31.746+0000] {logging_mixin.py:151} INFO - [2025-10-16T17:55:31.745+0000] {dagbag.py:536} INFO - Filling up the DagBag from /home/airflow/.local/lib/python3.8/site-packages/airflow/example_dags/example_bash_operator.py
[2025-10-16T17:55:31.789+0000] {processor.py:839} INFO - DAG(s) dict_keys(['example_bash_operator']) retrieved from /home/airflow/.local/lib/python3.8/site-packages/airflow/example_dags/example_bash_operator.py
[2025-10-16T17:55:31.867+0000] {logging_mixin.py:151} INFO - [2025-10-16T17:55:31.867+0000] {dag.py:2941} INFO - Sync 1 DAGs
[2025-10-16T17:55:31.923+0000] {logging_mixin.py:151} INFO - [2025-10-16T17:55:31.923+0000] {dag.py:3722} INFO - Setting next_dagrun for example_bash_operator to 2025-10-15T00:00:00+00:00, run_after=2025-10-16T00:00:00+00:00
[2025-10-16T17:55:31.974+0000] {processor.py:179} INFO - Processing /home/airflow/.local/lib/python3.8/site-packages/airflow/example_dags/example_bash_operator.py took 0.242 seconds
[2025-10-16T17:56:02.399+0000] {processor.py:157} INFO - Started process (PID=569) to work on /home/airflow/.local/lib/python3.8/site-packages/airflow/example_dags/example_bash_operator.py
[2025-10-16T17:56:02.402+0000] {processor.py:829} INFO - Processing file /home/airflow/.local/lib/python3.8/site-packages/airflow/example_dags/example_bash_operator.py for tasks to queue
[2025-10-16T17:56:02.410+0000] {logging_mixin.py:151} INFO - [2025-10-16T17:56:02.409+0000] {dagbag.py:536} INFO - Filling up the DagBag from /home/airflow/.local/lib/python3.8/site-packages/airflow/example_dags/example_bash_operator.py
[2025-10-16T17:56:02.447+0000] {processor.py:839} INFO - DAG(s) dict_keys(['example_bash_operator']) retrieved from /home/airflow/.local/lib/python3.8/site-packages/airflow/example_dags/example_bash_operator.py
[2025-10-16T17:56:02.537+0000] {logging_mixin.py:151} INFO - [2025-10-16T17:56:02.536+0000] {dag.py:2941} INFO - Sync 1 DAGs
[2025-10-16T17:56:02.605+0000] {logging_mixin.py:151} INFO - [2025-10-16T17:56:02.604+0000] {dag.py:3722} INFO - Setting next_dagrun for example_bash_operator to 2025-10-15T00:00:00+00:00, run_after=2025-10-16T00:00:00+00:00
[2025-10-16T17:56:02.659+0000] {processor.py:179} INFO - Processing /home/airflow/.local/lib/python3.8/site-packages/airflow/example_dags/example_bash_operator.py took 0.271 seconds
[2025-10-16T17:56:33.369+0000] {processor.py:157} INFO - Started process (PID=628) to work on /home/airflow/.local/lib/python3.8/site-packages/airflow/example_dags/example_bash_operator.py
[2025-10-16T17:56:33.373+0000] {processor.py:829} INFO - Processing file /home/airflow/.local/lib/python3.8/site-packages/airflow/example_dags/example_bash_operator.py for tasks to queue
[2025-10-16T17:56:33.402+0000] {logging_mixin.py:151} INFO - [2025-10-16T17:56:33.401+0000] {dagbag.py:536} INFO - Filling up the DagBag from /home/airflow/.local/lib/python3.8/site-packages/airflow/example_dags/example_bash_operator.py
[2025-10-16T17:56:33.506+0000] {processor.py:839} INFO - DAG(s) dict_keys(['example_bash_operator']) retrieved from /home/airflow/.local/lib/python3.8/site-packages/airflow/example_dags/example_bash_operator.py
[2025-10-16T17:56:33.638+0000] {logging_mixin.py:151} INFO - [2025-10-16T17:56:33.637+0000] {dag.py:2941} INFO - Sync 1 DAGs
[2025-10-16T17:56:33.745+0000] {logging_mixin.py:151} INFO - [2025-10-16T17:56:33.745+0000] {dag.py:3722} INFO - Setting next_dagrun for example_bash_operator to 2025-10-15T00:00:00+00:00, run_after=2025-10-16T00:00:00+00:00
[2025-10-16T17:56:33.856+0000] {processor.py:179} INFO - Processing /home/airflow/.local/lib/python3.8/site-packages/airflow/example_dags/example_bash_operator.py took 0.521 seconds
[2025-10-16T17:57:04.128+0000] {processor.py:157} INFO - Started process (PID=695) to work on /home/airflow/.local/lib/python3.8/site-packages/airflow/example_dags/example_bash_operator.py
[2025-10-16T17:57:04.133+0000] {processor.py:829} INFO - Processing file /home/airflow/.local/lib/python3.8/site-packages/airflow/example_dags/example_bash_operator.py for tasks to queue
[2025-10-16T17:57:04.140+0000] {logging_mixin.py:151} INFO - [2025-10-16T17:57:04.139+0000] {dagbag.py:536} INFO - Filling up the DagBag from /home/airflow/.local/lib/python3.8/site-packages/airflow/example_dags/example_bash_operator.py
[2025-10-16T17:57:04.178+0000] {processor.py:839} INFO - DAG(s) dict_keys(['example_bash_operator']) retrieved from /home/airflow/.local/lib/python3.8/site-packages/airflow/example_dags/example_bash_operator.py
[2025-10-16T17:57:04.261+0000] {logging_mixin.py:151} INFO - [2025-10-16T17:57:04.260+0000] {dag.py:2941} INFO - Sync 1 DAGs
[2025-10-16T17:57:04.325+0000] {logging_mixin.py:151} INFO - [2025-10-16T17:57:04.325+0000] {dag.py:3722} INFO - Setting next_dagrun for example_bash_operator to 2025-10-15T00:00:00+00:00, run_after=2025-10-16T00:00:00+00:00
[2025-10-16T17:57:04.391+0000] {processor.py:179} INFO - Processing /home/airflow/.local/lib/python3.8/site-packages/airflow/example_dags/example_bash_operator.py took 0.276 seconds
[2025-10-16T17:57:34.782+0000] {processor.py:157} INFO - Started process (PID=754) to work on /home/airflow/.local/lib/python3.8/site-packages/airflow/example_dags/example_bash_operator.py
[2025-10-16T17:57:34.785+0000] {processor.py:829} INFO - Processing file /home/airflow/.local/lib/python3.8/site-packages/airflow/example_dags/example_bash_operator.py for tasks to queue
[2025-10-16T17:57:34.792+0000] {logging_mixin.py:151} INFO - [2025-10-16T17:57:34.791+0000] {dagbag.py:536} INFO - Filling up the DagBag from /home/airflow/.local/lib/python3.8/site-packages/airflow/example_dags/example_bash_operator.py
[2025-10-16T17:57:34.820+0000] {processor.py:839} INFO - DAG(s) dict_keys(['example_bash_operator']) retrieved from /home/airflow/.local/lib/python3.8/site-packages/airflow/example_dags/example_bash_operator.py
[2025-10-16T17:57:34.898+0000] {logging_mixin.py:151} INFO - [2025-10-16T17:57:34.898+0000] {dag.py:2941} INFO - Sync 1 DAGs
[2025-10-16T17:57:34.966+0000] {logging_mixin.py:151} INFO - [2025-10-16T17:57:34.965+0000] {dag.py:3722} INFO - Setting next_dagrun for example_bash_operator to 2025-10-15T00:00:00+00:00, run_after=2025-10-16T00:00:00+00:00
[2025-10-16T17:57:35.309+0000] {processor.py:179} INFO - Processing /home/airflow/.local/lib/python3.8/site-packages/airflow/example_dags/example_bash_operator.py took 0.535 seconds
[2025-10-16T17:58:05.735+0000] {processor.py:157} INFO - Started process (PID=813) to work on /home/airflow/.local/lib/python3.8/site-packages/airflow/example_dags/example_bash_operator.py
[2025-10-16T17:58:05.740+0000] {processor.py:829} INFO - Processing file /home/airflow/.local/lib/python3.8/site-packages/airflow/example_dags/example_bash_operator.py for tasks to queue
[2025-10-16T17:58:05.752+0000] {logging_mixin.py:151} INFO - [2025-10-16T17:58:05.751+0000] {dagbag.py:536} INFO - Filling up the DagBag from /home/airflow/.local/lib/python3.8/site-packages/airflow/example_dags/example_bash_operator.py
[2025-10-16T17:58:05.829+0000] {processor.py:839} INFO - DAG(s) dict_keys(['example_bash_operator']) retrieved from /home/airflow/.local/lib/python3.8/site-packages/airflow/example_dags/example_bash_operator.py
[2025-10-16T17:58:05.982+0000] {logging_mixin.py:151} INFO - [2025-10-16T17:58:05.981+0000] {dag.py:2941} INFO - Sync 1 DAGs
[2025-10-16T17:58:06.091+0000] {logging_mixin.py:151} INFO - [2025-10-16T17:58:06.091+0000] {dag.py:3722} INFO - Setting next_dagrun for example_bash_operator to 2025-10-15T00:00:00+00:00, run_after=2025-10-16T00:00:00+00:00
[2025-10-16T17:58:06.140+0000] {processor.py:179} INFO - Processing /home/airflow/.local/lib/python3.8/site-packages/airflow/example_dags/example_bash_operator.py took 0.423 seconds
[2025-10-16T17:58:36.289+0000] {processor.py:157} INFO - Started process (PID=871) to work on /home/airflow/.local/lib/python3.8/site-packages/airflow/example_dags/example_bash_operator.py
[2025-10-16T17:58:36.292+0000] {processor.py:829} INFO - Processing file /home/airflow/.local/lib/python3.8/site-packages/airflow/example_dags/example_bash_operator.py for tasks to queue
[2025-10-16T17:58:36.300+0000] {logging_mixin.py:151} INFO - [2025-10-16T17:58:36.299+0000] {dagbag.py:536} INFO - Filling up the DagBag from /home/airflow/.local/lib/python3.8/site-packages/airflow/example_dags/example_bash_operator.py
[2025-10-16T17:58:36.339+0000] {processor.py:839} INFO - DAG(s) dict_keys(['example_bash_operator']) retrieved from /home/airflow/.local/lib/python3.8/site-packages/airflow/example_dags/example_bash_operator.py
[2025-10-16T17:58:36.432+0000] {logging_mixin.py:151} INFO - [2025-10-16T17:58:36.431+0000] {dag.py:2941} INFO - Sync 1 DAGs
[2025-10-16T17:58:36.505+0000] {logging_mixin.py:151} INFO - [2025-10-16T17:58:36.504+0000] {dag.py:3722} INFO - Setting next_dagrun for example_bash_operator to 2025-10-15T00:00:00+00:00, run_after=2025-10-16T00:00:00+00:00
[2025-10-16T17:58:36.580+0000] {processor.py:179} INFO - Processing /home/airflow/.local/lib/python3.8/site-packages/airflow/example_dags/example_bash_operator.py took 0.301 seconds
[2025-10-16T17:59:07.543+0000] {processor.py:157} INFO - Started process (PID=930) to work on /home/airflow/.local/lib/python3.8/site-packages/airflow/example_dags/example_bash_operator.py
[2025-10-16T17:59:07.549+0000] {processor.py:829} INFO - Processing file /home/airflow/.local/lib/python3.8/site-packages/airflow/example_dags/example_bash_operator.py for tasks to queue
[2025-10-16T17:59:07.567+0000] {logging_mixin.py:151} INFO - [2025-10-16T17:59:07.565+0000] {dagbag.py:536} INFO - Filling up the DagBag from /home/airflow/.local/lib/python3.8/site-packages/airflow/example_dags/example_bash_operator.py
[2025-10-16T17:59:07.664+0000] {processor.py:839} INFO - DAG(s) dict_keys(['example_bash_operator']) retrieved from /home/airflow/.local/lib/python3.8/site-packages/airflow/example_dags/example_bash_operator.py
[2025-10-16T17:59:07.775+0000] {logging_mixin.py:151} INFO - [2025-10-16T17:59:07.775+0000] {dag.py:2941} INFO - Sync 1 DAGs
[2025-10-16T17:59:07.830+0000] {logging_mixin.py:151} INFO - [2025-10-16T17:59:07.830+0000] {dag.py:3722} INFO - Setting next_dagrun for example_bash_operator to 2025-10-15T00:00:00+00:00, run_after=2025-10-16T00:00:00+00:00
[2025-10-16T17:59:07.877+0000] {processor.py:179} INFO - Processing /home/airflow/.local/lib/python3.8/site-packages/airflow/example_dags/example_bash_operator.py took 0.358 seconds
[2025-10-16T17:59:38.272+0000] {processor.py:157} INFO - Started process (PID=990) to work on /home/airflow/.local/lib/python3.8/site-packages/airflow/example_dags/example_bash_operator.py
[2025-10-16T17:59:38.275+0000] {processor.py:829} INFO - Processing file /home/airflow/.local/lib/python3.8/site-packages/airflow/example_dags/example_bash_operator.py for tasks to queue
[2025-10-16T17:59:38.281+0000] {logging_mixin.py:151} INFO - [2025-10-16T17:59:38.280+0000] {dagbag.py:536} INFO - Filling up the DagBag from /home/airflow/.local/lib/python3.8/site-packages/airflow/example_dags/example_bash_operator.py
[2025-10-16T17:59:38.312+0000] {processor.py:839} INFO - DAG(s) dict_keys(['example_bash_operator']) retrieved from /home/airflow/.local/lib/python3.8/site-packages/airflow/example_dags/example_bash_operator.py
[2025-10-16T17:59:38.391+0000] {logging_mixin.py:151} INFO - [2025-10-16T17:59:38.391+0000] {dag.py:2941} INFO - Sync 1 DAGs
[2025-10-16T17:59:38.455+0000] {logging_mixin.py:151} INFO - [2025-10-16T17:59:38.454+0000] {dag.py:3722} INFO - Setting next_dagrun for example_bash_operator to 2025-10-15T00:00:00+00:00, run_after=2025-10-16T00:00:00+00:00
[2025-10-16T17:59:38.783+0000] {processor.py:179} INFO - Processing /home/airflow/.local/lib/python3.8/site-packages/airflow/example_dags/example_bash_operator.py took 0.518 seconds
[2025-10-16T18:00:09.233+0000] {processor.py:157} INFO - Started process (PID=1048) to work on /home/airflow/.local/lib/python3.8/site-packages/airflow/example_dags/example_bash_operator.py
[2025-10-16T18:00:09.238+0000] {processor.py:829} INFO - Processing file /home/airflow/.local/lib/python3.8/site-packages/airflow/example_dags/example_bash_operator.py for tasks to queue
[2025-10-16T18:00:09.258+0000] {logging_mixin.py:151} INFO - [2025-10-16T18:00:09.257+0000] {dagbag.py:536} INFO - Filling up the DagBag from /home/airflow/.local/lib/python3.8/site-packages/airflow/example_dags/example_bash_operator.py
[2025-10-16T18:00:09.333+0000] {processor.py:839} INFO - DAG(s) dict_keys(['example_bash_operator']) retrieved from /home/airflow/.local/lib/python3.8/site-packages/airflow/example_dags/example_bash_operator.py
[2025-10-16T18:00:09.588+0000] {logging_mixin.py:151} INFO - [2025-10-16T18:00:09.588+0000] {dag.py:2941} INFO - Sync 1 DAGs
[2025-10-16T18:00:09.747+0000] {logging_mixin.py:151} INFO - [2025-10-16T18:00:09.746+0000] {dag.py:3722} INFO - Setting next_dagrun for example_bash_operator to 2025-10-15T00:00:00+00:00, run_after=2025-10-16T00:00:00+00:00
[2025-10-16T18:00:09.818+0000] {processor.py:179} INFO - Processing /home/airflow/.local/lib/python3.8/site-packages/airflow/example_dags/example_bash_operator.py took 0.605 seconds
[2025-10-16T18:00:40.451+0000] {processor.py:157} INFO - Started process (PID=1108) to work on /home/airflow/.local/lib/python3.8/site-packages/airflow/example_dags/example_bash_operator.py
[2025-10-16T18:00:40.454+0000] {processor.py:829} INFO - Processing file /home/airflow/.local/lib/python3.8/site-packages/airflow/example_dags/example_bash_operator.py for tasks to queue
[2025-10-16T18:00:40.463+0000] {logging_mixin.py:151} INFO - [2025-10-16T18:00:40.462+0000] {dagbag.py:536} INFO - Filling up the DagBag from /home/airflow/.local/lib/python3.8/site-packages/airflow/example_dags/example_bash_operator.py
[2025-10-16T18:00:40.507+0000] {processor.py:839} INFO - DAG(s) dict_keys(['example_bash_operator']) retrieved from /home/airflow/.local/lib/python3.8/site-packages/airflow/example_dags/example_bash_operator.py
[2025-10-16T18:00:40.985+0000] {logging_mixin.py:151} INFO - [2025-10-16T18:00:40.984+0000] {dag.py:2941} INFO - Sync 1 DAGs
[2025-10-16T18:00:41.047+0000] {logging_mixin.py:151} INFO - [2025-10-16T18:00:41.047+0000] {dag.py:3722} INFO - Setting next_dagrun for example_bash_operator to 2025-10-15T00:00:00+00:00, run_after=2025-10-16T00:00:00+00:00
[2025-10-16T18:00:41.091+0000] {processor.py:179} INFO - Processing /home/airflow/.local/lib/python3.8/site-packages/airflow/example_dags/example_bash_operator.py took 0.651 seconds
[2025-10-16T18:01:11.619+0000] {processor.py:157} INFO - Started process (PID=1167) to work on /home/airflow/.local/lib/python3.8/site-packages/airflow/example_dags/example_bash_operator.py
[2025-10-16T18:01:11.622+0000] {processor.py:829} INFO - Processing file /home/airflow/.local/lib/python3.8/site-packages/airflow/example_dags/example_bash_operator.py for tasks to queue
[2025-10-16T18:01:11.629+0000] {logging_mixin.py:151} INFO - [2025-10-16T18:01:11.628+0000] {dagbag.py:536} INFO - Filling up the DagBag from /home/airflow/.local/lib/python3.8/site-packages/airflow/example_dags/example_bash_operator.py
[2025-10-16T18:01:11.672+0000] {processor.py:839} INFO - DAG(s) dict_keys(['example_bash_operator']) retrieved from /home/airflow/.local/lib/python3.8/site-packages/airflow/example_dags/example_bash_operator.py
[2025-10-16T18:01:11.787+0000] {logging_mixin.py:151} INFO - [2025-10-16T18:01:11.786+0000] {dag.py:2941} INFO - Sync 1 DAGs
[2025-10-16T18:01:12.238+0000] {logging_mixin.py:151} INFO - [2025-10-16T18:01:12.237+0000] {dag.py:3722} INFO - Setting next_dagrun for example_bash_operator to 2025-10-15T00:00:00+00:00, run_after=2025-10-16T00:00:00+00:00
[2025-10-16T18:01:12.290+0000] {processor.py:179} INFO - Processing /home/airflow/.local/lib/python3.8/site-packages/airflow/example_dags/example_bash_operator.py took 0.681 seconds
[2025-10-16T18:02:14.086+0000] {processor.py:157} INFO - Started process (PID=1218) to work on /home/airflow/.local/lib/python3.8/site-packages/airflow/example_dags/example_bash_operator.py
[2025-10-16T18:02:14.090+0000] {processor.py:829} INFO - Processing file /home/airflow/.local/lib/python3.8/site-packages/airflow/example_dags/example_bash_operator.py for tasks to queue
[2025-10-16T18:02:14.096+0000] {logging_mixin.py:151} INFO - [2025-10-16T18:02:14.096+0000] {dagbag.py:536} INFO - Filling up the DagBag from /home/airflow/.local/lib/python3.8/site-packages/airflow/example_dags/example_bash_operator.py
[2025-10-16T18:02:14.125+0000] {processor.py:839} INFO - DAG(s) dict_keys(['example_bash_operator']) retrieved from /home/airflow/.local/lib/python3.8/site-packages/airflow/example_dags/example_bash_operator.py
[2025-10-16T18:02:14.198+0000] {logging_mixin.py:151} INFO - [2025-10-16T18:02:14.197+0000] {dag.py:2941} INFO - Sync 1 DAGs
[2025-10-16T18:02:14.251+0000] {logging_mixin.py:151} INFO - [2025-10-16T18:02:14.251+0000] {dag.py:3722} INFO - Setting next_dagrun for example_bash_operator to 2025-10-15T00:00:00+00:00, run_after=2025-10-16T00:00:00+00:00
[2025-10-16T18:02:14.293+0000] {processor.py:179} INFO - Processing /home/airflow/.local/lib/python3.8/site-packages/airflow/example_dags/example_bash_operator.py took 0.215 seconds
[2025-10-16T18:02:48.590+0000] {processor.py:157} INFO - Started process (PID=1278) to work on /home/airflow/.local/lib/python3.8/site-packages/airflow/example_dags/example_bash_operator.py
[2025-10-16T18:02:48.592+0000] {processor.py:829} INFO - Processing file /home/airflow/.local/lib/python3.8/site-packages/airflow/example_dags/example_bash_operator.py for tasks to queue
[2025-10-16T18:02:48.598+0000] {logging_mixin.py:151} INFO - [2025-10-16T18:02:48.597+0000] {dagbag.py:536} INFO - Filling up the DagBag from /home/airflow/.local/lib/python3.8/site-packages/airflow/example_dags/example_bash_operator.py
[2025-10-16T18:02:48.632+0000] {processor.py:839} INFO - DAG(s) dict_keys(['example_bash_operator']) retrieved from /home/airflow/.local/lib/python3.8/site-packages/airflow/example_dags/example_bash_operator.py
[2025-10-16T18:02:48.710+0000] {logging_mixin.py:151} INFO - [2025-10-16T18:02:48.710+0000] {dag.py:2941} INFO - Sync 1 DAGs
[2025-10-16T18:02:49.042+0000] {logging_mixin.py:151} INFO - [2025-10-16T18:02:49.042+0000] {dag.py:3722} INFO - Setting next_dagrun for example_bash_operator to 2025-10-15T00:00:00+00:00, run_after=2025-10-16T00:00:00+00:00
[2025-10-16T18:02:49.097+0000] {processor.py:179} INFO - Processing /home/airflow/.local/lib/python3.8/site-packages/airflow/example_dags/example_bash_operator.py took 0.515 seconds
